INFO: Seed: 3533452355
INFO: Loaded 1 modules   (808 inline 8-bit counters): 808 [0x7a5720, 0x7a5a48), 
INFO: Loaded 1 PC tables (808 PCs): 808 [0x57e288,0x581508), 
INFO:     4368 files found in ../CORPUS
INFO:       14 files found in ../inputs
INFO: -max_len is not provided; libFuzzer will not generate inputs larger than 4096 bytes
INFO: seed corpus: files: 4382 min: 1b max: 3465b total: 3185545b rss: 40Mb
#128	pulse  cov: 146 ft: 326 corp: 114/927b exec/s: 64 rss: 44Mb
#256	pulse  cov: 186 ft: 582 corp: 215/2447b exec/s: 51 rss: 48Mb
#512	pulse  cov: 188 ft: 888 corp: 345/7399b exec/s: 51 rss: 56Mb
#1024	pulse  cov: 188 ft: 1029 corp: 399/14824b exec/s: 46 rss: 67Mb
#2048	pulse  cov: 188 ft: 1077 corp: 429/23Kb exec/s: 44 rss: 86Mb
#4096	pulse  cov: 190 ft: 1133 corp: 449/39Kb exec/s: 39 rss: 142Mb
#4383	INITED cov: 190 ft: 1135 corp: 450/41Kb exec/s: 38 rss: 156Mb
#8192	pulse  cov: 190 ft: 1135 corp: 450/41Kb exec/s: 72 rss: 171Mb
#16384	pulse  cov: 190 ft: 1135 corp: 450/41Kb exec/s: 143 rss: 204Mb
#32768	pulse  cov: 190 ft: 1135 corp: 450/41Kb exec/s: 287 rss: 268Mb
#65536	pulse  cov: 190 ft: 1135 corp: 450/41Kb exec/s: 564 rss: 384Mb
#108848	REDUCE cov: 190 ft: 1135 corp: 450/41Kb exec/s: 930 rss: 501Mb L: 7/2059 MS: 1 EraseBytes-
#131072	pulse  cov: 190 ft: 1135 corp: 450/41Kb exec/s: 1110 rss: 515Mb
#167547	REDUCE cov: 190 ft: 1135 corp: 450/41Kb exec/s: 1407 rss: 516Mb L: 171/2059 MS: 1 EraseBytes-
#178577	RELOAD cov: 190 ft: 1136 corp: 451/41Kb exec/s: 1488 rss: 516Mb
#224123	REDUCE cov: 190 ft: 1136 corp: 451/41Kb exec/s: 1837 rss: 517Mb L: 10/2059 MS: 1 EraseBytes-
#262144	pulse  cov: 190 ft: 1136 corp: 451/41Kb exec/s: 2131 rss: 517Mb
#524288	pulse  cov: 190 ft: 1136 corp: 451/41Kb exec/s: 4002 rss: 517Mb
#1048576	pulse  cov: 190 ft: 1136 corp: 451/41Kb exec/s: 7037 rss: 517Mb
#1180261	REDUCE cov: 190 ft: 1136 corp: 451/41Kb exec/s: 7664 rss: 517Mb L: 9/2059 MS: 1 EraseBytes-
#1355226	REDUCE cov: 190 ft: 1136 corp: 451/41Kb exec/s: 8470 rss: 517Mb L: 21/2059 MS: 1 EraseBytes-
#1558417	REDUCE cov: 190 ft: 1136 corp: 451/41Kb exec/s: 9276 rss: 517Mb L: 133/2059 MS: 1 EraseBytes-
#2097152	pulse  cov: 190 ft: 1136 corp: 451/41Kb exec/s: 11275 rss: 517Mb
#3565003	REDUCE cov: 190 ft: 1136 corp: 451/41Kb exec/s: 15300 rss: 517Mb L: 169/2059 MS: 5 ShuffleBytes-ChangeByte-CrossOver-ChangeByte-EraseBytes-
#3591631	REDUCE cov: 190 ft: 1136 corp: 451/41Kb exec/s: 15348 rss: 517Mb L: 140/2059 MS: 1 EraseBytes-
#3616704	RELOAD cov: 190 ft: 1140 corp: 453/41Kb exec/s: 15390 rss: 517Mb
#3619780	REDUCE cov: 190 ft: 1140 corp: 453/41Kb exec/s: 15403 rss: 517Mb L: 93/2059 MS: 1 EraseBytes-
#3620161	NEW    cov: 190 ft: 1142 corp: 454/42Kb exec/s: 15404 rss: 517Mb L: 167/2059 MS: 1 CopyPart-
#3629557	REDUCE cov: 190 ft: 1142 corp: 454/42Kb exec/s: 15379 rss: 517Mb L: 140/2059 MS: 1 EraseBytes-
#3666065	REDUCE cov: 190 ft: 1142 corp: 454/42Kb exec/s: 15468 rss: 517Mb L: 100/2059 MS: 4 CMP-InsertByte-ShuffleBytes-EraseBytes- DE: "experimental_len_control"-
#3677387	REDUCE cov: 190 ft: 1142 corp: 454/41Kb exec/s: 15516 rss: 517Mb L: 60/2059 MS: 2 CMP-EraseBytes- DE: "use_memmem"-
#3685261	RELOAD cov: 190 ft: 1144 corp: 455/42Kb exec/s: 15484 rss: 517Mb
#3699687	REDUCE cov: 190 ft: 1144 corp: 455/42Kb exec/s: 15544 rss: 517Mb L: 124/2059 MS: 1 EraseBytes-
#3700708	REDUCE cov: 190 ft: 1144 corp: 455/42Kb exec/s: 15549 rss: 517Mb L: 316/2059 MS: 1 EraseBytes-
#3700819	REDUCE cov: 190 ft: 1144 corp: 455/42Kb exec/s: 15549 rss: 517Mb L: 105/2059 MS: 1 EraseBytes-
#3707373	REDUCE cov: 190 ft: 1144 corp: 455/42Kb exec/s: 15512 rss: 517Mb L: 84/2059 MS: 4 ChangeBinInt-ShuffleBytes-ChangeBinInt-EraseBytes-
#3735807	REDUCE cov: 190 ft: 1144 corp: 455/42Kb exec/s: 15565 rss: 517Mb L: 123/2059 MS: 1 EraseBytes-
#3757223	RELOAD cov: 190 ft: 1146 corp: 456/42Kb exec/s: 15590 rss: 517Mb
#3773049	REDUCE cov: 190 ft: 1146 corp: 456/42Kb exec/s: 15655 rss: 517Mb L: 68/2059 MS: 1 EraseBytes-
#3776735	REDUCE cov: 190 ft: 1146 corp: 456/42Kb exec/s: 15671 rss: 517Mb L: 63/2059 MS: 1 EraseBytes-
#3783321	REDUCE cov: 190 ft: 1146 corp: 456/42Kb exec/s: 15633 rss: 517Mb L: 46/2059 MS: 1 EraseBytes-
#3791899	RELOAD cov: 190 ft: 1148 corp: 457/44Kb exec/s: 15669 rss: 517Mb
#3797990	REDUCE cov: 190 ft: 1148 corp: 457/44Kb exec/s: 15694 rss: 517Mb L: 1796/2059 MS: 1 EraseBytes-
#3831721	REDUCE cov: 190 ft: 1148 corp: 457/44Kb exec/s: 15768 rss: 517Mb L: 587/2059 MS: 1 EraseBytes-
#3837238	REDUCE cov: 190 ft: 1148 corp: 457/44Kb exec/s: 15726 rss: 517Mb L: 289/2059 MS: 2 ChangeBinInt-EraseBytes-
#3854874	REDUCE cov: 190 ft: 1148 corp: 457/44Kb exec/s: 15798 rss: 517Mb L: 50/2059 MS: 1 EraseBytes-
#3869936	REDUCE cov: 190 ft: 1148 corp: 457/44Kb exec/s: 15795 rss: 517Mb L: 575/2059 MS: 1 EraseBytes-
#3879487	REDUCE cov: 190 ft: 1148 corp: 457/44Kb exec/s: 15834 rss: 517Mb L: 1573/2059 MS: 1 EraseBytes-
#3917658	REDUCE cov: 190 ft: 1148 corp: 457/44Kb exec/s: 15860 rss: 517Mb L: 120/2059 MS: 1 EraseBytes-
#3927149	REDUCE cov: 190 ft: 1148 corp: 457/44Kb exec/s: 15899 rss: 517Mb L: 13/2059 MS: 1 EraseBytes-
#3949088	REDUCE cov: 190 ft: 1148 corp: 457/44Kb exec/s: 15923 rss: 517Mb L: 47/2059 MS: 1 EraseBytes-
#3950865	REDUCE cov: 190 ft: 1148 corp: 457/44Kb exec/s: 15930 rss: 517Mb L: 1408/2059 MS: 2 ShuffleBytes-EraseBytes-
#3968276	REDUCE cov: 190 ft: 1148 corp: 457/44Kb exec/s: 16001 rss: 517Mb L: 31/2059 MS: 1 EraseBytes-
#3993232	REDUCE cov: 190 ft: 1148 corp: 457/44Kb exec/s: 16037 rss: 517Mb L: 110/2059 MS: 1 EraseBytes-
#4008233	REDUCE cov: 190 ft: 1148 corp: 457/44Kb exec/s: 16097 rss: 517Mb L: 106/2059 MS: 1 EraseBytes-
#4009744	REDUCE cov: 190 ft: 1148 corp: 457/43Kb exec/s: 16038 rss: 517Mb L: 1311/2059 MS: 1 EraseBytes-
#4017945	REDUCE cov: 190 ft: 1148 corp: 457/43Kb exec/s: 16071 rss: 517Mb L: 45/2059 MS: 1 EraseBytes-
#4051545	REDUCE cov: 190 ft: 1148 corp: 457/43Kb exec/s: 16141 rss: 517Mb L: 22/2059 MS: 2 ChangeBit-EraseBytes-
#4087652	REDUCE cov: 190 ft: 1148 corp: 457/43Kb exec/s: 16220 rss: 517Mb L: 36/2059 MS: 1 EraseBytes-
#4100513	REDUCE cov: 190 ft: 1148 corp: 457/43Kb exec/s: 16207 rss: 517Mb L: 89/2059 MS: 1 EraseBytes-
#4140077	REDUCE cov: 190 ft: 1148 corp: 457/43Kb exec/s: 16299 rss: 517Mb L: 34/2059 MS: 1 EraseBytes-
#4151064	REDUCE cov: 190 ft: 1148 corp: 457/43Kb exec/s: 16278 rss: 517Mb L: 105/2059 MS: 1 EraseBytes-
#4151990	REDUCE cov: 190 ft: 1148 corp: 457/43Kb exec/s: 16282 rss: 517Mb L: 93/2059 MS: 1 EraseBytes-
#4166876	REDUCE cov: 190 ft: 1148 corp: 457/43Kb exec/s: 16340 rss: 517Mb L: 20/2059 MS: 1 EraseBytes-
#4175892	REDUCE cov: 190 ft: 1148 corp: 457/43Kb exec/s: 16376 rss: 517Mb L: 278/2059 MS: 1 EraseBytes-
#4194304	pulse  cov: 190 ft: 1148 corp: 457/43Kb exec/s: 16384 rss: 517Mb
#4230265	REDUCE cov: 190 ft: 1148 corp: 457/43Kb exec/s: 16460 rss: 517Mb L: 76/2059 MS: 2 ShuffleBytes-EraseBytes-
#4236232	REDUCE cov: 190 ft: 1148 corp: 457/43Kb exec/s: 16483 rss: 517Mb L: 67/2059 MS: 2 CopyPart-EraseBytes-
#4248280	REDUCE cov: 190 ft: 1148 corp: 457/43Kb exec/s: 16466 rss: 517Mb L: 64/2059 MS: 1 EraseBytes-
#4257821	REDUCE cov: 190 ft: 1148 corp: 457/43Kb exec/s: 16503 rss: 517Mb L: 555/2059 MS: 1 EraseBytes-
#4264072	REDUCE cov: 190 ft: 1148 corp: 457/43Kb exec/s: 16463 rss: 517Mb L: 553/2059 MS: 1 EraseBytes-
#4265433	REDUCE cov: 190 ft: 1148 corp: 457/43Kb exec/s: 16468 rss: 517Mb L: 59/2059 MS: 1 EraseBytes-
#4296868	REDUCE cov: 190 ft: 1148 corp: 457/43Kb exec/s: 16526 rss: 517Mb L: 58/2059 MS: 1 EraseBytes-
#4306509	REDUCE cov: 190 ft: 1148 corp: 457/43Kb exec/s: 16563 rss: 517Mb L: 258/2059 MS: 1 EraseBytes-
#4327966	REDUCE cov: 190 ft: 1148 corp: 457/43Kb exec/s: 16582 rss: 517Mb L: 19/2059 MS: 1 EraseBytes-
#4348287	REDUCE cov: 190 ft: 1148 corp: 457/43Kb exec/s: 16660 rss: 517Mb L: 31/2059 MS: 1 EraseBytes-
#4373414	REDUCE cov: 190 ft: 1148 corp: 457/43Kb exec/s: 16692 rss: 517Mb L: 56/2059 MS: 1 EraseBytes-
#4413784	REDUCE cov: 190 ft: 1148 corp: 457/43Kb exec/s: 16782 rss: 517Mb L: 1258/2059 MS: 3 ChangeByte-ChangeBinInt-EraseBytes-
#4597957	REDUCE cov: 190 ft: 1148 corp: 457/43Kb exec/s: 17156 rss: 517Mb L: 1156/2059 MS: 1 EraseBytes-
#4603278	REDUCE cov: 190 ft: 1148 corp: 457/43Kb exec/s: 17176 rss: 517Mb L: 255/2059 MS: 1 EraseBytes-
#4605899	REDUCE cov: 190 ft: 1148 corp: 457/43Kb exec/s: 17186 rss: 517Mb L: 239/2059 MS: 1 EraseBytes-
#4613930	REDUCE cov: 190 ft: 1148 corp: 457/43Kb exec/s: 17152 rss: 517Mb L: 237/2059 MS: 1 EraseBytes-
#4704434	REDUCE cov: 190 ft: 1148 corp: 457/43Kb exec/s: 17359 rss: 517Mb L: 29/2059 MS: 1 EraseBytes-
#4709240	REDUCE cov: 190 ft: 1148 corp: 457/43Kb exec/s: 17313 rss: 517Mb L: 18/2059 MS: 1 EraseBytes-
#4749097	REDUCE cov: 190 ft: 1148 corp: 457/43Kb exec/s: 17395 rss: 517Mb L: 24/2059 MS: 1 EraseBytes-
#4810890	REDUCE cov: 190 ft: 1148 corp: 457/43Kb exec/s: 17494 rss: 517Mb L: 225/2059 MS: 2 CMP-EraseBytes- DE: "[[{"-
#4844675	REDUCE cov: 190 ft: 1148 corp: 457/43Kb exec/s: 17553 rss: 517Mb L: 16/2059 MS: 1 EraseBytes-
#4881424	REDUCE cov: 190 ft: 1148 corp: 457/43Kb exec/s: 17622 rss: 517Mb L: 88/2059 MS: 1 EraseBytes-
#4891360	REDUCE cov: 190 ft: 1148 corp: 457/43Kb exec/s: 17658 rss: 517Mb L: 23/2059 MS: 1 EraseBytes-
#4975798	REDUCE cov: 190 ft: 1148 corp: 457/43Kb exec/s: 17770 rss: 517Mb L: 54/2059 MS: 1 EraseBytes-
#5042303	REDUCE cov: 190 ft: 1148 corp: 457/43Kb exec/s: 17880 rss: 517Mb L: 15/2059 MS: 1 EraseBytes-
#5055539	REDUCE cov: 190 ft: 1148 corp: 457/43Kb exec/s: 17927 rss: 517Mb L: 51/2059 MS: 1 EraseBytes-
#5082224	REDUCE cov: 190 ft: 1148 corp: 457/43Kb exec/s: 17958 rss: 517Mb L: 49/2059 MS: 1 EraseBytes-
#5104920	REDUCE cov: 190 ft: 1148 corp: 457/43Kb exec/s: 17975 rss: 517Mb L: 47/2059 MS: 1 EraseBytes-
#5267177	REDUCE cov: 190 ft: 1148 corp: 457/43Kb exec/s: 18225 rss: 517Mb L: 20/2059 MS: 1 EraseBytes-
#5274869	REDUCE cov: 190 ft: 1148 corp: 457/43Kb exec/s: 18252 rss: 517Mb L: 43/2059 MS: 2 CopyPart-EraseBytes-
#5347477	REDUCE cov: 190 ft: 1148 corp: 457/43Kb exec/s: 18376 rss: 517Mb L: 33/2059 MS: 1 EraseBytes-
#5351428	REDUCE cov: 190 ft: 1148 corp: 457/43Kb exec/s: 18389 rss: 517Mb L: 17/2059 MS: 1 EraseBytes-
#5383418	REDUCE cov: 190 ft: 1148 corp: 457/43Kb exec/s: 18436 rss: 517Mb L: 549/2059 MS: 1 EraseBytes-
#5414409	REDUCE cov: 190 ft: 1148 corp: 457/43Kb exec/s: 18479 rss: 517Mb L: 219/2059 MS: 1 EraseBytes-
#5508935	REDUCE cov: 190 ft: 1148 corp: 457/43Kb exec/s: 18674 rss: 517Mb L: 29/2059 MS: 2 CrossOver-EraseBytes-
#5516831	REDUCE cov: 190 ft: 1148 corp: 457/43Kb exec/s: 18637 rss: 517Mb L: 14/2059 MS: 1 EraseBytes-
#5637287	REDUCE cov: 190 ft: 1148 corp: 457/43Kb exec/s: 18853 rss: 517Mb L: 210/2059 MS: 1 EraseBytes-
#5640678	REDUCE cov: 190 ft: 1148 corp: 457/43Kb exec/s: 18865 rss: 517Mb L: 26/2059 MS: 1 EraseBytes-
#5653159	REDUCE cov: 190 ft: 1148 corp: 457/43Kb exec/s: 18843 rss: 517Mb L: 207/2059 MS: 1 EraseBytes-
#5662810	REDUCE cov: 190 ft: 1148 corp: 457/43Kb exec/s: 18876 rss: 517Mb L: 23/2059 MS: 1 EraseBytes-
#5752420	REDUCE cov: 190 ft: 1148 corp: 457/43Kb exec/s: 18984 rss: 517Mb L: 22/2059 MS: 2 ShuffleBytes-EraseBytes-
#5762636	REDUCE cov: 190 ft: 1148 corp: 457/43Kb exec/s: 19018 rss: 517Mb L: 187/2059 MS: 1 EraseBytes-
#5798404	REDUCE cov: 190 ft: 1148 corp: 457/43Kb exec/s: 19073 rss: 517Mb L: 181/2059 MS: 1 EraseBytes-
#5859563	REDUCE cov: 190 ft: 1148 corp: 457/43Kb exec/s: 19148 rss: 517Mb L: 529/2059 MS: 1 EraseBytes-
#5974120	REDUCE cov: 190 ft: 1148 corp: 457/43Kb exec/s: 19333 rss: 517Mb L: 16/2059 MS: 3 ShuffleBytes-EraseBytes-CopyPart-
#6032429	REDUCE cov: 190 ft: 1148 corp: 457/43Kb exec/s: 19396 rss: 517Mb L: 178/2059 MS: 2 ShuffleBytes-EraseBytes-
#6180842	REDUCE cov: 190 ft: 1148 corp: 457/43Kb exec/s: 19621 rss: 517Mb L: 20/2059 MS: 1 EraseBytes-
#6244117	REDUCE cov: 190 ft: 1148 corp: 457/43Kb exec/s: 19697 rss: 517Mb L: 172/2059 MS: 2 EraseBytes-CopyPart-
#6252559	REDUCE cov: 190 ft: 1148 corp: 457/43Kb exec/s: 19724 rss: 517Mb L: 505/2059 MS: 2 EraseBytes-CopyPart-
#6260755	REDUCE cov: 190 ft: 1148 corp: 457/43Kb exec/s: 19687 rss: 517Mb L: 170/2059 MS: 1 EraseBytes-
#6320573	REDUCE cov: 190 ft: 1148 corp: 457/43Kb exec/s: 19751 rss: 517Mb L: 12/2059 MS: 1 EraseBytes-
#6344746	REDUCE cov: 190 ft: 1148 corp: 457/43Kb exec/s: 19827 rss: 517Mb L: 167/2059 MS: 1 EraseBytes-
#6355993	REDUCE cov: 190 ft: 1148 corp: 457/43Kb exec/s: 19800 rss: 517Mb L: 744/2059 MS: 2 ChangeASCIIInt-EraseBytes-
#6371929	REDUCE cov: 190 ft: 1148 corp: 457/43Kb exec/s: 19850 rss: 517Mb L: 490/2059 MS: 1 EraseBytes-
#6376315	REDUCE cov: 190 ft: 1148 corp: 457/43Kb exec/s: 19863 rss: 517Mb L: 1144/2059 MS: 1 EraseBytes-
#6426554	REDUCE cov: 190 ft: 1148 corp: 457/43Kb exec/s: 19896 rss: 517Mb L: 487/2059 MS: 1 EraseBytes-
#6470583	REDUCE cov: 190 ft: 1148 corp: 457/43Kb exec/s: 19970 rss: 517Mb L: 164/2059 MS: 1 EraseBytes-
#6494272	REDUCE cov: 190 ft: 1148 corp: 457/43Kb exec/s: 19982 rss: 517Mb L: 478/2059 MS: 1 EraseBytes-
#6623700	REDUCE cov: 190 ft: 1148 corp: 457/43Kb exec/s: 20132 rss: 517Mb L: 159/2059 MS: 1 EraseBytes-
#6648728	REDUCE cov: 190 ft: 1148 corp: 457/43Kb exec/s: 20147 rss: 517Mb L: 11/2059 MS: 1 EraseBytes-
#6662034	REDUCE cov: 190 ft: 1148 corp: 457/43Kb exec/s: 20187 rss: 517Mb L: 1120/2059 MS: 1 EraseBytes-
#6681494	REDUCE cov: 190 ft: 1148 corp: 457/43Kb exec/s: 20185 rss: 517Mb L: 85/2059 MS: 1 EraseBytes-
#6696890	REDUCE cov: 190 ft: 1148 corp: 457/43Kb exec/s: 20232 rss: 517Mb L: 1048/2059 MS: 1 EraseBytes-
#6796551	REDUCE cov: 190 ft: 1148 corp: 457/43Kb exec/s: 20348 rss: 517Mb L: 84/2059 MS: 1 EraseBytes-
#6859810	REDUCE cov: 190 ft: 1148 corp: 457/43Kb exec/s: 20416 rss: 517Mb L: 460/2059 MS: 1 EraseBytes-
#6893253	REDUCE cov: 190 ft: 1148 corp: 457/43Kb exec/s: 20454 rss: 517Mb L: 151/2059 MS: 1 EraseBytes-
#6980610	REDUCE cov: 190 ft: 1148 corp: 457/43Kb exec/s: 20591 rss: 517Mb L: 143/2059 MS: 1 EraseBytes-
#7025040	REDUCE cov: 190 ft: 1148 corp: 457/43Kb exec/s: 20601 rss: 517Mb L: 459/2059 MS: 1 EraseBytes-
#7034401	REDUCE cov: 190 ft: 1148 corp: 457/43Kb exec/s: 20628 rss: 517Mb L: 140/2059 MS: 1 EraseBytes-
#7042250	REDUCE cov: 190 ft: 1148 corp: 457/43Kb exec/s: 20651 rss: 517Mb L: 136/2059 MS: 1 EraseBytes-
#7115972	REDUCE cov: 190 ft: 1148 corp: 457/43Kb exec/s: 20685 rss: 517Mb L: 128/2059 MS: 1 EraseBytes-
#7128158	REDUCE cov: 190 ft: 1148 corp: 457/43Kb exec/s: 20721 rss: 517Mb L: 125/2059 MS: 1 EraseBytes-
#7214586	REDUCE cov: 190 ft: 1148 corp: 457/43Kb exec/s: 20851 rss: 517Mb L: 120/2059 MS: 1 EraseBytes-
#7275084	REDUCE cov: 190 ft: 1148 corp: 457/43Kb exec/s: 20905 rss: 517Mb L: 1025/2059 MS: 1 EraseBytes-
#7276190	REDUCE cov: 190 ft: 1148 corp: 457/43Kb exec/s: 20908 rss: 517Mb L: 456/2059 MS: 1 EraseBytes-
#7391575	REDUCE cov: 190 ft: 1148 corp: 457/43Kb exec/s: 21058 rss: 517Mb L: 449/2059 MS: 1 EraseBytes-
#7431866	REDUCE cov: 190 ft: 1148 corp: 457/43Kb exec/s: 21053 rss: 517Mb L: 109/2059 MS: 1 EraseBytes-
#7613398	REDUCE cov: 190 ft: 1148 corp: 457/43Kb exec/s: 21266 rss: 517Mb L: 82/2059 MS: 1 EraseBytes-
#7662833	REDUCE cov: 190 ft: 1148 corp: 457/43Kb exec/s: 21344 rss: 517Mb L: 438/2059 MS: 4 ShuffleBytes-InsertByte-EraseBytes-CopyPart-
#7756503	REDUCE cov: 190 ft: 1148 corp: 457/43Kb exec/s: 21426 rss: 517Mb L: 15/2059 MS: 1 EraseBytes-
#7778354	REDUCE cov: 190 ft: 1148 corp: 457/43Kb exec/s: 21427 rss: 517Mb L: 435/2059 MS: 1 EraseBytes-
#7826965	REDUCE cov: 190 ft: 1148 corp: 457/43Kb exec/s: 21502 rss: 517Mb L: 98/2059 MS: 1 EraseBytes-
#7886924	REDUCE cov: 190 ft: 1148 corp: 457/43Kb exec/s: 21548 rss: 517Mb L: 431/2059 MS: 1 EraseBytes-
#8022087	REDUCE cov: 190 ft: 1148 corp: 457/43Kb exec/s: 21681 rss: 517Mb L: 418/2059 MS: 1 EraseBytes-
#8025384	REDUCE cov: 190 ft: 1148 corp: 457/43Kb exec/s: 21690 rss: 517Mb L: 980/2059 MS: 2 EraseBytes-CopyPart-
#8103314	REDUCE cov: 190 ft: 1148 corp: 457/43Kb exec/s: 21783 rss: 517Mb L: 90/2059 MS: 1 EraseBytes-
#8213410	REDUCE cov: 190 ft: 1148 corp: 457/43Kb exec/s: 21844 rss: 517Mb L: 19/2059 MS: 1 EraseBytes-
#8233500	REDUCE cov: 190 ft: 1148 corp: 457/43Kb exec/s: 21897 rss: 517Mb L: 18/2059 MS: 1 EraseBytes-
#8279377	REDUCE cov: 190 ft: 1148 corp: 457/43Kb exec/s: 21961 rss: 517Mb L: 410/2059 MS: 2 InsertByte-EraseBytes-
#8387325	REDUCE cov: 190 ft: 1148 corp: 457/43Kb exec/s: 22013 rss: 517Mb L: 391/2059 MS: 1 EraseBytes-
#8388608	pulse  cov: 190 ft: 1148 corp: 457/43Kb exec/s: 22017 rss: 517Mb
#8393804	REDUCE cov: 190 ft: 1148 corp: 457/43Kb exec/s: 22030 rss: 517Mb L: 388/2059 MS: 1 EraseBytes-
#8503303	REDUCE cov: 190 ft: 1148 corp: 457/43Kb exec/s: 22144 rss: 517Mb L: 87/2059 MS: 1 EraseBytes-
#8545778	REDUCE cov: 190 ft: 1148 corp: 457/43Kb exec/s: 22196 rss: 517Mb L: 376/2059 MS: 1 EraseBytes-
#8606662	REDUCE cov: 190 ft: 1148 corp: 457/43Kb exec/s: 22239 rss: 517Mb L: 369/2059 MS: 1 EraseBytes-
#8655512	REDUCE cov: 190 ft: 1148 corp: 457/43Kb exec/s: 22250 rss: 517Mb L: 357/2059 MS: 1 EraseBytes-
#8671123	REDUCE cov: 190 ft: 1148 corp: 457/43Kb exec/s: 22290 rss: 517Mb L: 85/2059 MS: 1 EraseBytes-
#8720198	REDUCE cov: 190 ft: 1148 corp: 457/43Kb exec/s: 22302 rss: 517Mb L: 968/2059 MS: 2 ShuffleBytes-EraseBytes-
#8756308	REDUCE cov: 190 ft: 1148 corp: 457/43Kb exec/s: 22337 rss: 517Mb L: 82/2059 MS: 1 EraseBytes-
#8806553	REDUCE cov: 190 ft: 1148 corp: 457/43Kb exec/s: 22408 rss: 517Mb L: 76/2059 MS: 1 EraseBytes-
#8811809	REDUCE cov: 190 ft: 1148 corp: 457/43Kb exec/s: 22421 rss: 517Mb L: 67/2059 MS: 1 EraseBytes-
#8823145	REDUCE cov: 190 ft: 1148 corp: 457/43Kb exec/s: 22393 rss: 517Mb L: 61/2059 MS: 1 EraseBytes-
#8909329	REDUCE cov: 190 ft: 1148 corp: 457/43Kb exec/s: 22498 rss: 517Mb L: 328/2059 MS: 3 CopyPart-EraseBytes-CopyPart-
#8956825	REDUCE cov: 190 ft: 1148 corp: 457/43Kb exec/s: 22504 rss: 517Mb L: 299/2059 MS: 1 EraseBytes-
#9056934	REDUCE cov: 190 ft: 1148 corp: 457/43Kb exec/s: 22585 rss: 517Mb L: 59/2059 MS: 1 EraseBytes-
#9063610	REDUCE cov: 190 ft: 1148 corp: 457/43Kb exec/s: 22602 rss: 517Mb L: 14/2059 MS: 1 EraseBytes-
#9154560	REDUCE cov: 190 ft: 1148 corp: 457/43Kb exec/s: 22716 rss: 517Mb L: 58/2059 MS: 1 EraseBytes-
#9204965	REDUCE cov: 190 ft: 1148 corp: 457/43Kb exec/s: 22728 rss: 517Mb L: 56/2059 MS: 1 EraseBytes-
#9228631	REDUCE cov: 190 ft: 1148 corp: 457/43Kb exec/s: 22786 rss: 517Mb L: 297/2059 MS: 1 EraseBytes-
#9231257	REDUCE cov: 190 ft: 1148 corp: 457/43Kb exec/s: 22737 rss: 517Mb L: 291/2059 MS: 1 EraseBytes-
#9258670	REDUCE cov: 190 ft: 1148 corp: 457/42Kb exec/s: 22804 rss: 517Mb L: 51/2059 MS: 1 EraseBytes-
#9489996	REDUCE cov: 190 ft: 1148 corp: 457/42Kb exec/s: 22978 rss: 517Mb L: 45/2059 MS: 1 EraseBytes-
#9733769	REDUCE cov: 190 ft: 1148 corp: 457/42Kb exec/s: 23175 rss: 517Mb L: 965/2059 MS: 1 EraseBytes-
#9781194	REDUCE cov: 190 ft: 1148 corp: 457/42Kb exec/s: 23178 rss: 517Mb L: 43/2059 MS: 1 EraseBytes-
#9834146	REDUCE cov: 190 ft: 1148 corp: 457/42Kb exec/s: 23248 rss: 517Mb L: 79/2059 MS: 2 ChangeASCIIInt-EraseBytes-
#9851812	REDUCE cov: 190 ft: 1148 corp: 457/42Kb exec/s: 23235 rss: 517Mb L: 289/2059 MS: 1 EraseBytes-
#10144429	REDUCE cov: 190 ft: 1148 corp: 457/42Kb exec/s: 23482 rss: 517Mb L: 40/2059 MS: 1 EraseBytes-
#10233120	REDUCE cov: 190 ft: 1148 corp: 457/42Kb exec/s: 23524 rss: 517Mb L: 280/2059 MS: 1 EraseBytes-
#10251496	REDUCE cov: 190 ft: 1148 corp: 457/42Kb exec/s: 23566 rss: 517Mb L: 262/2059 MS: 1 EraseBytes-
#10523150	REDUCE cov: 190 ft: 1148 corp: 457/42Kb exec/s: 23754 rss: 517Mb L: 254/2059 MS: 1 EraseBytes-
#10544146	REDUCE cov: 190 ft: 1148 corp: 457/42Kb exec/s: 23748 rss: 517Mb L: 252/2059 MS: 1 EraseBytes-
#10667665	REDUCE cov: 190 ft: 1148 corp: 457/42Kb exec/s: 23865 rss: 517Mb L: 17/2059 MS: 2 CopyPart-EraseBytes-
#10729965	REDUCE cov: 190 ft: 1148 corp: 457/42Kb exec/s: 23897 rss: 517Mb L: 540/2059 MS: 1 EraseBytes-
#10778653	REDUCE cov: 190 ft: 1148 corp: 457/42Kb exec/s: 23899 rss: 517Mb L: 249/2059 MS: 1 EraseBytes-
#10901614	REDUCE cov: 190 ft: 1148 corp: 457/42Kb exec/s: 24012 rss: 517Mb L: 959/2059 MS: 1 EraseBytes-
#10969620	REDUCE cov: 190 ft: 1148 corp: 457/42Kb exec/s: 24056 rss: 517Mb L: 37/2059 MS: 1 EraseBytes-
#11002335	REDUCE cov: 190 ft: 1148 corp: 457/42Kb exec/s: 24075 rss: 517Mb L: 944/2059 MS: 1 EraseBytes-
#11171966	REDUCE cov: 190 ft: 1148 corp: 457/42Kb exec/s: 24181 rss: 517Mb L: 941/2059 MS: 1 EraseBytes-
#11231722	REDUCE cov: 190 ft: 1148 corp: 457/42Kb exec/s: 24206 rss: 517Mb L: 231/2059 MS: 1 EraseBytes-
#11303515	REDUCE cov: 190 ft: 1148 corp: 457/42Kb exec/s: 24256 rss: 517Mb L: 224/2059 MS: 1 EraseBytes-
#11724699	REDUCE cov: 190 ft: 1148 corp: 457/42Kb exec/s: 24477 rss: 517Mb L: 221/2059 MS: 1 EraseBytes-
#12054155	REDUCE cov: 190 ft: 1148 corp: 457/42Kb exec/s: 24701 rss: 517Mb L: 935/2059 MS: 1 EraseBytes-
#12159814	REDUCE cov: 190 ft: 1148 corp: 457/42Kb exec/s: 24765 rss: 517Mb L: 920/2059 MS: 1 EraseBytes-
#12359929	REDUCE cov: 190 ft: 1148 corp: 457/42Kb exec/s: 24869 rss: 517Mb L: 205/2059 MS: 1 EraseBytes-
#12515061	REDUCE cov: 190 ft: 1148 corp: 457/42Kb exec/s: 24930 rss: 517Mb L: 903/2059 MS: 1 EraseBytes-
#12568330	REDUCE cov: 190 ft: 1148 corp: 457/42Kb exec/s: 24986 rss: 517Mb L: 202/2059 MS: 1 EraseBytes-
#12783115	REDUCE cov: 190 ft: 1148 corp: 457/42Kb exec/s: 25064 rss: 517Mb L: 197/2059 MS: 1 EraseBytes-
#12826487	REDUCE cov: 190 ft: 1148 corp: 457/42Kb exec/s: 25100 rss: 517Mb L: 194/2059 MS: 1 EraseBytes-
#12930375	REDUCE cov: 190 ft: 1148 corp: 457/42Kb exec/s: 25156 rss: 517Mb L: 36/2059 MS: 1 EraseBytes-
#13041688	REDUCE cov: 190 ft: 1148 corp: 457/42Kb exec/s: 25225 rss: 517Mb L: 13/2059 MS: 2 ShuffleBytes-EraseBytes-
#13160237	REDUCE cov: 190 ft: 1148 corp: 457/42Kb exec/s: 25259 rss: 517Mb L: 185/2059 MS: 1 EraseBytes-
#13293832	REDUCE cov: 190 ft: 1148 corp: 457/42Kb exec/s: 25321 rss: 517Mb L: 181/2059 MS: 1 EraseBytes-
#13632145	REDUCE cov: 190 ft: 1148 corp: 457/42Kb exec/s: 25528 rss: 517Mb L: 178/2059 MS: 1 EraseBytes-
#13680483	REDUCE cov: 190 ft: 1148 corp: 457/42Kb exec/s: 25523 rss: 517Mb L: 20/2059 MS: 2 ChangeBinInt-EraseBytes-
#13844124	REDUCE cov: 190 ft: 1148 corp: 457/42Kb exec/s: 25637 rss: 517Mb L: 176/2059 MS: 1 EraseBytes-
#13894303	REDUCE cov: 190 ft: 1148 corp: 457/42Kb exec/s: 25635 rss: 517Mb L: 889/2059 MS: 1 EraseBytes-
#13928306	REDUCE cov: 190 ft: 1148 corp: 457/42Kb exec/s: 25650 rss: 517Mb L: 174/2059 MS: 1 EraseBytes-
#14108050	REDUCE cov: 190 ft: 1148 corp: 457/42Kb exec/s: 25744 rss: 517Mb L: 743/2059 MS: 1 EraseBytes-
#14191792	REDUCE cov: 190 ft: 1148 corp: 457/42Kb exec/s: 25756 rss: 517Mb L: 169/2059 MS: 1 EraseBytes-
#14294186	REDUCE cov: 190 ft: 1148 corp: 457/42Kb exec/s: 25801 rss: 517Mb L: 168/2059 MS: 1 EraseBytes-
#14713047	REDUCE cov: 190 ft: 1148 corp: 457/42Kb exec/s: 25994 rss: 517Mb L: 878/2059 MS: 1 EraseBytes-
#14799040	REDUCE cov: 190 ft: 1148 corp: 457/42Kb exec/s: 26008 rss: 517Mb L: 867/2059 MS: 1 EraseBytes-
#15173550	REDUCE cov: 190 ft: 1148 corp: 457/42Kb exec/s: 26161 rss: 517Mb L: 158/2059 MS: 1 EraseBytes-
#15293255	REDUCE cov: 190 ft: 1148 corp: 457/42Kb exec/s: 26187 rss: 517Mb L: 155/2059 MS: 1 EraseBytes-
#15429682	REDUCE cov: 190 ft: 1148 corp: 457/42Kb exec/s: 26240 rss: 517Mb L: 783/2059 MS: 2 ChangeASCIIInt-EraseBytes-
#15496957	REDUCE cov: 190 ft: 1148 corp: 457/42Kb exec/s: 26266 rss: 517Mb L: 152/2059 MS: 1 EraseBytes-
#15691407	REDUCE cov: 190 ft: 1148 corp: 457/42Kb exec/s: 26327 rss: 517Mb L: 850/2059 MS: 1 EraseBytes-
#15707268	REDUCE cov: 190 ft: 1148 corp: 457/42Kb exec/s: 26354 rss: 517Mb L: 844/2059 MS: 1 EraseBytes-
#16410416	REDUCE cov: 190 ft: 1148 corp: 457/42Kb exec/s: 26597 rss: 517Mb L: 35/2059 MS: 1 EraseBytes-
#16443025	REDUCE cov: 190 ft: 1148 corp: 457/42Kb exec/s: 26606 rss: 517Mb L: 842/2059 MS: 1 EraseBytes-
#16530091	REDUCE cov: 190 ft: 1148 corp: 457/42Kb exec/s: 26661 rss: 517Mb L: 833/2059 MS: 1 EraseBytes-
#16747233	REDUCE cov: 190 ft: 1148 corp: 457/42Kb exec/s: 26710 rss: 517Mb L: 831/2059 MS: 1 EraseBytes-
#16777216	pulse  cov: 190 ft: 1148 corp: 457/42Kb exec/s: 26715 rss: 517Mb
#16877758	REDUCE cov: 190 ft: 1148 corp: 457/42Kb exec/s: 26747 rss: 517Mb L: 34/2059 MS: 1 EraseBytes-
#17063595	REDUCE cov: 190 ft: 1148 corp: 457/42Kb exec/s: 26829 rss: 517Mb L: 829/2059 MS: 1 EraseBytes-
#17342557	REDUCE cov: 190 ft: 1148 corp: 457/42Kb exec/s: 26929 rss: 517Mb L: 33/2059 MS: 1 EraseBytes-
#17424843	REDUCE cov: 190 ft: 1148 corp: 457/42Kb exec/s: 26931 rss: 517Mb L: 814/2059 MS: 1 EraseBytes-
#17556425	REDUCE cov: 190 ft: 1148 corp: 457/42Kb exec/s: 26968 rss: 517Mb L: 806/2059 MS: 1 EraseBytes-
#17608026	REDUCE cov: 190 ft: 1148 corp: 457/42Kb exec/s: 27006 rss: 517Mb L: 143/2059 MS: 1 EraseBytes-
#17983532	REDUCE cov: 190 ft: 1148 corp: 457/42Kb exec/s: 27124 rss: 517Mb L: 796/2059 MS: 2 CopyPart-EraseBytes-
#18247733	REDUCE cov: 190 ft: 1148 corp: 457/42Kb exec/s: 27194 rss: 517Mb L: 793/2059 MS: 1 EraseBytes-
#18735641	REDUCE cov: 190 ft: 1148 corp: 457/42Kb exec/s: 27311 rss: 517Mb L: 787/2059 MS: 2 ShuffleBytes-EraseBytes-
#18945306	REDUCE cov: 190 ft: 1148 corp: 457/42Kb exec/s: 27377 rss: 517Mb L: 141/2059 MS: 1 EraseBytes-
#19563170	REDUCE cov: 190 ft: 1148 corp: 457/42Kb exec/s: 27515 rss: 517Mb L: 40/2059 MS: 2 CopyPart-EraseBytes-
#19600793	REDUCE cov: 190 ft: 1148 corp: 457/42Kb exec/s: 27529 rss: 517Mb L: 782/2059 MS: 5 ChangeBit-ChangeBinInt-EraseBytes-EraseBytes-CopyPart-
#19830991	REDUCE cov: 190 ft: 1148 corp: 457/42Kb exec/s: 27581 rss: 517Mb L: 139/2059 MS: 1 EraseBytes-
#20144853	REDUCE cov: 190 ft: 1148 corp: 457/42Kb exec/s: 27671 rss: 517Mb L: 32/2059 MS: 1 EraseBytes-
#20172649	REDUCE cov: 190 ft: 1148 corp: 457/42Kb exec/s: 27671 rss: 517Mb L: 31/2059 MS: 1 EraseBytes-
#20245109	REDUCE cov: 190 ft: 1148 corp: 457/42Kb exec/s: 27695 rss: 517Mb L: 77/2059 MS: 2 CopyPart-EraseBytes-
#20463918	REDUCE cov: 190 ft: 1148 corp: 457/42Kb exec/s: 27728 rss: 517Mb L: 30/2059 MS: 1 EraseBytes-
#20519831	REDUCE cov: 190 ft: 1148 corp: 457/42Kb exec/s: 27729 rss: 517Mb L: 129/2059 MS: 1 EraseBytes-
#20593654	REDUCE cov: 190 ft: 1148 corp: 457/42Kb exec/s: 27754 rss: 517Mb L: 123/2059 MS: 1 EraseBytes-
#20662032	REDUCE cov: 190 ft: 1148 corp: 457/42Kb exec/s: 27771 rss: 517Mb L: 76/2059 MS: 1 EraseBytes-
#21080341	REDUCE cov: 190 ft: 1148 corp: 457/42Kb exec/s: 27884 rss: 517Mb L: 119/2059 MS: 1 EraseBytes-
#21452299	REDUCE cov: 190 ft: 1148 corp: 457/42Kb exec/s: 27969 rss: 517Mb L: 776/2059 MS: 1 EraseBytes-
#21819638	REDUCE cov: 190 ft: 1148 corp: 457/42Kb exec/s: 28045 rss: 517Mb L: 760/2059 MS: 1 EraseBytes-
#22335955	REDUCE cov: 190 ft: 1148 corp: 457/42Kb exec/s: 28166 rss: 517Mb L: 39/2059 MS: 1 EraseBytes-
#22473600	REDUCE cov: 190 ft: 1148 corp: 457/42Kb exec/s: 28197 rss: 517Mb L: 117/2059 MS: 1 EraseBytes-
#23075196	REDUCE cov: 190 ft: 1148 corp: 457/42Kb exec/s: 28313 rss: 517Mb L: 757/2059 MS: 1 EraseBytes-
#23135561	REDUCE cov: 190 ft: 1148 corp: 457/42Kb exec/s: 28317 rss: 517Mb L: 754/2059 MS: 1 EraseBytes-
#23493584	REDUCE cov: 190 ft: 1148 corp: 457/42Kb exec/s: 28373 rss: 517Mb L: 751/2059 MS: 1 EraseBytes-
#23767631	REDUCE cov: 190 ft: 1148 corp: 457/42Kb exec/s: 28430 rss: 517Mb L: 116/2059 MS: 1 EraseBytes-
#23857635	REDUCE cov: 190 ft: 1148 corp: 457/42Kb exec/s: 28435 rss: 517Mb L: 742/2059 MS: 1 EraseBytes-
#24270258	REDUCE cov: 190 ft: 1148 corp: 457/42Kb exec/s: 28519 rss: 517Mb L: 112/2059 MS: 1 EraseBytes-
#24327293	REDUCE cov: 190 ft: 1148 corp: 457/42Kb exec/s: 28519 rss: 517Mb L: 73/2059 MS: 1 EraseBytes-
#24903673	REDUCE cov: 190 ft: 1148 corp: 457/42Kb exec/s: 28657 rss: 517Mb L: 29/2059 MS: 1 EraseBytes-
#24920059	REDUCE cov: 190 ft: 1148 corp: 457/42Kb exec/s: 28643 rss: 517Mb L: 111/2059 MS: 1 EraseBytes-
#25228329	REDUCE cov: 190 ft: 1148 corp: 457/42Kb exec/s: 28701 rss: 517Mb L: 746/2059 MS: 1 EraseBytes-
#25267358	REDUCE cov: 190 ft: 1148 corp: 457/42Kb exec/s: 28712 rss: 517Mb L: 717/2059 MS: 1 EraseBytes-
#25296991	REDUCE cov: 190 ft: 1148 corp: 457/42Kb exec/s: 28681 rss: 517Mb L: 704/2059 MS: 1 EraseBytes-
#25329367	REDUCE cov: 190 ft: 1148 corp: 457/42Kb exec/s: 28685 rss: 517Mb L: 685/2059 MS: 1 EraseBytes-
#25380456	REDUCE cov: 190 ft: 1148 corp: 457/42Kb exec/s: 28710 rss: 517Mb L: 109/2059 MS: 1 EraseBytes-
#25531266	REDUCE cov: 190 ft: 1148 corp: 457/42Kb exec/s: 28719 rss: 517Mb L: 683/2059 MS: 1 EraseBytes-
#26027708	REDUCE cov: 190 ft: 1148 corp: 457/42Kb exec/s: 28791 rss: 517Mb L: 38/2059 MS: 1 EraseBytes-
#26208745	REDUCE cov: 190 ft: 1148 corp: 457/42Kb exec/s: 28832 rss: 517Mb L: 105/2059 MS: 1 EraseBytes-
#26288603	REDUCE cov: 190 ft: 1148 corp: 457/42Kb exec/s: 28856 rss: 517Mb L: 668/2059 MS: 2 CopyPart-EraseBytes-
#27369262	REDUCE cov: 190 ft: 1148 corp: 457/42Kb exec/s: 28992 rss: 517Mb L: 658/2059 MS: 1 EraseBytes-
#27397557	REDUCE cov: 190 ft: 1148 corp: 457/42Kb exec/s: 28992 rss: 517Mb L: 648/2059 MS: 1 EraseBytes-
#27711347	REDUCE cov: 190 ft: 1148 corp: 457/42Kb exec/s: 29047 rss: 517Mb L: 101/2059 MS: 1 EraseBytes-
#27731089	REDUCE cov: 190 ft: 1148 corp: 457/42Kb exec/s: 29037 rss: 517Mb L: 642/2059 MS: 2 EraseBytes-CopyPart-
#28677990	REDUCE cov: 190 ft: 1148 corp: 457/42Kb exec/s: 29173 rss: 517Mb L: 636/2059 MS: 1 EraseBytes-
#29500193	REDUCE cov: 190 ft: 1148 corp: 457/42Kb exec/s: 29266 rss: 517Mb L: 98/2059 MS: 1 EraseBytes-
#29838271	REDUCE cov: 190 ft: 1148 corp: 457/42Kb exec/s: 29253 rss: 517Mb L: 93/2059 MS: 1 EraseBytes-
#29959317	REDUCE cov: 190 ft: 1148 corp: 457/42Kb exec/s: 29257 rss: 517Mb L: 627/2059 MS: 1 EraseBytes-
#30118427	REDUCE cov: 190 ft: 1148 corp: 457/42Kb exec/s: 29269 rss: 517Mb L: 91/2059 MS: 1 EraseBytes-
#30291751	REDUCE cov: 190 ft: 1148 corp: 457/42Kb exec/s: 29267 rss: 517Mb L: 616/2059 MS: 1 EraseBytes-
#30419211	REDUCE cov: 190 ft: 1148 corp: 457/42Kb exec/s: 29305 rss: 517Mb L: 89/2059 MS: 1 EraseBytes-
#30900855	REDUCE cov: 190 ft: 1148 corp: 457/42Kb exec/s: 29345 rss: 517Mb L: 85/2059 MS: 4 InsertByte-EraseBytes-ChangeBit-CopyPart-
#31881594	REDUCE cov: 190 ft: 1148 corp: 457/42Kb exec/s: 29465 rss: 517Mb L: 608/2059 MS: 1 EraseBytes-
#32032264	REDUCE cov: 190 ft: 1148 corp: 457/42Kb exec/s: 29468 rss: 517Mb L: 82/2059 MS: 1 EraseBytes-
#32171742	REDUCE cov: 190 ft: 1148 corp: 457/42Kb exec/s: 29488 rss: 517Mb L: 81/2059 MS: 1 EraseBytes-
#33135509	REDUCE cov: 190 ft: 1148 corp: 457/42Kb exec/s: 29585 rss: 517Mb L: 604/2059 MS: 1 EraseBytes-
#33472840	REDUCE cov: 190 ft: 1148 corp: 457/42Kb exec/s: 29621 rss: 517Mb L: 576/2059 MS: 3 CopyPart-ShuffleBytes-EraseBytes-
#33548414	REDUCE cov: 190 ft: 1148 corp: 457/42Kb exec/s: 29610 rss: 517Mb L: 530/2059 MS: 2 EraseBytes-CopyPart-
#33554432	pulse  cov: 190 ft: 1148 corp: 457/42Kb exec/s: 29615 rss: 517Mb
#33880313	REDUCE cov: 190 ft: 1148 corp: 457/42Kb exec/s: 29641 rss: 517Mb L: 78/2059 MS: 1 EraseBytes-
#33955003	REDUCE cov: 190 ft: 1148 corp: 457/42Kb exec/s: 29655 rss: 517Mb L: 77/2059 MS: 1 EraseBytes-
#34290307	REDUCE cov: 190 ft: 1148 corp: 457/42Kb exec/s: 29688 rss: 517Mb L: 76/2059 MS: 1 EraseBytes-
#35652226	REDUCE cov: 190 ft: 1148 corp: 457/42Kb exec/s: 29784 rss: 517Mb L: 496/2059 MS: 1 EraseBytes-
#35820235	REDUCE cov: 190 ft: 1148 corp: 457/42Kb exec/s: 29800 rss: 517Mb L: 73/2059 MS: 1 EraseBytes-
#35901564	REDUCE cov: 190 ft: 1148 corp: 457/42Kb exec/s: 29818 rss: 517Mb L: 72/2059 MS: 1 EraseBytes-
#36027610	REDUCE cov: 190 ft: 1148 corp: 457/42Kb exec/s: 29824 rss: 517Mb L: 493/2059 MS: 1 EraseBytes-
#36437386	REDUCE cov: 190 ft: 1148 corp: 457/42Kb exec/s: 29842 rss: 517Mb L: 491/2059 MS: 1 EraseBytes-
#36740673	REDUCE cov: 190 ft: 1148 corp: 457/42Kb exec/s: 29870 rss: 517Mb L: 485/2059 MS: 1 EraseBytes-
#36795895	REDUCE cov: 190 ft: 1148 corp: 457/42Kb exec/s: 29866 rss: 517Mb L: 477/2059 MS: 1 EraseBytes-
#37691316	REDUCE cov: 190 ft: 1148 corp: 457/42Kb exec/s: 29937 rss: 517Mb L: 469/2059 MS: 1 EraseBytes-
#38525022	REDUCE cov: 190 ft: 1148 corp: 457/42Kb exec/s: 29980 rss: 517Mb L: 71/2059 MS: 1 EraseBytes-
#39305277	REDUCE cov: 190 ft: 1148 corp: 457/42Kb exec/s: 30049 rss: 517Mb L: 37/2059 MS: 1 EraseBytes-
#39316139	REDUCE cov: 190 ft: 1148 corp: 457/42Kb exec/s: 30035 rss: 517Mb L: 69/2059 MS: 2 CopyPart-EraseBytes-
#39317387	REDUCE cov: 190 ft: 1148 corp: 457/42Kb exec/s: 30036 rss: 517Mb L: 65/2059 MS: 1 EraseBytes-
#39536670	REDUCE cov: 190 ft: 1148 corp: 457/42Kb exec/s: 30043 rss: 517Mb L: 63/2059 MS: 1 EraseBytes-
#39954320	REDUCE cov: 190 ft: 1148 corp: 457/42Kb exec/s: 30063 rss: 517Mb L: 741/2059 MS: 1 EraseBytes-
#41019052	REDUCE cov: 190 ft: 1148 corp: 457/42Kb exec/s: 30161 rss: 517Mb L: 467/2059 MS: 1 EraseBytes-
#41419285	REDUCE cov: 190 ft: 1148 corp: 457/42Kb exec/s: 30166 rss: 517Mb L: 457/2059 MS: 1 EraseBytes-
#42056986	REDUCE cov: 190 ft: 1148 corp: 457/42Kb exec/s: 30213 rss: 517Mb L: 455/2059 MS: 1 EraseBytes-
#42544165	REDUCE cov: 190 ft: 1148 corp: 457/42Kb exec/s: 30237 rss: 517Mb L: 449/2059 MS: 1 EraseBytes-
#43582709	REDUCE cov: 190 ft: 1148 corp: 457/42Kb exec/s: 30307 rss: 517Mb L: 446/2059 MS: 1 EraseBytes-
#43922886	REDUCE cov: 190 ft: 1148 corp: 457/42Kb exec/s: 30333 rss: 517Mb L: 445/2059 MS: 1 EraseBytes-
#44323989	REDUCE cov: 190 ft: 1148 corp: 457/42Kb exec/s: 30358 rss: 517Mb L: 62/2059 MS: 1 EraseBytes-
#44726111	REDUCE cov: 190 ft: 1148 corp: 457/42Kb exec/s: 30363 rss: 517Mb L: 72/2059 MS: 1 EraseBytes-
#44929302	REDUCE cov: 190 ft: 1148 corp: 457/42Kb exec/s: 30378 rss: 517Mb L: 59/2059 MS: 1 EraseBytes-
#45195958	REDUCE cov: 190 ft: 1148 corp: 457/42Kb exec/s: 30394 rss: 517Mb L: 58/2059 MS: 1 EraseBytes-
#45288294	REDUCE cov: 190 ft: 1148 corp: 457/42Kb exec/s: 30394 rss: 517Mb L: 439/2059 MS: 1 EraseBytes-
#46864857	REDUCE cov: 190 ft: 1148 corp: 457/42Kb exec/s: 30491 rss: 517Mb L: 420/2059 MS: 1 EraseBytes-
#47238838	REDUCE cov: 190 ft: 1148 corp: 457/42Kb exec/s: 30496 rss: 517Mb L: 55/2059 MS: 1 EraseBytes-
#48896551	REDUCE cov: 190 ft: 1148 corp: 457/42Kb exec/s: 30560 rss: 517Mb L: 403/2059 MS: 1 EraseBytes-
#49961841	REDUCE cov: 190 ft: 1148 corp: 457/42Kb exec/s: 30595 rss: 517Mb L: 397/2059 MS: 1 EraseBytes-
#51683231	REDUCE cov: 190 ft: 1148 corp: 457/42Kb exec/s: 30654 rss: 517Mb L: 54/2059 MS: 1 EraseBytes-
#52000734	REDUCE cov: 190 ft: 1148 corp: 457/42Kb exec/s: 30660 rss: 517Mb L: 394/2059 MS: 1 EraseBytes-
#52100231	REDUCE cov: 190 ft: 1148 corp: 457/42Kb exec/s: 30665 rss: 517Mb L: 133/2059 MS: 1 EraseBytes-
#52601610	REDUCE cov: 190 ft: 1148 corp: 457/42Kb exec/s: 30689 rss: 517Mb L: 740/2059 MS: 1 EraseBytes-
#55497378	REDUCE cov: 190 ft: 1148 corp: 457/42Kb exec/s: 30797 rss: 517Mb L: 387/2059 MS: 1 EraseBytes-
#55531955	REDUCE cov: 190 ft: 1148 corp: 457/42Kb exec/s: 30782 rss: 517Mb L: 71/2059 MS: 1 EraseBytes-
#55693322	REDUCE cov: 190 ft: 1148 corp: 457/42Kb exec/s: 30769 rss: 517Mb L: 383/2059 MS: 1 EraseBytes-
#57060408	REDUCE cov: 190 ft: 1148 corp: 457/42Kb exec/s: 30776 rss: 517Mb L: 377/2059 MS: 1 EraseBytes-
#58491843	REDUCE cov: 190 ft: 1148 corp: 457/42Kb exec/s: 30752 rss: 517Mb L: 524/2059 MS: 1 EraseBytes-
#58620949	REDUCE cov: 190 ft: 1148 corp: 457/42Kb exec/s: 30739 rss: 517Mb L: 368/2059 MS: 1 EraseBytes-
#59508295	REDUCE cov: 190 ft: 1148 corp: 457/42Kb exec/s: 30674 rss: 517Mb L: 364/2059 MS: 1 EraseBytes-
#59548349	REDUCE cov: 190 ft: 1148 corp: 457/42Kb exec/s: 30679 rss: 517Mb L: 1413/2059 MS: 2 CopyPart-EraseBytes-
#60082799	REDUCE cov: 190 ft: 1148 corp: 457/42Kb exec/s: 30670 rss: 517Mb L: 539/2059 MS: 2 ChangeASCIIInt-EraseBytes-
#60295157	REDUCE cov: 190 ft: 1148 corp: 457/42Kb exec/s: 30668 rss: 517Mb L: 362/2059 MS: 1 EraseBytes-
#60794307	REDUCE cov: 190 ft: 1148 corp: 457/42Kb exec/s: 30657 rss: 517Mb L: 356/2059 MS: 1 EraseBytes-
#61091792	REDUCE cov: 190 ft: 1148 corp: 457/42Kb exec/s: 30637 rss: 517Mb L: 353/2059 MS: 1 EraseBytes-
#61107970	REDUCE cov: 190 ft: 1148 corp: 457/42Kb exec/s: 30645 rss: 517Mb L: 352/2059 MS: 1 EraseBytes-
#61459752	REDUCE cov: 190 ft: 1148 corp: 457/42Kb exec/s: 30637 rss: 517Mb L: 53/2059 MS: 1 EraseBytes-
#62071988	REDUCE cov: 190 ft: 1148 corp: 457/42Kb exec/s: 30622 rss: 517Mb L: 523/2059 MS: 1 EraseBytes-
#62111515	REDUCE cov: 190 ft: 1148 corp: 457/42Kb exec/s: 30626 rss: 517Mb L: 350/2059 MS: 1 EraseBytes-
#62387949	REDUCE cov: 190 ft: 1148 corp: 457/42Kb exec/s: 30627 rss: 517Mb L: 347/2059 MS: 1 EraseBytes-
#62793499	REDUCE cov: 190 ft: 1148 corp: 457/42Kb exec/s: 30616 rss: 517Mb L: 341/2059 MS: 1 EraseBytes-
#63248341	REDUCE cov: 190 ft: 1148 corp: 457/42Kb exec/s: 30613 rss: 517Mb L: 328/2059 MS: 1 EraseBytes-
#64175497	REDUCE cov: 190 ft: 1148 corp: 457/42Kb exec/s: 30618 rss: 517Mb L: 325/2059 MS: 1 EraseBytes-
#66642954	REDUCE cov: 190 ft: 1148 corp: 457/42Kb exec/s: 30682 rss: 517Mb L: 320/2059 MS: 1 EraseBytes-
#67108864	pulse  cov: 190 ft: 1148 corp: 457/42Kb exec/s: 30685 rss: 517Mb
#69051991	REDUCE cov: 190 ft: 1148 corp: 457/42Kb exec/s: 30730 rss: 517Mb L: 314/2059 MS: 1 EraseBytes-
#69416704	REDUCE cov: 190 ft: 1148 corp: 457/42Kb exec/s: 30742 rss: 517Mb L: 308/2059 MS: 1 EraseBytes-
#69872966	REDUCE cov: 190 ft: 1148 corp: 457/42Kb exec/s: 30753 rss: 517Mb L: 307/2059 MS: 1 EraseBytes-
#70512504	REDUCE cov: 190 ft: 1148 corp: 457/42Kb exec/s: 30764 rss: 517Mb L: 299/2059 MS: 1 EraseBytes-
#70856187	REDUCE cov: 190 ft: 1148 corp: 457/42Kb exec/s: 30780 rss: 517Mb L: 297/2059 MS: 1 EraseBytes-
#74803227	REDUCE cov: 190 ft: 1148 corp: 457/42Kb exec/s: 30859 rss: 517Mb L: 295/2059 MS: 1 EraseBytes-
#75040767	REDUCE cov: 190 ft: 1148 corp: 457/42Kb exec/s: 30855 rss: 517Mb L: 538/2059 MS: 1 EraseBytes-
#75517131	REDUCE cov: 190 ft: 1148 corp: 457/42Kb exec/s: 30861 rss: 517Mb L: 289/2059 MS: 1 EraseBytes-
#76621160	REDUCE cov: 190 ft: 1148 corp: 457/42Kb exec/s: 30883 rss: 517Mb L: 739/2059 MS: 1 EraseBytes-
#77458778	REDUCE cov: 190 ft: 1148 corp: 457/42Kb exec/s: 30884 rss: 517Mb L: 283/2059 MS: 1 EraseBytes-
#77863922	REDUCE cov: 190 ft: 1148 corp: 457/42Kb exec/s: 30898 rss: 517Mb L: 736/2059 MS: 1 EraseBytes-
#78171470	REDUCE cov: 190 ft: 1148 corp: 457/42Kb exec/s: 30897 rss: 517Mb L: 281/2059 MS: 1 EraseBytes-
#78250139	REDUCE cov: 190 ft: 1148 corp: 457/42Kb exec/s: 30904 rss: 517Mb L: 276/2059 MS: 1 EraseBytes-
#80320334	REDUCE cov: 190 ft: 1148 corp: 457/42Kb exec/s: 30940 rss: 517Mb L: 735/2059 MS: 1 EraseBytes-
#80877364	REDUCE cov: 190 ft: 1148 corp: 457/42Kb exec/s: 30951 rss: 517Mb L: 273/2059 MS: 1 EraseBytes-
#82448584	REDUCE cov: 190 ft: 1148 corp: 457/42Kb exec/s: 30984 rss: 517Mb L: 272/2059 MS: 1 EraseBytes-
#84447682	REDUCE cov: 190 ft: 1148 corp: 457/42Kb exec/s: 31012 rss: 517Mb L: 257/2059 MS: 1 EraseBytes-
#84689430	REDUCE cov: 190 ft: 1148 corp: 457/41Kb exec/s: 31010 rss: 517Mb L: 250/2059 MS: 1 EraseBytes-
#85023523	REDUCE cov: 190 ft: 1148 corp: 457/41Kb exec/s: 31019 rss: 517Mb L: 248/2059 MS: 1 EraseBytes-
#85108726	REDUCE cov: 190 ft: 1148 corp: 457/41Kb exec/s: 31016 rss: 517Mb L: 247/2059 MS: 1 EraseBytes-
#86098338	REDUCE cov: 190 ft: 1148 corp: 457/41Kb exec/s: 31037 rss: 517Mb L: 246/2059 MS: 1 EraseBytes-
#88509490	REDUCE cov: 190 ft: 1148 corp: 457/41Kb exec/s: 31045 rss: 517Mb L: 734/2059 MS: 1 EraseBytes-
#88614158	REDUCE cov: 190 ft: 1148 corp: 457/41Kb exec/s: 31038 rss: 517Mb L: 731/2059 MS: 1 EraseBytes-
#89107586	REDUCE cov: 190 ft: 1148 corp: 457/41Kb exec/s: 31047 rss: 517Mb L: 236/2059 MS: 1 EraseBytes-
#89447390	REDUCE cov: 190 ft: 1148 corp: 457/41Kb exec/s: 31058 rss: 517Mb L: 234/2059 MS: 1 EraseBytes-
#92955115	REDUCE cov: 190 ft: 1148 corp: 457/41Kb exec/s: 31088 rss: 517Mb L: 229/2059 MS: 1 EraseBytes-
#95984499	REDUCE cov: 190 ft: 1148 corp: 457/41Kb exec/s: 31133 rss: 517Mb L: 226/2059 MS: 1 EraseBytes-
#95997750	REDUCE cov: 190 ft: 1148 corp: 457/41Kb exec/s: 31127 rss: 517Mb L: 221/2059 MS: 1 EraseBytes-
#96406151	REDUCE cov: 190 ft: 1148 corp: 457/41Kb exec/s: 31128 rss: 517Mb L: 218/2059 MS: 1 EraseBytes-
#96772841	REDUCE cov: 190 ft: 1148 corp: 457/41Kb exec/s: 31136 rss: 517Mb L: 213/2059 MS: 1 EraseBytes-
#98234751	REDUCE cov: 190 ft: 1148 corp: 457/41Kb exec/s: 31155 rss: 517Mb L: 212/2059 MS: 1 EraseBytes-
#98799526	REDUCE cov: 190 ft: 1148 corp: 457/41Kb exec/s: 31157 rss: 517Mb L: 209/2059 MS: 1 EraseBytes-
#98912949	REDUCE cov: 190 ft: 1148 corp: 457/41Kb exec/s: 31163 rss: 517Mb L: 203/2059 MS: 1 EraseBytes-
#98965095	REDUCE cov: 190 ft: 1148 corp: 457/41Kb exec/s: 31160 rss: 517Mb L: 200/2059 MS: 1 EraseBytes-
#99874626	REDUCE cov: 190 ft: 1148 corp: 457/41Kb exec/s: 31171 rss: 517Mb L: 197/2059 MS: 1 EraseBytes-
#99875327	REDUCE cov: 190 ft: 1148 corp: 457/41Kb exec/s: 31172 rss: 517Mb L: 196/2059 MS: 1 EraseBytes-
#101027550	REDUCE cov: 190 ft: 1148 corp: 457/41Kb exec/s: 31190 rss: 517Mb L: 191/2059 MS: 1 EraseBytes-
#101218969	REDUCE cov: 190 ft: 1148 corp: 457/41Kb exec/s: 31192 rss: 517Mb L: 187/2059 MS: 1 EraseBytes-
#101425818	REDUCE cov: 190 ft: 1148 corp: 457/41Kb exec/s: 31188 rss: 517Mb L: 730/2059 MS: 1 EraseBytes-
#102645366	REDUCE cov: 190 ft: 1148 corp: 457/41Kb exec/s: 31199 rss: 517Mb L: 186/2059 MS: 1 EraseBytes-
#103030480	REDUCE cov: 190 ft: 1148 corp: 457/41Kb exec/s: 31202 rss: 517Mb L: 729/2059 MS: 2 ShuffleBytes-EraseBytes-
#104735315	REDUCE cov: 190 ft: 1148 corp: 457/41Kb exec/s: 31217 rss: 517Mb L: 183/2059 MS: 1 EraseBytes-
#107520287	REDUCE cov: 190 ft: 1148 corp: 457/41Kb exec/s: 31255 rss: 517Mb L: 182/2059 MS: 1 EraseBytes-
#109508365	REDUCE cov: 190 ft: 1148 corp: 457/41Kb exec/s: 31270 rss: 517Mb L: 537/2059 MS: 3 CopyPart-CrossOver-EraseBytes-
#111023740	REDUCE cov: 190 ft: 1148 corp: 457/41Kb exec/s: 31291 rss: 517Mb L: 728/2059 MS: 1 EraseBytes-
#111964507	REDUCE cov: 190 ft: 1148 corp: 457/41Kb exec/s: 31292 rss: 517Mb L: 178/2059 MS: 1 EraseBytes-
#115316151	REDUCE cov: 190 ft: 1148 corp: 457/41Kb exec/s: 31284 rss: 517Mb L: 175/2059 MS: 1 EraseBytes-
#116909366	REDUCE cov: 190 ft: 1148 corp: 457/41Kb exec/s: 31225 rss: 517Mb L: 173/2059 MS: 1 EraseBytes-
#117057451	REDUCE cov: 190 ft: 1148 corp: 457/41Kb exec/s: 31223 rss: 517Mb L: 170/2059 MS: 1 EraseBytes-
#117513369	REDUCE cov: 190 ft: 1148 corp: 457/41Kb exec/s: 31220 rss: 517Mb L: 727/2059 MS: 1 EraseBytes-
#119509986	REDUCE cov: 190 ft: 1148 corp: 457/41Kb exec/s: 31171 rss: 517Mb L: 169/2059 MS: 1 EraseBytes-
#121786440	REDUCE cov: 190 ft: 1148 corp: 457/41Kb exec/s: 31155 rss: 517Mb L: 167/2059 MS: 1 EraseBytes-
#122215500	REDUCE cov: 190 ft: 1148 corp: 457/41Kb exec/s: 31145 rss: 517Mb L: 162/2059 MS: 3 InsertByte-EraseBytes-CopyPart-
#122274603	REDUCE cov: 190 ft: 1148 corp: 457/41Kb exec/s: 31152 rss: 517Mb L: 159/2059 MS: 1 EraseBytes-
#123786201	REDUCE cov: 190 ft: 1148 corp: 457/41Kb exec/s: 31156 rss: 517Mb L: 157/2059 MS: 1 EraseBytes-
#125198428	REDUCE cov: 190 ft: 1148 corp: 457/41Kb exec/s: 31174 rss: 517Mb L: 154/2059 MS: 1 EraseBytes-
#125522860	REDUCE cov: 190 ft: 1148 corp: 457/41Kb exec/s: 31178 rss: 517Mb L: 649/2059 MS: 1 EraseBytes-
#125534646	REDUCE cov: 190 ft: 1148 corp: 457/41Kb exec/s: 31173 rss: 517Mb L: 153/2059 MS: 1 EraseBytes-
#125743064	REDUCE cov: 190 ft: 1148 corp: 457/41Kb exec/s: 31178 rss: 517Mb L: 149/2059 MS: 1 EraseBytes-
#128269490	REDUCE cov: 190 ft: 1148 corp: 457/41Kb exec/s: 31201 rss: 517Mb L: 148/2059 MS: 1 EraseBytes-
#128441380	REDUCE cov: 190 ft: 1148 corp: 457/41Kb exec/s: 31205 rss: 517Mb L: 726/2059 MS: 1 EraseBytes-
#131239792	REDUCE cov: 190 ft: 1148 corp: 457/41Kb exec/s: 31217 rss: 517Mb L: 147/2059 MS: 2 ChangeASCIIInt-EraseBytes-
#131464075	REDUCE cov: 190 ft: 1148 corp: 457/41Kb exec/s: 31219 rss: 517Mb L: 144/2059 MS: 1 EraseBytes-
#132470827	REDUCE cov: 190 ft: 1148 corp: 457/41Kb exec/s: 31235 rss: 517Mb L: 142/2059 MS: 1 EraseBytes-
#133604572	REDUCE cov: 190 ft: 1148 corp: 457/41Kb exec/s: 31245 rss: 517Mb L: 141/2059 MS: 1 EraseBytes-
#134217728	pulse  cov: 190 ft: 1148 corp: 457/41Kb exec/s: 31249 rss: 517Mb
#134725643	REDUCE cov: 190 ft: 1148 corp: 457/41Kb exec/s: 31251 rss: 517Mb L: 140/2059 MS: 1 EraseBytes-
#134758615	REDUCE cov: 190 ft: 1148 corp: 457/41Kb exec/s: 31251 rss: 517Mb L: 137/2059 MS: 1 EraseBytes-
#134978080	REDUCE cov: 190 ft: 1148 corp: 457/41Kb exec/s: 31252 rss: 517Mb L: 1548/2059 MS: 1 EraseBytes-
#136375409	REDUCE cov: 190 ft: 1148 corp: 457/41Kb exec/s: 31264 rss: 517Mb L: 536/2059 MS: 1 EraseBytes-
#137238212	REDUCE cov: 190 ft: 1148 corp: 457/41Kb exec/s: 31268 rss: 517Mb L: 136/2059 MS: 1 EraseBytes-
#138311413	REDUCE cov: 190 ft: 1148 corp: 457/41Kb exec/s: 31278 rss: 517Mb L: 725/2059 MS: 1 EraseBytes-
#139036937	REDUCE cov: 190 ft: 1148 corp: 457/41Kb exec/s: 31286 rss: 517Mb L: 133/2059 MS: 1 EraseBytes-
#141525994	REDUCE cov: 190 ft: 1148 corp: 457/41Kb exec/s: 31304 rss: 517Mb L: 130/2059 MS: 1 EraseBytes-
#145223421	REDUCE cov: 190 ft: 1148 corp: 457/41Kb exec/s: 31311 rss: 517Mb L: 128/2059 MS: 1 EraseBytes-
#149272108	REDUCE cov: 190 ft: 1148 corp: 457/41Kb exec/s: 31339 rss: 517Mb L: 724/2059 MS: 1 EraseBytes-
#150748989	REDUCE cov: 190 ft: 1148 corp: 457/41Kb exec/s: 31353 rss: 517Mb L: 723/2059 MS: 1 EraseBytes-
#151000347	REDUCE cov: 190 ft: 1148 corp: 457/41Kb exec/s: 31353 rss: 517Mb L: 127/2059 MS: 1 EraseBytes-
#156083227	REDUCE cov: 190 ft: 1148 corp: 457/41Kb exec/s: 31386 rss: 517Mb L: 197/2059 MS: 1 EraseBytes-
#156459437	REDUCE cov: 190 ft: 1148 corp: 457/41Kb exec/s: 31392 rss: 517Mb L: 722/2059 MS: 1 EraseBytes-
#157643946	REDUCE cov: 190 ft: 1148 corp: 457/41Kb exec/s: 31396 rss: 517Mb L: 126/2059 MS: 1 EraseBytes-
#158748898	REDUCE cov: 190 ft: 1148 corp: 457/41Kb exec/s: 31398 rss: 517Mb L: 721/2059 MS: 1 EraseBytes-
#159607434	REDUCE cov: 190 ft: 1148 corp: 457/41Kb exec/s: 31406 rss: 517Mb L: 720/2059 MS: 1 EraseBytes-
#161566178	REDUCE cov: 190 ft: 1148 corp: 457/41Kb exec/s: 31420 rss: 517Mb L: 125/2059 MS: 1 EraseBytes-
#164419669	REDUCE cov: 190 ft: 1148 corp: 457/41Kb exec/s: 31431 rss: 517Mb L: 124/2059 MS: 1 EraseBytes-
#164525307	REDUCE cov: 190 ft: 1148 corp: 457/41Kb exec/s: 31433 rss: 517Mb L: 719/2059 MS: 1 EraseBytes-
#165283820	REDUCE cov: 190 ft: 1148 corp: 457/41Kb exec/s: 31440 rss: 517Mb L: 123/2059 MS: 1 EraseBytes-
#168721330	REDUCE cov: 190 ft: 1148 corp: 457/41Kb exec/s: 31448 rss: 517Mb L: 718/2059 MS: 1 EraseBytes-
#170753216	REDUCE cov: 190 ft: 1148 corp: 457/41Kb exec/s: 31452 rss: 517Mb L: 121/2059 MS: 1 EraseBytes-
#172769508	REDUCE cov: 190 ft: 1148 corp: 457/41Kb exec/s: 31441 rss: 517Mb L: 120/2059 MS: 1 EraseBytes-
#173816148	REDUCE cov: 190 ft: 1148 corp: 457/41Kb exec/s: 31408 rss: 517Mb L: 717/2059 MS: 1 EraseBytes-
#177995318	REDUCE cov: 190 ft: 1148 corp: 457/41Kb exec/s: 31359 rss: 517Mb L: 119/2059 MS: 1 EraseBytes-
#179083950	REDUCE cov: 190 ft: 1148 corp: 457/41Kb exec/s: 31363 rss: 517Mb L: 716/2059 MS: 1 EraseBytes-
#179362132	REDUCE cov: 190 ft: 1148 corp: 457/41Kb exec/s: 31362 rss: 517Mb L: 117/2059 MS: 1 EraseBytes-
#184755196	REDUCE cov: 190 ft: 1148 corp: 457/41Kb exec/s: 31388 rss: 517Mb L: 715/2059 MS: 1 EraseBytes-
#186603017	REDUCE cov: 190 ft: 1148 corp: 457/41Kb exec/s: 31398 rss: 517Mb L: 116/2059 MS: 1 EraseBytes-
#187146887	REDUCE cov: 190 ft: 1148 corp: 457/41Kb exec/s: 31400 rss: 517Mb L: 114/2059 MS: 1 EraseBytes-
#189936520	REDUCE cov: 190 ft: 1148 corp: 457/41Kb exec/s: 31420 rss: 517Mb L: 714/2059 MS: 1 EraseBytes-
#199139627	REDUCE cov: 190 ft: 1148 corp: 457/41Kb exec/s: 31459 rss: 517Mb L: 113/2059 MS: 1 EraseBytes-
#204308150	REDUCE cov: 190 ft: 1148 corp: 457/41Kb exec/s: 31470 rss: 517Mb L: 713/2059 MS: 1 EraseBytes-
#207811258	REDUCE cov: 190 ft: 1148 corp: 457/41Kb exec/s: 31486 rss: 517Mb L: 112/2059 MS: 1 EraseBytes-
#209569830	REDUCE cov: 190 ft: 1148 corp: 457/41Kb exec/s: 31490 rss: 517Mb L: 111/2059 MS: 1 EraseBytes-
#210300160	REDUCE cov: 190 ft: 1148 corp: 457/41Kb exec/s: 31496 rss: 517Mb L: 110/2059 MS: 1 EraseBytes-
#220112781	REDUCE cov: 190 ft: 1148 corp: 457/41Kb exec/s: 31539 rss: 517Mb L: 109/2059 MS: 1 EraseBytes-
#226002827	REDUCE cov: 190 ft: 1148 corp: 457/41Kb exec/s: 31560 rss: 517Mb L: 712/2059 MS: 1 EraseBytes-
#233754877	REDUCE cov: 190 ft: 1148 corp: 457/41Kb exec/s: 31494 rss: 517Mb L: 535/2059 MS: 1 EraseBytes-
#234900999	REDUCE cov: 190 ft: 1148 corp: 457/41Kb exec/s: 31488 rss: 517Mb L: 108/2059 MS: 1 EraseBytes-
#237967634	REDUCE cov: 190 ft: 1148 corp: 457/41Kb exec/s: 31485 rss: 517Mb L: 711/2059 MS: 1 EraseBytes-
#243274198	REDUCE cov: 190 ft: 1148 corp: 457/41Kb exec/s: 31504 rss: 517Mb L: 107/2059 MS: 2 ShuffleBytes-EraseBytes-
#244062025	REDUCE cov: 190 ft: 1148 corp: 457/41Kb exec/s: 31504 rss: 517Mb L: 70/2059 MS: 3 CMP-EraseBytes-CopyPart- DE: "0\x00\x00\x00"-
#244322593	REDUCE cov: 190 ft: 1148 corp: 457/41Kb exec/s: 31505 rss: 517Mb L: 710/2059 MS: 1 EraseBytes-
#247089510	REDUCE cov: 190 ft: 1148 corp: 457/41Kb exec/s: 31516 rss: 517Mb L: 709/2059 MS: 1 EraseBytes-
#261707636	REDUCE cov: 190 ft: 1148 corp: 457/41Kb exec/s: 31569 rss: 517Mb L: 708/2059 MS: 1 EraseBytes-
#268435456	pulse  cov: 190 ft: 1148 corp: 457/41Kb exec/s: 31591 rss: 517Mb
#271730096	REDUCE cov: 190 ft: 1148 corp: 457/41Kb exec/s: 31603 rss: 517Mb L: 777/2059 MS: 1 EraseBytes-
#273460705	REDUCE cov: 190 ft: 1148 corp: 457/41Kb exec/s: 31610 rss: 517Mb L: 707/2059 MS: 1 EraseBytes-
#273761376	REDUCE cov: 190 ft: 1148 corp: 457/41Kb exec/s: 31612 rss: 517Mb L: 389/2059 MS: 4 CopyPart-CopyPart-EraseBytes-EraseBytes-
#284161552	REDUCE cov: 190 ft: 1148 corp: 457/41Kb exec/s: 31643 rss: 517Mb L: 706/2059 MS: 1 EraseBytes-
#292595049	REDUCE cov: 190 ft: 1148 corp: 457/41Kb exec/s: 31584 rss: 517Mb L: 106/2059 MS: 1 EraseBytes-
#295302069	REDUCE cov: 190 ft: 1148 corp: 457/41Kb exec/s: 31583 rss: 517Mb L: 705/2059 MS: 2 ChangeBit-EraseBytes-
#298299774	REDUCE cov: 190 ft: 1148 corp: 457/41Kb exec/s: 31592 rss: 517Mb L: 105/2059 MS: 1 EraseBytes-
#304654177	REDUCE cov: 190 ft: 1148 corp: 457/41Kb exec/s: 31609 rss: 517Mb L: 534/2059 MS: 1 EraseBytes-
#307051893	REDUCE cov: 190 ft: 1148 corp: 457/41Kb exec/s: 31615 rss: 517Mb L: 704/2059 MS: 1 EraseBytes-
#307856780	REDUCE cov: 190 ft: 1148 corp: 457/41Kb exec/s: 31617 rss: 517Mb L: 703/2059 MS: 1 EraseBytes-
#312086017	REDUCE cov: 190 ft: 1148 corp: 457/41Kb exec/s: 31632 rss: 517Mb L: 782/2059 MS: 1 EraseBytes-
#322170427	REDUCE cov: 190 ft: 1148 corp: 457/41Kb exec/s: 31653 rss: 517Mb L: 104/2059 MS: 1 EraseBytes-
#325246090	REDUCE cov: 190 ft: 1148 corp: 457/41Kb exec/s: 31657 rss: 517Mb L: 103/2059 MS: 1 EraseBytes-
#326385558	REDUCE cov: 190 ft: 1148 corp: 457/41Kb exec/s: 31657 rss: 517Mb L: 533/2059 MS: 2 ChangeBinInt-EraseBytes-
#326972280	REDUCE cov: 190 ft: 1148 corp: 457/41Kb exec/s: 31655 rss: 517Mb L: 702/2059 MS: 1 EraseBytes-
#331658199	REDUCE cov: 190 ft: 1148 corp: 457/41Kb exec/s: 31664 rss: 517Mb L: 701/2059 MS: 1 EraseBytes-
#331784612	REDUCE cov: 190 ft: 1148 corp: 457/41Kb exec/s: 31664 rss: 517Mb L: 102/2059 MS: 2 CopyPart-EraseBytes-
#332111666	REDUCE cov: 190 ft: 1148 corp: 457/41Kb exec/s: 31665 rss: 517Mb L: 700/2059 MS: 1 EraseBytes-
#335810182	REDUCE cov: 190 ft: 1148 corp: 457/41Kb exec/s: 31674 rss: 517Mb L: 522/2059 MS: 1 EraseBytes-
#342077094	REDUCE cov: 190 ft: 1148 corp: 457/41Kb exec/s: 31691 rss: 517Mb L: 699/2059 MS: 1 EraseBytes-
