INFO: Seed: 3533457456
INFO: Loaded 1 modules   (808 inline 8-bit counters): 808 [0x7a5720, 0x7a5a48), 
INFO: Loaded 1 PC tables (808 PCs): 808 [0x57e288,0x581508), 
INFO:     4368 files found in ../CORPUS
INFO:       14 files found in ../inputs
INFO: -max_len is not provided; libFuzzer will not generate inputs larger than 4096 bytes
INFO: seed corpus: files: 4382 min: 1b max: 3465b total: 3185545b rss: 40Mb
#128	pulse  cov: 148 ft: 317 corp: 112/910b exec/s: 64 rss: 44Mb
#256	pulse  cov: 186 ft: 574 corp: 218/2506b exec/s: 51 rss: 48Mb
#512	pulse  cov: 188 ft: 887 corp: 350/7560b exec/s: 51 rss: 56Mb
#1024	pulse  cov: 188 ft: 1027 corp: 404/14985b exec/s: 46 rss: 67Mb
#2048	pulse  cov: 188 ft: 1075 corp: 434/23Kb exec/s: 44 rss: 86Mb
#4096	pulse  cov: 190 ft: 1131 corp: 453/39Kb exec/s: 39 rss: 142Mb
#4383	INITED cov: 190 ft: 1133 corp: 454/41Kb exec/s: 38 rss: 156Mb
#4551	NEW    cov: 190 ft: 1134 corp: 455/42Kb exec/s: 40 rss: 157Mb L: 1020/2059 MS: 3 InsertRepeatedBytes-InsertByte-ChangeBit-
#8192	pulse  cov: 190 ft: 1134 corp: 455/42Kb exec/s: 72 rss: 172Mb
#9147	REDUCE cov: 190 ft: 1134 corp: 455/42Kb exec/s: 80 rss: 175Mb L: 857/2059 MS: 1 EraseBytes-
#16384	pulse  cov: 190 ft: 1134 corp: 455/42Kb exec/s: 143 rss: 199Mb
#32768	pulse  cov: 190 ft: 1134 corp: 455/42Kb exec/s: 287 rss: 258Mb
#46323	REDUCE cov: 190 ft: 1134 corp: 455/42Kb exec/s: 402 rss: 308Mb L: 759/2059 MS: 1 EraseBytes-
#61785	REDUCE cov: 190 ft: 1134 corp: 455/42Kb exec/s: 532 rss: 361Mb L: 136/2059 MS: 1 EraseBytes-
#65536	pulse  cov: 190 ft: 1134 corp: 455/42Kb exec/s: 564 rss: 376Mb
#107969	REDUCE cov: 190 ft: 1134 corp: 455/41Kb exec/s: 914 rss: 499Mb L: 740/2059 MS: 1 EraseBytes-
#131072	pulse  cov: 190 ft: 1134 corp: 455/41Kb exec/s: 1110 rss: 515Mb
#171075	RELOAD cov: 190 ft: 1135 corp: 456/42Kb exec/s: 1425 rss: 516Mb
#172986	REDUCE cov: 190 ft: 1135 corp: 456/42Kb exec/s: 1441 rss: 516Mb L: 733/2059 MS: 1 EraseBytes-
#262144	pulse  cov: 190 ft: 1135 corp: 456/42Kb exec/s: 2131 rss: 517Mb
#283886	REDUCE cov: 190 ft: 1135 corp: 456/41Kb exec/s: 2289 rss: 517Mb L: 667/2059 MS: 1 EraseBytes-
#290975	REDUCE cov: 190 ft: 1135 corp: 456/41Kb exec/s: 2346 rss: 517Mb L: 170/2059 MS: 4 ChangeByte-ChangeByte-CopyPart-EraseBytes-
#464793	REDUCE cov: 190 ft: 1135 corp: 456/41Kb exec/s: 3575 rss: 517Mb L: 21/2059 MS: 1 EraseBytes-
#524288	pulse  cov: 190 ft: 1135 corp: 456/41Kb exec/s: 3971 rss: 517Mb
#603020	REDUCE cov: 190 ft: 1135 corp: 456/41Kb exec/s: 4500 rss: 517Mb L: 20/2059 MS: 1 EraseBytes-
#623540	REDUCE cov: 190 ft: 1135 corp: 456/41Kb exec/s: 4618 rss: 517Mb L: 664/2059 MS: 1 EraseBytes-
#685730	REDUCE cov: 190 ft: 1135 corp: 456/41Kb exec/s: 5005 rss: 517Mb L: 658/2059 MS: 2 ShuffleBytes-EraseBytes-
#721758	REDUCE cov: 190 ft: 1135 corp: 456/41Kb exec/s: 5230 rss: 517Mb L: 655/2059 MS: 1 EraseBytes-
#932234	REDUCE cov: 190 ft: 1135 corp: 456/41Kb exec/s: 6385 rss: 517Mb L: 13/2059 MS: 1 EraseBytes-
#1048576	pulse  cov: 190 ft: 1135 corp: 456/41Kb exec/s: 6990 rss: 517Mb
#1179941	REDUCE cov: 190 ft: 1135 corp: 456/41Kb exec/s: 7661 rss: 517Mb L: 389/2059 MS: 3 CopyPart-ChangeByte-EraseBytes-
#1299149	REDUCE cov: 190 ft: 1135 corp: 456/41Kb exec/s: 8222 rss: 517Mb L: 133/2059 MS: 1 EraseBytes-
#1721825	REDUCE cov: 190 ft: 1135 corp: 456/41Kb exec/s: 9952 rss: 517Mb L: 165/2059 MS: 2 CopyPart-EraseBytes-
#2097152	pulse  cov: 190 ft: 1135 corp: 456/41Kb exec/s: 11275 rss: 517Mb
#2323585	REDUCE cov: 190 ft: 1135 corp: 456/41Kb exec/s: 12039 rss: 517Mb L: 654/2059 MS: 1 EraseBytes-
#3580214	REDUCE cov: 190 ft: 1135 corp: 456/41Kb exec/s: 15234 rss: 517Mb L: 744/2059 MS: 2 ChangeASCIIInt-EraseBytes-
#3580859	RELOAD cov: 190 ft: 1139 corp: 458/42Kb exec/s: 15237 rss: 517Mb
#3604105	REDUCE cov: 190 ft: 1139 corp: 458/42Kb exec/s: 15271 rss: 517Mb L: 97/2059 MS: 1 EraseBytes-
#3610561	REDUCE cov: 190 ft: 1139 corp: 458/42Kb exec/s: 15298 rss: 517Mb L: 108/2059 MS: 1 EraseBytes-
#3611252	REDUCE cov: 190 ft: 1141 corp: 459/42Kb exec/s: 15301 rss: 517Mb L: 108/2059 MS: 1 CopyPart-
#3613078	REDUCE cov: 190 ft: 1141 corp: 459/42Kb exec/s: 15309 rss: 517Mb L: 91/2059 MS: 1 EraseBytes-
#3625094	REDUCE cov: 190 ft: 1141 corp: 459/42Kb exec/s: 15295 rss: 517Mb L: 89/2059 MS: 2 ChangeBit-EraseBytes-
#3628260	REDUCE cov: 190 ft: 1141 corp: 459/42Kb exec/s: 15309 rss: 517Mb L: 102/2059 MS: 1 EraseBytes-
#3655670	RELOAD cov: 190 ft: 1143 corp: 460/42Kb exec/s: 15359 rss: 517Mb
#3656171	REDUCE cov: 190 ft: 1143 corp: 460/42Kb exec/s: 15362 rss: 517Mb L: 313/2059 MS: 1 EraseBytes-
#3663047	REDUCE cov: 190 ft: 1143 corp: 460/42Kb exec/s: 15390 rss: 517Mb L: 69/2059 MS: 1 EraseBytes-
#3667605	REDUCE cov: 190 ft: 1143 corp: 460/42Kb exec/s: 15345 rss: 517Mb L: 60/2059 MS: 3 ChangeBinInt-ShuffleBytes-EraseBytes-
#3679642	REDUCE cov: 190 ft: 1143 corp: 460/42Kb exec/s: 15395 rss: 517Mb L: 107/2059 MS: 2 CopyPart-EraseBytes-
#3699684	REDUCE cov: 190 ft: 1143 corp: 460/42Kb exec/s: 15415 rss: 517Mb L: 96/2059 MS: 1 EraseBytes-
#3720440	RELOAD cov: 190 ft: 1145 corp: 461/43Kb exec/s: 15437 rss: 517Mb
#3728211	REDUCE cov: 190 ft: 1145 corp: 461/43Kb exec/s: 15469 rss: 517Mb L: 88/2059 MS: 1 EraseBytes-
#3746442	REDUCE cov: 190 ft: 1145 corp: 461/43Kb exec/s: 15481 rss: 517Mb L: 307/2059 MS: 1 EraseBytes-
#3749898	REDUCE cov: 190 ft: 1145 corp: 461/43Kb exec/s: 15495 rss: 517Mb L: 286/2059 MS: 1 EraseBytes-
#3749925	RELOAD cov: 190 ft: 1147 corp: 462/44Kb exec/s: 15495 rss: 517Mb
#3754091	REDUCE cov: 190 ft: 1147 corp: 462/44Kb exec/s: 15448 rss: 517Mb L: 1417/2059 MS: 1 EraseBytes-
#3770502	REDUCE cov: 190 ft: 1147 corp: 462/44Kb exec/s: 15516 rss: 517Mb L: 57/2059 MS: 1 EraseBytes-
#3778753	REDUCE cov: 190 ft: 1147 corp: 462/44Kb exec/s: 15550 rss: 517Mb L: 84/2059 MS: 1 EraseBytes-
#3786758	REDUCE cov: 190 ft: 1147 corp: 462/44Kb exec/s: 15519 rss: 517Mb L: 63/2059 MS: 1 EraseBytes-
#3802194	REDUCE cov: 190 ft: 1147 corp: 462/44Kb exec/s: 15519 rss: 517Mb L: 585/2059 MS: 1 EraseBytes-
#3813350	REDUCE cov: 190 ft: 1147 corp: 462/44Kb exec/s: 15564 rss: 517Mb L: 78/2059 MS: 1 EraseBytes-
#3832171	REDUCE cov: 190 ft: 1147 corp: 462/44Kb exec/s: 15577 rss: 517Mb L: 55/2059 MS: 1 EraseBytes-
#3834782	REDUCE cov: 190 ft: 1147 corp: 462/44Kb exec/s: 15588 rss: 517Mb L: 1409/2059 MS: 1 EraseBytes-
#3854282	REDUCE cov: 190 ft: 1147 corp: 462/44Kb exec/s: 15604 rss: 517Mb L: 267/2059 MS: 2 ChangeBit-EraseBytes-
#3855244	REDUCE cov: 190 ft: 1147 corp: 462/44Kb exec/s: 15608 rss: 517Mb L: 1379/2059 MS: 2 ChangeBinInt-EraseBytes-
#3867960	REDUCE cov: 190 ft: 1147 corp: 462/44Kb exec/s: 15659 rss: 517Mb L: 50/2059 MS: 1 EraseBytes-
#3885041	REDUCE cov: 190 ft: 1147 corp: 462/44Kb exec/s: 15665 rss: 517Mb L: 48/2059 MS: 5 CrossOver-ShuffleBytes-ChangeBinInt-ShuffleBytes-EraseBytes-
#3939860	REDUCE cov: 190 ft: 1147 corp: 462/44Kb exec/s: 15759 rss: 517Mb L: 74/2059 MS: 1 EraseBytes-
#3964334	REDUCE cov: 190 ft: 1147 corp: 462/44Kb exec/s: 15794 rss: 517Mb L: 47/2059 MS: 1 EraseBytes-
#3968379	REDUCE cov: 190 ft: 1147 corp: 462/44Kb exec/s: 15810 rss: 517Mb L: 43/2059 MS: 5 ChangeBit-ChangeBinInt-CMP-ShuffleBytes-EraseBytes- DE: ".\x00\x00\x00"-
#3969835	REDUCE cov: 190 ft: 1147 corp: 462/44Kb exec/s: 15816 rss: 517Mb L: 1158/2059 MS: 1 EraseBytes-
#3998211	REDUCE cov: 190 ft: 1147 corp: 462/44Kb exec/s: 15865 rss: 517Mb L: 42/2059 MS: 1 EraseBytes-
#4000016	REDUCE cov: 190 ft: 1147 corp: 462/44Kb exec/s: 15873 rss: 517Mb L: 57/2059 MS: 1 EraseBytes-
#4007987	REDUCE cov: 190 ft: 1147 corp: 462/44Kb exec/s: 15904 rss: 517Mb L: 47/2059 MS: 1 EraseBytes-
#4061704	REDUCE cov: 190 ft: 1147 corp: 462/44Kb exec/s: 15990 rss: 517Mb L: 32/2059 MS: 2 ChangeByte-EraseBytes-
#4065925	REDUCE cov: 190 ft: 1147 corp: 462/44Kb exec/s: 16007 rss: 517Mb L: 46/2059 MS: 1 EraseBytes-
#4089205	REDUCE cov: 190 ft: 1147 corp: 462/44Kb exec/s: 16036 rss: 517Mb L: 29/2059 MS: 1 EraseBytes-
#4109471	REDUCE cov: 190 ft: 1147 corp: 462/43Kb exec/s: 16115 rss: 517Mb L: 563/2059 MS: 1 EraseBytes-
#4140237	REDUCE cov: 190 ft: 1147 corp: 462/43Kb exec/s: 16109 rss: 517Mb L: 41/2059 MS: 2 ChangeByte-EraseBytes-
#4183383	REDUCE cov: 190 ft: 1147 corp: 462/43Kb exec/s: 16214 rss: 517Mb L: 264/2059 MS: 1 EraseBytes-
#4194304	pulse  cov: 190 ft: 1147 corp: 462/43Kb exec/s: 16256 rss: 517Mb
#4195590	REDUCE cov: 190 ft: 1147 corp: 462/43Kb exec/s: 16261 rss: 517Mb L: 35/2059 MS: 2 ShuffleBytes-EraseBytes-
#4197046	REDUCE cov: 190 ft: 1147 corp: 462/43Kb exec/s: 16267 rss: 517Mb L: 27/2059 MS: 1 EraseBytes-
#4197942	REDUCE cov: 190 ft: 1147 corp: 462/43Kb exec/s: 16271 rss: 517Mb L: 24/2059 MS: 1 EraseBytes-
#4226231	REDUCE cov: 190 ft: 1147 corp: 462/43Kb exec/s: 16317 rss: 517Mb L: 21/2059 MS: 1 EraseBytes-
#4233742	REDUCE cov: 190 ft: 1147 corp: 462/43Kb exec/s: 16346 rss: 517Mb L: 20/2059 MS: 1 EraseBytes-
#4304615	REDUCE cov: 190 ft: 1147 corp: 462/43Kb exec/s: 16429 rss: 517Mb L: 72/2059 MS: 1 EraseBytes-
#4340002	REDUCE cov: 190 ft: 1147 corp: 462/43Kb exec/s: 16501 rss: 517Mb L: 71/2059 MS: 1 EraseBytes-
#4372875	REDUCE cov: 190 ft: 1147 corp: 462/43Kb exec/s: 16563 rss: 517Mb L: 17/2059 MS: 2 ShuffleBytes-EraseBytes-
#4392146	REDUCE cov: 190 ft: 1147 corp: 462/43Kb exec/s: 16636 rss: 517Mb L: 533/2059 MS: 1 EraseBytes-
#4458406	REDUCE cov: 190 ft: 1147 corp: 462/43Kb exec/s: 16760 rss: 517Mb L: 15/2059 MS: 1 EraseBytes-
#4463842	REDUCE cov: 190 ft: 1147 corp: 462/43Kb exec/s: 16781 rss: 517Mb L: 28/2059 MS: 1 EraseBytes-
#4474094	REDUCE cov: 190 ft: 1147 corp: 462/43Kb exec/s: 16756 rss: 517Mb L: 12/2059 MS: 2 ShuffleBytes-EraseBytes-
#4488846	REDUCE cov: 190 ft: 1147 corp: 462/43Kb exec/s: 16812 rss: 517Mb L: 59/2059 MS: 1 EraseBytes-
#4524302	REDUCE cov: 190 ft: 1147 corp: 462/43Kb exec/s: 16881 rss: 517Mb L: 26/2059 MS: 1 EraseBytes-
#4533673	REDUCE cov: 190 ft: 1147 corp: 462/43Kb exec/s: 16853 rss: 517Mb L: 11/2059 MS: 1 EraseBytes-
#4578641	REDUCE cov: 190 ft: 1147 corp: 462/43Kb exec/s: 16957 rss: 517Mb L: 236/2059 MS: 2 ShuffleBytes-EraseBytes-
#4605465	REDUCE cov: 190 ft: 1147 corp: 462/43Kb exec/s: 16994 rss: 517Mb L: 52/2059 MS: 1 EraseBytes-
#4642107	REDUCE cov: 190 ft: 1147 corp: 462/43Kb exec/s: 17066 rss: 517Mb L: 47/2059 MS: 1 EraseBytes-
#4701198	REDUCE cov: 190 ft: 1147 corp: 462/43Kb exec/s: 17220 rss: 517Mb L: 46/2059 MS: 1 EraseBytes-
#4736962	REDUCE cov: 190 ft: 1147 corp: 462/43Kb exec/s: 17225 rss: 517Mb L: 40/2059 MS: 1 EraseBytes-
#4856580	REDUCE cov: 190 ft: 1147 corp: 462/43Kb exec/s: 17469 rss: 517Mb L: 214/2059 MS: 1 EraseBytes-
#4881227	REDUCE cov: 190 ft: 1147 corp: 462/43Kb exec/s: 17495 rss: 517Mb L: 211/2059 MS: 1 EraseBytes-
#4985112	REDUCE cov: 190 ft: 1147 corp: 462/43Kb exec/s: 17677 rss: 517Mb L: 38/2059 MS: 1 EraseBytes-
#5035893	REDUCE cov: 190 ft: 1147 corp: 462/43Kb exec/s: 17794 rss: 517Mb L: 163/2059 MS: 1 EraseBytes-
#5039044	REDUCE cov: 190 ft: 1147 corp: 462/43Kb exec/s: 17805 rss: 517Mb L: 24/2059 MS: 1 EraseBytes-
#5064799	REDUCE cov: 190 ft: 1147 corp: 462/43Kb exec/s: 17833 rss: 517Mb L: 34/2059 MS: 1 EraseBytes-
#5088545	REDUCE cov: 190 ft: 1147 corp: 462/43Kb exec/s: 17854 rss: 517Mb L: 31/2059 MS: 1 EraseBytes-
#5153511	REDUCE cov: 190 ft: 1147 corp: 462/43Kb exec/s: 17956 rss: 517Mb L: 28/2059 MS: 1 EraseBytes-
#5218284	REDUCE cov: 190 ft: 1147 corp: 462/43Kb exec/s: 18056 rss: 517Mb L: 26/2059 MS: 1 EraseBytes-
#5220256	REDUCE cov: 190 ft: 1147 corp: 462/43Kb exec/s: 18063 rss: 517Mb L: 525/2059 MS: 2 CopyPart-EraseBytes-
#5360193	REDUCE cov: 190 ft: 1147 corp: 462/43Kb exec/s: 18294 rss: 517Mb L: 205/2059 MS: 2 ShuffleBytes-EraseBytes-
#5414655	REDUCE cov: 190 ft: 1147 corp: 462/43Kb exec/s: 18417 rss: 517Mb L: 180/2059 MS: 1 EraseBytes-
#5465457	REDUCE cov: 190 ft: 1147 corp: 462/43Kb exec/s: 18464 rss: 517Mb L: 21/2059 MS: 1 EraseBytes-
#5625753	REDUCE cov: 190 ft: 1147 corp: 462/43Kb exec/s: 18690 rss: 517Mb L: 513/2059 MS: 1 EraseBytes-
#5640798	REDUCE cov: 190 ft: 1147 corp: 462/43Kb exec/s: 18740 rss: 517Mb L: 24/2059 MS: 1 EraseBytes-
#5646990	REDUCE cov: 190 ft: 1147 corp: 462/43Kb exec/s: 18698 rss: 517Mb L: 540/2059 MS: 2 ChangeBinInt-EraseBytes-
#5664131	REDUCE cov: 190 ft: 1147 corp: 462/43Kb exec/s: 18755 rss: 517Mb L: 20/2059 MS: 1 EraseBytes-
#5755736	REDUCE cov: 190 ft: 1147 corp: 462/43Kb exec/s: 18871 rss: 517Mb L: 174/2059 MS: 1 EraseBytes-
#5805812	REDUCE cov: 190 ft: 1147 corp: 462/43Kb exec/s: 18973 rss: 517Mb L: 17/2059 MS: 1 EraseBytes-
#5827730	REDUCE cov: 190 ft: 1147 corp: 462/43Kb exec/s: 18982 rss: 517Mb L: 1143/2059 MS: 1 EraseBytes-
#5859742	REDUCE cov: 190 ft: 1147 corp: 462/43Kb exec/s: 19025 rss: 517Mb L: 1096/2059 MS: 2 CopyPart-EraseBytes-
#5863726	REDUCE cov: 190 ft: 1147 corp: 462/43Kb exec/s: 19038 rss: 517Mb L: 23/2059 MS: 2 ChangeByte-EraseBytes-
#5886347	REDUCE cov: 190 ft: 1147 corp: 462/43Kb exec/s: 19049 rss: 517Mb L: 159/2059 MS: 1 EraseBytes-
#5971280	REDUCE cov: 190 ft: 1147 corp: 462/43Kb exec/s: 19200 rss: 517Mb L: 783/2059 MS: 1 EraseBytes-
#5972106	REDUCE cov: 190 ft: 1147 corp: 462/43Kb exec/s: 19202 rss: 517Mb L: 509/2059 MS: 1 EraseBytes-
#6045743	REDUCE cov: 190 ft: 1147 corp: 462/43Kb exec/s: 19315 rss: 517Mb L: 153/2059 MS: 1 EraseBytes-
#6068626	REDUCE cov: 190 ft: 1147 corp: 462/43Kb exec/s: 19326 rss: 517Mb L: 150/2059 MS: 1 EraseBytes-
#6078642	REDUCE cov: 190 ft: 1147 corp: 462/43Kb exec/s: 19358 rss: 517Mb L: 524/2059 MS: 1 EraseBytes-
#6149654	REDUCE cov: 190 ft: 1147 corp: 462/43Kb exec/s: 19399 rss: 517Mb L: 134/2059 MS: 1 EraseBytes-
#6173570	REDUCE cov: 190 ft: 1147 corp: 462/43Kb exec/s: 19474 rss: 517Mb L: 125/2059 MS: 1 EraseBytes-
#6178122	REDUCE cov: 190 ft: 1147 corp: 462/43Kb exec/s: 19428 rss: 517Mb L: 162/2059 MS: 2 ChangeBit-EraseBytes-
#6200473	REDUCE cov: 190 ft: 1147 corp: 462/43Kb exec/s: 19498 rss: 517Mb L: 499/2059 MS: 1 EraseBytes-
#6291678	REDUCE cov: 190 ft: 1147 corp: 462/43Kb exec/s: 19600 rss: 517Mb L: 22/2059 MS: 1 EraseBytes-
#6426759	REDUCE cov: 190 ft: 1147 corp: 462/43Kb exec/s: 19774 rss: 517Mb L: 119/2059 MS: 1 EraseBytes-
#6495828	REDUCE cov: 190 ft: 1147 corp: 462/43Kb exec/s: 19864 rss: 517Mb L: 104/2059 MS: 1 EraseBytes-
#6545228	REDUCE cov: 190 ft: 1147 corp: 462/43Kb exec/s: 19954 rss: 517Mb L: 21/2059 MS: 1 EraseBytes-
#6574115	REDUCE cov: 190 ft: 1147 corp: 462/43Kb exec/s: 19982 rss: 517Mb L: 73/2059 MS: 2 EraseBytes-CopyPart-
#6750530	REDUCE cov: 190 ft: 1147 corp: 462/43Kb exec/s: 20211 rss: 517Mb L: 490/2059 MS: 1 EraseBytes-
#6992564	REDUCE cov: 190 ft: 1147 corp: 462/43Kb exec/s: 20506 rss: 517Mb L: 72/2059 MS: 1 EraseBytes-
#7012295	REDUCE cov: 190 ft: 1147 corp: 462/43Kb exec/s: 20503 rss: 517Mb L: 18/2059 MS: 1 EraseBytes-
#7027370	REDUCE cov: 190 ft: 1147 corp: 462/43Kb exec/s: 20547 rss: 517Mb L: 70/2059 MS: 1 EraseBytes-
#7112301	REDUCE cov: 190 ft: 1147 corp: 462/43Kb exec/s: 20615 rss: 517Mb L: 160/2059 MS: 2 EraseBytes-CopyPart-
#7138111	REDUCE cov: 190 ft: 1147 corp: 462/43Kb exec/s: 20630 rss: 517Mb L: 1093/2059 MS: 1 EraseBytes-
#7143247	REDUCE cov: 190 ft: 1147 corp: 462/43Kb exec/s: 20645 rss: 517Mb L: 14/2059 MS: 1 EraseBytes-
#7177902	REDUCE cov: 190 ft: 1147 corp: 462/43Kb exec/s: 20685 rss: 517Mb L: 1085/2059 MS: 1 EraseBytes-
#7219412	REDUCE cov: 190 ft: 1147 corp: 462/43Kb exec/s: 20745 rss: 517Mb L: 1055/2059 MS: 1 EraseBytes-
#7269160	REDUCE cov: 190 ft: 1147 corp: 462/43Kb exec/s: 20828 rss: 517Mb L: 17/2059 MS: 2 ShuffleBytes-EraseBytes-
#7284435	REDUCE cov: 190 ft: 1147 corp: 462/43Kb exec/s: 20812 rss: 517Mb L: 66/2059 MS: 1 EraseBytes-
#7307894	REDUCE cov: 190 ft: 1147 corp: 462/43Kb exec/s: 20820 rss: 517Mb L: 13/2059 MS: 4 CopyPart-InsertByte-ChangeASCIIInt-EraseBytes-
#7359659	REDUCE cov: 190 ft: 1147 corp: 462/43Kb exec/s: 20908 rss: 517Mb L: 60/2059 MS: 1 EraseBytes-
#7424765	REDUCE cov: 190 ft: 1147 corp: 462/43Kb exec/s: 20973 rss: 517Mb L: 476/2059 MS: 1 EraseBytes-
#7442311	REDUCE cov: 190 ft: 1147 corp: 462/43Kb exec/s: 20964 rss: 517Mb L: 1050/2059 MS: 1 EraseBytes-
#7632164	REDUCE cov: 190 ft: 1147 corp: 462/43Kb exec/s: 21200 rss: 517Mb L: 57/2059 MS: 1 EraseBytes-
#7815911	REDUCE cov: 190 ft: 1147 corp: 462/43Kb exec/s: 21413 rss: 517Mb L: 1021/2059 MS: 2 EraseBytes-CopyPart-
#7847683	REDUCE cov: 190 ft: 1147 corp: 462/43Kb exec/s: 21441 rss: 517Mb L: 964/2059 MS: 1 EraseBytes-
#7970519	REDUCE cov: 190 ft: 1147 corp: 462/43Kb exec/s: 21541 rss: 517Mb L: 53/2059 MS: 1 EraseBytes-
#8080494	REDUCE cov: 190 ft: 1147 corp: 462/43Kb exec/s: 21663 rss: 517Mb L: 458/2059 MS: 1 EraseBytes-
#8094730	REDUCE cov: 190 ft: 1147 corp: 462/43Kb exec/s: 21701 rss: 517Mb L: 448/2059 MS: 1 EraseBytes-
#8184784	REDUCE cov: 190 ft: 1147 corp: 462/43Kb exec/s: 21768 rss: 517Mb L: 427/2059 MS: 1 EraseBytes-
#8350891	REDUCE cov: 190 ft: 1147 corp: 462/43Kb exec/s: 21918 rss: 517Mb L: 424/2059 MS: 1 EraseBytes-
#8388608	pulse  cov: 190 ft: 1147 corp: 462/43Kb exec/s: 21959 rss: 517Mb
#8523740	REDUCE cov: 190 ft: 1147 corp: 462/43Kb exec/s: 22082 rss: 517Mb L: 413/2059 MS: 1 EraseBytes-
#9019604	REDUCE cov: 190 ft: 1147 corp: 462/43Kb exec/s: 22605 rss: 517Mb L: 50/2059 MS: 1 EraseBytes-
#9084644	REDUCE cov: 190 ft: 1147 corp: 462/43Kb exec/s: 22654 rss: 517Mb L: 47/2059 MS: 1 EraseBytes-
#9103885	REDUCE cov: 190 ft: 1147 corp: 462/43Kb exec/s: 22646 rss: 517Mb L: 156/2059 MS: 2 EraseBytes-CopyPart-
#9336503	REDUCE cov: 190 ft: 1147 corp: 462/43Kb exec/s: 22827 rss: 517Mb L: 398/2059 MS: 1 EraseBytes-
#9398646	REDUCE cov: 190 ft: 1147 corp: 462/43Kb exec/s: 22923 rss: 517Mb L: 395/2059 MS: 2 ChangeBit-EraseBytes-
#9450978	REDUCE cov: 190 ft: 1147 corp: 462/43Kb exec/s: 22939 rss: 517Mb L: 925/2059 MS: 1 EraseBytes-
#9714602	REDUCE cov: 190 ft: 1147 corp: 462/43Kb exec/s: 23185 rss: 517Mb L: 920/2059 MS: 1 EraseBytes-
#9736867	REDUCE cov: 190 ft: 1147 corp: 462/43Kb exec/s: 23183 rss: 517Mb L: 393/2059 MS: 1 EraseBytes-
#9801933	REDUCE cov: 190 ft: 1147 corp: 462/43Kb exec/s: 23227 rss: 517Mb L: 385/2059 MS: 1 EraseBytes-
#9812799	REDUCE cov: 190 ft: 1147 corp: 462/43Kb exec/s: 23253 rss: 517Mb L: 46/2059 MS: 1 EraseBytes-
#9880804	REDUCE cov: 190 ft: 1147 corp: 462/43Kb exec/s: 23303 rss: 517Mb L: 381/2059 MS: 1 EraseBytes-
#9925084	REDUCE cov: 190 ft: 1147 corp: 462/43Kb exec/s: 23298 rss: 517Mb L: 372/2059 MS: 1 EraseBytes-
#10027530	REDUCE cov: 190 ft: 1147 corp: 462/43Kb exec/s: 23374 rss: 517Mb L: 894/2059 MS: 1 EraseBytes-
#10095617	REDUCE cov: 190 ft: 1147 corp: 462/43Kb exec/s: 23423 rss: 517Mb L: 154/2059 MS: 3 ChangeASCIIInt-ShuffleBytes-EraseBytes-
#10095758	REDUCE cov: 190 ft: 1147 corp: 462/43Kb exec/s: 23424 rss: 517Mb L: 885/2059 MS: 1 EraseBytes-
#10126259	REDUCE cov: 190 ft: 1147 corp: 462/43Kb exec/s: 23440 rss: 517Mb L: 882/2059 MS: 1 EraseBytes-
#10203474	REDUCE cov: 190 ft: 1147 corp: 462/43Kb exec/s: 23510 rss: 517Mb L: 864/2059 MS: 1 EraseBytes-
#10476173	REDUCE cov: 190 ft: 1147 corp: 462/43Kb exec/s: 23701 rss: 517Mb L: 344/2059 MS: 4 CopyPart-EraseBytes-ChangeBinInt-EraseBytes-
#10487490	REDUCE cov: 190 ft: 1147 corp: 462/43Kb exec/s: 23727 rss: 517Mb L: 43/2059 MS: 2 ShuffleBytes-EraseBytes-
#10597266	REDUCE cov: 190 ft: 1147 corp: 462/43Kb exec/s: 23814 rss: 517Mb L: 856/2059 MS: 1 EraseBytes-
#10656576	REDUCE cov: 190 ft: 1147 corp: 462/43Kb exec/s: 23840 rss: 517Mb L: 837/2059 MS: 3 ChangeBinInt-EraseBytes-CopyPart-
#10689772	REDUCE cov: 190 ft: 1147 corp: 462/43Kb exec/s: 23861 rss: 517Mb L: 338/2059 MS: 1 EraseBytes-
#10927929	REDUCE cov: 190 ft: 1147 corp: 462/43Kb exec/s: 24070 rss: 517Mb L: 304/2059 MS: 1 EraseBytes-
#11083352	REDUCE cov: 190 ft: 1147 corp: 462/43Kb exec/s: 24146 rss: 517Mb L: 785/2059 MS: 1 EraseBytes-
#11158051	REDUCE cov: 190 ft: 1147 corp: 462/43Kb exec/s: 24204 rss: 517Mb L: 767/2059 MS: 1 EraseBytes-
#11484928	REDUCE cov: 190 ft: 1147 corp: 462/43Kb exec/s: 24384 rss: 517Mb L: 743/2059 MS: 1 EraseBytes-
#11569536	REDUCE cov: 190 ft: 1147 corp: 462/43Kb exec/s: 24459 rss: 517Mb L: 764/2059 MS: 1 EraseBytes-
#11749485	REDUCE cov: 190 ft: 1147 corp: 462/43Kb exec/s: 24529 rss: 517Mb L: 42/2059 MS: 1 EraseBytes-
#11787202	REDUCE cov: 190 ft: 1147 corp: 462/43Kb exec/s: 24556 rss: 517Mb L: 295/2059 MS: 1 EraseBytes-
#11788848	REDUCE cov: 190 ft: 1147 corp: 462/43Kb exec/s: 24560 rss: 517Mb L: 290/2059 MS: 1 EraseBytes-
#11951212	REDUCE cov: 190 ft: 1147 corp: 462/42Kb exec/s: 24641 rss: 517Mb L: 281/2059 MS: 1 EraseBytes-
#12157078	REDUCE cov: 190 ft: 1147 corp: 462/42Kb exec/s: 24810 rss: 517Mb L: 762/2059 MS: 1 EraseBytes-
#12185940	REDUCE cov: 190 ft: 1147 corp: 462/42Kb exec/s: 24818 rss: 517Mb L: 751/2059 MS: 1 EraseBytes-
#12415160	REDUCE cov: 190 ft: 1147 corp: 462/42Kb exec/s: 24930 rss: 517Mb L: 272/2059 MS: 1 EraseBytes-
#12458904	REDUCE cov: 190 ft: 1147 corp: 462/42Kb exec/s: 24967 rss: 517Mb L: 262/2059 MS: 1 EraseBytes-
#12474915	REDUCE cov: 190 ft: 1147 corp: 462/42Kb exec/s: 24949 rss: 517Mb L: 41/2059 MS: 1 EraseBytes-
#12552792	REDUCE cov: 190 ft: 1147 corp: 462/42Kb exec/s: 25005 rss: 517Mb L: 723/2059 MS: 1 EraseBytes-
#12636701	REDUCE cov: 190 ft: 1147 corp: 462/42Kb exec/s: 25072 rss: 517Mb L: 256/2059 MS: 1 EraseBytes-
#12646577	REDUCE cov: 190 ft: 1147 corp: 462/42Kb exec/s: 25042 rss: 517Mb L: 698/2059 MS: 1 EraseBytes-
#12774045	REDUCE cov: 190 ft: 1147 corp: 462/42Kb exec/s: 25096 rss: 517Mb L: 40/2059 MS: 1 EraseBytes-
#12849313	REDUCE cov: 190 ft: 1147 corp: 462/42Kb exec/s: 25145 rss: 517Mb L: 677/2059 MS: 1 EraseBytes-
#13188239	REDUCE cov: 190 ft: 1147 corp: 462/42Kb exec/s: 25361 rss: 517Mb L: 253/2059 MS: 1 EraseBytes-
#13237987	REDUCE cov: 190 ft: 1147 corp: 462/42Kb exec/s: 25360 rss: 517Mb L: 203/2059 MS: 2 EraseBytes-CopyPart-
#13277251	REDUCE cov: 190 ft: 1147 corp: 462/42Kb exec/s: 25386 rss: 517Mb L: 201/2059 MS: 1 EraseBytes-
#13510437	REDUCE cov: 190 ft: 1147 corp: 462/42Kb exec/s: 25491 rss: 517Mb L: 198/2059 MS: 1 EraseBytes-
#13522688	REDUCE cov: 190 ft: 1147 corp: 462/42Kb exec/s: 25514 rss: 517Mb L: 192/2059 MS: 1 EraseBytes-
#13658485	REDUCE cov: 190 ft: 1147 corp: 462/42Kb exec/s: 25577 rss: 517Mb L: 177/2059 MS: 1 EraseBytes-
#13907870	REDUCE cov: 190 ft: 1147 corp: 462/42Kb exec/s: 25707 rss: 517Mb L: 37/2059 MS: 1 EraseBytes-
#14158283	REDUCE cov: 190 ft: 1147 corp: 462/42Kb exec/s: 25836 rss: 517Mb L: 167/2059 MS: 1 EraseBytes-
#14418579	REDUCE cov: 190 ft: 1147 corp: 462/42Kb exec/s: 25932 rss: 517Mb L: 163/2059 MS: 1 EraseBytes-
#14696808	REDUCE cov: 190 ft: 1147 corp: 462/42Kb exec/s: 26058 rss: 517Mb L: 668/2059 MS: 1 EraseBytes-
#14915243	REDUCE cov: 190 ft: 1147 corp: 462/42Kb exec/s: 26167 rss: 517Mb L: 35/2059 MS: 1 EraseBytes-
#14915319	REDUCE cov: 190 ft: 1147 corp: 462/42Kb exec/s: 26167 rss: 517Mb L: 665/2059 MS: 1 EraseBytes-
#15068677	REDUCE cov: 190 ft: 1147 corp: 462/42Kb exec/s: 26206 rss: 517Mb L: 653/2059 MS: 1 EraseBytes-
#15164060	REDUCE cov: 190 ft: 1147 corp: 462/42Kb exec/s: 26280 rss: 517Mb L: 642/2059 MS: 1 EraseBytes-
#15674728	REDUCE cov: 190 ft: 1147 corp: 462/42Kb exec/s: 26477 rss: 517Mb L: 742/2059 MS: 2 ChangeBinInt-EraseBytes-
#16140604	REDUCE cov: 190 ft: 1147 corp: 462/42Kb exec/s: 26634 rss: 517Mb L: 159/2059 MS: 1 EraseBytes-
#16691505	REDUCE cov: 190 ft: 1147 corp: 462/42Kb exec/s: 26835 rss: 517Mb L: 630/2059 MS: 1 EraseBytes-
#16745249	REDUCE cov: 190 ft: 1147 corp: 462/42Kb exec/s: 26878 rss: 517Mb L: 610/2059 MS: 2 ChangeByte-EraseBytes-
#16746920	REDUCE cov: 190 ft: 1147 corp: 462/42Kb exec/s: 26881 rss: 517Mb L: 32/2059 MS: 1 EraseBytes-
#16777216	pulse  cov: 190 ft: 1147 corp: 462/42Kb exec/s: 26886 rss: 517Mb
#16813013	REDUCE cov: 190 ft: 1147 corp: 462/42Kb exec/s: 26900 rss: 517Mb L: 157/2059 MS: 1 EraseBytes-
#17060317	REDUCE cov: 190 ft: 1147 corp: 462/42Kb exec/s: 26951 rss: 517Mb L: 154/2059 MS: 1 EraseBytes-
#17242084	REDUCE cov: 190 ft: 1147 corp: 462/42Kb exec/s: 27025 rss: 517Mb L: 152/2059 MS: 1 EraseBytes-
#17296812	REDUCE cov: 190 ft: 1147 corp: 462/42Kb exec/s: 27068 rss: 517Mb L: 152/2059 MS: 1 EraseBytes-
#17423226	REDUCE cov: 190 ft: 1147 corp: 462/42Kb exec/s: 27096 rss: 517Mb L: 145/2059 MS: 1 EraseBytes-
#17578721	REDUCE cov: 190 ft: 1147 corp: 462/42Kb exec/s: 27169 rss: 517Mb L: 142/2059 MS: 1 EraseBytes-
#17769465	REDUCE cov: 190 ft: 1147 corp: 462/42Kb exec/s: 27212 rss: 517Mb L: 139/2059 MS: 2 ShuffleBytes-EraseBytes-
#17859117	REDUCE cov: 190 ft: 1147 corp: 462/42Kb exec/s: 27224 rss: 517Mb L: 136/2059 MS: 1 EraseBytes-
#17873773	REDUCE cov: 190 ft: 1147 corp: 462/42Kb exec/s: 27246 rss: 517Mb L: 128/2059 MS: 1 EraseBytes-
#17928803	REDUCE cov: 190 ft: 1147 corp: 462/42Kb exec/s: 27247 rss: 517Mb L: 599/2059 MS: 1 EraseBytes-
#18386861	REDUCE cov: 190 ft: 1147 corp: 462/42Kb exec/s: 27402 rss: 517Mb L: 125/2059 MS: 1 EraseBytes-
#18505029	REDUCE cov: 190 ft: 1147 corp: 462/42Kb exec/s: 27414 rss: 517Mb L: 598/2059 MS: 5 ShuffleBytes-CMP-EraseBytes-CMP-CopyPart- DE: "E\x02\x00\x00\x00\x00\x00\x00"-"\x00\x00\x00\x00\x00\x00\x01\xcf"-
#18715098	REDUCE cov: 190 ft: 1147 corp: 462/42Kb exec/s: 27481 rss: 517Mb L: 594/2059 MS: 1 EraseBytes-
#18751279	REDUCE cov: 190 ft: 1147 corp: 462/42Kb exec/s: 27494 rss: 517Mb L: 582/2059 MS: 1 EraseBytes-
#19245521	REDUCE cov: 190 ft: 1147 corp: 462/42Kb exec/s: 27651 rss: 517Mb L: 510/2059 MS: 1 EraseBytes-
#19741764	REDUCE cov: 190 ft: 1147 corp: 462/42Kb exec/s: 27766 rss: 517Mb L: 123/2059 MS: 1 EraseBytes-
#19954348	REDUCE cov: 190 ft: 1147 corp: 462/42Kb exec/s: 27830 rss: 517Mb L: 120/2059 MS: 1 EraseBytes-
#20184947	REDUCE cov: 190 ft: 1147 corp: 462/42Kb exec/s: 27879 rss: 517Mb L: 118/2059 MS: 1 EraseBytes-
#20333011	REDUCE cov: 190 ft: 1147 corp: 462/42Kb exec/s: 27929 rss: 517Mb L: 113/2059 MS: 1 EraseBytes-
#20403200	REDUCE cov: 190 ft: 1147 corp: 462/42Kb exec/s: 27949 rss: 517Mb L: 110/2059 MS: 1 EraseBytes-
#20454540	REDUCE cov: 190 ft: 1147 corp: 462/42Kb exec/s: 27981 rss: 517Mb L: 502/2059 MS: 2 ShuffleBytes-EraseBytes-
#20600799	REDUCE cov: 190 ft: 1147 corp: 462/42Kb exec/s: 27990 rss: 517Mb L: 31/2059 MS: 1 EraseBytes-
#21197340	REDUCE cov: 190 ft: 1147 corp: 462/42Kb exec/s: 28150 rss: 517Mb L: 104/2059 MS: 1 EraseBytes-
#21381247	REDUCE cov: 190 ft: 1147 corp: 462/42Kb exec/s: 28207 rss: 517Mb L: 102/2059 MS: 1 EraseBytes-
#21468040	REDUCE cov: 190 ft: 1147 corp: 462/42Kb exec/s: 28210 rss: 517Mb L: 478/2059 MS: 4 CopyPart-ChangeBit-EraseBytes-EraseBytes-
#21697527	REDUCE cov: 190 ft: 1147 corp: 462/42Kb exec/s: 28288 rss: 517Mb L: 151/2059 MS: 1 EraseBytes-
#21918816	REDUCE cov: 190 ft: 1147 corp: 462/42Kb exec/s: 28318 rss: 517Mb L: 150/2059 MS: 1 EraseBytes-
#21970371	REDUCE cov: 190 ft: 1147 corp: 462/42Kb exec/s: 28312 rss: 517Mb L: 95/2059 MS: 1 EraseBytes-
#22189200	REDUCE cov: 190 ft: 1147 corp: 462/42Kb exec/s: 28374 rss: 517Mb L: 476/2059 MS: 1 EraseBytes-
#22597007	REDUCE cov: 190 ft: 1147 corp: 462/42Kb exec/s: 28459 rss: 517Mb L: 30/2059 MS: 2 ShuffleBytes-EraseBytes-
#22628058	REDUCE cov: 190 ft: 1147 corp: 462/42Kb exec/s: 28462 rss: 517Mb L: 92/2059 MS: 1 EraseBytes-
#23678189	REDUCE cov: 190 ft: 1147 corp: 462/42Kb exec/s: 28666 rss: 517Mb L: 471/2059 MS: 1 EraseBytes-
#24084108	REDUCE cov: 190 ft: 1147 corp: 462/42Kb exec/s: 28774 rss: 517Mb L: 89/2059 MS: 1 EraseBytes-
#24529795	REDUCE cov: 190 ft: 1147 corp: 462/42Kb exec/s: 28858 rss: 517Mb L: 462/2059 MS: 1 EraseBytes-
#25430804	REDUCE cov: 190 ft: 1147 corp: 462/42Kb exec/s: 28997 rss: 517Mb L: 87/2059 MS: 1 EraseBytes-
#25504204	REDUCE cov: 190 ft: 1147 corp: 462/42Kb exec/s: 29015 rss: 517Mb L: 460/2059 MS: 1 EraseBytes-
#25749859	REDUCE cov: 190 ft: 1147 corp: 462/42Kb exec/s: 29030 rss: 517Mb L: 84/2059 MS: 1 EraseBytes-
#25829607	REDUCE cov: 190 ft: 1147 corp: 462/42Kb exec/s: 29054 rss: 517Mb L: 741/2059 MS: 1 EraseBytes-
#26021834	REDUCE cov: 190 ft: 1147 corp: 462/42Kb exec/s: 29074 rss: 517Mb L: 78/2059 MS: 1 EraseBytes-
#26491774	REDUCE cov: 190 ft: 1147 corp: 462/42Kb exec/s: 29175 rss: 517Mb L: 457/2059 MS: 1 EraseBytes-
#26583596	REDUCE cov: 190 ft: 1147 corp: 462/42Kb exec/s: 29180 rss: 517Mb L: 444/2059 MS: 1 EraseBytes-
#27479979	REDUCE cov: 190 ft: 1147 corp: 462/42Kb exec/s: 29296 rss: 517Mb L: 75/2059 MS: 1 EraseBytes-
#27495264	REDUCE cov: 190 ft: 1147 corp: 462/42Kb exec/s: 29312 rss: 517Mb L: 72/2059 MS: 1 EraseBytes-
#28378231	REDUCE cov: 190 ft: 1147 corp: 462/42Kb exec/s: 29437 rss: 517Mb L: 441/2059 MS: 1 EraseBytes-
#28519540	REDUCE cov: 190 ft: 1147 corp: 462/42Kb exec/s: 29462 rss: 517Mb L: 71/2059 MS: 1 EraseBytes-
#28975170	REDUCE cov: 190 ft: 1147 corp: 462/42Kb exec/s: 29506 rss: 517Mb L: 439/2059 MS: 1 EraseBytes-
#29284452	REDUCE cov: 190 ft: 1147 corp: 462/42Kb exec/s: 29550 rss: 517Mb L: 437/2059 MS: 1 EraseBytes-
#29396079	REDUCE cov: 190 ft: 1147 corp: 462/42Kb exec/s: 29573 rss: 517Mb L: 431/2059 MS: 1 EraseBytes-
#29628861	REDUCE cov: 190 ft: 1147 corp: 462/42Kb exec/s: 29599 rss: 517Mb L: 67/2059 MS: 1 EraseBytes-
#30002762	REDUCE cov: 190 ft: 1147 corp: 462/42Kb exec/s: 29646 rss: 517Mb L: 66/2059 MS: 1 EraseBytes-
#30021123	REDUCE cov: 190 ft: 1147 corp: 462/42Kb exec/s: 29635 rss: 517Mb L: 29/2059 MS: 1 EraseBytes-
#30404547	REDUCE cov: 190 ft: 1147 corp: 462/42Kb exec/s: 29634 rss: 517Mb L: 423/2059 MS: 1 EraseBytes-
#30430399	REDUCE cov: 190 ft: 1147 corp: 462/42Kb exec/s: 29630 rss: 517Mb L: 417/2059 MS: 1 EraseBytes-
#30438421	REDUCE cov: 190 ft: 1147 corp: 462/42Kb exec/s: 29638 rss: 517Mb L: 64/2059 MS: 2 ChangeBit-EraseBytes-
#30802851	REDUCE cov: 190 ft: 1147 corp: 462/42Kb exec/s: 29675 rss: 517Mb L: 539/2059 MS: 1 EraseBytes-
#31060709	REDUCE cov: 190 ft: 1147 corp: 462/42Kb exec/s: 29723 rss: 517Mb L: 415/2059 MS: 1 EraseBytes-
#31950156	REDUCE cov: 190 ft: 1147 corp: 462/42Kb exec/s: 29804 rss: 517Mb L: 407/2059 MS: 1 EraseBytes-
#32190118	REDUCE cov: 190 ft: 1147 corp: 462/42Kb exec/s: 29833 rss: 517Mb L: 740/2059 MS: 1 EraseBytes-
#33429815	REDUCE cov: 190 ft: 1147 corp: 462/42Kb exec/s: 29955 rss: 517Mb L: 62/2059 MS: 1 EraseBytes-
#33554432	pulse  cov: 190 ft: 1147 corp: 462/42Kb exec/s: 29959 rss: 517Mb
#33779153	REDUCE cov: 190 ft: 1147 corp: 462/42Kb exec/s: 29999 rss: 517Mb L: 398/2059 MS: 1 EraseBytes-
#34421002	REDUCE cov: 190 ft: 1147 corp: 462/42Kb exec/s: 30062 rss: 517Mb L: 389/2059 MS: 1 EraseBytes-
#34956512	REDUCE cov: 190 ft: 1147 corp: 462/42Kb exec/s: 30083 rss: 517Mb L: 375/2059 MS: 1 EraseBytes-
#36184588	REDUCE cov: 190 ft: 1147 corp: 462/42Kb exec/s: 30204 rss: 517Mb L: 366/2059 MS: 1 EraseBytes-
#36960691	REDUCE cov: 190 ft: 1147 corp: 462/42Kb exec/s: 30270 rss: 517Mb L: 739/2059 MS: 1 EraseBytes-
#37810284	REDUCE cov: 190 ft: 1147 corp: 462/42Kb exec/s: 30345 rss: 517Mb L: 148/2059 MS: 2 ChangeASCIIInt-EraseBytes-
#38251643	REDUCE cov: 190 ft: 1147 corp: 462/42Kb exec/s: 30382 rss: 517Mb L: 60/2059 MS: 1 EraseBytes-
#38722188	REDUCE cov: 190 ft: 1147 corp: 462/42Kb exec/s: 30394 rss: 517Mb L: 140/2059 MS: 2 CopyPart-EraseBytes-
#39862032	REDUCE cov: 190 ft: 1147 corp: 462/42Kb exec/s: 30475 rss: 517Mb L: 363/2059 MS: 1 EraseBytes-
#40643777	REDUCE cov: 190 ft: 1147 corp: 462/42Kb exec/s: 30513 rss: 517Mb L: 357/2059 MS: 1 EraseBytes-
#41617467	REDUCE cov: 190 ft: 1147 corp: 462/42Kb exec/s: 30601 rss: 517Mb L: 338/2059 MS: 3 CopyPart-CopyPart-EraseBytes-
#41925579	REDUCE cov: 190 ft: 1147 corp: 462/42Kb exec/s: 30602 rss: 517Mb L: 139/2059 MS: 1 EraseBytes-
#41927145	REDUCE cov: 190 ft: 1147 corp: 462/42Kb exec/s: 30603 rss: 517Mb L: 327/2059 MS: 1 EraseBytes-
#42711871	REDUCE cov: 190 ft: 1147 corp: 462/42Kb exec/s: 30661 rss: 517Mb L: 320/2059 MS: 2 ChangeBit-EraseBytes-
#45742064	REDUCE cov: 190 ft: 1147 corp: 462/42Kb exec/s: 30823 rss: 517Mb L: 319/2059 MS: 1 EraseBytes-
#45915707	REDUCE cov: 190 ft: 1147 corp: 462/42Kb exec/s: 30836 rss: 517Mb L: 308/2059 MS: 2 CMP-EraseBytes- DE: "\x01\""-
#47773745	REDUCE cov: 190 ft: 1147 corp: 462/42Kb exec/s: 30921 rss: 517Mb L: 305/2059 MS: 1 EraseBytes-
#48278083	REDUCE cov: 190 ft: 1147 corp: 462/42Kb exec/s: 30947 rss: 517Mb L: 302/2059 MS: 1 EraseBytes-
#48697343	REDUCE cov: 190 ft: 1147 corp: 462/42Kb exec/s: 30977 rss: 517Mb L: 295/2059 MS: 1 EraseBytes-
#50819995	REDUCE cov: 190 ft: 1147 corp: 462/42Kb exec/s: 31063 rss: 517Mb L: 286/2059 MS: 1 EraseBytes-
#51110615	REDUCE cov: 190 ft: 1147 corp: 462/42Kb exec/s: 31070 rss: 517Mb L: 283/2059 MS: 1 EraseBytes-
#51266104	REDUCE cov: 190 ft: 1147 corp: 462/42Kb exec/s: 31070 rss: 517Mb L: 279/2059 MS: 1 EraseBytes-
#51510192	REDUCE cov: 190 ft: 1147 corp: 462/42Kb exec/s: 31086 rss: 517Mb L: 273/2059 MS: 1 EraseBytes-
#51595684	REDUCE cov: 190 ft: 1147 corp: 462/42Kb exec/s: 31081 rss: 517Mb L: 272/2059 MS: 1 EraseBytes-
#51914130	REDUCE cov: 190 ft: 1147 corp: 462/42Kb exec/s: 31104 rss: 517Mb L: 269/2059 MS: 1 EraseBytes-
#52014952	REDUCE cov: 190 ft: 1147 corp: 462/42Kb exec/s: 31109 rss: 517Mb L: 265/2059 MS: 1 EraseBytes-
#52519714	REDUCE cov: 190 ft: 1147 corp: 462/42Kb exec/s: 31132 rss: 517Mb L: 261/2059 MS: 1 EraseBytes-
#53261924	REDUCE cov: 190 ft: 1147 corp: 462/42Kb exec/s: 31147 rss: 517Mb L: 59/2059 MS: 1 EraseBytes-
#53833690	REDUCE cov: 190 ft: 1147 corp: 462/42Kb exec/s: 31171 rss: 517Mb L: 258/2059 MS: 1 EraseBytes-
#53930762	REDUCE cov: 190 ft: 1147 corp: 462/42Kb exec/s: 31173 rss: 517Mb L: 255/2059 MS: 1 EraseBytes-
#54066756	REDUCE cov: 190 ft: 1147 corp: 462/42Kb exec/s: 31180 rss: 517Mb L: 249/2059 MS: 1 EraseBytes-
#54344076	REDUCE cov: 190 ft: 1147 corp: 462/42Kb exec/s: 31178 rss: 517Mb L: 247/2059 MS: 1 EraseBytes-
#55840104	REDUCE cov: 190 ft: 1147 corp: 462/42Kb exec/s: 31230 rss: 517Mb L: 241/2059 MS: 1 EraseBytes-
#58590101	REDUCE cov: 190 ft: 1147 corp: 462/42Kb exec/s: 31214 rss: 517Mb L: 138/2059 MS: 3 CopyPart-ChangeByte-EraseBytes-
#58645529	REDUCE cov: 190 ft: 1147 corp: 462/42Kb exec/s: 31211 rss: 517Mb L: 237/2059 MS: 1 EraseBytes-
#58937528	REDUCE cov: 190 ft: 1147 corp: 462/42Kb exec/s: 31216 rss: 517Mb L: 234/2059 MS: 1 EraseBytes-
#59481898	REDUCE cov: 190 ft: 1147 corp: 462/42Kb exec/s: 31191 rss: 517Mb L: 738/2059 MS: 1 EraseBytes-
#59752258	REDUCE cov: 190 ft: 1147 corp: 462/42Kb exec/s: 31169 rss: 517Mb L: 233/2059 MS: 1 EraseBytes-
#60461256	REDUCE cov: 190 ft: 1147 corp: 462/42Kb exec/s: 31117 rss: 517Mb L: 58/2059 MS: 1 EraseBytes-
#61406656	REDUCE cov: 190 ft: 1147 corp: 462/42Kb exec/s: 31091 rss: 517Mb L: 230/2059 MS: 1 EraseBytes-
#61850910	REDUCE cov: 190 ft: 1147 corp: 462/42Kb exec/s: 31096 rss: 517Mb L: 225/2059 MS: 1 EraseBytes-
#62247912	REDUCE cov: 190 ft: 1147 corp: 462/42Kb exec/s: 31077 rss: 517Mb L: 732/2059 MS: 3 CopyPart-ChangeBinInt-EraseBytes-
#62687261	REDUCE cov: 190 ft: 1147 corp: 462/42Kb exec/s: 31064 rss: 517Mb L: 137/2059 MS: 1 EraseBytes-
#62995494	REDUCE cov: 190 ft: 1147 corp: 462/42Kb exec/s: 31062 rss: 517Mb L: 223/2059 MS: 1 EraseBytes-
#63762121	REDUCE cov: 190 ft: 1147 corp: 462/42Kb exec/s: 31058 rss: 517Mb L: 222/2059 MS: 1 EraseBytes-
#64502931	REDUCE cov: 190 ft: 1147 corp: 462/42Kb exec/s: 31040 rss: 517Mb L: 135/2059 MS: 1 EraseBytes-
#65078952	REDUCE cov: 190 ft: 1147 corp: 462/42Kb exec/s: 31063 rss: 517Mb L: 130/2059 MS: 2 EraseBytes-CopyPart-
#65975130	REDUCE cov: 190 ft: 1147 corp: 462/42Kb exec/s: 31076 rss: 517Mb L: 119/2059 MS: 5 CopyPart-ChangeBit-CopyPart-ChangeBit-EraseBytes-
#66019661	REDUCE cov: 190 ft: 1147 corp: 462/42Kb exec/s: 31082 rss: 517Mb L: 115/2059 MS: 1 EraseBytes-
#66127925	REDUCE cov: 190 ft: 1147 corp: 462/42Kb exec/s: 31089 rss: 517Mb L: 219/2059 MS: 1 EraseBytes-
#66762455	REDUCE cov: 190 ft: 1147 corp: 462/42Kb exec/s: 31110 rss: 517Mb L: 114/2059 MS: 1 EraseBytes-
#67108864	pulse  cov: 190 ft: 1147 corp: 462/42Kb exec/s: 31112 rss: 517Mb
#69514113	REDUCE cov: 190 ft: 1147 corp: 462/42Kb exec/s: 31172 rss: 517Mb L: 213/2059 MS: 1 EraseBytes-
#70009306	REDUCE cov: 190 ft: 1147 corp: 462/42Kb exec/s: 31198 rss: 517Mb L: 210/2059 MS: 1 EraseBytes-
#70860000	REDUCE cov: 190 ft: 1147 corp: 462/42Kb exec/s: 31215 rss: 517Mb L: 111/2059 MS: 3 EraseBytes-ChangeBit-CopyPart-
#70943767	REDUCE cov: 190 ft: 1147 corp: 462/42Kb exec/s: 31225 rss: 517Mb L: 57/2059 MS: 1 EraseBytes-
#70945073	REDUCE cov: 190 ft: 1147 corp: 462/42Kb exec/s: 31212 rss: 517Mb L: 106/2059 MS: 1 EraseBytes-
#71029637	REDUCE cov: 190 ft: 1147 corp: 462/42Kb exec/s: 31221 rss: 517Mb L: 47/2059 MS: 2 CopyPart-EraseBytes-
#72603926	REDUCE cov: 190 ft: 1147 corp: 462/42Kb exec/s: 31267 rss: 517Mb L: 56/2059 MS: 2 ChangeBit-EraseBytes-
#72795053	REDUCE cov: 190 ft: 1147 corp: 462/42Kb exec/s: 31269 rss: 517Mb L: 207/2059 MS: 2 EraseBytes-CopyPart-
#73293999	REDUCE cov: 190 ft: 1147 corp: 462/42Kb exec/s: 31268 rss: 517Mb L: 204/2059 MS: 1 EraseBytes-
#73470671	REDUCE cov: 190 ft: 1147 corp: 462/42Kb exec/s: 31277 rss: 517Mb L: 103/2059 MS: 1 EraseBytes-
#74134220	REDUCE cov: 190 ft: 1147 corp: 462/42Kb exec/s: 31293 rss: 517Mb L: 201/2059 MS: 3 ChangeByte-InsertByte-EraseBytes-
#74536684	REDUCE cov: 190 ft: 1147 corp: 462/42Kb exec/s: 31291 rss: 517Mb L: 197/2059 MS: 1 EraseBytes-
#75371386	REDUCE cov: 190 ft: 1147 corp: 462/42Kb exec/s: 31313 rss: 517Mb L: 193/2059 MS: 1 EraseBytes-
#76528332	REDUCE cov: 190 ft: 1147 corp: 462/42Kb exec/s: 31338 rss: 517Mb L: 100/2059 MS: 2 CopyPart-EraseBytes-
#77081073	REDUCE cov: 190 ft: 1147 corp: 462/42Kb exec/s: 31346 rss: 517Mb L: 731/2059 MS: 1 EraseBytes-
#77496268	REDUCE cov: 190 ft: 1147 corp: 462/42Kb exec/s: 31349 rss: 517Mb L: 99/2059 MS: 1 EraseBytes-
#77550031	REDUCE cov: 190 ft: 1147 corp: 462/42Kb exec/s: 31358 rss: 517Mb L: 190/2059 MS: 1 EraseBytes-
#77657353	REDUCE cov: 190 ft: 1147 corp: 462/42Kb exec/s: 31364 rss: 517Mb L: 185/2059 MS: 1 EraseBytes-
#78050104	REDUCE cov: 190 ft: 1147 corp: 462/42Kb exec/s: 31370 rss: 517Mb L: 184/2059 MS: 1 EraseBytes-
#78289592	REDUCE cov: 190 ft: 1147 corp: 462/42Kb exec/s: 31378 rss: 517Mb L: 55/2059 MS: 1 EraseBytes-
#78439858	REDUCE cov: 190 ft: 1147 corp: 462/42Kb exec/s: 31375 rss: 517Mb L: 730/2059 MS: 1 EraseBytes-
#79419393	REDUCE cov: 190 ft: 1147 corp: 462/42Kb exec/s: 31391 rss: 517Mb L: 95/2059 MS: 1 EraseBytes-
#80685717	REDUCE cov: 190 ft: 1147 corp: 462/42Kb exec/s: 31431 rss: 517Mb L: 133/2059 MS: 1 EraseBytes-
#82398734	REDUCE cov: 190 ft: 1147 corp: 462/42Kb exec/s: 31461 rss: 517Mb L: 54/2059 MS: 1 EraseBytes-
#84547587	REDUCE cov: 190 ft: 1147 corp: 462/42Kb exec/s: 31488 rss: 517Mb L: 183/2059 MS: 1 EraseBytes-
#85033718	REDUCE cov: 190 ft: 1147 corp: 462/42Kb exec/s: 31493 rss: 517Mb L: 179/2059 MS: 1 EraseBytes-
#86713212	REDUCE cov: 190 ft: 1147 corp: 462/42Kb exec/s: 31520 rss: 517Mb L: 173/2059 MS: 1 EraseBytes-
#87513516	REDUCE cov: 190 ft: 1147 corp: 462/42Kb exec/s: 31536 rss: 517Mb L: 171/2059 MS: 1 EraseBytes-
#88193213	REDUCE cov: 190 ft: 1147 corp: 462/42Kb exec/s: 31542 rss: 517Mb L: 538/2059 MS: 1 EraseBytes-
#89183301	REDUCE cov: 190 ft: 1147 corp: 462/42Kb exec/s: 31535 rss: 517Mb L: 1548/2059 MS: 2 ChangeASCIIInt-EraseBytes-
#89329756	REDUCE cov: 190 ft: 1147 corp: 462/42Kb exec/s: 31531 rss: 517Mb L: 168/2059 MS: 1 EraseBytes-
#90556508	REDUCE cov: 190 ft: 1147 corp: 462/42Kb exec/s: 31552 rss: 517Mb L: 165/2059 MS: 1 EraseBytes-
#93016499	REDUCE cov: 190 ft: 1147 corp: 462/42Kb exec/s: 31595 rss: 517Mb L: 163/2059 MS: 1 EraseBytes-
#93538653	REDUCE cov: 190 ft: 1147 corp: 462/42Kb exec/s: 31600 rss: 517Mb L: 728/2059 MS: 2 EraseBytes-CopyPart-
#93665537	REDUCE cov: 190 ft: 1147 corp: 462/42Kb exec/s: 31601 rss: 517Mb L: 160/2059 MS: 1 EraseBytes-
#94997089	REDUCE cov: 190 ft: 1147 corp: 462/42Kb exec/s: 31623 rss: 517Mb L: 159/2059 MS: 1 EraseBytes-
#95742355	REDUCE cov: 190 ft: 1147 corp: 462/42Kb exec/s: 31629 rss: 517Mb L: 94/2059 MS: 1 EraseBytes-
#95966134	REDUCE cov: 190 ft: 1147 corp: 462/42Kb exec/s: 31630 rss: 517Mb L: 2056/2056 MS: 2 ShuffleBytes-EraseBytes-
#96006077	REDUCE cov: 190 ft: 1147 corp: 462/42Kb exec/s: 31632 rss: 517Mb L: 93/2056 MS: 1 EraseBytes-
#96905918	REDUCE cov: 190 ft: 1147 corp: 462/42Kb exec/s: 31637 rss: 517Mb L: 157/2056 MS: 1 EraseBytes-
#97433001	REDUCE cov: 190 ft: 1147 corp: 462/42Kb exec/s: 31644 rss: 517Mb L: 154/2056 MS: 1 EraseBytes-
#97761710	REDUCE cov: 190 ft: 1147 corp: 462/42Kb exec/s: 31648 rss: 517Mb L: 152/2056 MS: 1 EraseBytes-
#98407201	REDUCE cov: 190 ft: 1147 corp: 462/42Kb exec/s: 31652 rss: 517Mb L: 149/2056 MS: 1 EraseBytes-
#99918482	REDUCE cov: 190 ft: 1147 corp: 462/42Kb exec/s: 31659 rss: 517Mb L: 146/2056 MS: 1 EraseBytes-
#101317824	REDUCE cov: 190 ft: 1147 corp: 462/42Kb exec/s: 31671 rss: 517Mb L: 90/2056 MS: 1 EraseBytes-
#101422237	REDUCE cov: 190 ft: 1147 corp: 462/42Kb exec/s: 31674 rss: 517Mb L: 53/2056 MS: 1 EraseBytes-
#104755123	REDUCE cov: 190 ft: 1147 corp: 462/42Kb exec/s: 31715 rss: 517Mb L: 143/2056 MS: 1 EraseBytes-
#109223101	REDUCE cov: 190 ft: 1147 corp: 462/42Kb exec/s: 31769 rss: 517Mb L: 89/2056 MS: 1 EraseBytes-
#110324215	REDUCE cov: 190 ft: 1147 corp: 462/42Kb exec/s: 31784 rss: 517Mb L: 88/2056 MS: 1 EraseBytes-
#110746557	REDUCE cov: 190 ft: 1147 corp: 462/42Kb exec/s: 31787 rss: 517Mb L: 140/2056 MS: 1 EraseBytes-
#111046630	REDUCE cov: 190 ft: 1147 corp: 462/42Kb exec/s: 31791 rss: 517Mb L: 138/2056 MS: 1 EraseBytes-
#111249392	REDUCE cov: 190 ft: 1147 corp: 462/42Kb exec/s: 31785 rss: 517Mb L: 137/2056 MS: 1 EraseBytes-
#111404892	REDUCE cov: 190 ft: 1147 corp: 462/42Kb exec/s: 31793 rss: 517Mb L: 136/2056 MS: 1 EraseBytes-
#111412463	REDUCE cov: 190 ft: 1147 corp: 462/42Kb exec/s: 31786 rss: 517Mb L: 87/2056 MS: 1 EraseBytes-
#113158881	REDUCE cov: 190 ft: 1147 corp: 462/42Kb exec/s: 31804 rss: 517Mb L: 132/2056 MS: 1 EraseBytes-
#113228378	REDUCE cov: 190 ft: 1147 corp: 462/42Kb exec/s: 31805 rss: 517Mb L: 129/2056 MS: 1 EraseBytes-
#114723645	REDUCE cov: 190 ft: 1147 corp: 462/42Kb exec/s: 31823 rss: 517Mb L: 727/2056 MS: 1 EraseBytes-
#115121584	REDUCE cov: 190 ft: 1147 corp: 462/42Kb exec/s: 31801 rss: 517Mb L: 128/2056 MS: 1 EraseBytes-
#118496388	REDUCE cov: 190 ft: 1147 corp: 462/42Kb exec/s: 31725 rss: 517Mb L: 126/2056 MS: 1 EraseBytes-
#118852921	REDUCE cov: 190 ft: 1147 corp: 462/42Kb exec/s: 31719 rss: 517Mb L: 125/2056 MS: 1 EraseBytes-
#119650172	REDUCE cov: 190 ft: 1147 corp: 462/42Kb exec/s: 31703 rss: 517Mb L: 726/2056 MS: 2 ChangeBit-EraseBytes-
#121424084	REDUCE cov: 190 ft: 1147 corp: 462/42Kb exec/s: 31686 rss: 517Mb L: 124/2056 MS: 1 EraseBytes-
#121484918	REDUCE cov: 190 ft: 1147 corp: 462/42Kb exec/s: 31677 rss: 517Mb L: 123/2056 MS: 1 EraseBytes-
#124702316	REDUCE cov: 190 ft: 1147 corp: 462/42Kb exec/s: 31658 rss: 517Mb L: 86/2056 MS: 1 EraseBytes-
#125571144	REDUCE cov: 190 ft: 1147 corp: 462/42Kb exec/s: 31669 rss: 517Mb L: 535/2056 MS: 2 EraseBytes-CopyPart-
#126870917	REDUCE cov: 190 ft: 1147 corp: 462/42Kb exec/s: 31678 rss: 517Mb L: 120/2056 MS: 2 ChangeBit-EraseBytes-
#127621145	REDUCE cov: 190 ft: 1147 corp: 462/42Kb exec/s: 31683 rss: 517Mb L: 119/2056 MS: 1 EraseBytes-
#128092881	REDUCE cov: 190 ft: 1147 corp: 462/42Kb exec/s: 31690 rss: 517Mb L: 725/2056 MS: 1 EraseBytes-
#128570044	REDUCE cov: 190 ft: 1147 corp: 462/42Kb exec/s: 31690 rss: 517Mb L: 116/2056 MS: 2 ShuffleBytes-EraseBytes-
#131104834	REDUCE cov: 190 ft: 1147 corp: 462/42Kb exec/s: 31713 rss: 517Mb L: 115/2056 MS: 1 EraseBytes-
#131845787	REDUCE cov: 190 ft: 1147 corp: 462/42Kb exec/s: 31716 rss: 517Mb L: 114/2056 MS: 1 EraseBytes-
#133534315	REDUCE cov: 190 ft: 1147 corp: 462/42Kb exec/s: 31733 rss: 517Mb L: 534/2056 MS: 1 EraseBytes-
#134217728	pulse  cov: 190 ft: 1147 corp: 462/42Kb exec/s: 31737 rss: 517Mb
#139289092	REDUCE cov: 190 ft: 1147 corp: 462/42Kb exec/s: 31772 rss: 517Mb L: 649/2056 MS: 1 EraseBytes-
#140319920	REDUCE cov: 190 ft: 1147 corp: 462/42Kb exec/s: 31775 rss: 517Mb L: 724/2056 MS: 1 EraseBytes-
#142260978	REDUCE cov: 190 ft: 1147 corp: 462/42Kb exec/s: 31775 rss: 517Mb L: 113/2056 MS: 1 EraseBytes-
#152319104	REDUCE cov: 190 ft: 1147 corp: 462/42Kb exec/s: 31839 rss: 517Mb L: 723/2056 MS: 1 EraseBytes-
#158665615	REDUCE cov: 190 ft: 1147 corp: 462/42Kb exec/s: 31866 rss: 517Mb L: 722/2056 MS: 1 EraseBytes-
#160464892	REDUCE cov: 190 ft: 1147 corp: 462/42Kb exec/s: 31876 rss: 517Mb L: 721/2056 MS: 1 EraseBytes-
#161383143	REDUCE cov: 190 ft: 1147 corp: 462/42Kb exec/s: 31881 rss: 517Mb L: 112/2056 MS: 1 EraseBytes-
#163390982	REDUCE cov: 190 ft: 1147 corp: 462/42Kb exec/s: 31893 rss: 517Mb L: 719/2056 MS: 2 ShuffleBytes-EraseBytes-
#165932226	REDUCE cov: 190 ft: 1147 corp: 462/42Kb exec/s: 31910 rss: 517Mb L: 111/2056 MS: 1 EraseBytes-
#166033578	REDUCE cov: 190 ft: 1147 corp: 462/42Kb exec/s: 31911 rss: 517Mb L: 718/2056 MS: 1 EraseBytes-
#167202325	REDUCE cov: 190 ft: 1147 corp: 462/42Kb exec/s: 31914 rss: 517Mb L: 717/2056 MS: 1 EraseBytes-
#167997742	REDUCE cov: 190 ft: 1147 corp: 462/42Kb exec/s: 31920 rss: 517Mb L: 108/2056 MS: 1 EraseBytes-
#171785120	REDUCE cov: 190 ft: 1147 corp: 462/42Kb exec/s: 31936 rss: 517Mb L: 107/2056 MS: 1 EraseBytes-
#172862236	REDUCE cov: 190 ft: 1147 corp: 462/42Kb exec/s: 31922 rss: 517Mb L: 2053/2053 MS: 2 ShuffleBytes-EraseBytes-
#174004318	REDUCE cov: 190 ft: 1147 corp: 462/42Kb exec/s: 31915 rss: 517Mb L: 106/2053 MS: 1 EraseBytes-
#175457150	REDUCE cov: 190 ft: 1147 corp: 462/42Kb exec/s: 31889 rss: 517Mb L: 716/2053 MS: 1 EraseBytes-
#176020185	REDUCE cov: 190 ft: 1147 corp: 462/42Kb exec/s: 31876 rss: 517Mb L: 715/2053 MS: 1 EraseBytes-
#179289840	REDUCE cov: 190 ft: 1147 corp: 462/42Kb exec/s: 31828 rss: 517Mb L: 714/2053 MS: 1 EraseBytes-
#191555884	REDUCE cov: 190 ft: 1147 corp: 462/42Kb exec/s: 31862 rss: 517Mb L: 533/2053 MS: 1 EraseBytes-
#194458740	REDUCE cov: 190 ft: 1147 corp: 462/42Kb exec/s: 31878 rss: 517Mb L: 713/2053 MS: 2 ShuffleBytes-EraseBytes-
#199724077	REDUCE cov: 190 ft: 1147 corp: 462/42Kb exec/s: 31904 rss: 517Mb L: 532/2053 MS: 1 EraseBytes-
#203154433	REDUCE cov: 190 ft: 1147 corp: 462/42Kb exec/s: 31917 rss: 517Mb L: 100/2053 MS: 3 EraseBytes-ChangeASCIIInt-ChangeASCIIInt-
#203491548	REDUCE cov: 190 ft: 1147 corp: 462/42Kb exec/s: 31920 rss: 517Mb L: 712/2053 MS: 2 EraseBytes-CopyPart-
#206543976	REDUCE cov: 190 ft: 1147 corp: 462/41Kb exec/s: 31928 rss: 517Mb L: 85/2053 MS: 1 EraseBytes-
#227019834	REDUCE cov: 190 ft: 1147 corp: 462/41Kb exec/s: 31992 rss: 517Mb L: 711/2053 MS: 1 EraseBytes-
#229502182	REDUCE cov: 190 ft: 1147 corp: 462/41Kb exec/s: 31999 rss: 517Mb L: 709/2053 MS: 1 EraseBytes-
#231254378	REDUCE cov: 190 ft: 1147 corp: 462/41Kb exec/s: 31998 rss: 517Mb L: 782/2053 MS: 1 EraseBytes-
#232324503	REDUCE cov: 190 ft: 1147 corp: 462/41Kb exec/s: 31996 rss: 517Mb L: 708/2053 MS: 1 EraseBytes-
#235898997	REDUCE cov: 190 ft: 1147 corp: 462/41Kb exec/s: 31951 rss: 517Mb L: 105/2053 MS: 1 EraseBytes-
#240144944	REDUCE cov: 190 ft: 1147 corp: 462/41Kb exec/s: 31929 rss: 517Mb L: 707/2053 MS: 1 EraseBytes-
#249536287	REDUCE cov: 190 ft: 1147 corp: 462/41Kb exec/s: 31963 rss: 517Mb L: 706/2053 MS: 1 EraseBytes-
#254915040	REDUCE cov: 190 ft: 1147 corp: 462/41Kb exec/s: 31984 rss: 517Mb L: 705/2053 MS: 1 EraseBytes-
#259975369	REDUCE cov: 190 ft: 1147 corp: 462/41Kb exec/s: 31996 rss: 517Mb L: 99/2053 MS: 4 ChangeByte-ChangeASCIIInt-CopyPart-EraseBytes-
#268435456	pulse  cov: 190 ft: 1147 corp: 462/41Kb exec/s: 32021 rss: 517Mb
#277399736	REDUCE cov: 190 ft: 1147 corp: 462/41Kb exec/s: 32047 rss: 517Mb L: 704/2053 MS: 2 ChangeBinInt-EraseBytes-
#279052814	REDUCE cov: 190 ft: 1147 corp: 462/41Kb exec/s: 32052 rss: 517Mb L: 703/2053 MS: 1 EraseBytes-
#279969747	REDUCE cov: 190 ft: 1147 corp: 462/41Kb exec/s: 32055 rss: 517Mb L: 702/2053 MS: 1 EraseBytes-
#280596065	REDUCE cov: 190 ft: 1147 corp: 462/41Kb exec/s: 32057 rss: 517Mb L: 701/2053 MS: 1 EraseBytes-
#281668688	REDUCE cov: 190 ft: 1147 corp: 462/41Kb exec/s: 32058 rss: 517Mb L: 700/2053 MS: 1 EraseBytes-
#282952928	REDUCE cov: 190 ft: 1147 corp: 462/41Kb exec/s: 32062 rss: 517Mb L: 699/2053 MS: 1 EraseBytes-
#284600593	REDUCE cov: 190 ft: 1147 corp: 462/41Kb exec/s: 32064 rss: 517Mb L: 697/2053 MS: 2 ChangeASCIIInt-EraseBytes-
#290446038	REDUCE cov: 190 ft: 1147 corp: 462/41Kb exec/s: 32068 rss: 517Mb L: 521/2053 MS: 4 ChangeASCIIInt-ChangeBit-EraseBytes-CopyPart-
#295026569	REDUCE cov: 190 ft: 1147 corp: 462/41Kb exec/s: 32019 rss: 517Mb L: 775/2053 MS: 1 EraseBytes-
#296438761	REDUCE cov: 190 ft: 1147 corp: 462/41Kb exec/s: 32012 rss: 517Mb L: 197/2053 MS: 1 EraseBytes-
#301750351	REDUCE cov: 190 ft: 1147 corp: 462/41Kb exec/s: 32012 rss: 517Mb L: 104/2053 MS: 1 EraseBytes-
#304370798	REDUCE cov: 190 ft: 1147 corp: 462/41Kb exec/s: 32018 rss: 517Mb L: 696/2053 MS: 1 EraseBytes-
#309425101	REDUCE cov: 190 ft: 1147 corp: 462/41Kb exec/s: 32028 rss: 517Mb L: 695/2053 MS: 1 EraseBytes-
#311494552	REDUCE cov: 190 ft: 1147 corp: 462/41Kb exec/s: 32033 rss: 517Mb L: 103/2053 MS: 1 EraseBytes-
#332377923	REDUCE cov: 190 ft: 1147 corp: 462/41Kb exec/s: 32076 rss: 517Mb L: 694/2053 MS: 1 EraseBytes-
#336211179	REDUCE cov: 190 ft: 1147 corp: 462/41Kb exec/s: 32081 rss: 517Mb L: 693/2053 MS: 1 EraseBytes-
#339111939	REDUCE cov: 190 ft: 1147 corp: 462/41Kb exec/s: 32085 rss: 517Mb L: 692/2053 MS: 2 ChangeASCIIInt-EraseBytes-
#342411486	REDUCE cov: 190 ft: 1147 corp: 462/41Kb exec/s: 32094 rss: 517Mb L: 691/2053 MS: 2 ChangeByte-EraseBytes-
