INFO: Seed: 3533457477
INFO: Loaded 1 modules   (808 inline 8-bit counters): 808 [0x7a5720, 0x7a5a48), 
INFO: Loaded 1 PC tables (808 PCs): 808 [0x57e288,0x581508), 
INFO:     4368 files found in ../CORPUS
INFO:       14 files found in ../inputs
INFO: -max_len is not provided; libFuzzer will not generate inputs larger than 4096 bytes
INFO: seed corpus: files: 4382 min: 1b max: 3465b total: 3185545b rss: 40Mb
#128	pulse  cov: 148 ft: 326 corp: 113/921b exec/s: 64 rss: 44Mb
#256	pulse  cov: 186 ft: 587 corp: 217/2492b exec/s: 51 rss: 48Mb
#512	pulse  cov: 188 ft: 888 corp: 347/7448b exec/s: 51 rss: 56Mb
#1024	pulse  cov: 188 ft: 1029 corp: 401/14873b exec/s: 46 rss: 67Mb
#2048	pulse  cov: 188 ft: 1077 corp: 431/23Kb exec/s: 43 rss: 86Mb
#4096	pulse  cov: 190 ft: 1133 corp: 451/39Kb exec/s: 39 rss: 142Mb
#4383	INITED cov: 190 ft: 1135 corp: 452/41Kb exec/s: 38 rss: 156Mb
#8192	pulse  cov: 190 ft: 1135 corp: 452/41Kb exec/s: 72 rss: 171Mb
#16384	pulse  cov: 190 ft: 1135 corp: 452/41Kb exec/s: 143 rss: 206Mb
#32768	pulse  cov: 190 ft: 1135 corp: 452/41Kb exec/s: 284 rss: 267Mb
#56187	REDUCE cov: 190 ft: 1135 corp: 452/41Kb exec/s: 484 rss: 357Mb L: 9/2059 MS: 1 EraseBytes-
#65536	pulse  cov: 190 ft: 1135 corp: 452/41Kb exec/s: 564 rss: 393Mb
#127934	REDUCE cov: 190 ft: 1135 corp: 452/41Kb exec/s: 1075 rss: 517Mb L: 7/2059 MS: 3 CopyPart-ChangeASCIIInt-EraseBytes-
#131072	pulse  cov: 190 ft: 1135 corp: 452/41Kb exec/s: 1101 rss: 517Mb
#158815	RELOAD cov: 190 ft: 1136 corp: 453/41Kb exec/s: 1323 rss: 520Mb
#171501	REDUCE cov: 190 ft: 1136 corp: 453/41Kb exec/s: 1429 rss: 521Mb L: 10/2059 MS: 1 EraseBytes-
#262144	pulse  cov: 190 ft: 1136 corp: 453/41Kb exec/s: 2114 rss: 524Mb
#330129	REDUCE cov: 190 ft: 1136 corp: 453/41Kb exec/s: 2620 rss: 524Mb L: 133/2059 MS: 2 ShuffleBytes-EraseBytes-
#524288	pulse  cov: 190 ft: 1136 corp: 453/41Kb exec/s: 3942 rss: 524Mb
#872927	REDUCE cov: 190 ft: 1136 corp: 453/41Kb exec/s: 6020 rss: 524Mb L: 133/2059 MS: 1 EraseBytes-
#1048576	pulse  cov: 190 ft: 1136 corp: 453/41Kb exec/s: 6944 rss: 524Mb
#1498007	REDUCE cov: 190 ft: 1136 corp: 453/41Kb exec/s: 8970 rss: 524Mb L: 9/2059 MS: 1 EraseBytes-
#1512213	REDUCE cov: 190 ft: 1136 corp: 453/41Kb exec/s: 9055 rss: 524Mb L: 21/2059 MS: 1 EraseBytes-
#1582552	REDUCE cov: 190 ft: 1136 corp: 453/41Kb exec/s: 9309 rss: 524Mb L: 20/2059 MS: 1 EraseBytes-
#2097152	pulse  cov: 190 ft: 1136 corp: 453/41Kb exec/s: 11155 rss: 524Mb
#2751121	REDUCE cov: 190 ft: 1136 corp: 453/41Kb exec/s: 13163 rss: 524Mb L: 170/2059 MS: 1 EraseBytes-
#3399854	REDUCE cov: 190 ft: 1136 corp: 453/41Kb exec/s: 14717 rss: 524Mb L: 7/2059 MS: 1 EraseBytes-
#3514458	RELOAD cov: 190 ft: 1140 corp: 455/42Kb exec/s: 14955 rss: 524Mb
#3523459	REDUCE cov: 190 ft: 1140 corp: 455/42Kb exec/s: 14993 rss: 524Mb L: 104/2059 MS: 1 EraseBytes-
#3535055	REDUCE cov: 190 ft: 1142 corp: 456/42Kb exec/s: 14979 rss: 524Mb L: 124/2059 MS: 1 CopyPart-
#3539376	REDUCE cov: 190 ft: 1142 corp: 456/42Kb exec/s: 14997 rss: 524Mb L: 102/2059 MS: 1 EraseBytes-
#3540537	REDUCE cov: 190 ft: 1142 corp: 456/42Kb exec/s: 15002 rss: 524Mb L: 123/2059 MS: 1 EraseBytes-
#3549774	REDUCE cov: 190 ft: 1142 corp: 456/42Kb exec/s: 14977 rss: 524Mb L: 113/2059 MS: 3 ChangeByte-CopyPart-EraseBytes-
#3557955	REDUCE cov: 190 ft: 1142 corp: 456/42Kb exec/s: 15012 rss: 524Mb L: 78/2059 MS: 1 EraseBytes-
#3576735	RELOAD cov: 190 ft: 1144 corp: 457/42Kb exec/s: 15028 rss: 524Mb
#3579466	REDUCE cov: 190 ft: 1144 corp: 457/42Kb exec/s: 15039 rss: 524Mb L: 310/2059 MS: 1 EraseBytes-
#3618882	REDUCE cov: 190 ft: 1144 corp: 457/42Kb exec/s: 15141 rss: 524Mb L: 98/2059 MS: 1 EraseBytes-
#3652889	RELOAD cov: 190 ft: 1146 corp: 458/42Kb exec/s: 15157 rss: 524Mb
#3661168	REDUCE cov: 190 ft: 1146 corp: 458/42Kb exec/s: 15191 rss: 524Mb L: 80/2059 MS: 4 CMP-ChangeBinInt-InsertByte-EraseBytes- DE: "\x00\x00\x00\x00\x00\x00\x00\x1c"-
#3676124	REDUCE cov: 190 ft: 1146 corp: 458/42Kb exec/s: 15253 rss: 524Mb L: 93/2059 MS: 1 EraseBytes-
#3689624	RELOAD cov: 190 ft: 1148 corp: 459/44Kb exec/s: 15246 rss: 524Mb
#3695696	REDUCE cov: 190 ft: 1148 corp: 459/44Kb exec/s: 15271 rss: 524Mb L: 1794/2059 MS: 2 ShuffleBytes-EraseBytes-
#3697082	REDUCE cov: 190 ft: 1148 corp: 459/44Kb exec/s: 15214 rss: 524Mb L: 60/2059 MS: 1 EraseBytes-
#3719435	REDUCE cov: 190 ft: 1148 corp: 459/43Kb exec/s: 15306 rss: 524Mb L: 1015/2059 MS: 3 CopyPart-ShuffleBytes-EraseBytes-
#3753490	REDUCE cov: 190 ft: 1148 corp: 459/43Kb exec/s: 15320 rss: 524Mb L: 54/2059 MS: 1 EraseBytes-
#3755406	REDUCE cov: 190 ft: 1148 corp: 459/43Kb exec/s: 15328 rss: 524Mb L: 77/2059 MS: 1 EraseBytes-
#3770302	REDUCE cov: 190 ft: 1148 corp: 459/43Kb exec/s: 15326 rss: 524Mb L: 47/2059 MS: 1 EraseBytes-
#3793858	REDUCE cov: 190 ft: 1148 corp: 459/43Kb exec/s: 15422 rss: 524Mb L: 90/2059 MS: 1 EraseBytes-
#3796739	REDUCE cov: 190 ft: 1148 corp: 459/43Kb exec/s: 15371 rss: 524Mb L: 589/2059 MS: 2 CopyPart-EraseBytes-
#3832045	REDUCE cov: 190 ft: 1148 corp: 459/43Kb exec/s: 15514 rss: 524Mb L: 72/2059 MS: 1 EraseBytes-
#3846401	REDUCE cov: 190 ft: 1148 corp: 459/43Kb exec/s: 15509 rss: 524Mb L: 60/2059 MS: 2 ChangeBinInt-EraseBytes-
#3848502	REDUCE cov: 190 ft: 1148 corp: 459/43Kb exec/s: 15518 rss: 524Mb L: 305/2059 MS: 1 EraseBytes-
#3859618	REDUCE cov: 190 ft: 1148 corp: 459/43Kb exec/s: 15562 rss: 524Mb L: 300/2059 MS: 1 EraseBytes-
#3877774	REDUCE cov: 190 ft: 1148 corp: 459/43Kb exec/s: 15573 rss: 524Mb L: 298/2059 MS: 1 EraseBytes-
#3906085	REDUCE cov: 190 ft: 1148 corp: 459/43Kb exec/s: 15624 rss: 524Mb L: 36/2059 MS: 1 EraseBytes-
#3922661	REDUCE cov: 190 ft: 1148 corp: 459/43Kb exec/s: 15690 rss: 524Mb L: 33/2059 MS: 1 EraseBytes-
#3941302	REDUCE cov: 190 ft: 1148 corp: 459/43Kb exec/s: 15702 rss: 524Mb L: 27/2059 MS: 1 EraseBytes-
#3955863	REDUCE cov: 190 ft: 1148 corp: 459/43Kb exec/s: 15760 rss: 524Mb L: 26/2059 MS: 1 EraseBytes-
#3977348	REDUCE cov: 190 ft: 1148 corp: 459/43Kb exec/s: 15783 rss: 524Mb L: 6/2059 MS: 1 EraseBytes-
#4008219	REDUCE cov: 190 ft: 1148 corp: 459/43Kb exec/s: 15842 rss: 524Mb L: 51/2059 MS: 1 EraseBytes-
#4011129	REDUCE cov: 190 ft: 1148 corp: 459/43Kb exec/s: 15854 rss: 524Mb L: 24/2059 MS: 1 EraseBytes-
#4016025	REDUCE cov: 190 ft: 1148 corp: 459/43Kb exec/s: 15873 rss: 524Mb L: 22/2059 MS: 1 EraseBytes-
#4048446	REDUCE cov: 190 ft: 1148 corp: 459/43Kb exec/s: 15938 rss: 524Mb L: 84/2059 MS: 1 EraseBytes-
#4098794	REDUCE cov: 190 ft: 1148 corp: 459/43Kb exec/s: 16073 rss: 524Mb L: 68/2059 MS: 1 EraseBytes-
#4149954	REDUCE cov: 190 ft: 1148 corp: 459/43Kb exec/s: 16147 rss: 524Mb L: 292/2059 MS: 1 EraseBytes-
#4159489	REDUCE cov: 190 ft: 1148 corp: 459/43Kb exec/s: 16184 rss: 524Mb L: 50/2059 MS: 1 EraseBytes-
#4181766	REDUCE cov: 190 ft: 1148 corp: 459/43Kb exec/s: 16208 rss: 524Mb L: 47/2059 MS: 2 InsertByte-EraseBytes-
#4194304	pulse  cov: 190 ft: 1148 corp: 459/43Kb exec/s: 16256 rss: 524Mb
#4230266	REDUCE cov: 190 ft: 1148 corp: 459/43Kb exec/s: 16333 rss: 524Mb L: 18/2059 MS: 1 EraseBytes-
#4255489	REDUCE cov: 190 ft: 1148 corp: 459/43Kb exec/s: 16367 rss: 524Mb L: 63/2059 MS: 1 EraseBytes-
#4259800	REDUCE cov: 190 ft: 1148 corp: 459/43Kb exec/s: 16383 rss: 524Mb L: 50/2059 MS: 1 EraseBytes-
#4260506	REDUCE cov: 190 ft: 1148 corp: 459/43Kb exec/s: 16386 rss: 524Mb L: 15/2059 MS: 1 EraseBytes-
#4288930	REDUCE cov: 190 ft: 1148 corp: 459/43Kb exec/s: 16432 rss: 524Mb L: 47/2059 MS: 1 EraseBytes-
#4331624	REDUCE cov: 190 ft: 1148 corp: 459/43Kb exec/s: 16470 rss: 524Mb L: 14/2059 MS: 1 EraseBytes-
#4345290	REDUCE cov: 190 ft: 1148 corp: 459/43Kb exec/s: 16522 rss: 524Mb L: 43/2059 MS: 1 EraseBytes-
#4428507	REDUCE cov: 190 ft: 1148 corp: 459/43Kb exec/s: 16711 rss: 524Mb L: 32/2059 MS: 1 EraseBytes-
#4453945	REDUCE cov: 190 ft: 1148 corp: 459/43Kb exec/s: 16744 rss: 524Mb L: 42/2059 MS: 1 EraseBytes-
#4464981	REDUCE cov: 190 ft: 1148 corp: 459/43Kb exec/s: 16722 rss: 524Mb L: 581/2059 MS: 1 EraseBytes-
#4517280	REDUCE cov: 190 ft: 1148 corp: 459/43Kb exec/s: 16855 rss: 524Mb L: 37/2059 MS: 1 EraseBytes-
#4521391	REDUCE cov: 190 ft: 1148 corp: 459/43Kb exec/s: 16870 rss: 524Mb L: 34/2059 MS: 1 EraseBytes-
#4539432	REDUCE cov: 190 ft: 1148 corp: 459/43Kb exec/s: 16875 rss: 524Mb L: 33/2059 MS: 1 EraseBytes-
#4646640	REDUCE cov: 190 ft: 1148 corp: 459/43Kb exec/s: 17083 rss: 524Mb L: 24/2059 MS: 1 EraseBytes-
#4694991	REDUCE cov: 190 ft: 1148 corp: 459/43Kb exec/s: 17197 rss: 524Mb L: 11/2059 MS: 1 EraseBytes-
#4702657	REDUCE cov: 190 ft: 1148 corp: 459/43Kb exec/s: 17225 rss: 524Mb L: 278/2059 MS: 1 EraseBytes-
#4715140	REDUCE cov: 190 ft: 1148 corp: 459/43Kb exec/s: 17208 rss: 524Mb L: 27/2059 MS: 1 EraseBytes-
#4727886	REDUCE cov: 190 ft: 1148 corp: 459/43Kb exec/s: 17255 rss: 524Mb L: 25/2059 MS: 1 EraseBytes-
#4733537	REDUCE cov: 190 ft: 1148 corp: 459/43Kb exec/s: 17212 rss: 524Mb L: 24/2059 MS: 1 EraseBytes-
#4733943	REDUCE cov: 190 ft: 1148 corp: 459/43Kb exec/s: 17214 rss: 524Mb L: 564/2059 MS: 1 EraseBytes-
#4777079	REDUCE cov: 190 ft: 1148 corp: 459/43Kb exec/s: 17308 rss: 524Mb L: 23/2059 MS: 2 CopyPart-EraseBytes-
#4843960	REDUCE cov: 190 ft: 1148 corp: 459/43Kb exec/s: 17424 rss: 524Mb L: 547/2059 MS: 1 EraseBytes-
#4847736	REDUCE cov: 190 ft: 1148 corp: 459/43Kb exec/s: 17437 rss: 524Mb L: 22/2059 MS: 1 EraseBytes-
#4882318	REDUCE cov: 190 ft: 1148 corp: 459/43Kb exec/s: 17499 rss: 524Mb L: 23/2059 MS: 1 EraseBytes-
#4969319	REDUCE cov: 190 ft: 1148 corp: 459/43Kb exec/s: 17621 rss: 524Mb L: 538/2059 MS: 1 EraseBytes-
#5403645	REDUCE cov: 190 ft: 1148 corp: 459/43Kb exec/s: 18379 rss: 524Mb L: 21/2059 MS: 1 EraseBytes-
#5423582	REDUCE cov: 190 ft: 1148 corp: 459/43Kb exec/s: 18385 rss: 524Mb L: 19/2059 MS: 2 ChangeByte-EraseBytes-
#5491685	REDUCE cov: 190 ft: 1148 corp: 459/43Kb exec/s: 18490 rss: 524Mb L: 262/2059 MS: 1 EraseBytes-
#5531983	REDUCE cov: 190 ft: 1148 corp: 459/43Kb exec/s: 18563 rss: 524Mb L: 18/2059 MS: 1 EraseBytes-
#5540967	REDUCE cov: 190 ft: 1148 corp: 459/43Kb exec/s: 18593 rss: 524Mb L: 232/2059 MS: 1 EraseBytes-
#5550178	REDUCE cov: 190 ft: 1148 corp: 459/43Kb exec/s: 18624 rss: 524Mb L: 225/2059 MS: 1 EraseBytes-
#5599034	REDUCE cov: 190 ft: 1148 corp: 459/43Kb exec/s: 18663 rss: 524Mb L: 220/2059 MS: 1 EraseBytes-
#5604085	REDUCE cov: 190 ft: 1148 corp: 459/43Kb exec/s: 18680 rss: 524Mb L: 15/2059 MS: 1 EraseBytes-
#5648488	REDUCE cov: 190 ft: 1148 corp: 459/43Kb exec/s: 18703 rss: 524Mb L: 20/2059 MS: 1 EraseBytes-
#5675924	REDUCE cov: 190 ft: 1148 corp: 459/43Kb exec/s: 18794 rss: 524Mb L: 529/2059 MS: 1 EraseBytes-
#5796473	REDUCE cov: 190 ft: 1148 corp: 459/43Kb exec/s: 18942 rss: 524Mb L: 14/2059 MS: 1 EraseBytes-
#5848101	REDUCE cov: 190 ft: 1148 corp: 459/43Kb exec/s: 19049 rss: 524Mb L: 218/2059 MS: 5 InsertRepeatedBytes-ChangeBit-CopyPart-CMP-EraseBytes- DE: ";\x01\x00\x00\x00\x00\x00\x00"-
#5930057	REDUCE cov: 190 ft: 1148 corp: 459/43Kb exec/s: 19129 rss: 524Mb L: 198/2059 MS: 2 CopyPart-EraseBytes-
#6072864	REDUCE cov: 190 ft: 1148 corp: 459/43Kb exec/s: 19340 rss: 524Mb L: 1007/2059 MS: 1 EraseBytes-
#6092885	REDUCE cov: 190 ft: 1148 corp: 459/43Kb exec/s: 19342 rss: 524Mb L: 520/2059 MS: 1 EraseBytes-
#6141667	REDUCE cov: 190 ft: 1148 corp: 459/43Kb exec/s: 19435 rss: 524Mb L: 505/2059 MS: 1 EraseBytes-
#6305114	REDUCE cov: 190 ft: 1148 corp: 459/43Kb exec/s: 19642 rss: 524Mb L: 183/2059 MS: 1 EraseBytes-
#6638434	REDUCE cov: 190 ft: 1148 corp: 459/43Kb exec/s: 20116 rss: 524Mb L: 19/2059 MS: 1 EraseBytes-
#6643149	REDUCE cov: 190 ft: 1148 corp: 459/43Kb exec/s: 20130 rss: 524Mb L: 18/2059 MS: 1 EraseBytes-
#6793620	REDUCE cov: 190 ft: 1148 corp: 459/43Kb exec/s: 20279 rss: 524Mb L: 170/2059 MS: 1 EraseBytes-
#6868388	REDUCE cov: 190 ft: 1148 corp: 459/43Kb exec/s: 20380 rss: 524Mb L: 992/2059 MS: 1 EraseBytes-
#6942523	REDUCE cov: 190 ft: 1148 corp: 459/43Kb exec/s: 20479 rss: 524Mb L: 149/2059 MS: 2 CMP-EraseBytes- DE: "\x13\x01\x00\x00\x00\x00\x00\x00"-
#6978499	REDUCE cov: 190 ft: 1148 corp: 459/43Kb exec/s: 20524 rss: 524Mb L: 498/2059 MS: 1 EraseBytes-
#7120720	REDUCE cov: 190 ft: 1148 corp: 459/43Kb exec/s: 20699 rss: 524Mb L: 495/2059 MS: 1 EraseBytes-
#7140709	REDUCE cov: 190 ft: 1148 corp: 459/43Kb exec/s: 20697 rss: 524Mb L: 139/2059 MS: 1 EraseBytes-
#7251189	REDUCE cov: 190 ft: 1148 corp: 459/43Kb exec/s: 20836 rss: 524Mb L: 133/2059 MS: 1 EraseBytes-
#7265600	REDUCE cov: 190 ft: 1148 corp: 459/43Kb exec/s: 20878 rss: 524Mb L: 485/2059 MS: 1 EraseBytes-
#7268236	REDUCE cov: 190 ft: 1148 corp: 459/43Kb exec/s: 20825 rss: 524Mb L: 475/2059 MS: 1 EraseBytes-
#7690030	REDUCE cov: 190 ft: 1148 corp: 459/43Kb exec/s: 21302 rss: 524Mb L: 458/2059 MS: 1 EraseBytes-
#7766438	REDUCE cov: 190 ft: 1148 corp: 459/43Kb exec/s: 21395 rss: 524Mb L: 119/2059 MS: 2 ChangeBit-EraseBytes-
#7814572	REDUCE cov: 190 ft: 1148 corp: 459/43Kb exec/s: 21409 rss: 524Mb L: 987/2059 MS: 1 EraseBytes-
#7866246	REDUCE cov: 190 ft: 1148 corp: 459/43Kb exec/s: 21492 rss: 524Mb L: 110/2059 MS: 1 EraseBytes-
#7953960	REDUCE cov: 190 ft: 1148 corp: 459/43Kb exec/s: 21555 rss: 524Mb L: 986/2059 MS: 1 EraseBytes-
#7990944	REDUCE cov: 190 ft: 1148 corp: 459/43Kb exec/s: 21597 rss: 524Mb L: 744/2059 MS: 1 EraseBytes-
#8178290	REDUCE cov: 190 ft: 1148 corp: 459/43Kb exec/s: 21808 rss: 524Mb L: 957/2059 MS: 1 EraseBytes-
#8206930	REDUCE cov: 190 ft: 1148 corp: 459/43Kb exec/s: 21826 rss: 524Mb L: 945/2059 MS: 1 EraseBytes-
#8245737	REDUCE cov: 190 ft: 1148 corp: 459/43Kb exec/s: 21871 rss: 524Mb L: 452/2059 MS: 2 ChangeBinInt-EraseBytes-
#8388608	pulse  cov: 190 ft: 1148 corp: 459/43Kb exec/s: 21959 rss: 524Mb
#8577654	REDUCE cov: 190 ft: 1148 corp: 459/43Kb exec/s: 22164 rss: 524Mb L: 933/2059 MS: 1 EraseBytes-
#8633049	REDUCE cov: 190 ft: 1148 corp: 459/43Kb exec/s: 22192 rss: 524Mb L: 6/2059 MS: 1 EraseBytes-
#8669405	REDUCE cov: 190 ft: 1148 corp: 459/43Kb exec/s: 22229 rss: 524Mb L: 95/2059 MS: 1 EraseBytes-
#8820063	REDUCE cov: 190 ft: 1148 corp: 459/43Kb exec/s: 22385 rss: 524Mb L: 17/2059 MS: 1 EraseBytes-
#8832659	REDUCE cov: 190 ft: 1148 corp: 459/43Kb exec/s: 22361 rss: 524Mb L: 423/2059 MS: 1 EraseBytes-
#8942034	REDUCE cov: 190 ft: 1148 corp: 459/43Kb exec/s: 22467 rss: 524Mb L: 422/2059 MS: 2 EraseBytes-CopyPart-
#8976751	REDUCE cov: 190 ft: 1148 corp: 459/43Kb exec/s: 22498 rss: 524Mb L: 930/2059 MS: 2 ShuffleBytes-EraseBytes-
#9945130	REDUCE cov: 190 ft: 1148 corp: 459/43Kb exec/s: 23290 rss: 524Mb L: 419/2059 MS: 2 ShuffleBytes-EraseBytes-
#9996329	REDUCE cov: 190 ft: 1148 corp: 459/43Kb exec/s: 23301 rss: 524Mb L: 398/2059 MS: 1 EraseBytes-
#10262474	REDUCE cov: 190 ft: 1148 corp: 459/43Kb exec/s: 23483 rss: 524Mb L: 92/2059 MS: 1 EraseBytes-
#10333601	REDUCE cov: 190 ft: 1148 corp: 459/43Kb exec/s: 23538 rss: 524Mb L: 394/2059 MS: 1 EraseBytes-
#10380355	REDUCE cov: 190 ft: 1148 corp: 459/43Kb exec/s: 23591 rss: 524Mb L: 390/2059 MS: 1 EraseBytes-
#10474281	REDUCE cov: 190 ft: 1148 corp: 459/43Kb exec/s: 23643 rss: 524Mb L: 87/2059 MS: 2 ChangeBinInt-EraseBytes-
#10687053	REDUCE cov: 190 ft: 1148 corp: 459/43Kb exec/s: 23801 rss: 524Mb L: 84/2059 MS: 1 EraseBytes-
#11022715	REDUCE cov: 190 ft: 1148 corp: 459/43Kb exec/s: 24014 rss: 524Mb L: 369/2059 MS: 1 EraseBytes-
#11085355	REDUCE cov: 190 ft: 1148 corp: 459/43Kb exec/s: 24046 rss: 524Mb L: 77/2059 MS: 2 CopyPart-EraseBytes-
#11115400	REDUCE cov: 190 ft: 1148 corp: 459/43Kb exec/s: 24059 rss: 524Mb L: 348/2059 MS: 1 EraseBytes-
#11211395	REDUCE cov: 190 ft: 1148 corp: 459/43Kb exec/s: 24110 rss: 524Mb L: 343/2059 MS: 2 ShuffleBytes-EraseBytes-
#11216341	REDUCE cov: 190 ft: 1148 corp: 459/43Kb exec/s: 24121 rss: 524Mb L: 74/2059 MS: 1 EraseBytes-
#11279420	REDUCE cov: 190 ft: 1148 corp: 459/43Kb exec/s: 24152 rss: 524Mb L: 68/2059 MS: 1 EraseBytes-
#11482591	REDUCE cov: 190 ft: 1148 corp: 459/43Kb exec/s: 24224 rss: 524Mb L: 928/2059 MS: 1 EraseBytes-
#11591774	REDUCE cov: 190 ft: 1148 corp: 459/43Kb exec/s: 24301 rss: 524Mb L: 902/2059 MS: 1 EraseBytes-
#11647312	REDUCE cov: 190 ft: 1148 corp: 459/43Kb exec/s: 24366 rss: 524Mb L: 328/2059 MS: 1 EraseBytes-
#11855433	REDUCE cov: 190 ft: 1148 corp: 459/43Kb exec/s: 24444 rss: 524Mb L: 885/2059 MS: 1 EraseBytes-
#11941323	REDUCE cov: 190 ft: 1148 corp: 459/43Kb exec/s: 24520 rss: 524Mb L: 320/2059 MS: 1 EraseBytes-
#12056648	REDUCE cov: 190 ft: 1148 corp: 459/43Kb exec/s: 24555 rss: 524Mb L: 317/2059 MS: 1 EraseBytes-
#12206960	REDUCE cov: 190 ft: 1148 corp: 459/43Kb exec/s: 24660 rss: 524Mb L: 857/2059 MS: 1 EraseBytes-
#12566693	REDUCE cov: 190 ft: 1148 corp: 459/43Kb exec/s: 24835 rss: 524Mb L: 301/2059 MS: 1 EraseBytes-
#12831440	REDUCE cov: 190 ft: 1148 corp: 459/43Kb exec/s: 24963 rss: 524Mb L: 743/2059 MS: 1 EraseBytes-
#12894798	REDUCE cov: 190 ft: 1148 corp: 459/43Kb exec/s: 24989 rss: 524Mb L: 64/2059 MS: 2 CMP-EraseBytes- DE: "\xff\xff\xff["-
#13157736	REDUCE cov: 190 ft: 1148 corp: 459/43Kb exec/s: 25110 rss: 524Mb L: 845/2059 MS: 1 EraseBytes-
#13171687	REDUCE cov: 190 ft: 1148 corp: 459/43Kb exec/s: 25136 rss: 524Mb L: 843/2059 MS: 1 EraseBytes-
#13287432	REDUCE cov: 190 ft: 1148 corp: 459/43Kb exec/s: 25165 rss: 524Mb L: 829/2059 MS: 3 CopyPart-InsertByte-EraseBytes-
#13440608	REDUCE cov: 190 ft: 1148 corp: 459/42Kb exec/s: 25264 rss: 524Mb L: 812/2059 MS: 1 EraseBytes-
#13461614	REDUCE cov: 190 ft: 1148 corp: 459/42Kb exec/s: 25256 rss: 524Mb L: 61/2059 MS: 1 EraseBytes-
#13818680	REDUCE cov: 190 ft: 1148 corp: 459/42Kb exec/s: 25448 rss: 524Mb L: 57/2059 MS: 1 EraseBytes-
#14028908	REDUCE cov: 190 ft: 1148 corp: 459/42Kb exec/s: 25507 rss: 524Mb L: 294/2059 MS: 1 EraseBytes-
#14050552	REDUCE cov: 190 ft: 1148 corp: 459/42Kb exec/s: 25546 rss: 524Mb L: 792/2059 MS: 1 EraseBytes-
#14074268	REDUCE cov: 190 ft: 1148 corp: 459/42Kb exec/s: 25543 rss: 524Mb L: 52/2059 MS: 1 EraseBytes-
#14326938	REDUCE cov: 190 ft: 1148 corp: 459/42Kb exec/s: 25629 rss: 524Mb L: 51/2059 MS: 1 EraseBytes-
#14366443	REDUCE cov: 190 ft: 1148 corp: 459/42Kb exec/s: 25654 rss: 524Mb L: 279/2059 MS: 1 EraseBytes-
#14540097	REDUCE cov: 190 ft: 1148 corp: 459/42Kb exec/s: 25734 rss: 524Mb L: 766/2059 MS: 1 EraseBytes-
#14609798	REDUCE cov: 190 ft: 1148 corp: 459/42Kb exec/s: 25766 rss: 524Mb L: 758/2059 MS: 1 EraseBytes-
#14745787	REDUCE cov: 190 ft: 1148 corp: 459/42Kb exec/s: 25824 rss: 524Mb L: 739/2059 MS: 1 EraseBytes-
#14989194	REDUCE cov: 190 ft: 1148 corp: 459/42Kb exec/s: 25932 rss: 524Mb L: 50/2059 MS: 1 EraseBytes-
#15053021	REDUCE cov: 190 ft: 1148 corp: 459/42Kb exec/s: 25953 rss: 524Mb L: 47/2059 MS: 1 EraseBytes-
#15284421	REDUCE cov: 190 ft: 1148 corp: 459/42Kb exec/s: 26038 rss: 524Mb L: 719/2059 MS: 1 EraseBytes-
#15380105	REDUCE cov: 190 ft: 1148 corp: 459/42Kb exec/s: 26067 rss: 524Mb L: 44/2059 MS: 1 EraseBytes-
#15553511	REDUCE cov: 190 ft: 1148 corp: 459/42Kb exec/s: 26140 rss: 524Mb L: 277/2059 MS: 1 EraseBytes-
#15695166	REDUCE cov: 190 ft: 1148 corp: 459/42Kb exec/s: 26202 rss: 524Mb L: 271/2059 MS: 1 EraseBytes-
#15716700	REDUCE cov: 190 ft: 1148 corp: 459/42Kb exec/s: 26194 rss: 524Mb L: 710/2059 MS: 1 EraseBytes-
#15749932	REDUCE cov: 190 ft: 1148 corp: 459/42Kb exec/s: 26206 rss: 524Mb L: 707/2059 MS: 1 EraseBytes-
#15899983	REDUCE cov: 190 ft: 1148 corp: 459/42Kb exec/s: 26280 rss: 524Mb L: 265/2059 MS: 1 EraseBytes-
#16701762	REDUCE cov: 190 ft: 1148 corp: 459/42Kb exec/s: 26552 rss: 524Mb L: 39/2059 MS: 2 CopyPart-EraseBytes-
#16772743	REDUCE cov: 190 ft: 1148 corp: 459/42Kb exec/s: 26539 rss: 524Mb L: 256/2059 MS: 1 EraseBytes-
#16777216	pulse  cov: 190 ft: 1148 corp: 459/42Kb exec/s: 26546 rss: 524Mb
#17002175	REDUCE cov: 190 ft: 1148 corp: 459/42Kb exec/s: 26649 rss: 524Mb L: 245/2059 MS: 2 EraseBytes-CopyPart-
#17220238	REDUCE cov: 190 ft: 1148 corp: 459/42Kb exec/s: 26698 rss: 524Mb L: 230/2059 MS: 1 EraseBytes-
#17431863	REDUCE cov: 190 ft: 1148 corp: 459/42Kb exec/s: 26777 rss: 524Mb L: 672/2059 MS: 2 EraseBytes-CopyPart-
#17457542	REDUCE cov: 190 ft: 1148 corp: 459/42Kb exec/s: 26775 rss: 524Mb L: 643/2059 MS: 1 EraseBytes-
#17527163	REDUCE cov: 190 ft: 1148 corp: 459/42Kb exec/s: 26799 rss: 524Mb L: 610/2059 MS: 1 EraseBytes-
#17644085	REDUCE cov: 190 ft: 1148 corp: 459/42Kb exec/s: 26814 rss: 524Mb L: 33/2059 MS: 1 EraseBytes-
#17968947	REDUCE cov: 190 ft: 1148 corp: 459/42Kb exec/s: 26939 rss: 524Mb L: 228/2059 MS: 3 InsertByte-ShuffleBytes-EraseBytes-
#18063285	REDUCE cov: 190 ft: 1148 corp: 459/42Kb exec/s: 26960 rss: 524Mb L: 225/2059 MS: 1 EraseBytes-
#18100871	REDUCE cov: 190 ft: 1148 corp: 459/42Kb exec/s: 26975 rss: 524Mb L: 598/2059 MS: 1 EraseBytes-
#18118123	REDUCE cov: 190 ft: 1148 corp: 459/42Kb exec/s: 26961 rss: 524Mb L: 222/2059 MS: 2 CopyPart-EraseBytes-
#18590441	REDUCE cov: 190 ft: 1148 corp: 459/42Kb exec/s: 27099 rss: 524Mb L: 209/2059 MS: 1 EraseBytes-
#18662205	REDUCE cov: 190 ft: 1148 corp: 459/42Kb exec/s: 27125 rss: 524Mb L: 206/2059 MS: 1 EraseBytes-
#18738221	REDUCE cov: 190 ft: 1148 corp: 459/42Kb exec/s: 27156 rss: 524Mb L: 204/2059 MS: 1 EraseBytes-
#18796924	REDUCE cov: 190 ft: 1148 corp: 459/42Kb exec/s: 27163 rss: 524Mb L: 592/2059 MS: 1 EraseBytes-
#18828031	REDUCE cov: 190 ft: 1148 corp: 459/42Kb exec/s: 27168 rss: 524Mb L: 579/2059 MS: 1 EraseBytes-
#18859877	REDUCE cov: 190 ft: 1148 corp: 459/42Kb exec/s: 27175 rss: 524Mb L: 570/2059 MS: 1 EraseBytes-
#18935946	REDUCE cov: 190 ft: 1148 corp: 459/42Kb exec/s: 27206 rss: 524Mb L: 32/2059 MS: 1 EraseBytes-
#19114098	REDUCE cov: 190 ft: 1148 corp: 459/42Kb exec/s: 27228 rss: 524Mb L: 169/2059 MS: 2 CopyPart-EraseBytes-
#19325148	REDUCE cov: 190 ft: 1148 corp: 459/42Kb exec/s: 27295 rss: 524Mb L: 167/2059 MS: 1 EraseBytes-
#19379049	REDUCE cov: 190 ft: 1148 corp: 459/42Kb exec/s: 27332 rss: 524Mb L: 201/2059 MS: 1 EraseBytes-
#19688654	REDUCE cov: 190 ft: 1148 corp: 459/42Kb exec/s: 27383 rss: 524Mb L: 198/2059 MS: 1 EraseBytes-
#19926716	REDUCE cov: 190 ft: 1148 corp: 459/42Kb exec/s: 27447 rss: 524Mb L: 31/2059 MS: 1 EraseBytes-
#19947332	REDUCE cov: 190 ft: 1148 corp: 459/42Kb exec/s: 27475 rss: 524Mb L: 564/2059 MS: 1 EraseBytes-
#19956603	REDUCE cov: 190 ft: 1148 corp: 459/42Kb exec/s: 27450 rss: 524Mb L: 558/2059 MS: 1 EraseBytes-
#20129545	REDUCE cov: 190 ft: 1148 corp: 459/42Kb exec/s: 27499 rss: 524Mb L: 195/2059 MS: 1 EraseBytes-
#20434686	REDUCE cov: 190 ft: 1148 corp: 459/42Kb exec/s: 27577 rss: 524Mb L: 544/2059 MS: 1 EraseBytes-
#20437602	REDUCE cov: 190 ft: 1148 corp: 459/42Kb exec/s: 27581 rss: 524Mb L: 526/2059 MS: 1 EraseBytes-
#20446259	REDUCE cov: 190 ft: 1148 corp: 459/42Kb exec/s: 27592 rss: 524Mb L: 189/2059 MS: 2 EraseBytes-CopyPart-
#20529852	REDUCE cov: 190 ft: 1148 corp: 459/42Kb exec/s: 27593 rss: 524Mb L: 185/2059 MS: 1 EraseBytes-
#20565095	REDUCE cov: 190 ft: 1148 corp: 459/42Kb exec/s: 27604 rss: 524Mb L: 182/2059 MS: 1 EraseBytes-
#20898951	REDUCE cov: 190 ft: 1148 corp: 459/42Kb exec/s: 27680 rss: 524Mb L: 174/2059 MS: 3 ShuffleBytes-CopyPart-EraseBytes-
#21003227	REDUCE cov: 190 ft: 1148 corp: 459/42Kb exec/s: 27708 rss: 524Mb L: 161/2059 MS: 1 EraseBytes-
#21044889	REDUCE cov: 190 ft: 1148 corp: 459/42Kb exec/s: 27727 rss: 524Mb L: 158/2059 MS: 1 EraseBytes-
#21060720	REDUCE cov: 190 ft: 1148 corp: 459/42Kb exec/s: 27711 rss: 524Mb L: 520/2059 MS: 1 EraseBytes-
#21340851	REDUCE cov: 190 ft: 1148 corp: 459/42Kb exec/s: 27787 rss: 524Mb L: 151/2059 MS: 1 EraseBytes-
#21410573	REDUCE cov: 190 ft: 1148 corp: 459/42Kb exec/s: 27805 rss: 524Mb L: 136/2059 MS: 1 EraseBytes-
#21560024	REDUCE cov: 190 ft: 1148 corp: 459/42Kb exec/s: 27819 rss: 524Mb L: 135/2059 MS: 1 EraseBytes-
#21706840	REDUCE cov: 190 ft: 1148 corp: 459/42Kb exec/s: 27829 rss: 524Mb L: 518/2059 MS: 1 EraseBytes-
#21859058	REDUCE cov: 190 ft: 1148 corp: 459/42Kb exec/s: 27881 rss: 524Mb L: 129/2059 MS: 3 InsertByte-InsertByte-EraseBytes-
#22149049	REDUCE cov: 190 ft: 1148 corp: 459/42Kb exec/s: 27930 rss: 524Mb L: 30/2059 MS: 1 EraseBytes-
#22645382	REDUCE cov: 190 ft: 1148 corp: 459/42Kb exec/s: 28026 rss: 524Mb L: 127/2059 MS: 1 EraseBytes-
#22668137	REDUCE cov: 190 ft: 1148 corp: 459/42Kb exec/s: 28054 rss: 524Mb L: 511/2059 MS: 1 EraseBytes-
#23028831	REDUCE cov: 190 ft: 1148 corp: 459/42Kb exec/s: 28083 rss: 524Mb L: 121/2059 MS: 1 EraseBytes-
#23054580	REDUCE cov: 190 ft: 1148 corp: 459/42Kb exec/s: 28115 rss: 524Mb L: 116/2059 MS: 2 ShuffleBytes-EraseBytes-
#23192858	REDUCE cov: 190 ft: 1148 corp: 459/42Kb exec/s: 28112 rss: 524Mb L: 109/2059 MS: 1 EraseBytes-
#23257194	REDUCE cov: 190 ft: 1148 corp: 459/42Kb exec/s: 28122 rss: 524Mb L: 742/2059 MS: 1 EraseBytes-
#23315582	REDUCE cov: 190 ft: 1148 corp: 459/42Kb exec/s: 28158 rss: 524Mb L: 507/2059 MS: 1 EraseBytes-
#23678185	REDUCE cov: 190 ft: 1148 corp: 459/42Kb exec/s: 28221 rss: 524Mb L: 489/2059 MS: 1 EraseBytes-
#23848479	REDUCE cov: 190 ft: 1148 corp: 459/42Kb exec/s: 28256 rss: 524Mb L: 540/2059 MS: 2 EraseBytes-CopyPart-
#23950707	REDUCE cov: 190 ft: 1148 corp: 459/42Kb exec/s: 28277 rss: 524Mb L: 105/2059 MS: 1 EraseBytes-
#25414701	REDUCE cov: 190 ft: 1148 corp: 459/42Kb exec/s: 28491 rss: 524Mb L: 486/2059 MS: 1 EraseBytes-
#25729446	REDUCE cov: 190 ft: 1148 corp: 459/42Kb exec/s: 28556 rss: 524Mb L: 101/2059 MS: 1 EraseBytes-
#25963559	REDUCE cov: 190 ft: 1148 corp: 459/42Kb exec/s: 28594 rss: 524Mb L: 484/2059 MS: 2 CopyPart-EraseBytes-
#26552978	REDUCE cov: 190 ft: 1148 corp: 459/42Kb exec/s: 28674 rss: 524Mb L: 475/2059 MS: 1 EraseBytes-
#26574714	REDUCE cov: 190 ft: 1148 corp: 459/42Kb exec/s: 28667 rss: 524Mb L: 465/2059 MS: 1 EraseBytes-
#26828663	REDUCE cov: 190 ft: 1148 corp: 459/42Kb exec/s: 28693 rss: 524Mb L: 99/2059 MS: 1 EraseBytes-
#26892402	REDUCE cov: 190 ft: 1148 corp: 459/42Kb exec/s: 28731 rss: 524Mb L: 456/2059 MS: 1 EraseBytes-
#26954372	REDUCE cov: 190 ft: 1148 corp: 459/42Kb exec/s: 28736 rss: 524Mb L: 98/2059 MS: 1 EraseBytes-
#27000324	REDUCE cov: 190 ft: 1148 corp: 459/42Kb exec/s: 28723 rss: 524Mb L: 412/2059 MS: 2 CopyPart-EraseBytes-
#27125506	REDUCE cov: 190 ft: 1148 corp: 459/42Kb exec/s: 28734 rss: 524Mb L: 741/2059 MS: 1 EraseBytes-
#27917522	REDUCE cov: 190 ft: 1148 corp: 459/42Kb exec/s: 28840 rss: 524Mb L: 95/2059 MS: 1 EraseBytes-
#28025035	REDUCE cov: 190 ft: 1148 corp: 459/42Kb exec/s: 28862 rss: 524Mb L: 91/2059 MS: 1 EraseBytes-
#28246906	REDUCE cov: 190 ft: 1148 corp: 459/42Kb exec/s: 28882 rss: 524Mb L: 88/2059 MS: 1 EraseBytes-
#28304520	REDUCE cov: 190 ft: 1148 corp: 459/42Kb exec/s: 28882 rss: 524Mb L: 409/2059 MS: 1 EraseBytes-
#28386322	REDUCE cov: 190 ft: 1148 corp: 459/42Kb exec/s: 28906 rss: 524Mb L: 87/2059 MS: 1 EraseBytes-
#28763531	REDUCE cov: 190 ft: 1148 corp: 459/42Kb exec/s: 28937 rss: 524Mb L: 82/2059 MS: 1 EraseBytes-
#29293694	REDUCE cov: 190 ft: 1148 corp: 459/42Kb exec/s: 29003 rss: 524Mb L: 166/2059 MS: 1 EraseBytes-
#29712549	REDUCE cov: 190 ft: 1148 corp: 459/42Kb exec/s: 28987 rss: 524Mb L: 81/2059 MS: 1 EraseBytes-
#29914297	REDUCE cov: 190 ft: 1148 corp: 459/42Kb exec/s: 29014 rss: 524Mb L: 79/2059 MS: 1 EraseBytes-
#30356419	REDUCE cov: 190 ft: 1148 corp: 459/42Kb exec/s: 29077 rss: 524Mb L: 163/2059 MS: 2 CopyPart-EraseBytes-
#30671067	REDUCE cov: 190 ft: 1148 corp: 459/42Kb exec/s: 29099 rss: 524Mb L: 400/2059 MS: 1 EraseBytes-
#31093561	REDUCE cov: 190 ft: 1148 corp: 459/42Kb exec/s: 29168 rss: 524Mb L: 76/2059 MS: 1 EraseBytes-
#31920905	REDUCE cov: 190 ft: 1148 corp: 459/42Kb exec/s: 29231 rss: 524Mb L: 388/2059 MS: 2 ChangeASCIIInt-EraseBytes-
#32115396	REDUCE cov: 190 ft: 1148 corp: 459/42Kb exec/s: 29275 rss: 524Mb L: 386/2059 MS: 1 EraseBytes-
#32793542	REDUCE cov: 190 ft: 1148 corp: 459/42Kb exec/s: 29332 rss: 524Mb L: 538/2059 MS: 2 ChangeASCIIInt-EraseBytes-
#32841578	REDUCE cov: 190 ft: 1148 corp: 459/42Kb exec/s: 29322 rss: 524Mb L: 380/2059 MS: 1 EraseBytes-
#32851890	REDUCE cov: 190 ft: 1148 corp: 459/42Kb exec/s: 29332 rss: 524Mb L: 75/2059 MS: 2 ChangeByte-EraseBytes-
#33142730	REDUCE cov: 190 ft: 1148 corp: 459/42Kb exec/s: 29355 rss: 524Mb L: 162/2059 MS: 1 EraseBytes-
#33405792	REDUCE cov: 190 ft: 1148 corp: 459/42Kb exec/s: 29380 rss: 524Mb L: 377/2059 MS: 2 InsertByte-EraseBytes-
#33552051	REDUCE cov: 190 ft: 1148 corp: 459/42Kb exec/s: 29405 rss: 524Mb L: 368/2059 MS: 1 EraseBytes-
#33554432	pulse  cov: 190 ft: 1148 corp: 459/42Kb exec/s: 29382 rss: 524Mb
#33778677	REDUCE cov: 190 ft: 1148 corp: 459/42Kb exec/s: 29398 rss: 524Mb L: 359/2059 MS: 1 EraseBytes-
#33824819	REDUCE cov: 190 ft: 1148 corp: 459/42Kb exec/s: 29412 rss: 524Mb L: 354/2059 MS: 1 EraseBytes-
#34195390	REDUCE cov: 190 ft: 1148 corp: 459/42Kb exec/s: 29453 rss: 524Mb L: 74/2059 MS: 1 EraseBytes-
#34560903	REDUCE cov: 190 ft: 1148 corp: 459/42Kb exec/s: 29463 rss: 524Mb L: 353/2059 MS: 1 EraseBytes-
#34941631	REDUCE cov: 190 ft: 1148 corp: 459/42Kb exec/s: 29511 rss: 524Mb L: 351/2059 MS: 1 EraseBytes-
#35333416	REDUCE cov: 190 ft: 1148 corp: 459/42Kb exec/s: 29542 rss: 524Mb L: 29/2059 MS: 1 EraseBytes-
#35781682	REDUCE cov: 190 ft: 1148 corp: 459/42Kb exec/s: 29571 rss: 524Mb L: 345/2059 MS: 1 EraseBytes-
#35876290	REDUCE cov: 190 ft: 1148 corp: 459/42Kb exec/s: 29576 rss: 524Mb L: 343/2059 MS: 1 EraseBytes-
#36164901	REDUCE cov: 190 ft: 1148 corp: 459/42Kb exec/s: 29594 rss: 524Mb L: 72/2059 MS: 1 EraseBytes-
#36238364	REDUCE cov: 190 ft: 1148 corp: 459/42Kb exec/s: 29606 rss: 524Mb L: 70/2059 MS: 1 EraseBytes-
#36881117	REDUCE cov: 190 ft: 1148 corp: 459/42Kb exec/s: 29671 rss: 524Mb L: 68/2059 MS: 1 EraseBytes-
#37383194	REDUCE cov: 190 ft: 1148 corp: 459/42Kb exec/s: 29692 rss: 524Mb L: 334/2059 MS: 1 EraseBytes-
#37432040	REDUCE cov: 190 ft: 1148 corp: 459/42Kb exec/s: 29707 rss: 524Mb L: 64/2059 MS: 1 EraseBytes-
#37472471	REDUCE cov: 190 ft: 1148 corp: 459/42Kb exec/s: 29692 rss: 524Mb L: 327/2059 MS: 1 EraseBytes-
#37826666	REDUCE cov: 190 ft: 1148 corp: 459/42Kb exec/s: 29714 rss: 524Mb L: 322/2059 MS: 1 EraseBytes-
#38286523	REDUCE cov: 190 ft: 1148 corp: 459/42Kb exec/s: 29748 rss: 524Mb L: 319/2059 MS: 1 EraseBytes-
#38437706	REDUCE cov: 190 ft: 1148 corp: 459/42Kb exec/s: 29750 rss: 524Mb L: 161/2059 MS: 1 EraseBytes-
#38710240	REDUCE cov: 190 ft: 1148 corp: 459/42Kb exec/s: 29777 rss: 524Mb L: 311/2059 MS: 2 CopyPart-EraseBytes-
#38937979	REDUCE cov: 190 ft: 1148 corp: 459/42Kb exec/s: 29791 rss: 524Mb L: 300/2059 MS: 1 EraseBytes-
#39367906	REDUCE cov: 190 ft: 1148 corp: 459/42Kb exec/s: 29824 rss: 524Mb L: 298/2059 MS: 1 EraseBytes-
#39899236	REDUCE cov: 190 ft: 1148 corp: 459/42Kb exec/s: 29842 rss: 524Mb L: 63/2059 MS: 1 EraseBytes-
#40327709	REDUCE cov: 190 ft: 1148 corp: 459/42Kb exec/s: 29872 rss: 524Mb L: 295/2059 MS: 1 EraseBytes-
#40871206	REDUCE cov: 190 ft: 1148 corp: 459/42Kb exec/s: 29898 rss: 524Mb L: 61/2059 MS: 1 EraseBytes-
#42252336	REDUCE cov: 190 ft: 1148 corp: 459/42Kb exec/s: 29987 rss: 524Mb L: 293/2059 MS: 1 EraseBytes-
#42753760	REDUCE cov: 190 ft: 1148 corp: 459/42Kb exec/s: 30023 rss: 524Mb L: 60/2059 MS: 1 EraseBytes-
#43328374	REDUCE cov: 190 ft: 1148 corp: 459/42Kb exec/s: 30047 rss: 524Mb L: 289/2059 MS: 1 EraseBytes-
#47023395	REDUCE cov: 190 ft: 1148 corp: 459/42Kb exec/s: 30240 rss: 524Mb L: 59/2059 MS: 1 EraseBytes-
#47790701	REDUCE cov: 190 ft: 1148 corp: 459/42Kb exec/s: 30266 rss: 524Mb L: 281/2059 MS: 1 EraseBytes-
#48211110	REDUCE cov: 190 ft: 1148 corp: 459/42Kb exec/s: 30283 rss: 524Mb L: 58/2059 MS: 1 EraseBytes-
#48451842	REDUCE cov: 190 ft: 1148 corp: 459/42Kb exec/s: 30301 rss: 524Mb L: 740/2059 MS: 2 CopyPart-EraseBytes-
#48471325	REDUCE cov: 190 ft: 1148 corp: 459/42Kb exec/s: 30294 rss: 524Mb L: 160/2059 MS: 2 CopyPart-EraseBytes-
#48999753	REDUCE cov: 190 ft: 1148 corp: 459/42Kb exec/s: 30321 rss: 524Mb L: 274/2059 MS: 1 EraseBytes-
#49374895	REDUCE cov: 190 ft: 1148 corp: 459/42Kb exec/s: 30328 rss: 524Mb L: 57/2059 MS: 1 EraseBytes-
#51412722	REDUCE cov: 190 ft: 1148 corp: 459/42Kb exec/s: 30385 rss: 524Mb L: 270/2059 MS: 1 EraseBytes-
#51427313	REDUCE cov: 190 ft: 1148 corp: 459/42Kb exec/s: 30394 rss: 524Mb L: 159/2059 MS: 1 EraseBytes-
#51850772	REDUCE cov: 190 ft: 1148 corp: 459/42Kb exec/s: 30393 rss: 524Mb L: 158/2059 MS: 1 EraseBytes-
#53859230	REDUCE cov: 190 ft: 1148 corp: 459/42Kb exec/s: 30463 rss: 524Mb L: 267/2059 MS: 1 EraseBytes-
#54014517	REDUCE cov: 190 ft: 1148 corp: 459/42Kb exec/s: 30482 rss: 524Mb L: 257/2059 MS: 1 EraseBytes-
#55416617	REDUCE cov: 190 ft: 1148 corp: 459/42Kb exec/s: 30498 rss: 524Mb L: 247/2059 MS: 1 EraseBytes-
#57986499	REDUCE cov: 190 ft: 1148 corp: 459/42Kb exec/s: 30455 rss: 524Mb L: 157/2059 MS: 1 EraseBytes-
#58171314	REDUCE cov: 190 ft: 1148 corp: 459/42Kb exec/s: 30440 rss: 524Mb L: 239/2059 MS: 1 EraseBytes-
#58501834	REDUCE cov: 190 ft: 1148 corp: 459/42Kb exec/s: 30406 rss: 524Mb L: 237/2059 MS: 1 EraseBytes-
#59071833	REDUCE cov: 190 ft: 1148 corp: 459/42Kb exec/s: 30371 rss: 524Mb L: 156/2059 MS: 2 ShuffleBytes-EraseBytes-
#59103450	REDUCE cov: 190 ft: 1148 corp: 459/42Kb exec/s: 30371 rss: 524Mb L: 155/2059 MS: 1 EraseBytes-
#59225002	REDUCE cov: 190 ft: 1148 corp: 459/42Kb exec/s: 30371 rss: 524Mb L: 233/2059 MS: 1 EraseBytes-
#59284536	REDUCE cov: 190 ft: 1148 corp: 459/41Kb exec/s: 30371 rss: 524Mb L: 1041/2059 MS: 3 ChangeASCIIInt-CrossOver-EraseBytes-
#59359578	REDUCE cov: 190 ft: 1148 corp: 459/41Kb exec/s: 30378 rss: 524Mb L: 969/2059 MS: 1 EraseBytes-
#59371719	REDUCE cov: 190 ft: 1148 corp: 459/41Kb exec/s: 30369 rss: 524Mb L: 228/2059 MS: 1 EraseBytes-
#60027433	REDUCE cov: 190 ft: 1148 corp: 459/41Kb exec/s: 30347 rss: 524Mb L: 56/2059 MS: 1 EraseBytes-
#60048869	REDUCE cov: 190 ft: 1148 corp: 459/41Kb exec/s: 30343 rss: 524Mb L: 224/2059 MS: 1 EraseBytes-
#61362700	REDUCE cov: 190 ft: 1148 corp: 459/41Kb exec/s: 30302 rss: 524Mb L: 952/2059 MS: 2 EraseBytes-CopyPart-
#61534993	REDUCE cov: 190 ft: 1148 corp: 459/41Kb exec/s: 30297 rss: 524Mb L: 906/2059 MS: 1 EraseBytes-
#62284277	REDUCE cov: 190 ft: 1148 corp: 459/41Kb exec/s: 30279 rss: 524Mb L: 154/2059 MS: 1 EraseBytes-
#62812019	REDUCE cov: 190 ft: 1148 corp: 459/41Kb exec/s: 30270 rss: 524Mb L: 222/2059 MS: 1 EraseBytes-
#63594509	REDUCE cov: 190 ft: 1148 corp: 459/41Kb exec/s: 30297 rss: 524Mb L: 219/2059 MS: 1 EraseBytes-
#63944514	REDUCE cov: 190 ft: 1148 corp: 459/41Kb exec/s: 30291 rss: 524Mb L: 152/2059 MS: 1 EraseBytes-
#64468299	REDUCE cov: 190 ft: 1148 corp: 459/41Kb exec/s: 30309 rss: 524Mb L: 537/2059 MS: 1 EraseBytes-
#64677131	REDUCE cov: 190 ft: 1148 corp: 459/41Kb exec/s: 30307 rss: 524Mb L: 866/2059 MS: 2 EraseBytes-CopyPart-
#64693067	REDUCE cov: 190 ft: 1148 corp: 459/41Kb exec/s: 30301 rss: 524Mb L: 216/2059 MS: 1 EraseBytes-
#64793886	REDUCE cov: 190 ft: 1148 corp: 459/41Kb exec/s: 30305 rss: 524Mb L: 865/2059 MS: 1 EraseBytes-
#65367068	REDUCE cov: 190 ft: 1148 corp: 459/41Kb exec/s: 30332 rss: 524Mb L: 860/2059 MS: 1 EraseBytes-
#65585751	REDUCE cov: 190 ft: 1148 corp: 459/41Kb exec/s: 30335 rss: 524Mb L: 839/2059 MS: 1 EraseBytes-
#65620344	REDUCE cov: 190 ft: 1148 corp: 459/41Kb exec/s: 30337 rss: 524Mb L: 836/2059 MS: 1 EraseBytes-
#65657384	REDUCE cov: 190 ft: 1148 corp: 459/41Kb exec/s: 30326 rss: 524Mb L: 213/2059 MS: 3 EraseBytes-ShuffleBytes-CopyPart-
#65916637	REDUCE cov: 190 ft: 1148 corp: 459/41Kb exec/s: 30334 rss: 524Mb L: 206/2059 MS: 1 EraseBytes-
#66110989	REDUCE cov: 190 ft: 1148 corp: 459/41Kb exec/s: 30340 rss: 524Mb L: 815/2059 MS: 2 EraseBytes-CopyPart-
#66163058	REDUCE cov: 190 ft: 1148 corp: 459/41Kb exec/s: 30350 rss: 524Mb L: 783/2059 MS: 1 EraseBytes-
#66338379	REDUCE cov: 190 ft: 1148 corp: 459/41Kb exec/s: 30346 rss: 524Mb L: 772/2059 MS: 2 ChangeASCIIInt-EraseBytes-
#67108864	pulse  cov: 190 ft: 1148 corp: 459/41Kb exec/s: 30366 rss: 524Mb
#67767086	REDUCE cov: 190 ft: 1148 corp: 459/41Kb exec/s: 30388 rss: 524Mb L: 55/2059 MS: 1 EraseBytes-
#68131766	REDUCE cov: 190 ft: 1148 corp: 459/41Kb exec/s: 30402 rss: 524Mb L: 150/2059 MS: 2 EraseBytes-CopyPart-
#68529174	REDUCE cov: 190 ft: 1148 corp: 459/41Kb exec/s: 30416 rss: 524Mb L: 54/2059 MS: 1 EraseBytes-
#68993660	REDUCE cov: 190 ft: 1148 corp: 459/41Kb exec/s: 30420 rss: 524Mb L: 771/2059 MS: 1 EraseBytes-
#69668894	REDUCE cov: 190 ft: 1148 corp: 459/41Kb exec/s: 30436 rss: 524Mb L: 147/2059 MS: 1 EraseBytes-
#70393189	REDUCE cov: 190 ft: 1148 corp: 459/41Kb exec/s: 30446 rss: 524Mb L: 146/2059 MS: 2 ChangeASCIIInt-EraseBytes-
#70711287	REDUCE cov: 190 ft: 1148 corp: 459/41Kb exec/s: 30452 rss: 524Mb L: 201/2059 MS: 1 EraseBytes-
#70785351	REDUCE cov: 190 ft: 1148 corp: 459/41Kb exec/s: 30458 rss: 524Mb L: 196/2059 MS: 1 EraseBytes-
#70881144	REDUCE cov: 190 ft: 1148 corp: 459/41Kb exec/s: 30460 rss: 524Mb L: 193/2059 MS: 1 EraseBytes-
#71055479	REDUCE cov: 190 ft: 1148 corp: 459/41Kb exec/s: 30469 rss: 524Mb L: 47/2059 MS: 2 CopyPart-EraseBytes-
#71762415	REDUCE cov: 190 ft: 1148 corp: 459/41Kb exec/s: 30485 rss: 524Mb L: 192/2059 MS: 1 EraseBytes-
#72140287	REDUCE cov: 190 ft: 1148 corp: 459/41Kb exec/s: 30490 rss: 524Mb L: 767/2059 MS: 1 EraseBytes-
#76349338	REDUCE cov: 190 ft: 1148 corp: 459/41Kb exec/s: 30564 rss: 524Mb L: 766/2059 MS: 1 EraseBytes-
#78478876	REDUCE cov: 190 ft: 1148 corp: 459/41Kb exec/s: 30596 rss: 524Mb L: 145/2059 MS: 3 EraseBytes-ChangeASCIIInt-CopyPart-
#78661158	REDUCE cov: 190 ft: 1148 corp: 459/41Kb exec/s: 30595 rss: 524Mb L: 53/2059 MS: 1 EraseBytes-
#79937624	REDUCE cov: 190 ft: 1148 corp: 459/41Kb exec/s: 30627 rss: 524Mb L: 139/2059 MS: 1 EraseBytes-
#80617186	REDUCE cov: 190 ft: 1148 corp: 459/41Kb exec/s: 30629 rss: 524Mb L: 137/2059 MS: 4 ChangeBit-EraseBytes-EraseBytes-CopyPart-
#81353242	REDUCE cov: 190 ft: 1148 corp: 459/41Kb exec/s: 30641 rss: 524Mb L: 739/2059 MS: 1 EraseBytes-
#81409679	REDUCE cov: 190 ft: 1148 corp: 459/41Kb exec/s: 30639 rss: 524Mb L: 186/2059 MS: 1 EraseBytes-
#81530727	REDUCE cov: 190 ft: 1148 corp: 459/41Kb exec/s: 30639 rss: 524Mb L: 135/2059 MS: 1 EraseBytes-
#81549780	REDUCE cov: 190 ft: 1148 corp: 459/41Kb exec/s: 30634 rss: 524Mb L: 133/2059 MS: 1 EraseBytes-
#81624300	REDUCE cov: 190 ft: 1148 corp: 459/41Kb exec/s: 30639 rss: 524Mb L: 758/2059 MS: 2 CopyPart-EraseBytes-
#81685523	REDUCE cov: 190 ft: 1148 corp: 459/41Kb exec/s: 30639 rss: 524Mb L: 131/2059 MS: 1 EraseBytes-
#81703995	REDUCE cov: 190 ft: 1148 corp: 459/41Kb exec/s: 30635 rss: 524Mb L: 745/2059 MS: 1 EraseBytes-
#81916893	REDUCE cov: 190 ft: 1148 corp: 459/41Kb exec/s: 30646 rss: 524Mb L: 731/2059 MS: 1 EraseBytes-
#82060405	REDUCE cov: 190 ft: 1148 corp: 459/41Kb exec/s: 30642 rss: 524Mb L: 183/2059 MS: 1 EraseBytes-
#82177401	REDUCE cov: 190 ft: 1148 corp: 459/41Kb exec/s: 30640 rss: 524Mb L: 129/2059 MS: 1 EraseBytes-
#82265567	REDUCE cov: 190 ft: 1148 corp: 459/41Kb exec/s: 30650 rss: 524Mb L: 178/2059 MS: 1 EraseBytes-
#82373809	REDUCE cov: 190 ft: 1148 corp: 459/41Kb exec/s: 30645 rss: 524Mb L: 738/2059 MS: 1 EraseBytes-
#82579680	REDUCE cov: 190 ft: 1148 corp: 459/41Kb exec/s: 30653 rss: 524Mb L: 176/2059 MS: 1 EraseBytes-
#83547864	REDUCE cov: 190 ft: 1148 corp: 459/41Kb exec/s: 30671 rss: 524Mb L: 175/2059 MS: 1 EraseBytes-
#84232469	REDUCE cov: 190 ft: 1148 corp: 459/41Kb exec/s: 30674 rss: 524Mb L: 737/2059 MS: 2 ChangeASCIIInt-EraseBytes-
#84798031	REDUCE cov: 190 ft: 1148 corp: 459/41Kb exec/s: 30690 rss: 524Mb L: 689/2059 MS: 2 EraseBytes-CopyPart-
#84834692	REDUCE cov: 190 ft: 1148 corp: 459/41Kb exec/s: 30692 rss: 524Mb L: 664/2059 MS: 1 EraseBytes-
#84842878	REDUCE cov: 190 ft: 1148 corp: 459/41Kb exec/s: 30684 rss: 524Mb L: 661/2059 MS: 1 EraseBytes-
#85229316	REDUCE cov: 190 ft: 1148 corp: 459/41Kb exec/s: 30691 rss: 524Mb L: 173/2059 MS: 1 EraseBytes-
#85353040	REDUCE cov: 190 ft: 1148 corp: 459/41Kb exec/s: 30691 rss: 524Mb L: 659/2059 MS: 1 EraseBytes-
#85460652	REDUCE cov: 190 ft: 1148 corp: 459/41Kb exec/s: 30686 rss: 524Mb L: 167/2059 MS: 1 EraseBytes-
#86348531	REDUCE cov: 190 ft: 1148 corp: 459/41Kb exec/s: 30696 rss: 524Mb L: 166/2059 MS: 1 EraseBytes-
#86845231	REDUCE cov: 190 ft: 1148 corp: 459/41Kb exec/s: 30687 rss: 524Mb L: 165/2059 MS: 1 EraseBytes-
#88522646	REDUCE cov: 190 ft: 1148 corp: 459/41Kb exec/s: 30705 rss: 524Mb L: 655/2059 MS: 1 EraseBytes-
#88615783	REDUCE cov: 190 ft: 1148 corp: 459/41Kb exec/s: 30705 rss: 524Mb L: 648/2059 MS: 1 EraseBytes-
#88675531	REDUCE cov: 190 ft: 1148 corp: 459/41Kb exec/s: 30715 rss: 524Mb L: 126/2059 MS: 1 EraseBytes-
#89698661	REDUCE cov: 190 ft: 1148 corp: 459/41Kb exec/s: 30718 rss: 524Mb L: 164/2059 MS: 1 EraseBytes-
#90277325	REDUCE cov: 190 ft: 1148 corp: 459/41Kb exec/s: 30717 rss: 524Mb L: 160/2059 MS: 1 EraseBytes-
#91892747	REDUCE cov: 190 ft: 1148 corp: 459/41Kb exec/s: 30743 rss: 524Mb L: 157/2059 MS: 1 EraseBytes-
#94528060	REDUCE cov: 190 ft: 1148 corp: 459/41Kb exec/s: 30780 rss: 524Mb L: 644/2059 MS: 1 EraseBytes-
#94572342	REDUCE cov: 190 ft: 1148 corp: 459/41Kb exec/s: 30785 rss: 524Mb L: 156/2059 MS: 1 EraseBytes-
#95554562	REDUCE cov: 190 ft: 1148 corp: 459/41Kb exec/s: 30794 rss: 524Mb L: 151/2059 MS: 1 EraseBytes-
#96027753	REDUCE cov: 190 ft: 1148 corp: 459/41Kb exec/s: 30797 rss: 524Mb L: 149/2059 MS: 1 EraseBytes-
#96969428	REDUCE cov: 190 ft: 1148 corp: 459/41Kb exec/s: 30803 rss: 524Mb L: 736/2059 MS: 1 EraseBytes-
#98112329	REDUCE cov: 190 ft: 1148 corp: 459/41Kb exec/s: 30814 rss: 524Mb L: 147/2059 MS: 1 EraseBytes-
#99488743	REDUCE cov: 190 ft: 1148 corp: 459/41Kb exec/s: 30830 rss: 524Mb L: 123/2059 MS: 2 CopyPart-EraseBytes-
#99518605	REDUCE cov: 190 ft: 1148 corp: 459/41Kb exec/s: 30829 rss: 524Mb L: 197/2059 MS: 2 CopyPart-EraseBytes-
#100871085	REDUCE cov: 190 ft: 1148 corp: 459/41Kb exec/s: 30847 rss: 524Mb L: 115/2059 MS: 1 EraseBytes-
#101932058	REDUCE cov: 190 ft: 1148 corp: 459/41Kb exec/s: 30851 rss: 524Mb L: 145/2059 MS: 1 EraseBytes-
#101968659	REDUCE cov: 190 ft: 1148 corp: 459/41Kb exec/s: 30852 rss: 524Mb L: 143/2059 MS: 1 EraseBytes-
#103481256	REDUCE cov: 190 ft: 1148 corp: 459/41Kb exec/s: 30871 rss: 524Mb L: 141/2059 MS: 1 EraseBytes-
#103635445	REDUCE cov: 190 ft: 1148 corp: 459/41Kb exec/s: 30871 rss: 524Mb L: 735/2059 MS: 1 EraseBytes-
#104097331	REDUCE cov: 190 ft: 1148 corp: 459/41Kb exec/s: 30871 rss: 524Mb L: 114/2059 MS: 1 EraseBytes-
#104430149	REDUCE cov: 190 ft: 1148 corp: 459/41Kb exec/s: 30878 rss: 524Mb L: 113/2059 MS: 1 EraseBytes-
#106992913	REDUCE cov: 190 ft: 1148 corp: 459/41Kb exec/s: 30896 rss: 524Mb L: 112/2059 MS: 1 EraseBytes-
#107628753	REDUCE cov: 190 ft: 1148 corp: 459/41Kb exec/s: 30901 rss: 524Mb L: 783/2059 MS: 3 PersAutoDict-EraseBytes-CopyPart- DE: "\x00\x00\x00\x00\x00\x00\x00\x1c"-
#107693336	REDUCE cov: 190 ft: 1148 corp: 459/41Kb exec/s: 30901 rss: 524Mb L: 140/2059 MS: 1 EraseBytes-
#107835900	REDUCE cov: 190 ft: 1148 corp: 459/41Kb exec/s: 30898 rss: 524Mb L: 111/2059 MS: 2 ChangeASCIIInt-EraseBytes-
#109109714	REDUCE cov: 190 ft: 1148 corp: 459/41Kb exec/s: 30918 rss: 524Mb L: 139/2059 MS: 1 EraseBytes-
#111121055	REDUCE cov: 190 ft: 1148 corp: 459/41Kb exec/s: 30935 rss: 524Mb L: 110/2059 MS: 1 EraseBytes-
#111386647	REDUCE cov: 190 ft: 1148 corp: 459/41Kb exec/s: 30932 rss: 524Mb L: 137/2059 MS: 1 EraseBytes-
#111499171	REDUCE cov: 190 ft: 1148 corp: 459/41Kb exec/s: 30929 rss: 524Mb L: 627/2059 MS: 3 ShuffleBytes-EraseBytes-CopyPart-
#111513892	REDUCE cov: 190 ft: 1148 corp: 459/41Kb exec/s: 30924 rss: 524Mb L: 624/2059 MS: 1 EraseBytes-
#112173915	REDUCE cov: 190 ft: 1148 corp: 459/41Kb exec/s: 30910 rss: 524Mb L: 619/2059 MS: 1 EraseBytes-
#114463468	REDUCE cov: 190 ft: 1148 corp: 459/41Kb exec/s: 30869 rss: 524Mb L: 135/2059 MS: 1 EraseBytes-
#115900837	REDUCE cov: 190 ft: 1148 corp: 459/41Kb exec/s: 30832 rss: 524Mb L: 109/2059 MS: 1 EraseBytes-
#116438896	REDUCE cov: 190 ft: 1148 corp: 459/41Kb exec/s: 30820 rss: 524Mb L: 134/2059 MS: 1 EraseBytes-
#116749818	REDUCE cov: 190 ft: 1148 corp: 459/41Kb exec/s: 30812 rss: 524Mb L: 615/2059 MS: 1 EraseBytes-
#118025040	REDUCE cov: 190 ft: 1148 corp: 459/41Kb exec/s: 30783 rss: 524Mb L: 108/2059 MS: 1 EraseBytes-
#122426752	REDUCE cov: 190 ft: 1148 corp: 459/41Kb exec/s: 30775 rss: 524Mb L: 611/2059 MS: 2 ShuffleBytes-EraseBytes-
#125936876	REDUCE cov: 190 ft: 1148 corp: 459/41Kb exec/s: 30806 rss: 524Mb L: 133/2059 MS: 1 EraseBytes-
#126698722	REDUCE cov: 190 ft: 1148 corp: 459/41Kb exec/s: 30811 rss: 524Mb L: 734/2059 MS: 1 EraseBytes-
#126777900	REDUCE cov: 190 ft: 1148 corp: 459/41Kb exec/s: 30808 rss: 524Mb L: 107/2059 MS: 2 ChangeBit-EraseBytes-
#128450766	REDUCE cov: 190 ft: 1148 corp: 459/41Kb exec/s: 30833 rss: 524Mb L: 132/2059 MS: 1 EraseBytes-
#128668133	REDUCE cov: 190 ft: 1148 corp: 459/41Kb exec/s: 30833 rss: 524Mb L: 131/2059 MS: 1 EraseBytes-
#130413455	REDUCE cov: 190 ft: 1148 corp: 459/41Kb exec/s: 30852 rss: 524Mb L: 609/2059 MS: 1 EraseBytes-
#130572717	REDUCE cov: 190 ft: 1148 corp: 459/41Kb exec/s: 30853 rss: 524Mb L: 733/2059 MS: 1 EraseBytes-
#132012907	REDUCE cov: 190 ft: 1148 corp: 459/41Kb exec/s: 30865 rss: 524Mb L: 608/2059 MS: 1 EraseBytes-
#132678082	REDUCE cov: 190 ft: 1148 corp: 459/41Kb exec/s: 30869 rss: 524Mb L: 106/2059 MS: 1 EraseBytes-
#132870924	REDUCE cov: 190 ft: 1148 corp: 459/41Kb exec/s: 30864 rss: 524Mb L: 130/2059 MS: 1 EraseBytes-
#133585881	REDUCE cov: 190 ft: 1148 corp: 459/41Kb exec/s: 30872 rss: 524Mb L: 607/2059 MS: 2 CopyPart-EraseBytes-
#133750653	REDUCE cov: 190 ft: 1148 corp: 459/41Kb exec/s: 30875 rss: 524Mb L: 602/2059 MS: 1 EraseBytes-
#134217728	pulse  cov: 190 ft: 1148 corp: 459/41Kb exec/s: 30875 rss: 524Mb
#136305914	REDUCE cov: 190 ft: 1148 corp: 459/41Kb exec/s: 30894 rss: 524Mb L: 105/2059 MS: 3 ChangeASCIIInt-ChangeASCIIInt-EraseBytes-
#138000418	REDUCE cov: 190 ft: 1148 corp: 459/41Kb exec/s: 30907 rss: 524Mb L: 600/2059 MS: 1 EraseBytes-
#139483839	REDUCE cov: 190 ft: 1148 corp: 459/41Kb exec/s: 30920 rss: 524Mb L: 129/2059 MS: 1 EraseBytes-
#141215210	REDUCE cov: 190 ft: 1148 corp: 459/41Kb exec/s: 30934 rss: 524Mb L: 128/2059 MS: 1 EraseBytes-
#143731806	REDUCE cov: 190 ft: 1148 corp: 459/41Kb exec/s: 30930 rss: 524Mb L: 127/2059 MS: 1 EraseBytes-
#144804987	REDUCE cov: 190 ft: 1148 corp: 459/41Kb exec/s: 30934 rss: 524Mb L: 103/2059 MS: 2 CopyPart-EraseBytes-
#148716839	REDUCE cov: 190 ft: 1148 corp: 459/41Kb exec/s: 30963 rss: 524Mb L: 102/2059 MS: 3 ChangeASCIIInt-ChangeBit-EraseBytes-
#149100014	REDUCE cov: 190 ft: 1148 corp: 459/41Kb exec/s: 30965 rss: 524Mb L: 101/2059 MS: 1 EraseBytes-
#150813456	REDUCE cov: 190 ft: 1148 corp: 459/41Kb exec/s: 30967 rss: 524Mb L: 126/2059 MS: 1 EraseBytes-
#151254681	REDUCE cov: 190 ft: 1148 corp: 459/41Kb exec/s: 30969 rss: 524Mb L: 730/2059 MS: 1 EraseBytes-
#151311149	REDUCE cov: 190 ft: 1148 corp: 459/41Kb exec/s: 30974 rss: 524Mb L: 599/2059 MS: 2 ChangeASCIIInt-EraseBytes-
#153626540	REDUCE cov: 190 ft: 1148 corp: 459/41Kb exec/s: 30985 rss: 524Mb L: 536/2059 MS: 1 EraseBytes-
#155031636	REDUCE cov: 190 ft: 1148 corp: 459/41Kb exec/s: 30993 rss: 524Mb L: 100/2059 MS: 3 EraseBytes-ChangeASCIIInt-CopyPart-
#155138971	REDUCE cov: 190 ft: 1148 corp: 459/41Kb exec/s: 30996 rss: 524Mb L: 598/2059 MS: 1 EraseBytes-
#155152777	REDUCE cov: 190 ft: 1148 corp: 459/41Kb exec/s: 30993 rss: 524Mb L: 389/2059 MS: 1 EraseBytes-
#156738207	REDUCE cov: 190 ft: 1148 corp: 459/41Kb exec/s: 31000 rss: 524Mb L: 123/2059 MS: 2 EraseBytes-CopyPart-
#158266760	REDUCE cov: 190 ft: 1148 corp: 459/41Kb exec/s: 31008 rss: 524Mb L: 535/2059 MS: 1 EraseBytes-
#158648110	REDUCE cov: 190 ft: 1148 corp: 459/41Kb exec/s: 31010 rss: 524Mb L: 122/2059 MS: 1 EraseBytes-
#160028264	REDUCE cov: 190 ft: 1148 corp: 459/41Kb exec/s: 31013 rss: 524Mb L: 99/2059 MS: 1 EraseBytes-
#160438446	REDUCE cov: 190 ft: 1148 corp: 459/41Kb exec/s: 31014 rss: 524Mb L: 97/2059 MS: 1 EraseBytes-
#161214958	REDUCE cov: 190 ft: 1148 corp: 459/41Kb exec/s: 31020 rss: 524Mb L: 121/2059 MS: 1 EraseBytes-
#162607251	REDUCE cov: 190 ft: 1148 corp: 459/41Kb exec/s: 31031 rss: 524Mb L: 597/2059 MS: 1 EraseBytes-
#163685316	REDUCE cov: 190 ft: 1148 corp: 459/41Kb exec/s: 31036 rss: 524Mb L: 95/2059 MS: 2 ChangeASCIIInt-EraseBytes-
#164798236	REDUCE cov: 190 ft: 1148 corp: 459/41Kb exec/s: 31041 rss: 524Mb L: 93/2059 MS: 1 EraseBytes-
#165285570	REDUCE cov: 190 ft: 1148 corp: 459/41Kb exec/s: 31045 rss: 524Mb L: 91/2059 MS: 2 EraseBytes-CopyPart-
#166125487	REDUCE cov: 190 ft: 1148 corp: 459/41Kb exec/s: 31051 rss: 524Mb L: 88/2059 MS: 1 EraseBytes-
#170568012	REDUCE cov: 190 ft: 1148 corp: 459/41Kb exec/s: 31051 rss: 524Mb L: 87/2059 MS: 1 EraseBytes-
#173791858	REDUCE cov: 190 ft: 1148 corp: 459/41Kb exec/s: 30995 rss: 524Mb L: 595/2059 MS: 1 EraseBytes-
#176376014	REDUCE cov: 190 ft: 1148 corp: 459/41Kb exec/s: 30975 rss: 524Mb L: 729/2059 MS: 1 EraseBytes-
#177160019	REDUCE cov: 190 ft: 1148 corp: 459/41Kb exec/s: 30977 rss: 524Mb L: 728/2059 MS: 1 EraseBytes-
#177392892	REDUCE cov: 190 ft: 1148 corp: 459/41Kb exec/s: 30980 rss: 524Mb L: 727/2059 MS: 1 EraseBytes-
#180587483	REDUCE cov: 190 ft: 1148 corp: 459/41Kb exec/s: 30996 rss: 524Mb L: 726/2059 MS: 1 EraseBytes-
#181381460	REDUCE cov: 190 ft: 1148 corp: 459/41Kb exec/s: 31005 rss: 524Mb L: 120/2059 MS: 1 EraseBytes-
#183020787	REDUCE cov: 190 ft: 1148 corp: 459/41Kb exec/s: 31009 rss: 524Mb L: 725/2059 MS: 1 EraseBytes-
#184779464	REDUCE cov: 190 ft: 1148 corp: 459/41Kb exec/s: 31018 rss: 524Mb L: 587/2059 MS: 2 CopyPart-EraseBytes-
#185196072	REDUCE cov: 190 ft: 1148 corp: 459/41Kb exec/s: 31021 rss: 524Mb L: 585/2059 MS: 1 EraseBytes-
#186259612	REDUCE cov: 190 ft: 1148 corp: 459/41Kb exec/s: 31027 rss: 524Mb L: 119/2059 MS: 1 EraseBytes-
#188703252	REDUCE cov: 190 ft: 1148 corp: 459/41Kb exec/s: 31041 rss: 524Mb L: 86/2059 MS: 3 ChangeASCIIInt-ChangeASCIIInt-EraseBytes-
#195260193	REDUCE cov: 190 ft: 1148 corp: 459/41Kb exec/s: 31077 rss: 524Mb L: 118/2059 MS: 1 EraseBytes-
#199873356	REDUCE cov: 190 ft: 1148 corp: 459/41Kb exec/s: 31084 rss: 524Mb L: 583/2059 MS: 1 EraseBytes-
#201077804	REDUCE cov: 190 ft: 1148 corp: 459/41Kb exec/s: 31092 rss: 524Mb L: 724/2059 MS: 1 EraseBytes-
#202287336	REDUCE cov: 190 ft: 1148 corp: 459/41Kb exec/s: 31097 rss: 524Mb L: 694/2059 MS: 3 EraseBytes-CopyPart-InsertRepeatedBytes-
#202436478	REDUCE cov: 190 ft: 1148 corp: 459/41Kb exec/s: 31096 rss: 524Mb L: 667/2059 MS: 1 EraseBytes-
#202523190	REDUCE cov: 190 ft: 1148 corp: 459/41Kb exec/s: 31095 rss: 524Mb L: 634/2059 MS: 1 EraseBytes-
#202628679	REDUCE cov: 190 ft: 1148 corp: 459/40Kb exec/s: 31097 rss: 524Mb L: 500/2059 MS: 1 EraseBytes-
#202747656	REDUCE cov: 190 ft: 1148 corp: 459/40Kb exec/s: 31096 rss: 524Mb L: 487/2059 MS: 1 EraseBytes-
#203346603	REDUCE cov: 190 ft: 1148 corp: 459/40Kb exec/s: 31097 rss: 524Mb L: 580/2059 MS: 3 ChangeASCIIInt-EraseBytes-CopyPart-
#203704645	REDUCE cov: 190 ft: 1148 corp: 459/40Kb exec/s: 31099 rss: 524Mb L: 573/2059 MS: 1 EraseBytes-
#204338905	REDUCE cov: 190 ft: 1148 corp: 459/40Kb exec/s: 31101 rss: 524Mb L: 482/2059 MS: 1 EraseBytes-
#204472212	REDUCE cov: 190 ft: 1148 corp: 459/40Kb exec/s: 31103 rss: 524Mb L: 477/2059 MS: 1 EraseBytes-
#205380913	REDUCE cov: 190 ft: 1148 corp: 459/40Kb exec/s: 31108 rss: 524Mb L: 475/2059 MS: 1 EraseBytes-
#205937581	REDUCE cov: 190 ft: 1148 corp: 459/40Kb exec/s: 31108 rss: 524Mb L: 569/2059 MS: 2 ChangeASCIIInt-EraseBytes-
#206274887	REDUCE cov: 190 ft: 1148 corp: 459/40Kb exec/s: 31107 rss: 524Mb L: 474/2059 MS: 1 EraseBytes-
#206966884	REDUCE cov: 190 ft: 1148 corp: 459/40Kb exec/s: 31113 rss: 524Mb L: 566/2059 MS: 1 EraseBytes-
#207873778	REDUCE cov: 190 ft: 1148 corp: 459/40Kb exec/s: 31118 rss: 524Mb L: 117/2059 MS: 1 EraseBytes-
#208636673	REDUCE cov: 190 ft: 1148 corp: 459/40Kb exec/s: 31121 rss: 524Mb L: 534/2059 MS: 3 CopyPart-ChangeASCIIInt-EraseBytes-
#211942450	REDUCE cov: 190 ft: 1148 corp: 459/40Kb exec/s: 31140 rss: 524Mb L: 469/2059 MS: 1 EraseBytes-
#213867993	REDUCE cov: 190 ft: 1148 corp: 459/40Kb exec/s: 31153 rss: 524Mb L: 467/2059 MS: 1 EraseBytes-
#216330406	REDUCE cov: 190 ft: 1148 corp: 459/40Kb exec/s: 31162 rss: 524Mb L: 115/2059 MS: 1 EraseBytes-
#216746757	REDUCE cov: 190 ft: 1148 corp: 459/40Kb exec/s: 31164 rss: 524Mb L: 1548/2059 MS: 1 EraseBytes-
#217069670	REDUCE cov: 190 ft: 1148 corp: 459/40Kb exec/s: 31165 rss: 524Mb L: 462/2059 MS: 1 EraseBytes-
#218270196	REDUCE cov: 190 ft: 1148 corp: 459/40Kb exec/s: 31172 rss: 524Mb L: 461/2059 MS: 1 EraseBytes-
#220319648	REDUCE cov: 190 ft: 1148 corp: 459/40Kb exec/s: 31180 rss: 524Mb L: 85/2059 MS: 1 EraseBytes-
#224060336	REDUCE cov: 190 ft: 1148 corp: 459/40Kb exec/s: 31201 rss: 524Mb L: 565/2059 MS: 1 EraseBytes-
#224157648	REDUCE cov: 190 ft: 1148 corp: 459/40Kb exec/s: 31202 rss: 524Mb L: 459/2059 MS: 1 EraseBytes-
#226992692	REDUCE cov: 190 ft: 1148 corp: 459/40Kb exec/s: 31184 rss: 524Mb L: 458/2059 MS: 1 EraseBytes-
#227152574	REDUCE cov: 190 ft: 1148 corp: 459/40Kb exec/s: 31185 rss: 524Mb L: 457/2059 MS: 1 EraseBytes-
#228299446	REDUCE cov: 190 ft: 1148 corp: 459/40Kb exec/s: 31158 rss: 524Mb L: 563/2059 MS: 1 EraseBytes-
#229440358	REDUCE cov: 190 ft: 1148 corp: 459/40Kb exec/s: 31144 rss: 524Mb L: 114/2059 MS: 1 EraseBytes-
#234238056	REDUCE cov: 190 ft: 1148 corp: 459/40Kb exec/s: 31103 rss: 524Mb L: 456/2059 MS: 1 EraseBytes-
#235178899	REDUCE cov: 190 ft: 1148 corp: 459/40Kb exec/s: 31108 rss: 524Mb L: 561/2059 MS: 2 EraseBytes-CopyPart-
#235955041	REDUCE cov: 190 ft: 1148 corp: 459/40Kb exec/s: 31108 rss: 524Mb L: 533/2059 MS: 3 ChangeASCIIInt-ChangeASCIIInt-EraseBytes-
#236934079	REDUCE cov: 190 ft: 1148 corp: 459/40Kb exec/s: 31114 rss: 524Mb L: 113/2059 MS: 1 EraseBytes-
#239756413	REDUCE cov: 190 ft: 1148 corp: 459/40Kb exec/s: 31129 rss: 524Mb L: 112/2059 MS: 1 EraseBytes-
#240468026	REDUCE cov: 190 ft: 1148 corp: 459/40Kb exec/s: 31132 rss: 524Mb L: 455/2059 MS: 1 EraseBytes-
#243325467	REDUCE cov: 190 ft: 1148 corp: 459/40Kb exec/s: 31147 rss: 524Mb L: 111/2059 MS: 1 EraseBytes-
#246589622	REDUCE cov: 190 ft: 1148 corp: 459/40Kb exec/s: 31158 rss: 524Mb L: 110/2059 MS: 1 EraseBytes-
#246996200	REDUCE cov: 190 ft: 1148 corp: 459/40Kb exec/s: 31158 rss: 524Mb L: 109/2059 MS: 1 EraseBytes-
#252187968	REDUCE cov: 190 ft: 1148 corp: 459/40Kb exec/s: 31180 rss: 524Mb L: 108/2059 MS: 1 EraseBytes-
#253621289	REDUCE cov: 190 ft: 1148 corp: 459/40Kb exec/s: 31188 rss: 524Mb L: 782/2059 MS: 1 EraseBytes-
#261965744	REDUCE cov: 190 ft: 1148 corp: 459/40Kb exec/s: 31212 rss: 524Mb L: 454/2059 MS: 1 EraseBytes-
#264591998	REDUCE cov: 190 ft: 1148 corp: 459/40Kb exec/s: 31223 rss: 524Mb L: 107/2059 MS: 1 EraseBytes-
#265584743	REDUCE cov: 190 ft: 1148 corp: 459/40Kb exec/s: 31226 rss: 524Mb L: 453/2059 MS: 1 EraseBytes-
#268435456	pulse  cov: 190 ft: 1148 corp: 459/40Kb exec/s: 31235 rss: 524Mb
#268748067	REDUCE cov: 190 ft: 1148 corp: 459/40Kb exec/s: 31235 rss: 524Mb L: 452/2059 MS: 1 EraseBytes-
#269055224	REDUCE cov: 190 ft: 1148 corp: 459/40Kb exec/s: 31238 rss: 524Mb L: 451/2059 MS: 1 EraseBytes-
#269730968	REDUCE cov: 190 ft: 1148 corp: 459/40Kb exec/s: 31240 rss: 524Mb L: 106/2059 MS: 1 EraseBytes-
#272230286	REDUCE cov: 190 ft: 1148 corp: 459/40Kb exec/s: 31251 rss: 524Mb L: 560/2059 MS: 2 ChangeASCIIInt-EraseBytes-
#276945767	REDUCE cov: 190 ft: 1148 corp: 459/40Kb exec/s: 31268 rss: 524Mb L: 557/2059 MS: 1 EraseBytes-
#280486258	REDUCE cov: 190 ft: 1148 corp: 459/40Kb exec/s: 31279 rss: 524Mb L: 450/2059 MS: 1 EraseBytes-
#282758250	REDUCE cov: 190 ft: 1148 corp: 459/40Kb exec/s: 31278 rss: 524Mb L: 449/2059 MS: 1 EraseBytes-
#289396812	REDUCE cov: 190 ft: 1148 corp: 459/40Kb exec/s: 31228 rss: 524Mb L: 105/2059 MS: 1 EraseBytes-
#297515343	REDUCE cov: 190 ft: 1148 corp: 459/40Kb exec/s: 31241 rss: 524Mb L: 448/2059 MS: 1 EraseBytes-
#300226906	REDUCE cov: 190 ft: 1148 corp: 459/40Kb exec/s: 31250 rss: 524Mb L: 447/2059 MS: 1 EraseBytes-
#301750881	REDUCE cov: 190 ft: 1148 corp: 459/40Kb exec/s: 31256 rss: 524Mb L: 532/2059 MS: 1 EraseBytes-
#302008774	REDUCE cov: 190 ft: 1148 corp: 459/40Kb exec/s: 31254 rss: 524Mb L: 446/2059 MS: 1 EraseBytes-
#305623720	REDUCE cov: 190 ft: 1148 corp: 459/40Kb exec/s: 31265 rss: 524Mb L: 444/2059 MS: 2 EraseBytes-CopyPart-
#307999029	REDUCE cov: 190 ft: 1148 corp: 459/40Kb exec/s: 31272 rss: 524Mb L: 555/2059 MS: 1 EraseBytes-
#310010230	REDUCE cov: 190 ft: 1148 corp: 459/40Kb exec/s: 31276 rss: 524Mb L: 104/2059 MS: 2 EraseBytes-CopyPart-
#314526774	REDUCE cov: 190 ft: 1148 corp: 459/40Kb exec/s: 31280 rss: 524Mb L: 443/2059 MS: 1 EraseBytes-
#316258879	REDUCE cov: 190 ft: 1148 corp: 459/40Kb exec/s: 31284 rss: 524Mb L: 103/2059 MS: 1 EraseBytes-
#319833629	REDUCE cov: 190 ft: 1148 corp: 459/40Kb exec/s: 31294 rss: 524Mb L: 441/2059 MS: 1 EraseBytes-
#322029375	REDUCE cov: 190 ft: 1148 corp: 459/40Kb exec/s: 31301 rss: 524Mb L: 440/2059 MS: 1 EraseBytes-
#329539779	REDUCE cov: 190 ft: 1148 corp: 459/40Kb exec/s: 31319 rss: 524Mb L: 439/2059 MS: 1 EraseBytes-
#334104974	REDUCE cov: 190 ft: 1148 corp: 459/40Kb exec/s: 31330 rss: 524Mb L: 438/2059 MS: 1 EraseBytes-
#335009496	REDUCE cov: 190 ft: 1148 corp: 459/40Kb exec/s: 31329 rss: 524Mb L: 554/2059 MS: 1 EraseBytes-
#335374251	REDUCE cov: 190 ft: 1148 corp: 459/40Kb exec/s: 31331 rss: 524Mb L: 553/2059 MS: 4 PersAutoDict-ShuffleBytes-EraseBytes-CopyPart- DE: "\xff\xff\xff["-
#336660593	REDUCE cov: 190 ft: 1148 corp: 459/40Kb exec/s: 31337 rss: 524Mb L: 437/2059 MS: 1 EraseBytes-
#340572973	REDUCE cov: 190 ft: 1148 corp: 459/40Kb exec/s: 31340 rss: 524Mb L: 552/2059 MS: 1 EraseBytes-
