INFO: Seed: 3532409078
INFO: Loaded 1 modules   (808 inline 8-bit counters): 808 [0x7a5720, 0x7a5a48), 
INFO: Loaded 1 PC tables (808 PCs): 808 [0x57e288,0x581508), 
INFO:     4368 files found in ../CORPUS
INFO:       14 files found in ../inputs
INFO: -max_len is not provided; libFuzzer will not generate inputs larger than 4096 bytes
INFO: seed corpus: files: 4382 min: 1b max: 3465b total: 3185545b rss: 40Mb
#128	pulse  cov: 148 ft: 316 corp: 113/921b exec/s: 64 rss: 44Mb
#256	pulse  cov: 186 ft: 578 corp: 221/2543b exec/s: 51 rss: 48Mb
#512	pulse  cov: 188 ft: 888 corp: 354/7626b exec/s: 51 rss: 57Mb
#1024	pulse  cov: 188 ft: 1029 corp: 408/15051b exec/s: 46 rss: 68Mb
#2048	pulse  cov: 188 ft: 1077 corp: 438/23Kb exec/s: 44 rss: 86Mb
#4096	pulse  cov: 190 ft: 1133 corp: 458/39Kb exec/s: 39 rss: 142Mb
#4383	INITED cov: 190 ft: 1135 corp: 459/41Kb exec/s: 38 rss: 156Mb
#8192	pulse  cov: 190 ft: 1135 corp: 459/41Kb exec/s: 72 rss: 169Mb
#16384	pulse  cov: 190 ft: 1135 corp: 459/41Kb exec/s: 143 rss: 200Mb
#32768	pulse  cov: 190 ft: 1135 corp: 459/41Kb exec/s: 287 rss: 255Mb
#65536	pulse  cov: 190 ft: 1135 corp: 459/41Kb exec/s: 569 rss: 376Mb
#131072	pulse  cov: 190 ft: 1135 corp: 459/41Kb exec/s: 1110 rss: 514Mb
#163232	REDUCE cov: 190 ft: 1135 corp: 459/41Kb exec/s: 1371 rss: 514Mb L: 21/2059 MS: 1 EraseBytes-
#175698	RELOAD cov: 190 ft: 1136 corp: 460/41Kb exec/s: 1464 rss: 515Mb
#262144	pulse  cov: 190 ft: 1136 corp: 460/41Kb exec/s: 2148 rss: 518Mb
#524288	pulse  cov: 190 ft: 1136 corp: 460/41Kb exec/s: 4032 rss: 518Mb
#561444	REDUCE cov: 190 ft: 1136 corp: 460/41Kb exec/s: 4285 rss: 518Mb L: 11/2059 MS: 3 ChangeBit-ChangeASCIIInt-EraseBytes-
#1048576	pulse  cov: 190 ft: 1136 corp: 460/41Kb exec/s: 7133 rss: 518Mb
#1073412	REDUCE cov: 190 ft: 1136 corp: 460/41Kb exec/s: 7252 rss: 518Mb L: 6/2059 MS: 1 EraseBytes-
#1104684	REDUCE cov: 190 ft: 1136 corp: 460/41Kb exec/s: 7413 rss: 518Mb L: 7/2059 MS: 1 EraseBytes-
#1237475	REDUCE cov: 190 ft: 1136 corp: 460/41Kb exec/s: 8035 rss: 518Mb L: 6/2059 MS: 1 EraseBytes-
#1289524	REDUCE cov: 190 ft: 1136 corp: 460/41Kb exec/s: 8266 rss: 518Mb L: 133/2059 MS: 5 CopyPart-ChangeASCIIInt-ChangeASCIIInt-InsertByte-EraseBytes-
#1441663	REDUCE cov: 190 ft: 1136 corp: 460/41Kb exec/s: 8954 rss: 518Mb L: 19/2059 MS: 1 EraseBytes-
#1557740	REDUCE cov: 190 ft: 1136 corp: 460/41Kb exec/s: 9498 rss: 518Mb L: 10/2059 MS: 1 EraseBytes-
#2097152	pulse  cov: 190 ft: 1136 corp: 460/41Kb exec/s: 11459 rss: 518Mb
#3261573	REDUCE cov: 190 ft: 1136 corp: 460/41Kb exec/s: 14893 rss: 518Mb L: 20/2059 MS: 1 EraseBytes-
#3461634	REDUCE cov: 190 ft: 1136 corp: 460/41Kb exec/s: 15316 rss: 518Mb L: 9/2059 MS: 1 EraseBytes-
#3726911	RELOAD cov: 190 ft: 1138 corp: 461/42Kb exec/s: 15859 rss: 518Mb
#3766133	RELOAD cov: 190 ft: 1142 corp: 463/42Kb exec/s: 15958 rss: 518Mb
#3767540	REDUCE cov: 190 ft: 1142 corp: 463/42Kb exec/s: 15964 rss: 518Mb L: 13/2059 MS: 2 EraseBytes-EraseBytes-
#3796227	REDUCE cov: 190 ft: 1142 corp: 463/42Kb exec/s: 16017 rss: 518Mb L: 164/2059 MS: 2 InsertByte-EraseBytes-
#3799863	REDUCE cov: 190 ft: 1142 corp: 463/42Kb exec/s: 16033 rss: 518Mb L: 109/2059 MS: 1 EraseBytes-
#3805504	RELOAD cov: 190 ft: 1144 corp: 464/42Kb exec/s: 16056 rss: 518Mb
#3806421	REDUCE cov: 190 ft: 1144 corp: 464/42Kb exec/s: 16060 rss: 518Mb L: 70/2059 MS: 2 CopyPart-EraseBytes-
#3816802	REDUCE cov: 190 ft: 1144 corp: 464/42Kb exec/s: 16036 rss: 518Mb L: 52/2059 MS: 1 EraseBytes-
#3821029	REDUCE cov: 190 ft: 1144 corp: 464/42Kb exec/s: 16054 rss: 518Mb L: 125/2059 MS: 2 CopyPart-EraseBytes-
#3898043	REDUCE cov: 190 ft: 1144 corp: 464/42Kb exec/s: 16241 rss: 518Mb L: 49/2059 MS: 1 EraseBytes-
#3931976	RELOAD cov: 190 ft: 1146 corp: 465/43Kb exec/s: 16315 rss: 518Mb
#3933483	REDUCE cov: 190 ft: 1146 corp: 465/43Kb exec/s: 16321 rss: 518Mb L: 47/2059 MS: 2 CopyPart-EraseBytes-
#3937582	NEW    cov: 190 ft: 1148 corp: 466/44Kb exec/s: 16271 rss: 518Mb L: 1822/2059 MS: 4 ShuffleBytes-CopyPart-ChangeBit-CopyPart-
#3963419	REDUCE cov: 190 ft: 1148 corp: 466/44Kb exec/s: 16377 rss: 518Mb L: 99/2059 MS: 2 InsertByte-EraseBytes-
#3977421	REDUCE cov: 190 ft: 1148 corp: 466/44Kb exec/s: 16367 rss: 518Mb L: 88/2059 MS: 1 EraseBytes-
#3995202	REDUCE cov: 190 ft: 1148 corp: 466/44Kb exec/s: 16373 rss: 518Mb L: 85/2059 MS: 1 EraseBytes-
#4004741	REDUCE cov: 190 ft: 1148 corp: 466/44Kb exec/s: 16345 rss: 518Mb L: 1790/2059 MS: 3 ShuffleBytes-CMP-EraseBytes- DE: "null"-
#4026217	REDUCE cov: 190 ft: 1148 corp: 466/44Kb exec/s: 16433 rss: 518Mb L: 43/2059 MS: 1 EraseBytes-
#4030264	REDUCE cov: 190 ft: 1148 corp: 466/44Kb exec/s: 16450 rss: 518Mb L: 38/2059 MS: 2 ShuffleBytes-EraseBytes-
#4044778	REDUCE cov: 190 ft: 1148 corp: 466/44Kb exec/s: 16442 rss: 518Mb L: 82/2059 MS: 1 EraseBytes-
#4066666	REDUCE cov: 190 ft: 1148 corp: 466/44Kb exec/s: 16464 rss: 518Mb L: 299/2059 MS: 3 CMP-EraseBytes-CopyPart- DE: "\x10\x00\x00\x00\x00\x00\x00\x00"-
#4076273	REDUCE cov: 190 ft: 1148 corp: 466/44Kb exec/s: 16503 rss: 518Mb L: 1538/2059 MS: 2 InsertRepeatedBytes-EraseBytes-
#4077434	REDUCE cov: 190 ft: 1148 corp: 466/44Kb exec/s: 16507 rss: 518Mb L: 1384/2059 MS: 1 EraseBytes-
#4077782	REDUCE cov: 190 ft: 1148 corp: 466/44Kb exec/s: 16509 rss: 518Mb L: 1352/2059 MS: 3 CrossOver-ChangeASCIIInt-EraseBytes-
#4080633	REDUCE cov: 190 ft: 1148 corp: 466/44Kb exec/s: 16520 rss: 518Mb L: 107/2059 MS: 1 EraseBytes-
#4121855	REDUCE cov: 190 ft: 1148 corp: 466/44Kb exec/s: 16553 rss: 518Mb L: 297/2059 MS: 1 EraseBytes-
#4122914	REDUCE cov: 190 ft: 1148 corp: 466/44Kb exec/s: 16557 rss: 518Mb L: 22/2059 MS: 4 ChangeBinInt-ChangeByte-EraseBytes-EraseBytes-
#4194304	pulse  cov: 190 ft: 1148 corp: 466/44Kb exec/s: 16710 rss: 518Mb
#4218655	REDUCE cov: 190 ft: 1148 corp: 466/44Kb exec/s: 16740 rss: 518Mb L: 18/2059 MS: 1 EraseBytes-
#4252724	REDUCE cov: 190 ft: 1148 corp: 466/44Kb exec/s: 16809 rss: 518Mb L: 254/2059 MS: 2 ChangeBinInt-EraseBytes-
#4287269	REDUCE cov: 190 ft: 1148 corp: 466/44Kb exec/s: 16879 rss: 518Mb L: 83/2059 MS: 2 CMP-EraseBytes- DE: "use_counters"-
#4289377	REDUCE cov: 190 ft: 1148 corp: 466/44Kb exec/s: 16887 rss: 518Mb L: 15/2059 MS: 3 CMP-ShuffleBytes-EraseBytes- DE: "\x01 "-
#4320928	REDUCE cov: 190 ft: 1148 corp: 466/44Kb exec/s: 16944 rss: 518Mb L: 78/2059 MS: 1 EraseBytes-
#4363927	REDUCE cov: 190 ft: 1148 corp: 466/44Kb exec/s: 17046 rss: 518Mb L: 17/2059 MS: 3 ShuffleBytes-PersAutoDict-EraseBytes- DE: "null"-
#4386725	REDUCE cov: 190 ft: 1148 corp: 466/44Kb exec/s: 17068 rss: 518Mb L: 76/2059 MS: 2 ChangeByte-EraseBytes-
#4393841	REDUCE cov: 190 ft: 1148 corp: 466/44Kb exec/s: 17096 rss: 518Mb L: 74/2059 MS: 1 EraseBytes-
#4428570	REDUCE cov: 190 ft: 1148 corp: 466/44Kb exec/s: 17165 rss: 518Mb L: 13/2059 MS: 1 EraseBytes-
#4440291	REDUCE cov: 190 ft: 1148 corp: 466/44Kb exec/s: 17210 rss: 518Mb L: 252/2059 MS: 1 EraseBytes-
#4442217	REDUCE cov: 190 ft: 1148 corp: 466/44Kb exec/s: 17151 rss: 518Mb L: 604/2059 MS: 1 EraseBytes-
#4485684	REDUCE cov: 190 ft: 1148 corp: 466/44Kb exec/s: 17252 rss: 518Mb L: 11/2059 MS: 1 EraseBytes-
#4503250	REDUCE cov: 190 ft: 1148 corp: 466/44Kb exec/s: 17253 rss: 518Mb L: 16/2059 MS: 1 EraseBytes-
#4518982	REDUCE cov: 190 ft: 1148 corp: 466/44Kb exec/s: 17314 rss: 518Mb L: 1344/2059 MS: 2 PersAutoDict-EraseBytes- DE: "null"-
#4534213	REDUCE cov: 190 ft: 1148 corp: 466/44Kb exec/s: 17306 rss: 518Mb L: 15/2059 MS: 2 CrossOver-EraseBytes-
#4544450	REDUCE cov: 190 ft: 1148 corp: 466/44Kb exec/s: 17345 rss: 518Mb L: 595/2059 MS: 2 CopyPart-EraseBytes-
#4563523	REDUCE cov: 190 ft: 1148 corp: 466/44Kb exec/s: 17351 rss: 518Mb L: 592/2059 MS: 1 EraseBytes-
#4615322	REDUCE cov: 190 ft: 1148 corp: 466/44Kb exec/s: 17482 rss: 518Mb L: 1281/2059 MS: 1 EraseBytes-
#4627953	REDUCE cov: 190 ft: 1148 corp: 466/44Kb exec/s: 17463 rss: 518Mb L: 239/2059 MS: 1 EraseBytes-
#4683456	REDUCE cov: 190 ft: 1148 corp: 466/44Kb exec/s: 17606 rss: 518Mb L: 1227/2059 MS: 1 EraseBytes-
#4733537	REDUCE cov: 190 ft: 1148 corp: 466/44Kb exec/s: 17728 rss: 518Mb L: 234/2059 MS: 1 EraseBytes-
#4782741	REDUCE cov: 190 ft: 1148 corp: 466/44Kb exec/s: 17779 rss: 518Mb L: 1224/2059 MS: 1 EraseBytes-
#4789027	REDUCE cov: 190 ft: 1148 corp: 466/44Kb exec/s: 17803 rss: 518Mb L: 65/2059 MS: 1 EraseBytes-
#4841570	REDUCE cov: 190 ft: 1148 corp: 466/44Kb exec/s: 17865 rss: 518Mb L: 1126/2059 MS: 2 CopyPart-EraseBytes-
#4882960	REDUCE cov: 190 ft: 1148 corp: 466/44Kb exec/s: 17952 rss: 518Mb L: 60/2059 MS: 1 EraseBytes-
#4889886	REDUCE cov: 190 ft: 1148 corp: 466/44Kb exec/s: 17977 rss: 518Mb L: 228/2059 MS: 1 EraseBytes-
#4953266	REDUCE cov: 190 ft: 1148 corp: 466/43Kb exec/s: 18077 rss: 518Mb L: 198/2059 MS: 2 CopyPart-EraseBytes-
#4979300	REDUCE cov: 190 ft: 1148 corp: 466/43Kb exec/s: 18106 rss: 518Mb L: 1113/2059 MS: 1 EraseBytes-
#5015342	REDUCE cov: 190 ft: 1148 corp: 466/43Kb exec/s: 18171 rss: 518Mb L: 187/2059 MS: 1 EraseBytes-
#5017268	REDUCE cov: 190 ft: 1148 corp: 466/43Kb exec/s: 18178 rss: 518Mb L: 181/2059 MS: 1 EraseBytes-
#5024779	REDUCE cov: 190 ft: 1148 corp: 466/43Kb exec/s: 18205 rss: 518Mb L: 166/2059 MS: 1 EraseBytes-
#5034473	REDUCE cov: 190 ft: 1148 corp: 466/43Kb exec/s: 18174 rss: 518Mb L: 13/2059 MS: 2 ShuffleBytes-EraseBytes-
#5101094	REDUCE cov: 190 ft: 1148 corp: 466/43Kb exec/s: 18349 rss: 518Mb L: 1107/2059 MS: 1 EraseBytes-
#5103101	REDUCE cov: 190 ft: 1148 corp: 466/43Kb exec/s: 18290 rss: 518Mb L: 129/2059 MS: 2 EraseBytes-CopyPart-
#5199946	REDUCE cov: 190 ft: 1148 corp: 466/43Kb exec/s: 18505 rss: 518Mb L: 126/2059 MS: 3 CopyPart-ShuffleBytes-EraseBytes-
#5224608	REDUCE cov: 190 ft: 1148 corp: 466/43Kb exec/s: 18526 rss: 518Mb L: 56/2059 MS: 3 CopyPart-EraseBytes-EraseBytes-
#5247034	REDUCE cov: 190 ft: 1148 corp: 466/43Kb exec/s: 18540 rss: 518Mb L: 575/2059 MS: 1 EraseBytes-
#5287805	REDUCE cov: 190 ft: 1148 corp: 466/43Kb exec/s: 18619 rss: 518Mb L: 562/2059 MS: 1 EraseBytes-
#5369545	REDUCE cov: 190 ft: 1148 corp: 466/43Kb exec/s: 18774 rss: 518Mb L: 51/2059 MS: 1 EraseBytes-
#5374221	REDUCE cov: 190 ft: 1148 corp: 466/43Kb exec/s: 18790 rss: 518Mb L: 117/2059 MS: 1 EraseBytes-
#5391268	REDUCE cov: 190 ft: 1148 corp: 466/43Kb exec/s: 18784 rss: 518Mb L: 516/2059 MS: 2 EraseBytes-CopyPart-
#5407124	REDUCE cov: 190 ft: 1148 corp: 466/43Kb exec/s: 18774 rss: 518Mb L: 1081/2059 MS: 1 EraseBytes-
#5449181	REDUCE cov: 190 ft: 1148 corp: 466/43Kb exec/s: 18855 rss: 518Mb L: 100/2059 MS: 1 EraseBytes-
#5452062	REDUCE cov: 190 ft: 1148 corp: 466/43Kb exec/s: 18865 rss: 518Mb L: 77/2059 MS: 1 EraseBytes-
#5452383	REDUCE cov: 190 ft: 1148 corp: 466/43Kb exec/s: 18866 rss: 518Mb L: 510/2059 MS: 1 EraseBytes-
#5500986	REDUCE cov: 190 ft: 1148 corp: 466/43Kb exec/s: 18903 rss: 518Mb L: 43/2059 MS: 1 EraseBytes-
#5616324	REDUCE cov: 190 ft: 1148 corp: 466/43Kb exec/s: 19103 rss: 518Mb L: 68/2059 MS: 1 EraseBytes-
#5641786	REDUCE cov: 190 ft: 1148 corp: 466/43Kb exec/s: 19124 rss: 518Mb L: 60/2059 MS: 1 EraseBytes-
#5653762	REDUCE cov: 190 ft: 1148 corp: 466/43Kb exec/s: 19165 rss: 518Mb L: 93/2059 MS: 1 EraseBytes-
#5724762	REDUCE cov: 190 ft: 1148 corp: 466/43Kb exec/s: 19275 rss: 518Mb L: 91/2059 MS: 1 EraseBytes-
#5729963	REDUCE cov: 190 ft: 1148 corp: 466/43Kb exec/s: 19292 rss: 518Mb L: 56/2059 MS: 1 EraseBytes-
#5733274	REDUCE cov: 190 ft: 1148 corp: 466/43Kb exec/s: 19303 rss: 518Mb L: 504/2059 MS: 1 EraseBytes-
#5772794	REDUCE cov: 190 ft: 1148 corp: 466/43Kb exec/s: 19371 rss: 518Mb L: 41/2059 MS: 1 EraseBytes-
#5806072	REDUCE cov: 190 ft: 1148 corp: 466/43Kb exec/s: 19418 rss: 518Mb L: 492/2059 MS: 1 EraseBytes-
#6056851	REDUCE cov: 190 ft: 1148 corp: 466/43Kb exec/s: 19793 rss: 518Mb L: 71/2059 MS: 1 EraseBytes-
#6126575	REDUCE cov: 190 ft: 1148 corp: 466/43Kb exec/s: 19891 rss: 518Mb L: 39/2059 MS: 1 EraseBytes-
#6155145	REDUCE cov: 190 ft: 1148 corp: 466/43Kb exec/s: 19919 rss: 518Mb L: 37/2059 MS: 1 EraseBytes-
#6254388	REDUCE cov: 190 ft: 1148 corp: 466/43Kb exec/s: 20046 rss: 518Mb L: 70/2059 MS: 3 ShuffleBytes-PersAutoDict-EraseBytes- DE: "\x01 "-
#6295354	REDUCE cov: 190 ft: 1148 corp: 466/43Kb exec/s: 20112 rss: 518Mb L: 54/2059 MS: 1 EraseBytes-
#6339974	REDUCE cov: 190 ft: 1148 corp: 466/43Kb exec/s: 20191 rss: 518Mb L: 34/2059 MS: 1 EraseBytes-
#6342746	REDUCE cov: 190 ft: 1148 corp: 466/43Kb exec/s: 20135 rss: 518Mb L: 31/2059 MS: 2 ChangeByte-EraseBytes-
#6411564	REDUCE cov: 190 ft: 1148 corp: 466/43Kb exec/s: 20225 rss: 518Mb L: 30/2059 MS: 1 EraseBytes-
#6411755	REDUCE cov: 190 ft: 1148 corp: 466/43Kb exec/s: 20226 rss: 518Mb L: 68/2059 MS: 1 EraseBytes-
#6471049	REDUCE cov: 190 ft: 1148 corp: 466/43Kb exec/s: 20349 rss: 518Mb L: 51/2059 MS: 1 EraseBytes-
#6533520	REDUCE cov: 190 ft: 1148 corp: 466/43Kb exec/s: 20417 rss: 518Mb L: 490/2059 MS: 1 EraseBytes-
#6555375	REDUCE cov: 190 ft: 1148 corp: 466/43Kb exec/s: 20421 rss: 518Mb L: 26/2059 MS: 2 ChangeByte-EraseBytes-
#6619545	REDUCE cov: 190 ft: 1148 corp: 466/43Kb exec/s: 20493 rss: 518Mb L: 48/2059 MS: 1 EraseBytes-
#6668176	REDUCE cov: 190 ft: 1148 corp: 466/43Kb exec/s: 20580 rss: 518Mb L: 65/2059 MS: 1 EraseBytes-
#6673692	REDUCE cov: 190 ft: 1148 corp: 466/43Kb exec/s: 20597 rss: 518Mb L: 1078/2059 MS: 1 EraseBytes-
#6676908	REDUCE cov: 190 ft: 1148 corp: 466/43Kb exec/s: 20544 rss: 518Mb L: 47/2059 MS: 1 EraseBytes-
#6699967	REDUCE cov: 190 ft: 1148 corp: 466/43Kb exec/s: 20615 rss: 518Mb L: 43/2059 MS: 1 EraseBytes-
#6823810	REDUCE cov: 190 ft: 1148 corp: 466/43Kb exec/s: 20741 rss: 518Mb L: 22/2059 MS: 1 EraseBytes-
#6844651	REDUCE cov: 190 ft: 1148 corp: 466/43Kb exec/s: 20804 rss: 518Mb L: 42/2059 MS: 1 EraseBytes-
#6902110	REDUCE cov: 190 ft: 1148 corp: 466/43Kb exec/s: 20852 rss: 518Mb L: 21/2059 MS: 1 EraseBytes-
#6912301	REDUCE cov: 190 ft: 1148 corp: 466/43Kb exec/s: 20883 rss: 518Mb L: 61/2059 MS: 1 EraseBytes-
#6921252	REDUCE cov: 190 ft: 1148 corp: 466/43Kb exec/s: 20910 rss: 518Mb L: 1075/2059 MS: 1 EraseBytes-
#6928309	REDUCE cov: 190 ft: 1148 corp: 466/43Kb exec/s: 20868 rss: 518Mb L: 58/2059 MS: 1 EraseBytes-
#6958370	REDUCE cov: 190 ft: 1148 corp: 466/43Kb exec/s: 20896 rss: 518Mb L: 18/2059 MS: 1 EraseBytes-
#6981137	REDUCE cov: 190 ft: 1148 corp: 466/43Kb exec/s: 20964 rss: 518Mb L: 466/2059 MS: 2 CopyPart-EraseBytes-
#7120438	REDUCE cov: 190 ft: 1148 corp: 466/43Kb exec/s: 21128 rss: 518Mb L: 39/2059 MS: 1 EraseBytes-
#7123649	REDUCE cov: 190 ft: 1148 corp: 466/43Kb exec/s: 21138 rss: 518Mb L: 17/2059 MS: 1 EraseBytes-
#7237965	REDUCE cov: 190 ft: 1148 corp: 466/43Kb exec/s: 21225 rss: 518Mb L: 454/2059 MS: 1 EraseBytes-
#7250024	REDUCE cov: 190 ft: 1148 corp: 466/43Kb exec/s: 21261 rss: 518Mb L: 34/2059 MS: 4 CopyPart-CMP-PersAutoDict-EraseBytes- DE: "\xff\xff\xff\xff\xff\xff\x03\x92"-"\x10\x00\x00\x00\x00\x00\x00\x00"-
#7346599	REDUCE cov: 190 ft: 1148 corp: 466/43Kb exec/s: 21356 rss: 518Mb L: 27/2059 MS: 2 CopyPart-EraseBytes-
#7503412	REDUCE cov: 190 ft: 1148 corp: 466/43Kb exec/s: 21561 rss: 518Mb L: 23/2059 MS: 1 EraseBytes-
#7574357	REDUCE cov: 190 ft: 1148 corp: 466/43Kb exec/s: 21641 rss: 518Mb L: 53/2059 MS: 1 EraseBytes-
#7584538	REDUCE cov: 190 ft: 1148 corp: 466/43Kb exec/s: 21608 rss: 518Mb L: 448/2059 MS: 1 EraseBytes-
#7627406	REDUCE cov: 190 ft: 1148 corp: 466/43Kb exec/s: 21668 rss: 518Mb L: 1048/2059 MS: 1 EraseBytes-
#7786137	REDUCE cov: 190 ft: 1148 corp: 466/43Kb exec/s: 21809 rss: 518Mb L: 430/2059 MS: 1 EraseBytes-
#8045255	REDUCE cov: 190 ft: 1148 corp: 466/43Kb exec/s: 22102 rss: 518Mb L: 15/2059 MS: 1 EraseBytes-
#8091295	REDUCE cov: 190 ft: 1148 corp: 466/43Kb exec/s: 22167 rss: 518Mb L: 20/2059 MS: 2 ShuffleBytes-EraseBytes-
#8136995	REDUCE cov: 190 ft: 1148 corp: 466/43Kb exec/s: 22171 rss: 518Mb L: 419/2059 MS: 1 EraseBytes-
#8153946	REDUCE cov: 190 ft: 1148 corp: 466/43Kb exec/s: 22217 rss: 518Mb L: 50/2059 MS: 1 EraseBytes-
#8353319	REDUCE cov: 190 ft: 1148 corp: 466/43Kb exec/s: 22394 rss: 518Mb L: 47/2059 MS: 1 EraseBytes-
#8388608	pulse  cov: 190 ft: 1148 corp: 466/43Kb exec/s: 22429 rss: 518Mb
#8392424	REDUCE cov: 190 ft: 1148 corp: 466/43Kb exec/s: 22439 rss: 518Mb L: 417/2059 MS: 1 EraseBytes-
#8451014	REDUCE cov: 190 ft: 1148 corp: 466/43Kb exec/s: 22476 rss: 518Mb L: 412/2059 MS: 1 EraseBytes-
#8539957	REDUCE cov: 190 ft: 1148 corp: 466/43Kb exec/s: 22592 rss: 518Mb L: 405/2059 MS: 1 EraseBytes-
#8560672	REDUCE cov: 190 ft: 1148 corp: 466/43Kb exec/s: 22587 rss: 518Mb L: 1024/2059 MS: 5 CMP-ChangeASCIIInt-ChangeBit-ChangeASCIIInt-EraseBytes- DE: "[[["-
#8578048	REDUCE cov: 190 ft: 1148 corp: 466/43Kb exec/s: 22573 rss: 518Mb L: 387/2059 MS: 1 EraseBytes-
#8634228	REDUCE cov: 190 ft: 1148 corp: 466/43Kb exec/s: 22662 rss: 518Mb L: 995/2059 MS: 3 EraseBytes-ShuffleBytes-CopyPart-
#8741210	REDUCE cov: 190 ft: 1148 corp: 466/43Kb exec/s: 22763 rss: 518Mb L: 41/2059 MS: 1 EraseBytes-
#8749161	REDUCE cov: 190 ft: 1148 corp: 466/43Kb exec/s: 22725 rss: 518Mb L: 944/2059 MS: 1 EraseBytes-
#8896876	REDUCE cov: 190 ft: 1148 corp: 466/43Kb exec/s: 22871 rss: 518Mb L: 18/2059 MS: 1 EraseBytes-
#9041883	REDUCE cov: 190 ft: 1148 corp: 466/43Kb exec/s: 23007 rss: 518Mb L: 14/2059 MS: 1 EraseBytes-
#9347623	REDUCE cov: 190 ft: 1148 corp: 466/43Kb exec/s: 23252 rss: 518Mb L: 744/2059 MS: 2 ShuffleBytes-EraseBytes-
#9527554	REDUCE cov: 190 ft: 1148 corp: 466/43Kb exec/s: 23409 rss: 518Mb L: 376/2059 MS: 1 EraseBytes-
#9719972	REDUCE cov: 190 ft: 1148 corp: 466/43Kb exec/s: 23535 rss: 518Mb L: 935/2059 MS: 2 CMP-EraseBytes- DE: "St5ctypeIcE"-
#9811476	REDUCE cov: 190 ft: 1148 corp: 466/43Kb exec/s: 23585 rss: 518Mb L: 374/2059 MS: 1 EraseBytes-
#9827604	REDUCE cov: 190 ft: 1148 corp: 466/43Kb exec/s: 23624 rss: 518Mb L: 922/2059 MS: 1 EraseBytes-
#9842560	REDUCE cov: 190 ft: 1148 corp: 466/43Kb exec/s: 23603 rss: 518Mb L: 916/2059 MS: 1 EraseBytes-
#9970926	REDUCE cov: 190 ft: 1148 corp: 466/43Kb exec/s: 23740 rss: 518Mb L: 367/2059 MS: 1 EraseBytes-
#10037450	REDUCE cov: 190 ft: 1148 corp: 466/43Kb exec/s: 23785 rss: 518Mb L: 356/2059 MS: 1 EraseBytes-
#10477930	REDUCE cov: 190 ft: 1148 corp: 466/43Kb exec/s: 24087 rss: 518Mb L: 353/2059 MS: 1 EraseBytes-
#10767304	REDUCE cov: 190 ft: 1148 corp: 466/43Kb exec/s: 24305 rss: 518Mb L: 17/2059 MS: 1 EraseBytes-
#10963460	REDUCE cov: 190 ft: 1148 corp: 466/43Kb exec/s: 24417 rss: 518Mb L: 323/2059 MS: 2 CopyPart-EraseBytes-
#11095988	REDUCE cov: 190 ft: 1148 corp: 466/43Kb exec/s: 24494 rss: 518Mb L: 321/2059 MS: 1 EraseBytes-
#11120558	REDUCE cov: 190 ft: 1148 corp: 466/43Kb exec/s: 24494 rss: 518Mb L: 886/2059 MS: 2 ChangeASCIIInt-EraseBytes-
#11138910	REDUCE cov: 190 ft: 1148 corp: 466/43Kb exec/s: 24535 rss: 518Mb L: 316/2059 MS: 2 CopyPart-EraseBytes-
#11276505	REDUCE cov: 190 ft: 1148 corp: 466/43Kb exec/s: 24621 rss: 518Mb L: 305/2059 MS: 1 EraseBytes-
#11287571	REDUCE cov: 190 ft: 1148 corp: 466/43Kb exec/s: 24591 rss: 518Mb L: 40/2059 MS: 1 EraseBytes-
#11389776	REDUCE cov: 190 ft: 1148 corp: 466/43Kb exec/s: 24706 rss: 518Mb L: 884/2059 MS: 1 EraseBytes-
#11420402	REDUCE cov: 190 ft: 1148 corp: 466/43Kb exec/s: 24719 rss: 518Mb L: 299/2059 MS: 2 ChangeBit-EraseBytes-
#11425243	REDUCE cov: 190 ft: 1148 corp: 466/43Kb exec/s: 24676 rss: 518Mb L: 295/2059 MS: 1 EraseBytes-
#11459960	REDUCE cov: 190 ft: 1148 corp: 466/43Kb exec/s: 24698 rss: 518Mb L: 280/2059 MS: 1 EraseBytes-
#11819005	REDUCE cov: 190 ft: 1148 corp: 466/43Kb exec/s: 24934 rss: 518Mb L: 266/2059 MS: 1 EraseBytes-
#11929743	REDUCE cov: 190 ft: 1148 corp: 466/43Kb exec/s: 25009 rss: 518Mb L: 858/2059 MS: 1 EraseBytes-
#12037400	REDUCE cov: 190 ft: 1148 corp: 466/43Kb exec/s: 25077 rss: 518Mb L: 264/2059 MS: 1 EraseBytes-
#12516277	REDUCE cov: 190 ft: 1148 corp: 466/43Kb exec/s: 25336 rss: 518Mb L: 170/2059 MS: 1 EraseBytes-
#12714260	REDUCE cov: 190 ft: 1148 corp: 466/43Kb exec/s: 25428 rss: 518Mb L: 831/2059 MS: 1 EraseBytes-
#12852824	REDUCE cov: 190 ft: 1148 corp: 466/43Kb exec/s: 25501 rss: 518Mb L: 39/2059 MS: 1 EraseBytes-
#12892026	REDUCE cov: 190 ft: 1148 corp: 466/43Kb exec/s: 25528 rss: 518Mb L: 237/2059 MS: 1 EraseBytes-
#13022823	REDUCE cov: 190 ft: 1148 corp: 466/43Kb exec/s: 25585 rss: 518Mb L: 233/2059 MS: 2 CopyPart-EraseBytes-
#13034780	REDUCE cov: 190 ft: 1148 corp: 466/43Kb exec/s: 25608 rss: 518Mb L: 803/2059 MS: 1 EraseBytes-
#13152395	REDUCE cov: 190 ft: 1148 corp: 466/43Kb exec/s: 25638 rss: 518Mb L: 208/2059 MS: 1 EraseBytes-
#13346259	REDUCE cov: 190 ft: 1148 corp: 466/43Kb exec/s: 25764 rss: 518Mb L: 794/2059 MS: 1 EraseBytes-
#13846529	REDUCE cov: 190 ft: 1148 corp: 466/43Kb exec/s: 25978 rss: 518Mb L: 779/2059 MS: 1 EraseBytes-
#13934607	REDUCE cov: 190 ft: 1148 corp: 466/43Kb exec/s: 26045 rss: 518Mb L: 776/2059 MS: 1 EraseBytes-
#14078463	REDUCE cov: 190 ft: 1148 corp: 466/42Kb exec/s: 26071 rss: 518Mb L: 197/2059 MS: 1 EraseBytes-
#14095240	REDUCE cov: 190 ft: 1148 corp: 466/42Kb exec/s: 26102 rss: 518Mb L: 38/2059 MS: 1 EraseBytes-
#14190762	REDUCE cov: 190 ft: 1148 corp: 466/42Kb exec/s: 26134 rss: 518Mb L: 35/2059 MS: 2 CopyPart-EraseBytes-
#14356087	REDUCE cov: 190 ft: 1148 corp: 466/42Kb exec/s: 26245 rss: 518Mb L: 540/2059 MS: 1 EraseBytes-
#14419978	REDUCE cov: 190 ft: 1148 corp: 466/42Kb exec/s: 26265 rss: 518Mb L: 33/2059 MS: 1 EraseBytes-
#14735233	REDUCE cov: 190 ft: 1148 corp: 466/42Kb exec/s: 26359 rss: 518Mb L: 191/2059 MS: 1 EraseBytes-
#15052991	REDUCE cov: 190 ft: 1148 corp: 466/42Kb exec/s: 26501 rss: 518Mb L: 186/2059 MS: 1 EraseBytes-
#15080156	REDUCE cov: 190 ft: 1148 corp: 466/42Kb exec/s: 26502 rss: 518Mb L: 182/2059 MS: 1 EraseBytes-
#15220978	REDUCE cov: 190 ft: 1148 corp: 466/42Kb exec/s: 26563 rss: 518Mb L: 180/2059 MS: 1 EraseBytes-
#15402985	REDUCE cov: 190 ft: 1148 corp: 466/42Kb exec/s: 26648 rss: 518Mb L: 32/2059 MS: 1 EraseBytes-
#15663240	REDUCE cov: 190 ft: 1148 corp: 466/42Kb exec/s: 26729 rss: 518Mb L: 161/2059 MS: 1 EraseBytes-
#15740161	REDUCE cov: 190 ft: 1148 corp: 466/42Kb exec/s: 26768 rss: 518Mb L: 772/2059 MS: 1 EraseBytes-
#15998115	REDUCE cov: 190 ft: 1148 corp: 466/42Kb exec/s: 26887 rss: 518Mb L: 159/2059 MS: 1 EraseBytes-
#16587342	REDUCE cov: 190 ft: 1148 corp: 466/42Kb exec/s: 27103 rss: 518Mb L: 146/2059 MS: 2 CopyPart-EraseBytes-
#16730980	REDUCE cov: 190 ft: 1148 corp: 466/42Kb exec/s: 27116 rss: 518Mb L: 759/2059 MS: 1 EraseBytes-
#16756341	REDUCE cov: 190 ft: 1148 corp: 466/42Kb exec/s: 27157 rss: 518Mb L: 30/2059 MS: 1 EraseBytes-
#16777216	pulse  cov: 190 ft: 1148 corp: 466/42Kb exec/s: 27147 rss: 518Mb
#16816205	REDUCE cov: 190 ft: 1148 corp: 466/42Kb exec/s: 27166 rss: 518Mb L: 142/2059 MS: 1 EraseBytes-
#17200189	REDUCE cov: 190 ft: 1148 corp: 466/42Kb exec/s: 27301 rss: 518Mb L: 132/2059 MS: 1 EraseBytes-
#17250283	REDUCE cov: 190 ft: 1148 corp: 466/42Kb exec/s: 27294 rss: 518Mb L: 744/2059 MS: 1 EraseBytes-
#17420091	REDUCE cov: 190 ft: 1148 corp: 466/42Kb exec/s: 27347 rss: 518Mb L: 131/2059 MS: 1 EraseBytes-
#17578906	REDUCE cov: 190 ft: 1148 corp: 466/42Kb exec/s: 27424 rss: 518Mb L: 125/2059 MS: 1 EraseBytes-
#17719160	REDUCE cov: 190 ft: 1148 corp: 466/42Kb exec/s: 27429 rss: 518Mb L: 133/2059 MS: 2 ShuffleBytes-EraseBytes-
#18407384	REDUCE cov: 190 ft: 1148 corp: 466/42Kb exec/s: 27638 rss: 518Mb L: 729/2059 MS: 1 EraseBytes-
#18695175	REDUCE cov: 190 ft: 1148 corp: 466/42Kb exec/s: 27737 rss: 518Mb L: 116/2059 MS: 1 EraseBytes-
#19103902	REDUCE cov: 190 ft: 1148 corp: 466/42Kb exec/s: 27848 rss: 518Mb L: 100/2059 MS: 2 EraseBytes-CopyPart-
#19217989	REDUCE cov: 190 ft: 1148 corp: 466/42Kb exec/s: 27852 rss: 518Mb L: 701/2059 MS: 1 EraseBytes-
#19690927	REDUCE cov: 190 ft: 1148 corp: 466/42Kb exec/s: 27970 rss: 518Mb L: 693/2059 MS: 1 EraseBytes-
#19882829	REDUCE cov: 190 ft: 1148 corp: 466/42Kb exec/s: 28043 rss: 518Mb L: 684/2059 MS: 2 ChangeASCIIInt-EraseBytes-
#20098961	REDUCE cov: 190 ft: 1148 corp: 466/42Kb exec/s: 28071 rss: 518Mb L: 96/2059 MS: 1 EraseBytes-
#20128595	REDUCE cov: 190 ft: 1148 corp: 466/42Kb exec/s: 28112 rss: 518Mb L: 678/2059 MS: 1 EraseBytes-
#20617919	REDUCE cov: 190 ft: 1148 corp: 466/42Kb exec/s: 28205 rss: 518Mb L: 29/2059 MS: 1 EraseBytes-
#21250345	REDUCE cov: 190 ft: 1148 corp: 466/42Kb exec/s: 28371 rss: 518Mb L: 93/2059 MS: 1 EraseBytes-
#21323165	REDUCE cov: 190 ft: 1148 corp: 466/42Kb exec/s: 28393 rss: 518Mb L: 673/2059 MS: 1 EraseBytes-
#22188227	REDUCE cov: 190 ft: 1148 corp: 466/42Kb exec/s: 28593 rss: 518Mb L: 90/2059 MS: 1 EraseBytes-
#22409516	REDUCE cov: 190 ft: 1148 corp: 466/42Kb exec/s: 28620 rss: 518Mb L: 669/2059 MS: 2 InsertByte-EraseBytes-
#22461920	REDUCE cov: 190 ft: 1148 corp: 466/42Kb exec/s: 28613 rss: 518Mb L: 86/2059 MS: 1 EraseBytes-
#23166458	REDUCE cov: 190 ft: 1148 corp: 466/42Kb exec/s: 28778 rss: 518Mb L: 664/2059 MS: 1 EraseBytes-
#24342087	REDUCE cov: 190 ft: 1148 corp: 466/42Kb exec/s: 28944 rss: 518Mb L: 85/2059 MS: 1 EraseBytes-
#25201821	REDUCE cov: 190 ft: 1148 corp: 466/42Kb exec/s: 29101 rss: 518Mb L: 656/2059 MS: 1 EraseBytes-
#25242854	REDUCE cov: 190 ft: 1148 corp: 466/42Kb exec/s: 29115 rss: 518Mb L: 80/2059 MS: 1 EraseBytes-
#25635370	REDUCE cov: 190 ft: 1148 corp: 466/42Kb exec/s: 29164 rss: 518Mb L: 642/2059 MS: 1 EraseBytes-
#26007706	REDUCE cov: 190 ft: 1148 corp: 466/42Kb exec/s: 29189 rss: 518Mb L: 78/2059 MS: 1 EraseBytes-
#26359362	REDUCE cov: 190 ft: 1148 corp: 466/42Kb exec/s: 29255 rss: 518Mb L: 627/2059 MS: 1 EraseBytes-
#26362609	REDUCE cov: 190 ft: 1148 corp: 466/42Kb exec/s: 29259 rss: 518Mb L: 626/2059 MS: 2 CopyPart-EraseBytes-
#26667484	REDUCE cov: 190 ft: 1148 corp: 466/42Kb exec/s: 29304 rss: 518Mb L: 615/2059 MS: 1 EraseBytes-
#26791096	REDUCE cov: 190 ft: 1148 corp: 466/42Kb exec/s: 29311 rss: 518Mb L: 612/2059 MS: 1 EraseBytes-
#26821369	REDUCE cov: 190 ft: 1148 corp: 466/42Kb exec/s: 29312 rss: 518Mb L: 608/2059 MS: 1 EraseBytes-
#27152637	REDUCE cov: 190 ft: 1148 corp: 466/42Kb exec/s: 29354 rss: 518Mb L: 606/2059 MS: 1 EraseBytes-
#27233067	REDUCE cov: 190 ft: 1148 corp: 466/42Kb exec/s: 29377 rss: 518Mb L: 76/2059 MS: 1 EraseBytes-
#27314912	REDUCE cov: 190 ft: 1148 corp: 466/42Kb exec/s: 29370 rss: 518Mb L: 569/2059 MS: 1 EraseBytes-
#27646701	REDUCE cov: 190 ft: 1148 corp: 466/42Kb exec/s: 29411 rss: 518Mb L: 75/2059 MS: 1 EraseBytes-
#27737186	REDUCE cov: 190 ft: 1148 corp: 466/42Kb exec/s: 29444 rss: 518Mb L: 73/2059 MS: 1 EraseBytes-
#27833526	REDUCE cov: 190 ft: 1148 corp: 466/42Kb exec/s: 29453 rss: 518Mb L: 71/2059 MS: 2 CopyPart-EraseBytes-
#27875227	REDUCE cov: 190 ft: 1148 corp: 466/42Kb exec/s: 29435 rss: 518Mb L: 70/2059 MS: 1 EraseBytes-
#28270057	REDUCE cov: 190 ft: 1148 corp: 466/42Kb exec/s: 29478 rss: 518Mb L: 561/2059 MS: 1 EraseBytes-
#28763906	REDUCE cov: 190 ft: 1148 corp: 466/42Kb exec/s: 29562 rss: 518Mb L: 552/2059 MS: 1 EraseBytes-
#28938294	REDUCE cov: 190 ft: 1148 corp: 466/42Kb exec/s: 29589 rss: 518Mb L: 542/2059 MS: 1 EraseBytes-
#29030212	REDUCE cov: 190 ft: 1148 corp: 466/42Kb exec/s: 29592 rss: 518Mb L: 67/2059 MS: 1 EraseBytes-
#29491729	REDUCE cov: 190 ft: 1148 corp: 466/42Kb exec/s: 29639 rss: 518Mb L: 533/2059 MS: 1 EraseBytes-
#29802090	REDUCE cov: 190 ft: 1148 corp: 466/42Kb exec/s: 29683 rss: 518Mb L: 65/2059 MS: 1 EraseBytes-
#29920445	REDUCE cov: 190 ft: 1148 corp: 466/42Kb exec/s: 29682 rss: 518Mb L: 742/2059 MS: 2 ShuffleBytes-EraseBytes-
#29964704	REDUCE cov: 190 ft: 1148 corp: 466/42Kb exec/s: 29697 rss: 518Mb L: 530/2059 MS: 1 EraseBytes-
#30550639	REDUCE cov: 190 ft: 1148 corp: 466/42Kb exec/s: 29718 rss: 518Mb L: 64/2059 MS: 1 EraseBytes-
#31685628	REDUCE cov: 190 ft: 1148 corp: 466/42Kb exec/s: 29835 rss: 518Mb L: 61/2059 MS: 4 ChangeBit-InsertRepeatedBytes-PersAutoDict-EraseBytes- DE: "\x01 "-
#31727744	REDUCE cov: 190 ft: 1148 corp: 466/42Kb exec/s: 29847 rss: 518Mb L: 517/2059 MS: 1 EraseBytes-
#32028906	REDUCE cov: 190 ft: 1148 corp: 466/42Kb exec/s: 29877 rss: 518Mb L: 60/2059 MS: 1 EraseBytes-
#32939826	REDUCE cov: 190 ft: 1148 corp: 466/42Kb exec/s: 29972 rss: 518Mb L: 59/2059 MS: 1 EraseBytes-
#33554432	pulse  cov: 190 ft: 1148 corp: 466/42Kb exec/s: 30012 rss: 518Mb
#33972080	REDUCE cov: 190 ft: 1148 corp: 466/42Kb exec/s: 30037 rss: 518Mb L: 508/2059 MS: 1 EraseBytes-
#35138205	REDUCE cov: 190 ft: 1148 corp: 466/42Kb exec/s: 30161 rss: 518Mb L: 502/2059 MS: 1 EraseBytes-
#35253765	REDUCE cov: 190 ft: 1148 corp: 466/42Kb exec/s: 30157 rss: 518Mb L: 499/2059 MS: 1 EraseBytes-
#35330729	REDUCE cov: 190 ft: 1148 corp: 466/42Kb exec/s: 30171 rss: 518Mb L: 490/2059 MS: 1 EraseBytes-
#35614353	REDUCE cov: 190 ft: 1148 corp: 466/42Kb exec/s: 30181 rss: 518Mb L: 485/2059 MS: 1 EraseBytes-
#35839762	REDUCE cov: 190 ft: 1148 corp: 466/42Kb exec/s: 30193 rss: 518Mb L: 482/2059 MS: 1 EraseBytes-
#36380841	REDUCE cov: 190 ft: 1148 corp: 466/42Kb exec/s: 30241 rss: 518Mb L: 58/2059 MS: 1 EraseBytes-
#36440866	REDUCE cov: 190 ft: 1148 corp: 466/42Kb exec/s: 30266 rss: 518Mb L: 477/2059 MS: 2 CopyPart-EraseBytes-
#36679886	REDUCE cov: 190 ft: 1148 corp: 466/42Kb exec/s: 30263 rss: 518Mb L: 471/2059 MS: 1 EraseBytes-
#37479368	REDUCE cov: 190 ft: 1148 corp: 466/42Kb exec/s: 30347 rss: 518Mb L: 458/2059 MS: 1 EraseBytes-
#37873005	REDUCE cov: 190 ft: 1148 corp: 466/42Kb exec/s: 30371 rss: 518Mb L: 536/2059 MS: 3 CMP-CopyPart-EraseBytes- DE: "\x010"-
#38765278	REDUCE cov: 190 ft: 1148 corp: 466/42Kb exec/s: 30428 rss: 518Mb L: 454/2059 MS: 1 EraseBytes-
#39303689	REDUCE cov: 190 ft: 1148 corp: 466/42Kb exec/s: 30467 rss: 518Mb L: 445/2059 MS: 1 EraseBytes-
#39496327	REDUCE cov: 190 ft: 1148 corp: 466/42Kb exec/s: 30475 rss: 518Mb L: 434/2059 MS: 1 EraseBytes-
#39732125	REDUCE cov: 190 ft: 1148 corp: 466/42Kb exec/s: 30492 rss: 518Mb L: 425/2059 MS: 1 EraseBytes-
#40341223	REDUCE cov: 190 ft: 1148 corp: 466/42Kb exec/s: 30538 rss: 518Mb L: 57/2059 MS: 1 EraseBytes-
#41119395	REDUCE cov: 190 ft: 1148 corp: 466/42Kb exec/s: 30572 rss: 518Mb L: 423/2059 MS: 1 EraseBytes-
#41527338	REDUCE cov: 190 ft: 1148 corp: 466/42Kb exec/s: 30579 rss: 518Mb L: 416/2059 MS: 1 EraseBytes-
#41711430	REDUCE cov: 190 ft: 1148 corp: 466/42Kb exec/s: 30602 rss: 518Mb L: 402/2059 MS: 1 EraseBytes-
#42227379	REDUCE cov: 190 ft: 1148 corp: 466/42Kb exec/s: 30621 rss: 518Mb L: 397/2059 MS: 1 EraseBytes-
#42648198	REDUCE cov: 190 ft: 1148 corp: 466/42Kb exec/s: 30660 rss: 518Mb L: 741/2059 MS: 1 EraseBytes-
#42651285	REDUCE cov: 190 ft: 1148 corp: 466/42Kb exec/s: 30662 rss: 518Mb L: 165/2059 MS: 2 EraseBytes-CopyPart-
#43326960	REDUCE cov: 190 ft: 1148 corp: 466/42Kb exec/s: 30684 rss: 518Mb L: 392/2059 MS: 1 EraseBytes-
#43467918	REDUCE cov: 190 ft: 1148 corp: 466/42Kb exec/s: 30697 rss: 518Mb L: 376/2059 MS: 1 EraseBytes-
#44638906	REDUCE cov: 190 ft: 1148 corp: 466/42Kb exec/s: 30743 rss: 518Mb L: 164/2059 MS: 2 ChangeASCIIInt-EraseBytes-
#46326086	REDUCE cov: 190 ft: 1148 corp: 466/42Kb exec/s: 30842 rss: 518Mb L: 372/2059 MS: 1 EraseBytes-
#47090948	REDUCE cov: 190 ft: 1148 corp: 466/42Kb exec/s: 30859 rss: 518Mb L: 370/2059 MS: 1 EraseBytes-
#48191476	REDUCE cov: 190 ft: 1148 corp: 466/42Kb exec/s: 30911 rss: 518Mb L: 535/2059 MS: 1 EraseBytes-
#48660212	REDUCE cov: 190 ft: 1148 corp: 466/42Kb exec/s: 30934 rss: 518Mb L: 56/2059 MS: 1 EraseBytes-
#48736896	REDUCE cov: 190 ft: 1148 corp: 466/42Kb exec/s: 30924 rss: 518Mb L: 783/2059 MS: 1 EraseBytes-
#49068987	REDUCE cov: 190 ft: 1148 corp: 466/42Kb exec/s: 30938 rss: 518Mb L: 363/2059 MS: 1 EraseBytes-
#49148484	REDUCE cov: 190 ft: 1148 corp: 466/42Kb exec/s: 30930 rss: 518Mb L: 361/2059 MS: 1 EraseBytes-
#50333528	REDUCE cov: 190 ft: 1148 corp: 466/42Kb exec/s: 30974 rss: 518Mb L: 347/2059 MS: 1 EraseBytes-
#50892644	REDUCE cov: 190 ft: 1148 corp: 466/42Kb exec/s: 30994 rss: 518Mb L: 344/2059 MS: 1 EraseBytes-
#51051019	REDUCE cov: 190 ft: 1148 corp: 466/42Kb exec/s: 30996 rss: 518Mb L: 342/2059 MS: 1 EraseBytes-
#51562070	REDUCE cov: 190 ft: 1148 corp: 466/42Kb exec/s: 31005 rss: 518Mb L: 333/2059 MS: 1 EraseBytes-
#51874726	REDUCE cov: 190 ft: 1148 corp: 466/42Kb exec/s: 31025 rss: 518Mb L: 315/2059 MS: 2 EraseBytes-CopyPart-
#52112933	REDUCE cov: 190 ft: 1148 corp: 466/42Kb exec/s: 31019 rss: 518Mb L: 298/2059 MS: 1 EraseBytes-
#52255635	REDUCE cov: 190 ft: 1148 corp: 466/42Kb exec/s: 31030 rss: 518Mb L: 296/2059 MS: 1 EraseBytes-
#52463505	REDUCE cov: 190 ft: 1148 corp: 466/42Kb exec/s: 31043 rss: 518Mb L: 55/2059 MS: 1 EraseBytes-
#52512606	REDUCE cov: 190 ft: 1148 corp: 466/42Kb exec/s: 31035 rss: 518Mb L: 291/2059 MS: 1 EraseBytes-
#54977603	REDUCE cov: 190 ft: 1148 corp: 466/42Kb exec/s: 31113 rss: 518Mb L: 288/2059 MS: 1 EraseBytes-
#55636855	REDUCE cov: 190 ft: 1148 corp: 466/42Kb exec/s: 31116 rss: 518Mb L: 287/2059 MS: 2 InsertByte-EraseBytes-
#56444308	REDUCE cov: 190 ft: 1148 corp: 466/42Kb exec/s: 31115 rss: 518Mb L: 284/2059 MS: 1 EraseBytes-
#57507950	REDUCE cov: 190 ft: 1148 corp: 466/42Kb exec/s: 31119 rss: 518Mb L: 279/2059 MS: 1 EraseBytes-
#58513522	REDUCE cov: 190 ft: 1148 corp: 466/42Kb exec/s: 31107 rss: 518Mb L: 740/2059 MS: 3 ShuffleBytes-CopyPart-EraseBytes-
#58643132	REDUCE cov: 190 ft: 1148 corp: 466/42Kb exec/s: 31093 rss: 518Mb L: 39/2059 MS: 2 CopyPart-EraseBytes-
#59071958	REDUCE cov: 190 ft: 1148 corp: 466/42Kb exec/s: 31057 rss: 518Mb L: 54/2059 MS: 1 EraseBytes-
#60197053	REDUCE cov: 190 ft: 1148 corp: 466/42Kb exec/s: 31013 rss: 518Mb L: 278/2059 MS: 1 EraseBytes-
#61000699	REDUCE cov: 190 ft: 1148 corp: 466/42Kb exec/s: 30996 rss: 518Mb L: 1386/2059 MS: 2 CrossOver-EraseBytes-
#61013871	REDUCE cov: 190 ft: 1148 corp: 466/42Kb exec/s: 30987 rss: 518Mb L: 1282/2059 MS: 2 ChangeASCIIInt-EraseBytes-
#61143700	REDUCE cov: 190 ft: 1148 corp: 466/42Kb exec/s: 30990 rss: 518Mb L: 273/2059 MS: 1 EraseBytes-
#61170727	REDUCE cov: 190 ft: 1148 corp: 466/42Kb exec/s: 30988 rss: 518Mb L: 1252/2059 MS: 1 EraseBytes-
#61198686	REDUCE cov: 190 ft: 1148 corp: 466/42Kb exec/s: 30986 rss: 518Mb L: 1186/2059 MS: 3 CopyPart-ShuffleBytes-EraseBytes-
#61227559	REDUCE cov: 190 ft: 1148 corp: 466/42Kb exec/s: 30985 rss: 518Mb L: 263/2059 MS: 1 EraseBytes-
#61254463	REDUCE cov: 190 ft: 1148 corp: 466/42Kb exec/s: 30983 rss: 518Mb L: 1179/2059 MS: 2 InsertRepeatedBytes-EraseBytes-
#61259350	REDUCE cov: 190 ft: 1148 corp: 466/42Kb exec/s: 30986 rss: 518Mb L: 1112/2059 MS: 2 ChangeASCIIInt-EraseBytes-
#61308426	REDUCE cov: 190 ft: 1148 corp: 466/42Kb exec/s: 30979 rss: 518Mb L: 1088/2059 MS: 1 EraseBytes-
#61365702	REDUCE cov: 190 ft: 1148 corp: 466/41Kb exec/s: 30977 rss: 518Mb L: 909/2059 MS: 1 EraseBytes-
#61379283	REDUCE cov: 190 ft: 1148 corp: 466/41Kb exec/s: 30968 rss: 518Mb L: 905/2059 MS: 1 EraseBytes-
#61432298	REDUCE cov: 190 ft: 1148 corp: 466/41Kb exec/s: 30979 rss: 518Mb L: 900/2059 MS: 1 EraseBytes-
#61472957	REDUCE cov: 190 ft: 1148 corp: 466/41Kb exec/s: 30968 rss: 518Mb L: 861/2059 MS: 2 CopyPart-EraseBytes-
#61820049	REDUCE cov: 190 ft: 1148 corp: 466/41Kb exec/s: 30971 rss: 518Mb L: 856/2059 MS: 1 EraseBytes-
#62412556	REDUCE cov: 190 ft: 1148 corp: 466/41Kb exec/s: 30943 rss: 518Mb L: 836/2059 MS: 2 EraseBytes-CopyPart-
#62419017	REDUCE cov: 190 ft: 1148 corp: 466/41Kb exec/s: 30946 rss: 518Mb L: 262/2059 MS: 1 EraseBytes-
#62857261	REDUCE cov: 190 ft: 1148 corp: 466/41Kb exec/s: 30948 rss: 518Mb L: 817/2059 MS: 4 ChangeASCIIInt-ChangeBit-ChangeBit-EraseBytes-
#62943251	REDUCE cov: 190 ft: 1148 corp: 466/41Kb exec/s: 30945 rss: 518Mb L: 162/2059 MS: 2 CopyPart-EraseBytes-
#63332668	REDUCE cov: 190 ft: 1148 corp: 466/41Kb exec/s: 30939 rss: 518Mb L: 809/2059 MS: 1 EraseBytes-
#63439987	REDUCE cov: 190 ft: 1148 corp: 466/41Kb exec/s: 30931 rss: 518Mb L: 161/2059 MS: 2 EraseBytes-CopyPart-
#64103645	REDUCE cov: 190 ft: 1148 corp: 466/41Kb exec/s: 30938 rss: 518Mb L: 38/2059 MS: 1 EraseBytes-
#64167402	REDUCE cov: 190 ft: 1148 corp: 466/41Kb exec/s: 30938 rss: 518Mb L: 160/2059 MS: 1 EraseBytes-
#64695030	REDUCE cov: 190 ft: 1148 corp: 466/41Kb exec/s: 30954 rss: 518Mb L: 762/2059 MS: 2 CopyPart-EraseBytes-
#64754997	REDUCE cov: 190 ft: 1148 corp: 466/41Kb exec/s: 30953 rss: 518Mb L: 159/2059 MS: 1 EraseBytes-
#65032433	REDUCE cov: 190 ft: 1148 corp: 466/41Kb exec/s: 30953 rss: 518Mb L: 757/2059 MS: 1 EraseBytes-
#65039489	REDUCE cov: 190 ft: 1148 corp: 466/41Kb exec/s: 30956 rss: 518Mb L: 157/2059 MS: 1 EraseBytes-
#65141161	REDUCE cov: 190 ft: 1148 corp: 466/41Kb exec/s: 30960 rss: 518Mb L: 749/2059 MS: 1 EraseBytes-
#65357894	REDUCE cov: 190 ft: 1148 corp: 466/41Kb exec/s: 30960 rss: 518Mb L: 257/2059 MS: 1 EraseBytes-
#65440632	REDUCE cov: 190 ft: 1148 corp: 466/41Kb exec/s: 30970 rss: 518Mb L: 745/2059 MS: 1 EraseBytes-
#66025305	REDUCE cov: 190 ft: 1148 corp: 466/41Kb exec/s: 30968 rss: 518Mb L: 255/2059 MS: 1 EraseBytes-
#66522853	REDUCE cov: 190 ft: 1148 corp: 466/41Kb exec/s: 30984 rss: 518Mb L: 246/2059 MS: 1 EraseBytes-
#66674750	REDUCE cov: 190 ft: 1148 corp: 466/41Kb exec/s: 30982 rss: 518Mb L: 240/2059 MS: 1 EraseBytes-
#66868168	REDUCE cov: 190 ft: 1148 corp: 466/41Kb exec/s: 30986 rss: 518Mb L: 739/2059 MS: 1 EraseBytes-
#67108864	pulse  cov: 190 ft: 1148 corp: 466/41Kb exec/s: 30997 rss: 518Mb
#67109520	REDUCE cov: 190 ft: 1148 corp: 466/41Kb exec/s: 30997 rss: 518Mb L: 233/2059 MS: 1 EraseBytes-
#67183823	REDUCE cov: 190 ft: 1148 corp: 466/41Kb exec/s: 30988 rss: 518Mb L: 738/2059 MS: 1 EraseBytes-
#67292167	REDUCE cov: 190 ft: 1148 corp: 466/41Kb exec/s: 30995 rss: 518Mb L: 736/2059 MS: 2 EraseBytes-CopyPart-
#67312193	REDUCE cov: 190 ft: 1148 corp: 466/41Kb exec/s: 31005 rss: 518Mb L: 228/2059 MS: 1 EraseBytes-
#67550272	REDUCE cov: 190 ft: 1148 corp: 466/41Kb exec/s: 31000 rss: 518Mb L: 687/2059 MS: 2 ChangeBit-EraseBytes-
#68212032	REDUCE cov: 190 ft: 1148 corp: 466/41Kb exec/s: 31019 rss: 518Mb L: 683/2059 MS: 2 CopyPart-EraseBytes-
#68544701	REDUCE cov: 190 ft: 1148 corp: 466/41Kb exec/s: 31029 rss: 518Mb L: 737/2059 MS: 1 EraseBytes-
#69133155	REDUCE cov: 190 ft: 1148 corp: 466/41Kb exec/s: 31043 rss: 518Mb L: 221/2059 MS: 2 ChangeBinInt-EraseBytes-
#69622565	REDUCE cov: 190 ft: 1148 corp: 466/41Kb exec/s: 31053 rss: 518Mb L: 219/2059 MS: 1 EraseBytes-
#71335961	REDUCE cov: 190 ft: 1148 corp: 466/41Kb exec/s: 31069 rss: 518Mb L: 671/2059 MS: 3 ShuffleBytes-ChangeASCIIInt-EraseBytes-
#71520880	REDUCE cov: 190 ft: 1148 corp: 466/41Kb exec/s: 31082 rss: 518Mb L: 213/2059 MS: 3 ChangeBinInt-ShuffleBytes-EraseBytes-
#73142464	REDUCE cov: 190 ft: 1148 corp: 466/41Kb exec/s: 31111 rss: 518Mb L: 209/2059 MS: 1 EraseBytes-
#73147915	REDUCE cov: 190 ft: 1148 corp: 466/41Kb exec/s: 31113 rss: 518Mb L: 206/2059 MS: 1 EraseBytes-
#75843877	REDUCE cov: 190 ft: 1148 corp: 466/41Kb exec/s: 31160 rss: 518Mb L: 651/2059 MS: 2 EraseBytes-CopyPart-
#76010408	REDUCE cov: 190 ft: 1148 corp: 466/41Kb exec/s: 31164 rss: 518Mb L: 202/2059 MS: 1 EraseBytes-
#76335318	REDUCE cov: 190 ft: 1148 corp: 466/41Kb exec/s: 31169 rss: 518Mb L: 736/2059 MS: 1 EraseBytes-
#76386001	REDUCE cov: 190 ft: 1148 corp: 466/41Kb exec/s: 31177 rss: 518Mb L: 534/2059 MS: 1 EraseBytes-
#76877823	REDUCE cov: 190 ft: 1148 corp: 466/41Kb exec/s: 31175 rss: 518Mb L: 646/2059 MS: 1 EraseBytes-
#77083646	REDUCE cov: 190 ft: 1148 corp: 466/41Kb exec/s: 31182 rss: 518Mb L: 642/2059 MS: 2 ChangeBit-EraseBytes-
#77446985	REDUCE cov: 190 ft: 1148 corp: 466/41Kb exec/s: 31190 rss: 518Mb L: 195/2059 MS: 1 EraseBytes-
#77646493	REDUCE cov: 190 ft: 1148 corp: 466/41Kb exec/s: 31195 rss: 518Mb L: 735/2059 MS: 1 EraseBytes-
#77836090	REDUCE cov: 190 ft: 1148 corp: 466/41Kb exec/s: 31196 rss: 518Mb L: 638/2059 MS: 1 EraseBytes-
#78360926	REDUCE cov: 190 ft: 1148 corp: 466/41Kb exec/s: 31207 rss: 518Mb L: 193/2059 MS: 2 ChangeByte-EraseBytes-
#78728009	REDUCE cov: 190 ft: 1148 corp: 466/41Kb exec/s: 31204 rss: 518Mb L: 189/2059 MS: 1 EraseBytes-
#79331190	REDUCE cov: 190 ft: 1148 corp: 466/41Kb exec/s: 31220 rss: 518Mb L: 533/2059 MS: 1 EraseBytes-
#80541477	REDUCE cov: 190 ft: 1148 corp: 466/41Kb exec/s: 31241 rss: 518Mb L: 156/2059 MS: 2 ChangeASCIIInt-EraseBytes-
#81986506	REDUCE cov: 190 ft: 1148 corp: 466/41Kb exec/s: 31268 rss: 518Mb L: 637/2059 MS: 1 EraseBytes-
#83342419	REDUCE cov: 190 ft: 1148 corp: 466/41Kb exec/s: 31296 rss: 518Mb L: 187/2059 MS: 1 EraseBytes-
#84896000	REDUCE cov: 190 ft: 1148 corp: 466/41Kb exec/s: 31315 rss: 518Mb L: 185/2059 MS: 1 EraseBytes-
#86671161	REDUCE cov: 190 ft: 1148 corp: 466/41Kb exec/s: 31334 rss: 518Mb L: 734/2059 MS: 2 ChangeASCIIInt-EraseBytes-
#86748141	REDUCE cov: 190 ft: 1148 corp: 466/41Kb exec/s: 31339 rss: 518Mb L: 183/2059 MS: 1 EraseBytes-
#87466094	REDUCE cov: 190 ft: 1148 corp: 466/41Kb exec/s: 31338 rss: 518Mb L: 635/2059 MS: 1 EraseBytes-
#88346525	REDUCE cov: 190 ft: 1148 corp: 466/41Kb exec/s: 31350 rss: 518Mb L: 151/2059 MS: 2 CopyPart-EraseBytes-
#88834825	REDUCE cov: 190 ft: 1148 corp: 466/41Kb exec/s: 31346 rss: 518Mb L: 179/2059 MS: 1 EraseBytes-
#89035475	REDUCE cov: 190 ft: 1148 corp: 466/41Kb exec/s: 31350 rss: 518Mb L: 148/2059 MS: 1 EraseBytes-
#89390974	REDUCE cov: 190 ft: 1148 corp: 466/41Kb exec/s: 31354 rss: 518Mb L: 177/2059 MS: 1 EraseBytes-
#90557980	REDUCE cov: 190 ft: 1148 corp: 466/41Kb exec/s: 31367 rss: 518Mb L: 733/2059 MS: 1 EraseBytes-
#91409377	REDUCE cov: 190 ft: 1148 corp: 466/41Kb exec/s: 31369 rss: 518Mb L: 176/2059 MS: 1 EraseBytes-
#91709109	REDUCE cov: 190 ft: 1148 corp: 466/41Kb exec/s: 31374 rss: 518Mb L: 627/2059 MS: 1 EraseBytes-
#91871702	REDUCE cov: 190 ft: 1148 corp: 466/41Kb exec/s: 31376 rss: 518Mb L: 732/2059 MS: 1 EraseBytes-
#92301272	REDUCE cov: 190 ft: 1148 corp: 466/41Kb exec/s: 31384 rss: 518Mb L: 173/2059 MS: 1 EraseBytes-
#92339155	REDUCE cov: 190 ft: 1148 corp: 466/41Kb exec/s: 31375 rss: 518Mb L: 623/2059 MS: 1 EraseBytes-
#93740431	REDUCE cov: 190 ft: 1148 corp: 466/41Kb exec/s: 31393 rss: 518Mb L: 170/2059 MS: 1 EraseBytes-
#93943684	REDUCE cov: 190 ft: 1148 corp: 466/41Kb exec/s: 31398 rss: 518Mb L: 138/2059 MS: 3 ChangeASCIIInt-EraseBytes-CopyPart-
#97292386	REDUCE cov: 190 ft: 1148 corp: 466/41Kb exec/s: 31435 rss: 518Mb L: 135/2059 MS: 1 EraseBytes-
#98873946	REDUCE cov: 190 ft: 1148 corp: 466/41Kb exec/s: 31458 rss: 518Mb L: 133/2059 MS: 1 EraseBytes-
#98949293	REDUCE cov: 190 ft: 1148 corp: 466/41Kb exec/s: 31452 rss: 518Mb L: 132/2059 MS: 1 EraseBytes-
#99200844	REDUCE cov: 190 ft: 1148 corp: 466/41Kb exec/s: 31462 rss: 518Mb L: 130/2059 MS: 5 InsertByte-ChangeASCIIInt-CMP-EraseBytes-CopyPart- DE: "use_value_profile"-
#99229082	REDUCE cov: 190 ft: 1148 corp: 466/41Kb exec/s: 31461 rss: 518Mb L: 168/2059 MS: 1 EraseBytes-
#99518027	REDUCE cov: 190 ft: 1148 corp: 466/41Kb exec/s: 31463 rss: 518Mb L: 165/2059 MS: 1 EraseBytes-
#99536429	REDUCE cov: 190 ft: 1148 corp: 466/41Kb exec/s: 31459 rss: 518Mb L: 616/2059 MS: 1 EraseBytes-
#99842013	REDUCE cov: 190 ft: 1148 corp: 466/41Kb exec/s: 31466 rss: 518Mb L: 164/2059 MS: 1 EraseBytes-
#99937040	REDUCE cov: 190 ft: 1148 corp: 466/41Kb exec/s: 31466 rss: 518Mb L: 162/2059 MS: 1 EraseBytes-
#100763887	REDUCE cov: 190 ft: 1148 corp: 466/41Kb exec/s: 31478 rss: 518Mb L: 124/2059 MS: 1 EraseBytes-
#102066845	REDUCE cov: 190 ft: 1148 corp: 466/41Kb exec/s: 31492 rss: 518Mb L: 37/2059 MS: 1 EraseBytes-
#102140130	REDUCE cov: 190 ft: 1148 corp: 466/41Kb exec/s: 31495 rss: 518Mb L: 123/2059 MS: 1 EraseBytes-
#102209848	REDUCE cov: 190 ft: 1148 corp: 466/41Kb exec/s: 31497 rss: 518Mb L: 118/2059 MS: 1 EraseBytes-
#102431392	REDUCE cov: 190 ft: 1148 corp: 466/41Kb exec/s: 31497 rss: 518Mb L: 116/2059 MS: 1 EraseBytes-
#104092368	REDUCE cov: 190 ft: 1148 corp: 466/41Kb exec/s: 31504 rss: 518Mb L: 114/2059 MS: 1 EraseBytes-
#105171527	REDUCE cov: 190 ft: 1148 corp: 466/41Kb exec/s: 31516 rss: 518Mb L: 605/2059 MS: 2 EraseBytes-CopyPart-
#105219869	REDUCE cov: 190 ft: 1148 corp: 466/41Kb exec/s: 31512 rss: 518Mb L: 159/2059 MS: 1 EraseBytes-
#110480052	REDUCE cov: 190 ft: 1148 corp: 466/41Kb exec/s: 31556 rss: 518Mb L: 777/2059 MS: 1 EraseBytes-
#110780821	REDUCE cov: 190 ft: 1148 corp: 466/41Kb exec/s: 31552 rss: 518Mb L: 158/2059 MS: 1 EraseBytes-
#113083254	REDUCE cov: 190 ft: 1148 corp: 466/41Kb exec/s: 31578 rss: 518Mb L: 113/2059 MS: 4 CopyPart-ChangeBit-ShuffleBytes-EraseBytes-
#114171480	REDUCE cov: 190 ft: 1148 corp: 466/41Kb exec/s: 31565 rss: 518Mb L: 155/2059 MS: 1 EraseBytes-
#115029239	REDUCE cov: 190 ft: 1148 corp: 466/41Kb exec/s: 31558 rss: 518Mb L: 731/2059 MS: 1 EraseBytes-
#115326836	REDUCE cov: 190 ft: 1148 corp: 466/41Kb exec/s: 31553 rss: 518Mb L: 154/2059 MS: 1 EraseBytes-
#115350742	REDUCE cov: 190 ft: 1148 corp: 466/41Kb exec/s: 31551 rss: 518Mb L: 730/2059 MS: 1 EraseBytes-
#116611650	REDUCE cov: 190 ft: 1148 corp: 466/41Kb exec/s: 31533 rss: 518Mb L: 153/2059 MS: 1 EraseBytes-
#117615363	REDUCE cov: 190 ft: 1148 corp: 466/41Kb exec/s: 31506 rss: 518Mb L: 112/2059 MS: 1 EraseBytes-
#118124738	REDUCE cov: 190 ft: 1148 corp: 466/41Kb exec/s: 31499 rss: 518Mb L: 150/2059 MS: 1 EraseBytes-
#118508027	REDUCE cov: 190 ft: 1148 corp: 466/41Kb exec/s: 31492 rss: 518Mb L: 603/2059 MS: 1 EraseBytes-
#119292417	REDUCE cov: 190 ft: 1148 corp: 466/41Kb exec/s: 31475 rss: 518Mb L: 148/2059 MS: 1 EraseBytes-
#119482078	REDUCE cov: 190 ft: 1148 corp: 466/41Kb exec/s: 31467 rss: 518Mb L: 108/2059 MS: 2 CopyPart-EraseBytes-
#119557615	REDUCE cov: 190 ft: 1148 corp: 466/41Kb exec/s: 31470 rss: 518Mb L: 599/2059 MS: 1 EraseBytes-
#119646438	REDUCE cov: 190 ft: 1148 corp: 466/41Kb exec/s: 31469 rss: 518Mb L: 107/2059 MS: 1 EraseBytes-
#121857833	REDUCE cov: 190 ft: 1148 corp: 466/41Kb exec/s: 31471 rss: 518Mb L: 147/2059 MS: 1 EraseBytes-
#122057356	REDUCE cov: 190 ft: 1148 corp: 466/41Kb exec/s: 31466 rss: 518Mb L: 104/2059 MS: 1 EraseBytes-
#122772524	REDUCE cov: 190 ft: 1148 corp: 466/41Kb exec/s: 31455 rss: 518Mb L: 53/2059 MS: 1 EraseBytes-
#124399188	REDUCE cov: 190 ft: 1148 corp: 466/41Kb exec/s: 31461 rss: 518Mb L: 729/2059 MS: 1 EraseBytes-
#125039330	REDUCE cov: 190 ft: 1148 corp: 466/41Kb exec/s: 31464 rss: 518Mb L: 101/2059 MS: 1 EraseBytes-
#125804650	REDUCE cov: 190 ft: 1148 corp: 466/41Kb exec/s: 31474 rss: 518Mb L: 728/2059 MS: 1 EraseBytes-
#128288332	REDUCE cov: 190 ft: 1148 corp: 466/41Kb exec/s: 31497 rss: 518Mb L: 727/2059 MS: 1 EraseBytes-
#129155773	REDUCE cov: 190 ft: 1148 corp: 466/41Kb exec/s: 31501 rss: 518Mb L: 524/2059 MS: 1 EraseBytes-
#129210772	REDUCE cov: 190 ft: 1148 corp: 466/41Kb exec/s: 31507 rss: 518Mb L: 100/2059 MS: 2 ShuffleBytes-EraseBytes-
#129416969	REDUCE cov: 190 ft: 1148 corp: 466/41Kb exec/s: 31503 rss: 518Mb L: 99/2059 MS: 1 EraseBytes-
#131753474	REDUCE cov: 190 ft: 1148 corp: 466/41Kb exec/s: 31519 rss: 518Mb L: 98/2059 MS: 1 EraseBytes-
#133127021	REDUCE cov: 190 ft: 1148 corp: 466/41Kb exec/s: 31531 rss: 518Mb L: 97/2059 MS: 1 EraseBytes-
#134161635	REDUCE cov: 190 ft: 1148 corp: 466/41Kb exec/s: 31545 rss: 518Mb L: 596/2059 MS: 1 EraseBytes-
#134217728	pulse  cov: 190 ft: 1148 corp: 466/41Kb exec/s: 31543 rss: 518Mb
#134307898	REDUCE cov: 190 ft: 1148 corp: 466/41Kb exec/s: 31542 rss: 518Mb L: 586/2059 MS: 1 EraseBytes-
#134638666	REDUCE cov: 190 ft: 1148 corp: 466/41Kb exec/s: 31546 rss: 518Mb L: 96/2059 MS: 1 EraseBytes-
#135306062	REDUCE cov: 190 ft: 1148 corp: 466/41Kb exec/s: 31547 rss: 518Mb L: 95/2059 MS: 1 EraseBytes-
#135379699	REDUCE cov: 190 ft: 1148 corp: 466/41Kb exec/s: 31549 rss: 518Mb L: 144/2059 MS: 1 EraseBytes-
#136136113	REDUCE cov: 190 ft: 1148 corp: 466/41Kb exec/s: 31556 rss: 518Mb L: 723/2059 MS: 1 EraseBytes-
#137811720	REDUCE cov: 190 ft: 1148 corp: 466/41Kb exec/s: 31571 rss: 518Mb L: 722/2059 MS: 1 EraseBytes-
#138758847	REDUCE cov: 190 ft: 1148 corp: 466/41Kb exec/s: 31579 rss: 518Mb L: 94/2059 MS: 1 EraseBytes-
#140531438	REDUCE cov: 190 ft: 1148 corp: 466/41Kb exec/s: 31594 rss: 518Mb L: 90/2059 MS: 3 CopyPart-ChangeBinInt-EraseBytes-
#142460358	REDUCE cov: 190 ft: 1148 corp: 466/41Kb exec/s: 31608 rss: 518Mb L: 89/2059 MS: 1 EraseBytes-
#146835307	REDUCE cov: 190 ft: 1148 corp: 466/41Kb exec/s: 31631 rss: 518Mb L: 139/2059 MS: 1 EraseBytes-
#147234769	REDUCE cov: 190 ft: 1148 corp: 466/41Kb exec/s: 31629 rss: 518Mb L: 585/2059 MS: 1 EraseBytes-
#148450394	REDUCE cov: 190 ft: 1148 corp: 466/41Kb exec/s: 31639 rss: 518Mb L: 138/2059 MS: 1 EraseBytes-
#151586702	REDUCE cov: 190 ft: 1148 corp: 466/41Kb exec/s: 31666 rss: 518Mb L: 721/2059 MS: 1 EraseBytes-
#151829800	REDUCE cov: 190 ft: 1148 corp: 466/41Kb exec/s: 31670 rss: 518Mb L: 135/2059 MS: 1 EraseBytes-
#154881493	REDUCE cov: 190 ft: 1148 corp: 466/41Kb exec/s: 31692 rss: 518Mb L: 133/2059 MS: 1 EraseBytes-
#154936845	REDUCE cov: 190 ft: 1148 corp: 466/41Kb exec/s: 31690 rss: 518Mb L: 720/2059 MS: 1 EraseBytes-
#155892035	REDUCE cov: 190 ft: 1148 corp: 466/41Kb exec/s: 31698 rss: 518Mb L: 719/2059 MS: 1 EraseBytes-
#157436678	REDUCE cov: 190 ft: 1148 corp: 466/41Kb exec/s: 31709 rss: 518Mb L: 130/2059 MS: 1 EraseBytes-
#158027599	REDUCE cov: 190 ft: 1148 corp: 466/41Kb exec/s: 31706 rss: 518Mb L: 126/2059 MS: 1 EraseBytes-
#158683528	REDUCE cov: 190 ft: 1148 corp: 466/41Kb exec/s: 31717 rss: 518Mb L: 123/2059 MS: 1 EraseBytes-
#158922373	REDUCE cov: 190 ft: 1148 corp: 466/41Kb exec/s: 31714 rss: 518Mb L: 121/2059 MS: 1 EraseBytes-
#162006597	REDUCE cov: 190 ft: 1148 corp: 466/41Kb exec/s: 31741 rss: 518Mb L: 532/2059 MS: 3 CopyPart-ChangeByte-EraseBytes-
#167566213	REDUCE cov: 190 ft: 1148 corp: 466/41Kb exec/s: 31766 rss: 518Mb L: 584/2059 MS: 1 EraseBytes-
#167732394	REDUCE cov: 190 ft: 1148 corp: 466/41Kb exec/s: 31767 rss: 518Mb L: 120/2059 MS: 1 EraseBytes-
#170115945	REDUCE cov: 190 ft: 1148 corp: 466/41Kb exec/s: 31779 rss: 518Mb L: 583/2059 MS: 1 EraseBytes-
#171593836	REDUCE cov: 190 ft: 1148 corp: 466/41Kb exec/s: 31788 rss: 518Mb L: 88/2059 MS: 3 ChangeASCIIInt-ChangeASCIIInt-EraseBytes-
#173415287	REDUCE cov: 190 ft: 1148 corp: 466/41Kb exec/s: 31784 rss: 518Mb L: 119/2059 MS: 1 EraseBytes-
#176581750	REDUCE cov: 190 ft: 1148 corp: 466/41Kb exec/s: 31730 rss: 518Mb L: 118/2059 MS: 1 EraseBytes-
#177260287	REDUCE cov: 190 ft: 1148 corp: 466/41Kb exec/s: 31727 rss: 518Mb L: 117/2059 MS: 2 ShuffleBytes-EraseBytes-
#179482730	REDUCE cov: 190 ft: 1148 corp: 466/41Kb exec/s: 31705 rss: 518Mb L: 581/2059 MS: 1 EraseBytes-
#182508628	REDUCE cov: 190 ft: 1148 corp: 466/41Kb exec/s: 31713 rss: 518Mb L: 718/2059 MS: 1 EraseBytes-
#184101323	REDUCE cov: 190 ft: 1148 corp: 466/41Kb exec/s: 31719 rss: 518Mb L: 116/2059 MS: 1 EraseBytes-
#185800013	REDUCE cov: 190 ft: 1148 corp: 466/41Kb exec/s: 31733 rss: 518Mb L: 580/2059 MS: 1 EraseBytes-
#186533730	REDUCE cov: 190 ft: 1148 corp: 466/41Kb exec/s: 31739 rss: 518Mb L: 717/2059 MS: 1 EraseBytes-
#186878705	REDUCE cov: 190 ft: 1148 corp: 466/41Kb exec/s: 31738 rss: 518Mb L: 115/2059 MS: 1 EraseBytes-
#189803743	REDUCE cov: 190 ft: 1148 corp: 466/41Kb exec/s: 31750 rss: 518Mb L: 87/2059 MS: 3 CopyPart-ChangeBit-EraseBytes-
#192030389	REDUCE cov: 190 ft: 1148 corp: 466/41Kb exec/s: 31766 rss: 518Mb L: 86/2059 MS: 3 ChangeASCIIInt-ShuffleBytes-EraseBytes-
#193912641	REDUCE cov: 190 ft: 1148 corp: 466/41Kb exec/s: 31778 rss: 518Mb L: 579/2059 MS: 1 EraseBytes-
#197929087	REDUCE cov: 190 ft: 1148 corp: 466/41Kb exec/s: 31795 rss: 518Mb L: 114/2059 MS: 1 EraseBytes-
#198774794	REDUCE cov: 190 ft: 1148 corp: 466/41Kb exec/s: 31803 rss: 518Mb L: 113/2059 MS: 1 EraseBytes-
#199998163	REDUCE cov: 190 ft: 1148 corp: 466/41Kb exec/s: 31806 rss: 518Mb L: 575/2059 MS: 1 EraseBytes-
#202859273	REDUCE cov: 190 ft: 1148 corp: 466/41Kb exec/s: 31821 rss: 518Mb L: 716/2059 MS: 1 EraseBytes-
#208697897	REDUCE cov: 190 ft: 1148 corp: 466/41Kb exec/s: 31828 rss: 518Mb L: 112/2059 MS: 3 CopyPart-CMP-EraseBytes- DE: "[\x00"-
#209840561	REDUCE cov: 190 ft: 1148 corp: 466/41Kb exec/s: 31832 rss: 518Mb L: 715/2059 MS: 1 EraseBytes-
#212635923	REDUCE cov: 190 ft: 1148 corp: 466/41Kb exec/s: 31846 rss: 518Mb L: 389/2059 MS: 4 CopyPart-ChangeASCIIInt-EraseBytes-CopyPart-
#217217689	REDUCE cov: 190 ft: 1148 corp: 466/41Kb exec/s: 31868 rss: 518Mb L: 714/2059 MS: 3 ShuffleBytes-CopyPart-EraseBytes-
#217636466	REDUCE cov: 190 ft: 1148 corp: 466/41Kb exec/s: 31869 rss: 518Mb L: 713/2059 MS: 1 EraseBytes-
#217641352	REDUCE cov: 190 ft: 1148 corp: 466/41Kb exec/s: 31870 rss: 518Mb L: 572/2059 MS: 1 EraseBytes-
#218458644	REDUCE cov: 190 ft: 1148 corp: 466/41Kb exec/s: 31873 rss: 518Mb L: 197/2059 MS: 1 EraseBytes-
#220753902	REDUCE cov: 190 ft: 1148 corp: 466/41Kb exec/s: 31882 rss: 518Mb L: 111/2059 MS: 1 EraseBytes-
#222242511	REDUCE cov: 190 ft: 1148 corp: 466/41Kb exec/s: 31885 rss: 518Mb L: 570/2059 MS: 1 EraseBytes-
#222538830	REDUCE cov: 190 ft: 1148 corp: 466/41Kb exec/s: 31886 rss: 518Mb L: 110/2059 MS: 1 EraseBytes-
#224229822	REDUCE cov: 190 ft: 1148 corp: 466/41Kb exec/s: 31896 rss: 518Mb L: 85/2059 MS: 1 EraseBytes-
#224724990	REDUCE cov: 190 ft: 1148 corp: 466/41Kb exec/s: 31893 rss: 518Mb L: 564/2059 MS: 2 EraseBytes-CopyPart-
#225092622	REDUCE cov: 190 ft: 1148 corp: 466/41Kb exec/s: 31896 rss: 518Mb L: 712/2059 MS: 1 EraseBytes-
#230146637	REDUCE cov: 190 ft: 1148 corp: 466/41Kb exec/s: 31916 rss: 518Mb L: 562/2059 MS: 1 EraseBytes-
#236515924	REDUCE cov: 190 ft: 1148 corp: 466/41Kb exec/s: 31845 rss: 518Mb L: 561/2059 MS: 1 EraseBytes-
#238701009	REDUCE cov: 190 ft: 1148 corp: 466/41Kb exec/s: 31826 rss: 518Mb L: 711/2059 MS: 2 ChangeBinInt-EraseBytes-
#238767616	REDUCE cov: 190 ft: 1148 corp: 466/41Kb exec/s: 31822 rss: 518Mb L: 109/2059 MS: 1 EraseBytes-
#264587099	REDUCE cov: 190 ft: 1148 corp: 466/41Kb exec/s: 31912 rss: 518Mb L: 560/2059 MS: 1 EraseBytes-
#267917762	REDUCE cov: 190 ft: 1148 corp: 466/41Kb exec/s: 31925 rss: 518Mb L: 108/2059 MS: 1 EraseBytes-
#268435456	pulse  cov: 190 ft: 1148 corp: 466/41Kb exec/s: 31926 rss: 518Mb
#270563571	REDUCE cov: 190 ft: 1148 corp: 466/41Kb exec/s: 31932 rss: 518Mb L: 710/2059 MS: 1 EraseBytes-
#270707589	REDUCE cov: 190 ft: 1148 corp: 466/41Kb exec/s: 31934 rss: 518Mb L: 107/2059 MS: 1 EraseBytes-
#272975479	REDUCE cov: 190 ft: 1148 corp: 466/41Kb exec/s: 31941 rss: 518Mb L: 709/2059 MS: 1 EraseBytes-
#275165372	REDUCE cov: 190 ft: 1148 corp: 466/41Kb exec/s: 31947 rss: 518Mb L: 136/2059 MS: 4 ShuffleBytes-EraseBytes-ChangeBinInt-CopyPart-
#279254533	REDUCE cov: 190 ft: 1148 corp: 466/41Kb exec/s: 31962 rss: 518Mb L: 708/2059 MS: 1 EraseBytes-
#284354722	REDUCE cov: 190 ft: 1148 corp: 466/41Kb exec/s: 31971 rss: 518Mb L: 523/2059 MS: 2 ChangeASCIIInt-EraseBytes-
#288015606	REDUCE cov: 190 ft: 1148 corp: 466/41Kb exec/s: 31983 rss: 518Mb L: 707/2059 MS: 1 EraseBytes-
#294345655	REDUCE cov: 190 ft: 1148 corp: 466/41Kb exec/s: 31910 rss: 518Mb L: 106/2059 MS: 1 EraseBytes-
#296820301	REDUCE cov: 190 ft: 1148 corp: 466/41Kb exec/s: 31899 rss: 518Mb L: 105/2059 MS: 1 EraseBytes-
#300457366	REDUCE cov: 190 ft: 1148 corp: 466/41Kb exec/s: 31909 rss: 518Mb L: 705/2059 MS: 1 EraseBytes-
#302565823	REDUCE cov: 190 ft: 1148 corp: 466/41Kb exec/s: 31919 rss: 518Mb L: 704/2059 MS: 1 EraseBytes-
#309157577	REDUCE cov: 190 ft: 1148 corp: 466/41Kb exec/s: 31941 rss: 518Mb L: 104/2059 MS: 1 EraseBytes-
#311547481	REDUCE cov: 190 ft: 1148 corp: 466/41Kb exec/s: 31947 rss: 518Mb L: 103/2059 MS: 1 EraseBytes-
#312285493	REDUCE cov: 190 ft: 1148 corp: 466/41Kb exec/s: 31950 rss: 518Mb L: 782/2059 MS: 1 EraseBytes-
#313284632	REDUCE cov: 190 ft: 1148 corp: 466/41Kb exec/s: 31951 rss: 518Mb L: 558/2059 MS: 1 EraseBytes-
#314827612	REDUCE cov: 190 ft: 1148 corp: 466/41Kb exec/s: 31955 rss: 518Mb L: 557/2059 MS: 1 EraseBytes-
#318908042	REDUCE cov: 190 ft: 1148 corp: 466/41Kb exec/s: 31967 rss: 518Mb L: 703/2059 MS: 1 EraseBytes-
#324234803	REDUCE cov: 190 ft: 1148 corp: 466/41Kb exec/s: 31975 rss: 518Mb L: 699/2059 MS: 1 EraseBytes-
#325519616	REDUCE cov: 190 ft: 1148 corp: 466/41Kb exec/s: 31982 rss: 518Mb L: 698/2059 MS: 1 EraseBytes-
#328115723	REDUCE cov: 190 ft: 1148 corp: 466/41Kb exec/s: 31989 rss: 518Mb L: 556/2059 MS: 1 EraseBytes-
#337490358	REDUCE cov: 190 ft: 1148 corp: 466/41Kb exec/s: 32007 rss: 518Mb L: 697/2059 MS: 1 EraseBytes-
#341671376	REDUCE cov: 190 ft: 1148 corp: 466/41Kb exec/s: 32018 rss: 518Mb L: 696/2059 MS: 2 ChangeASCIIInt-EraseBytes-
