INFO: Seed: 3533413528
INFO: Loaded 1 modules   (808 inline 8-bit counters): 808 [0x7a5720, 0x7a5a48), 
INFO: Loaded 1 PC tables (808 PCs): 808 [0x57e288,0x581508), 
INFO:     4368 files found in ../CORPUS
INFO:       14 files found in ../inputs
INFO: -max_len is not provided; libFuzzer will not generate inputs larger than 4096 bytes
INFO: seed corpus: files: 4382 min: 1b max: 3465b total: 3185545b rss: 40Mb
#128	pulse  cov: 148 ft: 328 corp: 111/903b exec/s: 64 rss: 44Mb
#256	pulse  cov: 186 ft: 585 corp: 216/2481b exec/s: 51 rss: 48Mb
#512	pulse  cov: 188 ft: 888 corp: 348/7535b exec/s: 51 rss: 56Mb
#1024	pulse  cov: 188 ft: 1029 corp: 402/14960b exec/s: 46 rss: 67Mb
#2048	pulse  cov: 188 ft: 1077 corp: 432/23Kb exec/s: 44 rss: 86Mb
#4096	pulse  cov: 190 ft: 1133 corp: 452/39Kb exec/s: 39 rss: 142Mb
#4383	INITED cov: 190 ft: 1135 corp: 453/41Kb exec/s: 38 rss: 156Mb
#8192	pulse  cov: 190 ft: 1135 corp: 453/41Kb exec/s: 72 rss: 169Mb
#16384	pulse  cov: 190 ft: 1135 corp: 453/41Kb exec/s: 143 rss: 201Mb
#32768	pulse  cov: 190 ft: 1135 corp: 453/41Kb exec/s: 287 rss: 259Mb
#65536	pulse  cov: 190 ft: 1135 corp: 453/41Kb exec/s: 564 rss: 382Mb
#131072	pulse  cov: 190 ft: 1135 corp: 453/41Kb exec/s: 1110 rss: 515Mb
#177453	RELOAD cov: 190 ft: 1136 corp: 454/41Kb exec/s: 1478 rss: 518Mb
#262144	pulse  cov: 190 ft: 1136 corp: 454/41Kb exec/s: 2131 rss: 521Mb
#524288	pulse  cov: 190 ft: 1136 corp: 454/41Kb exec/s: 4002 rss: 521Mb
#894925	REDUCE cov: 190 ft: 1136 corp: 454/41Kb exec/s: 6258 rss: 521Mb L: 133/2059 MS: 3 ShuffleBytes-CopyPart-EraseBytes-
#963614	REDUCE cov: 190 ft: 1136 corp: 454/41Kb exec/s: 6600 rss: 521Mb L: 21/2059 MS: 2 ChangeASCIIInt-EraseBytes-
#1048576	pulse  cov: 190 ft: 1136 corp: 454/41Kb exec/s: 7084 rss: 521Mb
#1055772	REDUCE cov: 190 ft: 1136 corp: 454/41Kb exec/s: 7085 rss: 521Mb L: 13/2059 MS: 2 EraseBytes-CopyPart-
#1526295	REDUCE cov: 190 ft: 1136 corp: 454/41Kb exec/s: 9250 rss: 521Mb L: 744/2059 MS: 1 EraseBytes-
#2097152	pulse  cov: 190 ft: 1136 corp: 454/41Kb exec/s: 11335 rss: 521Mb
#2174552	REDUCE cov: 190 ft: 1136 corp: 454/41Kb exec/s: 11628 rss: 521Mb L: 20/2059 MS: 1 EraseBytes-
#2647200	REDUCE cov: 190 ft: 1136 corp: 454/41Kb exec/s: 13104 rss: 521Mb L: 6/2059 MS: 2 ShuffleBytes-EraseBytes-
#3037179	REDUCE cov: 190 ft: 1136 corp: 454/41Kb exec/s: 14126 rss: 521Mb L: 540/2059 MS: 1 EraseBytes-
#3591290	NEW    cov: 190 ft: 1138 corp: 455/42Kb exec/s: 15347 rss: 521Mb L: 110/2059 MS: 4 ChangeBit-CopyPart-ChangeBit-CopyPart-
#3609191	REDUCE cov: 190 ft: 1138 corp: 455/41Kb exec/s: 15358 rss: 521Mb L: 106/2059 MS: 1 EraseBytes-
#3616024	RELOAD cov: 190 ft: 1140 corp: 456/42Kb exec/s: 15387 rss: 521Mb
#3653460	RELOAD cov: 190 ft: 1142 corp: 457/42Kb exec/s: 15480 rss: 521Mb
#3656866	REDUCE cov: 190 ft: 1142 corp: 457/42Kb exec/s: 15495 rss: 521Mb L: 89/2059 MS: 1 EraseBytes-
#3680362	REDUCE cov: 190 ft: 1142 corp: 457/42Kb exec/s: 15528 rss: 521Mb L: 79/2059 MS: 1 EraseBytes-
#3683223	NEW    cov: 190 ft: 1144 corp: 458/42Kb exec/s: 15541 rss: 521Mb L: 325/2059 MS: 1 CopyPart-
#3685660	REDUCE cov: 190 ft: 1144 corp: 458/42Kb exec/s: 15551 rss: 521Mb L: 77/2059 MS: 2 ChangeBit-EraseBytes-
#3695157	REDUCE cov: 190 ft: 1144 corp: 458/42Kb exec/s: 15525 rss: 521Mb L: 73/2059 MS: 1 EraseBytes-
#3700403	REDUCE cov: 190 ft: 1144 corp: 458/42Kb exec/s: 15547 rss: 521Mb L: 56/2059 MS: 1 EraseBytes-
#3713834	REDUCE cov: 190 ft: 1144 corp: 458/42Kb exec/s: 15604 rss: 521Mb L: 145/2059 MS: 1 EraseBytes-
#3735435	REDUCE cov: 190 ft: 1144 corp: 458/42Kb exec/s: 15629 rss: 521Mb L: 60/2059 MS: 1 EraseBytes-
#3752393	REDUCE cov: 190 ft: 1144 corp: 458/42Kb exec/s: 15634 rss: 521Mb L: 54/2059 MS: 1 EraseBytes-
#3762714	REDUCE cov: 190 ft: 1144 corp: 458/42Kb exec/s: 15677 rss: 521Mb L: 122/2059 MS: 1 EraseBytes-
#3766211	NEW    cov: 190 ft: 1146 corp: 459/43Kb exec/s: 15692 rss: 521Mb L: 616/2059 MS: 2 InsertByte-CopyPart-
#3774477	REDUCE cov: 190 ft: 1146 corp: 459/43Kb exec/s: 15661 rss: 521Mb L: 116/2059 MS: 1 EraseBytes-
#3793974	REDUCE cov: 190 ft: 1146 corp: 459/43Kb exec/s: 15742 rss: 521Mb L: 40/2059 MS: 2 ChangeByte-EraseBytes-
#3800787	RELOAD cov: 190 ft: 1148 corp: 460/44Kb exec/s: 15705 rss: 521Mb
#3812013	REDUCE cov: 190 ft: 1148 corp: 460/44Kb exec/s: 15752 rss: 521Mb L: 43/2059 MS: 1 EraseBytes-
#3822879	REDUCE cov: 190 ft: 1148 corp: 460/44Kb exec/s: 15732 rss: 521Mb L: 1589/2059 MS: 1 EraseBytes-
#3828400	REDUCE cov: 190 ft: 1148 corp: 460/44Kb exec/s: 15754 rss: 521Mb L: 1416/2059 MS: 1 EraseBytes-
#3850295	REDUCE cov: 190 ft: 1148 corp: 460/44Kb exec/s: 15779 rss: 521Mb L: 274/2059 MS: 2 CopyPart-EraseBytes-
#3861706	REDUCE cov: 190 ft: 1148 corp: 460/44Kb exec/s: 15826 rss: 521Mb L: 35/2059 MS: 1 EraseBytes-
#3871862	REDUCE cov: 190 ft: 1148 corp: 460/44Kb exec/s: 15868 rss: 521Mb L: 90/2059 MS: 1 EraseBytes-
#3894972	REDUCE cov: 190 ft: 1148 corp: 460/44Kb exec/s: 15897 rss: 521Mb L: 34/2059 MS: 1 EraseBytes-
#3928254	REDUCE cov: 190 ft: 1148 corp: 460/44Kb exec/s: 15903 rss: 521Mb L: 25/2059 MS: 1 EraseBytes-
#3949609	REDUCE cov: 190 ft: 1148 corp: 460/44Kb exec/s: 15990 rss: 521Mb L: 613/2059 MS: 1 EraseBytes-
#3949631	REDUCE cov: 190 ft: 1148 corp: 460/44Kb exec/s: 15990 rss: 521Mb L: 235/2059 MS: 2 CMP-EraseBytes- DE: "\xe7\x03\x00\x00\x00\x00\x00\x00"-
#3966202	REDUCE cov: 190 ft: 1148 corp: 460/44Kb exec/s: 15992 rss: 521Mb L: 31/2059 MS: 1 EraseBytes-
#3988807	REDUCE cov: 190 ft: 1148 corp: 460/44Kb exec/s: 16019 rss: 521Mb L: 28/2059 MS: 2 ChangeByte-EraseBytes-
#3996373	REDUCE cov: 190 ft: 1148 corp: 460/44Kb exec/s: 16049 rss: 521Mb L: 88/2059 MS: 1 EraseBytes-
#4014919	REDUCE cov: 190 ft: 1148 corp: 460/44Kb exec/s: 16059 rss: 521Mb L: 22/2059 MS: 1 EraseBytes-
#4077223	REDUCE cov: 190 ft: 1148 corp: 460/44Kb exec/s: 16179 rss: 521Mb L: 1350/2059 MS: 1 EraseBytes-
#4097298	REDUCE cov: 190 ft: 1148 corp: 460/44Kb exec/s: 16194 rss: 521Mb L: 83/2059 MS: 1 EraseBytes-
#4172393	REDUCE cov: 190 ft: 1148 corp: 460/44Kb exec/s: 16362 rss: 521Mb L: 25/2059 MS: 1 EraseBytes-
#4180618	REDUCE cov: 190 ft: 1148 corp: 460/44Kb exec/s: 16394 rss: 521Mb L: 20/2059 MS: 1 EraseBytes-
#4194304	pulse  cov: 190 ft: 1148 corp: 460/44Kb exec/s: 16384 rss: 521Mb
#4198704	REDUCE cov: 190 ft: 1148 corp: 460/43Kb exec/s: 16401 rss: 521Mb L: 1113/2059 MS: 1 EraseBytes-
#4205650	REDUCE cov: 190 ft: 1148 corp: 460/43Kb exec/s: 16428 rss: 521Mb L: 609/2059 MS: 1 EraseBytes-
#4208091	REDUCE cov: 190 ft: 1148 corp: 460/43Kb exec/s: 16437 rss: 521Mb L: 593/2059 MS: 1 EraseBytes-
#4300891	REDUCE cov: 190 ft: 1148 corp: 460/43Kb exec/s: 16605 rss: 521Mb L: 23/2059 MS: 1 EraseBytes-
#4303127	REDUCE cov: 190 ft: 1148 corp: 460/43Kb exec/s: 16614 rss: 521Mb L: 19/2059 MS: 1 EraseBytes-
#4322525	REDUCE cov: 190 ft: 1148 corp: 460/43Kb exec/s: 16625 rss: 521Mb L: 18/2059 MS: 1 EraseBytes-
#4353005	REDUCE cov: 190 ft: 1148 corp: 460/43Kb exec/s: 16742 rss: 521Mb L: 79/2059 MS: 1 EraseBytes-
#4367016	REDUCE cov: 190 ft: 1148 corp: 460/43Kb exec/s: 16731 rss: 521Mb L: 18/2059 MS: 1 EraseBytes-
#4370408	REDUCE cov: 190 ft: 1148 corp: 460/43Kb exec/s: 16744 rss: 521Mb L: 572/2059 MS: 2 ChangeByte-EraseBytes-
#4405514	REDUCE cov: 190 ft: 1148 corp: 460/43Kb exec/s: 16814 rss: 521Mb L: 229/2059 MS: 1 EraseBytes-
#4406195	REDUCE cov: 190 ft: 1148 corp: 460/43Kb exec/s: 16817 rss: 521Mb L: 61/2059 MS: 1 EraseBytes-
#4410066	REDUCE cov: 190 ft: 1148 corp: 460/43Kb exec/s: 16832 rss: 521Mb L: 55/2059 MS: 1 EraseBytes-
#4416893	REDUCE cov: 190 ft: 1148 corp: 460/43Kb exec/s: 16858 rss: 521Mb L: 569/2059 MS: 2 CopyPart-EraseBytes-
#4428443	REDUCE cov: 190 ft: 1148 corp: 460/43Kb exec/s: 16838 rss: 521Mb L: 15/2059 MS: 1 EraseBytes-
#4503553	REDUCE cov: 190 ft: 1148 corp: 460/43Kb exec/s: 16994 rss: 521Mb L: 46/2059 MS: 1 EraseBytes-
#4543697	REDUCE cov: 190 ft: 1148 corp: 460/43Kb exec/s: 17017 rss: 521Mb L: 525/2059 MS: 1 EraseBytes-
#4546538	REDUCE cov: 190 ft: 1148 corp: 460/43Kb exec/s: 17028 rss: 521Mb L: 45/2059 MS: 1 EraseBytes-
#4554934	REDUCE cov: 190 ft: 1148 corp: 460/43Kb exec/s: 17059 rss: 521Mb L: 217/2059 MS: 1 EraseBytes-
#4577160	REDUCE cov: 190 ft: 1148 corp: 460/43Kb exec/s: 17078 rss: 521Mb L: 516/2059 MS: 1 EraseBytes-
#4630101	REDUCE cov: 190 ft: 1148 corp: 460/43Kb exec/s: 17212 rss: 521Mb L: 215/2059 MS: 1 EraseBytes-
#4664816	REDUCE cov: 190 ft: 1148 corp: 460/43Kb exec/s: 17213 rss: 521Mb L: 38/2059 MS: 1 EraseBytes-
#4686331	REDUCE cov: 190 ft: 1148 corp: 460/43Kb exec/s: 17292 rss: 521Mb L: 212/2059 MS: 3 ChangeBinInt-CMP-EraseBytes- DE: "merge"-
#4686382	REDUCE cov: 190 ft: 1148 corp: 460/43Kb exec/s: 17292 rss: 521Mb L: 16/2059 MS: 1 EraseBytes-
#4732998	REDUCE cov: 190 ft: 1148 corp: 460/43Kb exec/s: 17336 rss: 521Mb L: 12/2059 MS: 1 EraseBytes-
#4759329	REDUCE cov: 190 ft: 1148 corp: 460/43Kb exec/s: 17433 rss: 521Mb L: 501/2059 MS: 1 EraseBytes-
#4836553	REDUCE cov: 190 ft: 1148 corp: 460/43Kb exec/s: 17523 rss: 521Mb L: 15/2059 MS: 1 EraseBytes-
#4851517	REDUCE cov: 190 ft: 1148 corp: 460/43Kb exec/s: 17577 rss: 521Mb L: 481/2059 MS: 1 EraseBytes-
#4870603	REDUCE cov: 190 ft: 1148 corp: 460/43Kb exec/s: 17583 rss: 521Mb L: 466/2059 MS: 1 EraseBytes-
#4896813	REDUCE cov: 190 ft: 1148 corp: 460/43Kb exec/s: 17614 rss: 521Mb L: 1080/2059 MS: 1 EraseBytes-
#5007933	REDUCE cov: 190 ft: 1148 corp: 460/43Kb exec/s: 17821 rss: 521Mb L: 1077/2059 MS: 1 EraseBytes-
#5025590	REDUCE cov: 190 ft: 1148 corp: 460/43Kb exec/s: 17884 rss: 521Mb L: 11/2059 MS: 1 EraseBytes-
#5047686	REDUCE cov: 190 ft: 1148 corp: 460/43Kb exec/s: 17899 rss: 521Mb L: 14/2059 MS: 1 EraseBytes-
#5150097	REDUCE cov: 190 ft: 1148 corp: 460/43Kb exec/s: 18070 rss: 521Mb L: 37/2059 MS: 1 EraseBytes-
#5183429	REDUCE cov: 190 ft: 1148 corp: 460/43Kb exec/s: 18123 rss: 521Mb L: 205/2059 MS: 2 EraseBytes-CopyPart-
#5211805	REDUCE cov: 190 ft: 1148 corp: 460/43Kb exec/s: 18159 rss: 521Mb L: 185/2059 MS: 1 EraseBytes-
#5351465	REDUCE cov: 190 ft: 1148 corp: 460/43Kb exec/s: 18389 rss: 521Mb L: 30/2059 MS: 1 EraseBytes-
#5424188	REDUCE cov: 190 ft: 1148 corp: 460/43Kb exec/s: 18512 rss: 521Mb L: 28/2059 MS: 1 EraseBytes-
#5499247	REDUCE cov: 190 ft: 1148 corp: 460/43Kb exec/s: 18641 rss: 521Mb L: 182/2059 MS: 1 EraseBytes-
#5546157	REDUCE cov: 190 ft: 1148 corp: 460/43Kb exec/s: 18673 rss: 521Mb L: 166/2059 MS: 1 EraseBytes-
#5596274	REDUCE cov: 190 ft: 1148 corp: 460/43Kb exec/s: 18779 rss: 521Mb L: 159/2059 MS: 2 InsertByte-EraseBytes-
#5598995	REDUCE cov: 190 ft: 1148 corp: 460/43Kb exec/s: 18788 rss: 521Mb L: 21/2059 MS: 1 EraseBytes-
#5675092	REDUCE cov: 190 ft: 1148 corp: 460/43Kb exec/s: 18854 rss: 521Mb L: 138/2059 MS: 1 EraseBytes-
#5772513	REDUCE cov: 190 ft: 1148 corp: 460/43Kb exec/s: 18988 rss: 521Mb L: 1059/2059 MS: 1 EraseBytes-
#5773314	REDUCE cov: 190 ft: 1148 corp: 460/43Kb exec/s: 18991 rss: 521Mb L: 134/2059 MS: 1 EraseBytes-
#5943303	REDUCE cov: 190 ft: 1148 corp: 460/43Kb exec/s: 19233 rss: 521Mb L: 126/2059 MS: 1 EraseBytes-
#6090672	REDUCE cov: 190 ft: 1148 corp: 460/43Kb exec/s: 19459 rss: 521Mb L: 458/2059 MS: 1 EraseBytes-
#6270110	REDUCE cov: 190 ft: 1148 corp: 460/43Kb exec/s: 19717 rss: 521Mb L: 1035/2059 MS: 1 EraseBytes-
#6277496	REDUCE cov: 190 ft: 1148 corp: 460/43Kb exec/s: 19678 rss: 521Mb L: 120/2059 MS: 1 EraseBytes-
#6297055	REDUCE cov: 190 ft: 1148 corp: 460/43Kb exec/s: 19739 rss: 521Mb L: 20/2059 MS: 1 EraseBytes-
#6312946	REDUCE cov: 190 ft: 1148 corp: 460/43Kb exec/s: 19727 rss: 521Mb L: 437/2059 MS: 1 EraseBytes-
#6339138	REDUCE cov: 190 ft: 1148 corp: 460/43Kb exec/s: 19748 rss: 521Mb L: 115/2059 MS: 3 ChangeByte-InsertByte-EraseBytes-
#6706997	REDUCE cov: 190 ft: 1148 corp: 460/43Kb exec/s: 20262 rss: 521Mb L: 103/2059 MS: 2 ShuffleBytes-EraseBytes-
#6758573	REDUCE cov: 190 ft: 1148 corp: 460/43Kb exec/s: 20296 rss: 521Mb L: 1033/2059 MS: 1 EraseBytes-
#6790499	REDUCE cov: 190 ft: 1148 corp: 460/43Kb exec/s: 20330 rss: 521Mb L: 431/2059 MS: 1 EraseBytes-
#6851992	REDUCE cov: 190 ft: 1148 corp: 460/43Kb exec/s: 20392 rss: 521Mb L: 17/2059 MS: 1 EraseBytes-
#6924602	REDUCE cov: 190 ft: 1148 corp: 460/43Kb exec/s: 20486 rss: 521Mb L: 423/2059 MS: 1 EraseBytes-
#6976680	REDUCE cov: 190 ft: 1148 corp: 460/43Kb exec/s: 20580 rss: 521Mb L: 420/2059 MS: 1 EraseBytes-
#6993538	REDUCE cov: 190 ft: 1148 corp: 460/43Kb exec/s: 20569 rss: 521Mb L: 97/2059 MS: 1 EraseBytes-
#7068827	REDUCE cov: 190 ft: 1148 corp: 460/43Kb exec/s: 20669 rss: 521Mb L: 1015/2059 MS: 1 EraseBytes-
#7282140	REDUCE cov: 190 ft: 1148 corp: 460/43Kb exec/s: 20925 rss: 521Mb L: 415/2059 MS: 1 EraseBytes-
#7498747	REDUCE cov: 190 ft: 1148 corp: 460/43Kb exec/s: 21182 rss: 521Mb L: 1012/2059 MS: 1 EraseBytes-
#7749399	REDUCE cov: 190 ft: 1148 corp: 460/43Kb exec/s: 21407 rss: 521Mb L: 1003/2059 MS: 1 EraseBytes-
#7976188	REDUCE cov: 190 ft: 1148 corp: 460/43Kb exec/s: 21674 rss: 521Mb L: 992/2059 MS: 1 EraseBytes-
#8086443	REDUCE cov: 190 ft: 1148 corp: 460/43Kb exec/s: 21796 rss: 521Mb L: 413/2059 MS: 1 EraseBytes-
#8210962	REDUCE cov: 190 ft: 1148 corp: 460/43Kb exec/s: 21895 rss: 521Mb L: 407/2059 MS: 1 EraseBytes-
#8371193	REDUCE cov: 190 ft: 1148 corp: 460/43Kb exec/s: 22029 rss: 521Mb L: 401/2059 MS: 1 EraseBytes-
#8388608	pulse  cov: 190 ft: 1148 corp: 460/43Kb exec/s: 22075 rss: 521Mb
#8608799	REDUCE cov: 190 ft: 1148 corp: 460/43Kb exec/s: 22244 rss: 521Mb L: 96/2059 MS: 1 EraseBytes-
#8735063	REDUCE cov: 190 ft: 1148 corp: 460/43Kb exec/s: 22397 rss: 521Mb L: 90/2059 MS: 1 EraseBytes-
#8788333	REDUCE cov: 190 ft: 1148 corp: 460/43Kb exec/s: 22419 rss: 521Mb L: 386/2059 MS: 1 EraseBytes-
#8969042	REDUCE cov: 190 ft: 1148 corp: 460/43Kb exec/s: 22592 rss: 521Mb L: 959/2059 MS: 1 EraseBytes-
#9072078	REDUCE cov: 190 ft: 1148 corp: 460/43Kb exec/s: 22680 rss: 521Mb L: 87/2059 MS: 1 EraseBytes-
#9363936	REDUCE cov: 190 ft: 1148 corp: 460/43Kb exec/s: 22894 rss: 521Mb L: 72/2059 MS: 1 EraseBytes-
#9471184	REDUCE cov: 190 ft: 1148 corp: 460/43Kb exec/s: 22988 rss: 521Mb L: 374/2059 MS: 1 EraseBytes-
#9610287	REDUCE cov: 190 ft: 1148 corp: 460/43Kb exec/s: 23101 rss: 521Mb L: 69/2059 MS: 1 EraseBytes-
#9713433	REDUCE cov: 190 ft: 1148 corp: 460/43Kb exec/s: 23182 rss: 521Mb L: 373/2059 MS: 1 EraseBytes-
#9767168	REDUCE cov: 190 ft: 1148 corp: 460/43Kb exec/s: 23255 rss: 521Mb L: 354/2059 MS: 1 EraseBytes-
#9985914	REDUCE cov: 190 ft: 1148 corp: 460/43Kb exec/s: 23441 rss: 521Mb L: 339/2059 MS: 1 EraseBytes-
#10029395	REDUCE cov: 190 ft: 1148 corp: 460/43Kb exec/s: 23433 rss: 521Mb L: 65/2059 MS: 1 EraseBytes-
#10467585	REDUCE cov: 190 ft: 1148 corp: 460/43Kb exec/s: 23789 rss: 521Mb L: 331/2059 MS: 1 EraseBytes-
#10507469	REDUCE cov: 190 ft: 1148 corp: 460/43Kb exec/s: 23772 rss: 521Mb L: 323/2059 MS: 1 EraseBytes-
#10545482	REDUCE cov: 190 ft: 1148 corp: 460/43Kb exec/s: 23804 rss: 521Mb L: 64/2059 MS: 1 EraseBytes-
#10578258	REDUCE cov: 190 ft: 1148 corp: 460/43Kb exec/s: 23824 rss: 521Mb L: 315/2059 MS: 1 EraseBytes-
#10583059	REDUCE cov: 190 ft: 1148 corp: 460/43Kb exec/s: 23835 rss: 521Mb L: 170/2059 MS: 1 EraseBytes-
#10661267	REDUCE cov: 190 ft: 1148 corp: 460/43Kb exec/s: 23850 rss: 521Mb L: 62/2059 MS: 1 EraseBytes-
#10680698	REDUCE cov: 190 ft: 1148 corp: 460/43Kb exec/s: 23894 rss: 521Mb L: 59/2059 MS: 1 EraseBytes-
#10734556	REDUCE cov: 190 ft: 1148 corp: 460/43Kb exec/s: 23907 rss: 521Mb L: 56/2059 MS: 1 EraseBytes-
#10861847	REDUCE cov: 190 ft: 1148 corp: 460/43Kb exec/s: 23977 rss: 521Mb L: 957/2059 MS: 1 EraseBytes-
#10915345	REDUCE cov: 190 ft: 1148 corp: 460/43Kb exec/s: 24042 rss: 521Mb L: 312/2059 MS: 1 EraseBytes-
#10984726	REDUCE cov: 190 ft: 1148 corp: 460/43Kb exec/s: 24089 rss: 521Mb L: 943/2059 MS: 1 EraseBytes-
#11012351	REDUCE cov: 190 ft: 1148 corp: 460/43Kb exec/s: 24097 rss: 521Mb L: 928/2059 MS: 1 EraseBytes-
#11232681	REDUCE cov: 190 ft: 1148 corp: 460/43Kb exec/s: 24208 rss: 521Mb L: 55/2059 MS: 1 EraseBytes-
#11260978	REDUCE cov: 190 ft: 1148 corp: 460/43Kb exec/s: 24217 rss: 521Mb L: 783/2059 MS: 1 EraseBytes-
#11644725	REDUCE cov: 190 ft: 1148 corp: 460/43Kb exec/s: 24463 rss: 521Mb L: 299/2059 MS: 3 EraseBytes-CopyPart-EraseBytes-
#11661382	REDUCE cov: 190 ft: 1148 corp: 460/43Kb exec/s: 24447 rss: 521Mb L: 919/2059 MS: 1 EraseBytes-
#12021429	REDUCE cov: 190 ft: 1148 corp: 460/43Kb exec/s: 24684 rss: 521Mb L: 133/2059 MS: 1 EraseBytes-
#12091713	REDUCE cov: 190 ft: 1148 corp: 460/43Kb exec/s: 24727 rss: 521Mb L: 281/2059 MS: 1 EraseBytes-
#12129647	REDUCE cov: 190 ft: 1148 corp: 460/43Kb exec/s: 24754 rss: 521Mb L: 52/2059 MS: 1 EraseBytes-
#12232090	REDUCE cov: 190 ft: 1148 corp: 460/43Kb exec/s: 24811 rss: 521Mb L: 273/2059 MS: 3 CopyPart-ChangeBit-EraseBytes-
#12232711	REDUCE cov: 190 ft: 1148 corp: 460/43Kb exec/s: 24812 rss: 521Mb L: 260/2059 MS: 1 EraseBytes-
#12270732	REDUCE cov: 190 ft: 1148 corp: 460/43Kb exec/s: 24789 rss: 521Mb L: 743/2059 MS: 2 ChangeASCIIInt-EraseBytes-
#12412892	REDUCE cov: 190 ft: 1148 corp: 460/43Kb exec/s: 24875 rss: 521Mb L: 258/2059 MS: 1 EraseBytes-
#12487263	REDUCE cov: 190 ft: 1148 corp: 460/43Kb exec/s: 24924 rss: 521Mb L: 887/2059 MS: 2 EraseBytes-CopyPart-
#12641011	REDUCE cov: 190 ft: 1148 corp: 460/43Kb exec/s: 25031 rss: 521Mb L: 251/2059 MS: 1 EraseBytes-
#12799748	REDUCE cov: 190 ft: 1148 corp: 460/43Kb exec/s: 25097 rss: 521Mb L: 250/2059 MS: 1 EraseBytes-
#12858449	REDUCE cov: 190 ft: 1148 corp: 460/43Kb exec/s: 25114 rss: 521Mb L: 247/2059 MS: 1 EraseBytes-
#12975915	REDUCE cov: 190 ft: 1148 corp: 460/43Kb exec/s: 25195 rss: 521Mb L: 866/2059 MS: 1 EraseBytes-
#13127987	REDUCE cov: 190 ft: 1148 corp: 460/43Kb exec/s: 25294 rss: 521Mb L: 243/2059 MS: 1 EraseBytes-
#13254416	REDUCE cov: 190 ft: 1148 corp: 460/43Kb exec/s: 25343 rss: 521Mb L: 238/2059 MS: 1 EraseBytes-
#13336749	REDUCE cov: 190 ft: 1148 corp: 460/43Kb exec/s: 25355 rss: 521Mb L: 47/2059 MS: 1 EraseBytes-
#13373441	REDUCE cov: 190 ft: 1148 corp: 460/43Kb exec/s: 25376 rss: 521Mb L: 841/2059 MS: 1 EraseBytes-
#13681159	REDUCE cov: 190 ft: 1148 corp: 460/43Kb exec/s: 25524 rss: 521Mb L: 44/2059 MS: 1 EraseBytes-
#13705225	REDUCE cov: 190 ft: 1148 corp: 460/43Kb exec/s: 25569 rss: 521Mb L: 826/2059 MS: 1 EraseBytes-
#13939863	REDUCE cov: 190 ft: 1148 corp: 460/43Kb exec/s: 25671 rss: 521Mb L: 42/2059 MS: 1 EraseBytes-
#14034739	REDUCE cov: 190 ft: 1148 corp: 460/43Kb exec/s: 25704 rss: 521Mb L: 38/2059 MS: 1 EraseBytes-
#14176910	REDUCE cov: 190 ft: 1148 corp: 460/42Kb exec/s: 25729 rss: 521Mb L: 228/2059 MS: 1 EraseBytes-
#14405122	REDUCE cov: 190 ft: 1148 corp: 460/42Kb exec/s: 25861 rss: 521Mb L: 225/2059 MS: 1 EraseBytes-
#14761619	REDUCE cov: 190 ft: 1148 corp: 460/42Kb exec/s: 26034 rss: 521Mb L: 801/2059 MS: 1 EraseBytes-
#14965440	REDUCE cov: 190 ft: 1148 corp: 460/42Kb exec/s: 26072 rss: 521Mb L: 792/2059 MS: 3 CopyPart-PersAutoDict-EraseBytes- DE: "merge"-
#14991055	REDUCE cov: 190 ft: 1148 corp: 460/42Kb exec/s: 26116 rss: 521Mb L: 36/2059 MS: 1 EraseBytes-
#15016425	REDUCE cov: 190 ft: 1148 corp: 460/42Kb exec/s: 26115 rss: 521Mb L: 35/2059 MS: 1 EraseBytes-
#15110348	REDUCE cov: 190 ft: 1148 corp: 460/42Kb exec/s: 26142 rss: 521Mb L: 33/2059 MS: 1 EraseBytes-
#15123434	REDUCE cov: 190 ft: 1148 corp: 460/42Kb exec/s: 26119 rss: 521Mb L: 728/2059 MS: 1 EraseBytes-
#15989831	REDUCE cov: 190 ft: 1148 corp: 460/42Kb exec/s: 26473 rss: 521Mb L: 708/2059 MS: 1 EraseBytes-
#16096036	REDUCE cov: 190 ft: 1148 corp: 460/42Kb exec/s: 26473 rss: 521Mb L: 32/2059 MS: 1 EraseBytes-
#16200748	REDUCE cov: 190 ft: 1148 corp: 460/42Kb exec/s: 26515 rss: 521Mb L: 706/2059 MS: 1 EraseBytes-
#16608607	REDUCE cov: 190 ft: 1148 corp: 460/42Kb exec/s: 26659 rss: 521Mb L: 700/2059 MS: 1 EraseBytes-
#16777216	pulse  cov: 190 ft: 1148 corp: 460/42Kb exec/s: 26715 rss: 521Mb
#17063821	REDUCE cov: 190 ft: 1148 corp: 460/42Kb exec/s: 26829 rss: 521Mb L: 222/2059 MS: 1 EraseBytes-
#17325615	REDUCE cov: 190 ft: 1148 corp: 460/42Kb exec/s: 26903 rss: 521Mb L: 685/2059 MS: 1 EraseBytes-
#17635055	REDUCE cov: 190 ft: 1148 corp: 460/42Kb exec/s: 27006 rss: 521Mb L: 682/2059 MS: 1 EraseBytes-
#18027245	REDUCE cov: 190 ft: 1148 corp: 460/42Kb exec/s: 27108 rss: 521Mb L: 219/2059 MS: 1 EraseBytes-
#18233627	REDUCE cov: 190 ft: 1148 corp: 460/42Kb exec/s: 27173 rss: 521Mb L: 661/2059 MS: 1 EraseBytes-
#18245273	REDUCE cov: 190 ft: 1148 corp: 460/42Kb exec/s: 27191 rss: 521Mb L: 636/2059 MS: 1 EraseBytes-
#18519998	REDUCE cov: 190 ft: 1148 corp: 460/42Kb exec/s: 27275 rss: 521Mb L: 214/2059 MS: 1 EraseBytes-
#18950541	REDUCE cov: 190 ft: 1148 corp: 460/42Kb exec/s: 27385 rss: 521Mb L: 633/2059 MS: 1 EraseBytes-
#19039243	REDUCE cov: 190 ft: 1148 corp: 460/42Kb exec/s: 27394 rss: 521Mb L: 207/2059 MS: 1 EraseBytes-
#19109256	REDUCE cov: 190 ft: 1148 corp: 460/42Kb exec/s: 27416 rss: 521Mb L: 623/2059 MS: 1 EraseBytes-
#19461343	REDUCE cov: 190 ft: 1148 corp: 460/42Kb exec/s: 27487 rss: 521Mb L: 206/2059 MS: 1 EraseBytes-
#20441345	REDUCE cov: 190 ft: 1148 corp: 460/42Kb exec/s: 27735 rss: 521Mb L: 621/2059 MS: 1 EraseBytes-
#20499334	REDUCE cov: 190 ft: 1148 corp: 460/42Kb exec/s: 27739 rss: 521Mb L: 201/2059 MS: 1 EraseBytes-
#20798908	REDUCE cov: 190 ft: 1148 corp: 460/42Kb exec/s: 27806 rss: 521Mb L: 615/2059 MS: 1 EraseBytes-
#21119194	REDUCE cov: 190 ft: 1148 corp: 460/42Kb exec/s: 27861 rss: 521Mb L: 612/2059 MS: 1 EraseBytes-
#21149297	REDUCE cov: 190 ft: 1148 corp: 460/42Kb exec/s: 27864 rss: 521Mb L: 539/2059 MS: 1 EraseBytes-
#21799589	REDUCE cov: 190 ft: 1148 corp: 460/42Kb exec/s: 28020 rss: 521Mb L: 195/2059 MS: 1 EraseBytes-
#21824430	REDUCE cov: 190 ft: 1148 corp: 460/42Kb exec/s: 28015 rss: 521Mb L: 589/2059 MS: 1 EraseBytes-
#21854351	REDUCE cov: 190 ft: 1148 corp: 460/42Kb exec/s: 28018 rss: 521Mb L: 189/2059 MS: 1 EraseBytes-
#22025854	REDUCE cov: 190 ft: 1148 corp: 460/42Kb exec/s: 28058 rss: 521Mb L: 186/2059 MS: 1 EraseBytes-
#22122615	REDUCE cov: 190 ft: 1148 corp: 460/42Kb exec/s: 28074 rss: 521Mb L: 580/2059 MS: 1 EraseBytes-
#22432915	REDUCE cov: 190 ft: 1148 corp: 460/42Kb exec/s: 28146 rss: 521Mb L: 568/2059 MS: 1 EraseBytes-
#22808395	REDUCE cov: 190 ft: 1148 corp: 460/42Kb exec/s: 28193 rss: 521Mb L: 179/2059 MS: 1 EraseBytes-
#22861770	REDUCE cov: 190 ft: 1148 corp: 460/42Kb exec/s: 28224 rss: 521Mb L: 173/2059 MS: 1 EraseBytes-
#22869526	REDUCE cov: 190 ft: 1148 corp: 460/42Kb exec/s: 28199 rss: 521Mb L: 557/2059 MS: 1 EraseBytes-
#23042813	REDUCE cov: 190 ft: 1148 corp: 460/42Kb exec/s: 28238 rss: 521Mb L: 554/2059 MS: 1 EraseBytes-
#23107653	REDUCE cov: 190 ft: 1148 corp: 460/42Kb exec/s: 28248 rss: 521Mb L: 167/2059 MS: 1 EraseBytes-
#23328792	REDUCE cov: 190 ft: 1148 corp: 460/42Kb exec/s: 28277 rss: 521Mb L: 162/2059 MS: 2 ShuffleBytes-EraseBytes-
#23877592	REDUCE cov: 190 ft: 1148 corp: 460/42Kb exec/s: 28391 rss: 521Mb L: 31/2059 MS: 1 EraseBytes-
#25211348	REDUCE cov: 190 ft: 1148 corp: 460/42Kb exec/s: 28584 rss: 521Mb L: 46/2059 MS: 4 EraseBytes-CopyPart-ChangeBinInt-CopyPart-
#25349087	REDUCE cov: 190 ft: 1148 corp: 460/42Kb exec/s: 28610 rss: 521Mb L: 157/2059 MS: 1 EraseBytes-
#25390688	REDUCE cov: 190 ft: 1148 corp: 460/42Kb exec/s: 28625 rss: 521Mb L: 548/2059 MS: 1 EraseBytes-
#26137855	REDUCE cov: 190 ft: 1148 corp: 460/42Kb exec/s: 28722 rss: 521Mb L: 150/2059 MS: 1 EraseBytes-
#26145191	REDUCE cov: 190 ft: 1148 corp: 460/42Kb exec/s: 28730 rss: 521Mb L: 148/2059 MS: 1 EraseBytes-
#26172431	REDUCE cov: 190 ft: 1148 corp: 460/42Kb exec/s: 28729 rss: 521Mb L: 146/2059 MS: 1 EraseBytes-
#26207403	REDUCE cov: 190 ft: 1148 corp: 460/42Kb exec/s: 28736 rss: 521Mb L: 547/2059 MS: 2 EraseBytes-CopyPart-
#26487014	REDUCE cov: 190 ft: 1148 corp: 460/42Kb exec/s: 28790 rss: 521Mb L: 534/2059 MS: 1 EraseBytes-
#26685363	REDUCE cov: 190 ft: 1148 corp: 460/42Kb exec/s: 28786 rss: 521Mb L: 144/2059 MS: 1 EraseBytes-
#26691949	REDUCE cov: 190 ft: 1148 corp: 460/42Kb exec/s: 28793 rss: 521Mb L: 531/2059 MS: 1 EraseBytes-
#27469346	REDUCE cov: 190 ft: 1148 corp: 460/42Kb exec/s: 28915 rss: 521Mb L: 524/2059 MS: 1 EraseBytes-
#28142506	REDUCE cov: 190 ft: 1148 corp: 460/42Kb exec/s: 28983 rss: 521Mb L: 742/2059 MS: 1 EraseBytes-
#28714978	REDUCE cov: 190 ft: 1148 corp: 460/42Kb exec/s: 29034 rss: 521Mb L: 140/2059 MS: 3 CopyPart-InsertByte-EraseBytes-
#28802058	REDUCE cov: 190 ft: 1148 corp: 460/42Kb exec/s: 29063 rss: 521Mb L: 521/2059 MS: 1 EraseBytes-
#29011942	REDUCE cov: 190 ft: 1148 corp: 460/42Kb exec/s: 29070 rss: 521Mb L: 516/2059 MS: 1 EraseBytes-
#29068319	REDUCE cov: 190 ft: 1148 corp: 460/42Kb exec/s: 29068 rss: 521Mb L: 514/2059 MS: 1 EraseBytes-
#29083770	REDUCE cov: 190 ft: 1148 corp: 460/42Kb exec/s: 29083 rss: 521Mb L: 132/2059 MS: 1 EraseBytes-
#29099917	REDUCE cov: 190 ft: 1148 corp: 460/42Kb exec/s: 29070 rss: 521Mb L: 130/2059 MS: 1 EraseBytes-
#29480539	REDUCE cov: 190 ft: 1148 corp: 460/42Kb exec/s: 29102 rss: 521Mb L: 127/2059 MS: 3 InsertRepeatedBytes-CopyPart-EraseBytes-
#29699186	REDUCE cov: 190 ft: 1148 corp: 460/42Kb exec/s: 29088 rss: 521Mb L: 125/2059 MS: 1 EraseBytes-
#29898080	REDUCE cov: 190 ft: 1148 corp: 460/42Kb exec/s: 29112 rss: 521Mb L: 122/2059 MS: 1 EraseBytes-
#30165370	REDUCE cov: 190 ft: 1148 corp: 460/42Kb exec/s: 29117 rss: 521Mb L: 119/2059 MS: 1 EraseBytes-
#30222417	REDUCE cov: 190 ft: 1148 corp: 460/42Kb exec/s: 29144 rss: 521Mb L: 117/2059 MS: 1 EraseBytes-
#30580467	REDUCE cov: 190 ft: 1148 corp: 460/42Kb exec/s: 29179 rss: 521Mb L: 499/2059 MS: 1 EraseBytes-
#30597478	REDUCE cov: 190 ft: 1148 corp: 460/42Kb exec/s: 29168 rss: 521Mb L: 116/2059 MS: 1 EraseBytes-
#30697352	REDUCE cov: 190 ft: 1148 corp: 460/42Kb exec/s: 29179 rss: 521Mb L: 471/2059 MS: 2 CopyPart-EraseBytes-
#30986819	REDUCE cov: 190 ft: 1148 corp: 460/42Kb exec/s: 29232 rss: 521Mb L: 115/2059 MS: 1 EraseBytes-
#31260549	REDUCE cov: 190 ft: 1148 corp: 460/42Kb exec/s: 29242 rss: 521Mb L: 106/2059 MS: 1 EraseBytes-
#31305548	REDUCE cov: 190 ft: 1148 corp: 460/42Kb exec/s: 29257 rss: 521Mb L: 105/2059 MS: 1 EraseBytes-
#31372857	REDUCE cov: 190 ft: 1148 corp: 460/42Kb exec/s: 29265 rss: 521Mb L: 444/2059 MS: 2 CopyPart-EraseBytes-
#31487371	REDUCE cov: 190 ft: 1148 corp: 460/42Kb exec/s: 29263 rss: 521Mb L: 103/2059 MS: 1 EraseBytes-
#31640669	REDUCE cov: 190 ft: 1148 corp: 460/42Kb exec/s: 29296 rss: 521Mb L: 441/2059 MS: 1 EraseBytes-
#31655375	REDUCE cov: 190 ft: 1148 corp: 460/42Kb exec/s: 29310 rss: 521Mb L: 98/2059 MS: 1 EraseBytes-
#31727248	REDUCE cov: 190 ft: 1148 corp: 460/42Kb exec/s: 29295 rss: 521Mb L: 96/2059 MS: 1 EraseBytes-
#31841426	REDUCE cov: 190 ft: 1148 corp: 460/42Kb exec/s: 29319 rss: 521Mb L: 93/2059 MS: 1 EraseBytes-
#32069911	REDUCE cov: 190 ft: 1148 corp: 460/42Kb exec/s: 29341 rss: 521Mb L: 432/2059 MS: 1 EraseBytes-
#32479670	REDUCE cov: 190 ft: 1148 corp: 460/42Kb exec/s: 29366 rss: 521Mb L: 91/2059 MS: 1 EraseBytes-
#33375140	REDUCE cov: 190 ft: 1148 corp: 460/42Kb exec/s: 29457 rss: 521Mb L: 89/2059 MS: 1 EraseBytes-
#33554432	pulse  cov: 190 ft: 1148 corp: 460/42Kb exec/s: 29485 rss: 521Mb
#33724597	REDUCE cov: 190 ft: 1148 corp: 460/42Kb exec/s: 29505 rss: 521Mb L: 87/2059 MS: 1 EraseBytes-
#33950593	REDUCE cov: 190 ft: 1148 corp: 460/42Kb exec/s: 29522 rss: 521Mb L: 86/2059 MS: 1 EraseBytes-
#34038816	REDUCE cov: 190 ft: 1148 corp: 460/42Kb exec/s: 29521 rss: 521Mb L: 81/2059 MS: 1 EraseBytes-
#34075538	REDUCE cov: 190 ft: 1148 corp: 460/42Kb exec/s: 29528 rss: 521Mb L: 30/2059 MS: 1 EraseBytes-
#34488627	REDUCE cov: 190 ft: 1148 corp: 460/42Kb exec/s: 29578 rss: 521Mb L: 741/2059 MS: 1 EraseBytes-
#34933812	REDUCE cov: 190 ft: 1148 corp: 460/42Kb exec/s: 29604 rss: 521Mb L: 80/2059 MS: 1 EraseBytes-
#35341742	REDUCE cov: 190 ft: 1148 corp: 460/42Kb exec/s: 29624 rss: 521Mb L: 427/2059 MS: 2 CopyPart-EraseBytes-
#35460984	REDUCE cov: 190 ft: 1148 corp: 460/42Kb exec/s: 29624 rss: 521Mb L: 422/2059 MS: 1 EraseBytes-
#35589505	REDUCE cov: 190 ft: 1148 corp: 460/42Kb exec/s: 29633 rss: 521Mb L: 76/2059 MS: 1 EraseBytes-
#36680575	REDUCE cov: 190 ft: 1148 corp: 460/42Kb exec/s: 29724 rss: 521Mb L: 740/2059 MS: 1 EraseBytes-
#37751077	REDUCE cov: 190 ft: 1148 corp: 460/42Kb exec/s: 29819 rss: 521Mb L: 421/2059 MS: 1 EraseBytes-
#37945522	REDUCE cov: 190 ft: 1148 corp: 460/42Kb exec/s: 29831 rss: 521Mb L: 75/2059 MS: 1 EraseBytes-
#37978602	REDUCE cov: 190 ft: 1148 corp: 460/42Kb exec/s: 29833 rss: 521Mb L: 412/2059 MS: 2 ShuffleBytes-EraseBytes-
#39247945	REDUCE cov: 190 ft: 1148 corp: 460/42Kb exec/s: 29914 rss: 521Mb L: 739/2059 MS: 1 EraseBytes-
#39614188	REDUCE cov: 190 ft: 1148 corp: 460/42Kb exec/s: 29942 rss: 521Mb L: 69/2059 MS: 1 EraseBytes-
#41032388	REDUCE cov: 190 ft: 1148 corp: 460/42Kb exec/s: 30038 rss: 521Mb L: 29/2059 MS: 1 EraseBytes-
#42057751	REDUCE cov: 190 ft: 1148 corp: 460/42Kb exec/s: 30084 rss: 521Mb L: 68/2059 MS: 1 EraseBytes-
#42839224	REDUCE cov: 190 ft: 1148 corp: 460/42Kb exec/s: 30147 rss: 521Mb L: 407/2059 MS: 1 EraseBytes-
#42981403	REDUCE cov: 190 ft: 1148 corp: 460/42Kb exec/s: 30141 rss: 521Mb L: 404/2059 MS: 1 EraseBytes-
#43542161	REDUCE cov: 190 ft: 1148 corp: 460/42Kb exec/s: 30174 rss: 521Mb L: 397/2059 MS: 1 EraseBytes-
#45086888	REDUCE cov: 190 ft: 1148 corp: 460/42Kb exec/s: 30259 rss: 521Mb L: 67/2059 MS: 1 EraseBytes-
#45663858	REDUCE cov: 190 ft: 1148 corp: 460/42Kb exec/s: 30301 rss: 521Mb L: 738/2059 MS: 1 EraseBytes-
#46947792	REDUCE cov: 190 ft: 1148 corp: 460/42Kb exec/s: 30347 rss: 521Mb L: 394/2059 MS: 1 EraseBytes-
#47593187	REDUCE cov: 190 ft: 1148 corp: 460/42Kb exec/s: 30372 rss: 521Mb L: 66/2059 MS: 1 EraseBytes-
#47700741	REDUCE cov: 190 ft: 1148 corp: 460/42Kb exec/s: 30382 rss: 521Mb L: 383/2059 MS: 2 ShuffleBytes-EraseBytes-
#47780723	REDUCE cov: 190 ft: 1148 corp: 460/42Kb exec/s: 30375 rss: 521Mb L: 381/2059 MS: 1 EraseBytes-
#48097015	REDUCE cov: 190 ft: 1148 corp: 460/42Kb exec/s: 30383 rss: 521Mb L: 371/2059 MS: 1 EraseBytes-
#49828490	REDUCE cov: 190 ft: 1148 corp: 460/42Kb exec/s: 30476 rss: 521Mb L: 370/2059 MS: 1 EraseBytes-
#50211395	REDUCE cov: 190 ft: 1148 corp: 460/42Kb exec/s: 30486 rss: 521Mb L: 368/2059 MS: 1 EraseBytes-
#50461974	REDUCE cov: 190 ft: 1148 corp: 460/42Kb exec/s: 30490 rss: 521Mb L: 65/2059 MS: 1 EraseBytes-
#50818937	REDUCE cov: 190 ft: 1148 corp: 460/42Kb exec/s: 30503 rss: 521Mb L: 366/2059 MS: 1 EraseBytes-
#51706408	REDUCE cov: 190 ft: 1148 corp: 460/42Kb exec/s: 30541 rss: 521Mb L: 363/2059 MS: 1 EraseBytes-
#52344298	REDUCE cov: 190 ft: 1148 corp: 460/42Kb exec/s: 30557 rss: 521Mb L: 737/2059 MS: 1 EraseBytes-
#52614385	REDUCE cov: 190 ft: 1148 corp: 460/42Kb exec/s: 30554 rss: 521Mb L: 360/2059 MS: 1 EraseBytes-
#52672152	REDUCE cov: 190 ft: 1148 corp: 460/42Kb exec/s: 30570 rss: 521Mb L: 63/2059 MS: 1 EraseBytes-
#52977051	REDUCE cov: 190 ft: 1148 corp: 460/42Kb exec/s: 30569 rss: 521Mb L: 354/2059 MS: 1 EraseBytes-
#52991417	REDUCE cov: 190 ft: 1148 corp: 460/42Kb exec/s: 30577 rss: 521Mb L: 347/2059 MS: 1 EraseBytes-
#53091797	REDUCE cov: 190 ft: 1148 corp: 460/42Kb exec/s: 30582 rss: 521Mb L: 60/2059 MS: 1 EraseBytes-
#53853714	REDUCE cov: 190 ft: 1148 corp: 460/42Kb exec/s: 30616 rss: 521Mb L: 736/2059 MS: 1 EraseBytes-
#54465648	REDUCE cov: 190 ft: 1148 corp: 460/42Kb exec/s: 30633 rss: 521Mb L: 169/2059 MS: 2 CopyPart-EraseBytes-
#55015533	REDUCE cov: 190 ft: 1148 corp: 460/42Kb exec/s: 30649 rss: 521Mb L: 332/2059 MS: 1 EraseBytes-
#56261973	REDUCE cov: 190 ft: 1148 corp: 460/42Kb exec/s: 30660 rss: 521Mb L: 329/2059 MS: 1 EraseBytes-
#56952609	REDUCE cov: 190 ft: 1148 corp: 460/42Kb exec/s: 30652 rss: 521Mb L: 59/2059 MS: 1 EraseBytes-
#57001881	REDUCE cov: 190 ft: 1148 corp: 460/42Kb exec/s: 30646 rss: 521Mb L: 538/2059 MS: 1 EraseBytes-
#57153144	REDUCE cov: 190 ft: 1148 corp: 460/42Kb exec/s: 30645 rss: 521Mb L: 323/2059 MS: 1 EraseBytes-
#57210076	REDUCE cov: 190 ft: 1148 corp: 460/42Kb exec/s: 30642 rss: 521Mb L: 58/2059 MS: 2 ShuffleBytes-EraseBytes-
#57285458	REDUCE cov: 190 ft: 1148 corp: 460/42Kb exec/s: 30650 rss: 521Mb L: 319/2059 MS: 1 EraseBytes-
#58123418	REDUCE cov: 190 ft: 1148 corp: 460/42Kb exec/s: 30607 rss: 521Mb L: 167/2059 MS: 1 EraseBytes-
#58131934	REDUCE cov: 190 ft: 1148 corp: 460/42Kb exec/s: 30595 rss: 521Mb L: 318/2059 MS: 1 EraseBytes-
#58404175	REDUCE cov: 190 ft: 1148 corp: 460/42Kb exec/s: 30594 rss: 521Mb L: 57/2059 MS: 1 EraseBytes-
#59172237	REDUCE cov: 190 ft: 1148 corp: 460/42Kb exec/s: 30501 rss: 521Mb L: 56/2059 MS: 1 EraseBytes-
#59476130	REDUCE cov: 190 ft: 1148 corp: 460/42Kb exec/s: 30500 rss: 521Mb L: 166/2059 MS: 1 EraseBytes-
#60542131	REDUCE cov: 190 ft: 1148 corp: 460/42Kb exec/s: 30484 rss: 521Mb L: 55/2059 MS: 1 EraseBytes-
#61442691	REDUCE cov: 190 ft: 1148 corp: 460/42Kb exec/s: 30447 rss: 521Mb L: 315/2059 MS: 1 EraseBytes-
#61556186	REDUCE cov: 190 ft: 1148 corp: 460/42Kb exec/s: 30458 rss: 521Mb L: 735/2059 MS: 1 EraseBytes-
#61860839	REDUCE cov: 190 ft: 1148 corp: 460/42Kb exec/s: 30443 rss: 521Mb L: 734/2059 MS: 1 EraseBytes-
#62431784	REDUCE cov: 190 ft: 1148 corp: 460/42Kb exec/s: 30439 rss: 521Mb L: 310/2059 MS: 1 EraseBytes-
#63039943	REDUCE cov: 190 ft: 1148 corp: 460/42Kb exec/s: 30439 rss: 521Mb L: 300/2059 MS: 1 EraseBytes-
#63445303	REDUCE cov: 190 ft: 1148 corp: 460/42Kb exec/s: 30444 rss: 521Mb L: 294/2059 MS: 1 EraseBytes-
#63563235	REDUCE cov: 190 ft: 1148 corp: 460/42Kb exec/s: 30456 rss: 521Mb L: 288/2059 MS: 1 EraseBytes-
#65510041	REDUCE cov: 190 ft: 1148 corp: 460/42Kb exec/s: 30498 rss: 521Mb L: 733/2059 MS: 2 ChangeASCIIInt-EraseBytes-
#66071973	REDUCE cov: 190 ft: 1148 corp: 460/42Kb exec/s: 30518 rss: 521Mb L: 285/2059 MS: 1 EraseBytes-
#66155662	REDUCE cov: 190 ft: 1148 corp: 460/42Kb exec/s: 30514 rss: 521Mb L: 279/2059 MS: 1 EraseBytes-
#66520882	REDUCE cov: 190 ft: 1148 corp: 460/42Kb exec/s: 30528 rss: 521Mb L: 277/2059 MS: 1 EraseBytes-
#67108864	pulse  cov: 190 ft: 1148 corp: 460/42Kb exec/s: 30531 rss: 521Mb
#67702392	REDUCE cov: 190 ft: 1148 corp: 460/42Kb exec/s: 30551 rss: 521Mb L: 269/2059 MS: 1 EraseBytes-
#67758589	REDUCE cov: 190 ft: 1148 corp: 460/42Kb exec/s: 30549 rss: 521Mb L: 732/2059 MS: 1 EraseBytes-
#67933381	REDUCE cov: 190 ft: 1148 corp: 460/42Kb exec/s: 30559 rss: 521Mb L: 267/2059 MS: 2 ShuffleBytes-EraseBytes-
#68516985	REDUCE cov: 190 ft: 1148 corp: 460/42Kb exec/s: 30574 rss: 521Mb L: 265/2059 MS: 1 EraseBytes-
#72253732	REDUCE cov: 190 ft: 1148 corp: 460/42Kb exec/s: 30667 rss: 521Mb L: 259/2059 MS: 1 EraseBytes-
#72404484	REDUCE cov: 190 ft: 1148 corp: 460/42Kb exec/s: 30666 rss: 521Mb L: 54/2059 MS: 1 EraseBytes-
#72432563	REDUCE cov: 190 ft: 1148 corp: 460/42Kb exec/s: 30665 rss: 521Mb L: 161/2059 MS: 3 ChangeASCIIInt-CopyPart-EraseBytes-
#72601963	REDUCE cov: 190 ft: 1148 corp: 460/42Kb exec/s: 30672 rss: 521Mb L: 253/2059 MS: 1 EraseBytes-
#72772528	REDUCE cov: 190 ft: 1148 corp: 460/42Kb exec/s: 30679 rss: 521Mb L: 160/2059 MS: 1 EraseBytes-
#73189790	REDUCE cov: 190 ft: 1148 corp: 460/42Kb exec/s: 30687 rss: 521Mb L: 159/2059 MS: 1 EraseBytes-
#74315554	REDUCE cov: 190 ft: 1148 corp: 460/42Kb exec/s: 30708 rss: 521Mb L: 53/2059 MS: 1 EraseBytes-
#74781646	REDUCE cov: 190 ft: 1148 corp: 460/42Kb exec/s: 30711 rss: 521Mb L: 155/2059 MS: 1 EraseBytes-
#75400149	REDUCE cov: 190 ft: 1148 corp: 460/42Kb exec/s: 30725 rss: 521Mb L: 731/2059 MS: 1 EraseBytes-
#77109247	REDUCE cov: 190 ft: 1148 corp: 460/42Kb exec/s: 30757 rss: 521Mb L: 154/2059 MS: 1 EraseBytes-
#80786735	REDUCE cov: 190 ft: 1148 corp: 460/42Kb exec/s: 30822 rss: 521Mb L: 152/2059 MS: 1 EraseBytes-
#82948537	REDUCE cov: 190 ft: 1148 corp: 460/42Kb exec/s: 30847 rss: 521Mb L: 248/2059 MS: 1 EraseBytes-
#85097519	REDUCE cov: 190 ft: 1148 corp: 460/42Kb exec/s: 30877 rss: 521Mb L: 147/2059 MS: 5 ChangeASCIIInt-EraseBytes-ChangeBit-ShuffleBytes-CopyPart-
#85439539	REDUCE cov: 190 ft: 1148 corp: 460/42Kb exec/s: 30889 rss: 521Mb L: 244/2059 MS: 1 EraseBytes-
#85645152	REDUCE cov: 190 ft: 1148 corp: 460/42Kb exec/s: 30896 rss: 521Mb L: 146/2059 MS: 2 CopyPart-EraseBytes-
#86185494	REDUCE cov: 190 ft: 1148 corp: 460/42Kb exec/s: 30890 rss: 521Mb L: 143/2059 MS: 1 EraseBytes-
#86763273	REDUCE cov: 190 ft: 1148 corp: 460/42Kb exec/s: 30898 rss: 521Mb L: 241/2059 MS: 1 EraseBytes-
#89617245	REDUCE cov: 190 ft: 1148 corp: 460/42Kb exec/s: 30902 rss: 521Mb L: 142/2059 MS: 1 EraseBytes-
#90407751	REDUCE cov: 190 ft: 1148 corp: 460/42Kb exec/s: 30908 rss: 521Mb L: 236/2059 MS: 1 EraseBytes-
#91736390	REDUCE cov: 190 ft: 1148 corp: 460/42Kb exec/s: 30929 rss: 521Mb L: 234/2059 MS: 1 EraseBytes-
#92253837	REDUCE cov: 190 ft: 1148 corp: 460/42Kb exec/s: 30936 rss: 521Mb L: 231/2059 MS: 2 ShuffleBytes-EraseBytes-
#92348784	REDUCE cov: 190 ft: 1148 corp: 460/42Kb exec/s: 30927 rss: 521Mb L: 730/2059 MS: 1 EraseBytes-
#94723566	REDUCE cov: 190 ft: 1148 corp: 460/42Kb exec/s: 30955 rss: 521Mb L: 141/2059 MS: 5 ChangeByte-ChangeBit-ChangeBit-CopyPart-EraseBytes-
#95267349	REDUCE cov: 190 ft: 1148 corp: 460/42Kb exec/s: 30961 rss: 521Mb L: 389/2059 MS: 2 CopyPart-EraseBytes-
#96133207	REDUCE cov: 190 ft: 1148 corp: 460/42Kb exec/s: 30960 rss: 521Mb L: 229/2059 MS: 1 EraseBytes-
#96232075	REDUCE cov: 190 ft: 1148 corp: 460/42Kb exec/s: 30962 rss: 521Mb L: 139/2059 MS: 1 EraseBytes-
#96291977	REDUCE cov: 190 ft: 1148 corp: 460/42Kb exec/s: 30962 rss: 521Mb L: 137/2059 MS: 1 EraseBytes-
#96756456	REDUCE cov: 190 ft: 1148 corp: 460/42Kb exec/s: 30971 rss: 521Mb L: 212/2059 MS: 2 CopyPart-EraseBytes-
#97312258	REDUCE cov: 190 ft: 1148 corp: 460/42Kb exec/s: 30971 rss: 521Mb L: 210/2059 MS: 1 EraseBytes-
#97559844	REDUCE cov: 190 ft: 1148 corp: 460/42Kb exec/s: 30981 rss: 521Mb L: 208/2059 MS: 1 EraseBytes-
#97841455	REDUCE cov: 190 ft: 1148 corp: 460/42Kb exec/s: 30982 rss: 521Mb L: 206/2059 MS: 2 InsertByte-EraseBytes-
#98128529	REDUCE cov: 190 ft: 1148 corp: 460/42Kb exec/s: 30984 rss: 521Mb L: 134/2059 MS: 2 CopyPart-EraseBytes-
#99141012	REDUCE cov: 190 ft: 1148 corp: 460/42Kb exec/s: 30991 rss: 521Mb L: 130/2059 MS: 2 ChangeASCIIInt-EraseBytes-
#100279340	REDUCE cov: 190 ft: 1148 corp: 460/42Kb exec/s: 31007 rss: 521Mb L: 205/2059 MS: 1 EraseBytes-
#100308386	REDUCE cov: 190 ft: 1148 corp: 460/42Kb exec/s: 31007 rss: 521Mb L: 202/2059 MS: 1 EraseBytes-
#100845023	REDUCE cov: 190 ft: 1148 corp: 460/42Kb exec/s: 31010 rss: 521Mb L: 729/2059 MS: 1 EraseBytes-
#101588725	REDUCE cov: 190 ft: 1148 corp: 460/42Kb exec/s: 31019 rss: 521Mb L: 128/2059 MS: 4 CopyPart-ChangeASCIIInt-EraseBytes-CopyPart-
#102151275	REDUCE cov: 190 ft: 1148 corp: 460/42Kb exec/s: 31020 rss: 521Mb L: 200/2059 MS: 1 EraseBytes-
#102502643	REDUCE cov: 190 ft: 1148 corp: 460/42Kb exec/s: 31014 rss: 521Mb L: 196/2059 MS: 1 EraseBytes-
#103011916	REDUCE cov: 190 ft: 1148 corp: 460/42Kb exec/s: 31018 rss: 521Mb L: 127/2059 MS: 2 CopyPart-EraseBytes-
#103141904	REDUCE cov: 190 ft: 1148 corp: 460/42Kb exec/s: 31020 rss: 521Mb L: 194/2059 MS: 1 EraseBytes-
#103260885	REDUCE cov: 190 ft: 1148 corp: 460/42Kb exec/s: 31027 rss: 521Mb L: 190/2059 MS: 1 EraseBytes-
#103426168	REDUCE cov: 190 ft: 1148 corp: 460/42Kb exec/s: 31021 rss: 521Mb L: 126/2059 MS: 1 EraseBytes-
#104079125	REDUCE cov: 190 ft: 1148 corp: 460/42Kb exec/s: 31031 rss: 521Mb L: 524/2059 MS: 2 CopyPart-EraseBytes-
#104405095	REDUCE cov: 190 ft: 1148 corp: 460/42Kb exec/s: 31026 rss: 521Mb L: 122/2059 MS: 1 EraseBytes-
#104559812	REDUCE cov: 190 ft: 1148 corp: 460/42Kb exec/s: 31035 rss: 521Mb L: 120/2059 MS: 1 EraseBytes-
#106234315	REDUCE cov: 190 ft: 1148 corp: 460/42Kb exec/s: 31044 rss: 521Mb L: 187/2059 MS: 1 EraseBytes-
#106508668	REDUCE cov: 190 ft: 1148 corp: 460/42Kb exec/s: 31043 rss: 521Mb L: 183/2059 MS: 2 ShuffleBytes-EraseBytes-
#107159475	REDUCE cov: 190 ft: 1148 corp: 460/42Kb exec/s: 31051 rss: 521Mb L: 182/2059 MS: 1 EraseBytes-
#108267614	REDUCE cov: 190 ft: 1148 corp: 460/42Kb exec/s: 31066 rss: 521Mb L: 116/2059 MS: 1 EraseBytes-
#110346226	REDUCE cov: 190 ft: 1148 corp: 460/42Kb exec/s: 31074 rss: 521Mb L: 181/2059 MS: 1 EraseBytes-
#111426559	REDUCE cov: 190 ft: 1148 corp: 460/42Kb exec/s: 31089 rss: 521Mb L: 115/2059 MS: 1 EraseBytes-
#112499247	REDUCE cov: 190 ft: 1148 corp: 460/42Kb exec/s: 31085 rss: 521Mb L: 114/2059 MS: 1 EraseBytes-
#113875113	REDUCE cov: 190 ft: 1148 corp: 460/42Kb exec/s: 31070 rss: 521Mb L: 180/2059 MS: 1 EraseBytes-
#116299518	REDUCE cov: 190 ft: 1148 corp: 460/42Kb exec/s: 30996 rss: 521Mb L: 728/2059 MS: 1 EraseBytes-
#116505373	REDUCE cov: 190 ft: 1148 corp: 460/42Kb exec/s: 30993 rss: 521Mb L: 178/2059 MS: 1 EraseBytes-
#116681430	REDUCE cov: 190 ft: 1148 corp: 460/42Kb exec/s: 30991 rss: 521Mb L: 175/2059 MS: 1 EraseBytes-
#117688665	REDUCE cov: 190 ft: 1148 corp: 460/42Kb exec/s: 30970 rss: 521Mb L: 111/2059 MS: 1 EraseBytes-
#119624677	REDUCE cov: 190 ft: 1148 corp: 460/42Kb exec/s: 30950 rss: 521Mb L: 109/2059 MS: 1 EraseBytes-
#119825104	REDUCE cov: 190 ft: 1148 corp: 460/42Kb exec/s: 30946 rss: 521Mb L: 172/2059 MS: 1 EraseBytes-
#121360556	REDUCE cov: 190 ft: 1148 corp: 460/42Kb exec/s: 30927 rss: 521Mb L: 170/2059 MS: 1 EraseBytes-
#122042687	REDUCE cov: 190 ft: 1148 corp: 460/42Kb exec/s: 30936 rss: 521Mb L: 70/2059 MS: 3 CopyPart-ChangeByte-EraseBytes-
#125534717	REDUCE cov: 190 ft: 1148 corp: 460/42Kb exec/s: 30973 rss: 521Mb L: 167/2059 MS: 1 EraseBytes-
#125565900	REDUCE cov: 190 ft: 1148 corp: 460/42Kb exec/s: 30965 rss: 521Mb L: 727/2059 MS: 1 EraseBytes-
#126483661	REDUCE cov: 190 ft: 1148 corp: 460/42Kb exec/s: 30978 rss: 521Mb L: 164/2059 MS: 1 EraseBytes-
#127337440	REDUCE cov: 190 ft: 1148 corp: 460/42Kb exec/s: 30989 rss: 521Mb L: 108/2059 MS: 2 ChangeASCIIInt-EraseBytes-
#127562915	REDUCE cov: 190 ft: 1148 corp: 460/42Kb exec/s: 30991 rss: 521Mb L: 162/2059 MS: 1 EraseBytes-
#127655296	REDUCE cov: 190 ft: 1148 corp: 460/42Kb exec/s: 30991 rss: 521Mb L: 158/2059 MS: 1 EraseBytes-
#129972505	REDUCE cov: 190 ft: 1148 corp: 460/42Kb exec/s: 31012 rss: 521Mb L: 782/2059 MS: 2 CopyPart-EraseBytes-
#131763563	REDUCE cov: 190 ft: 1148 corp: 460/42Kb exec/s: 31025 rss: 521Mb L: 24/2059 MS: 3 EraseBytes-ChangeASCIIInt-CopyPart-
#131805335	REDUCE cov: 190 ft: 1148 corp: 460/42Kb exec/s: 31027 rss: 521Mb L: 23/2059 MS: 1 EraseBytes-
#132036558	REDUCE cov: 190 ft: 1148 corp: 460/42Kb exec/s: 31023 rss: 521Mb L: 22/2059 MS: 1 EraseBytes-
#133819292	REDUCE cov: 190 ft: 1148 corp: 460/42Kb exec/s: 31041 rss: 521Mb L: 21/2059 MS: 1 EraseBytes-
#134217728	pulse  cov: 190 ft: 1148 corp: 460/42Kb exec/s: 31040 rss: 521Mb
#134948236	REDUCE cov: 190 ft: 1148 corp: 460/42Kb exec/s: 31043 rss: 521Mb L: 537/2059 MS: 2 ShuffleBytes-EraseBytes-
#135227963	REDUCE cov: 190 ft: 1148 corp: 460/42Kb exec/s: 31051 rss: 521Mb L: 107/2059 MS: 1 EraseBytes-
#136367968	REDUCE cov: 190 ft: 1148 corp: 460/42Kb exec/s: 31049 rss: 521Mb L: 156/2059 MS: 1 EraseBytes-
#136567921	REDUCE cov: 190 ft: 1148 corp: 460/42Kb exec/s: 31052 rss: 521Mb L: 153/2059 MS: 1 EraseBytes-
#136630893	REDUCE cov: 190 ft: 1148 corp: 460/42Kb exec/s: 31052 rss: 521Mb L: 151/2059 MS: 1 EraseBytes-
#137785574	REDUCE cov: 190 ft: 1148 corp: 460/42Kb exec/s: 31060 rss: 521Mb L: 105/2059 MS: 1 EraseBytes-
#138221194	REDUCE cov: 190 ft: 1148 corp: 460/42Kb exec/s: 31060 rss: 521Mb L: 20/2059 MS: 1 EraseBytes-
#139858043	REDUCE cov: 190 ft: 1148 corp: 460/42Kb exec/s: 31079 rss: 521Mb L: 150/2059 MS: 1 EraseBytes-
#139886244	REDUCE cov: 190 ft: 1148 corp: 460/42Kb exec/s: 31078 rss: 521Mb L: 147/2059 MS: 1 EraseBytes-
#140641569	REDUCE cov: 190 ft: 1148 corp: 460/42Kb exec/s: 31081 rss: 521Mb L: 146/2059 MS: 1 EraseBytes-
#141030638	REDUCE cov: 190 ft: 1148 corp: 460/42Kb exec/s: 31077 rss: 521Mb L: 19/2059 MS: 2 ChangeBit-EraseBytes-
#141825505	REDUCE cov: 190 ft: 1148 corp: 460/42Kb exec/s: 31088 rss: 521Mb L: 143/2059 MS: 2 ShuffleBytes-EraseBytes-
#142655754	REDUCE cov: 190 ft: 1148 corp: 460/42Kb exec/s: 31093 rss: 521Mb L: 141/2059 MS: 1 EraseBytes-
#144738080	REDUCE cov: 190 ft: 1148 corp: 460/42Kb exec/s: 31099 rss: 521Mb L: 104/2059 MS: 1 EraseBytes-
#148071237	REDUCE cov: 190 ft: 1148 corp: 460/42Kb exec/s: 31127 rss: 521Mb L: 138/2059 MS: 1 EraseBytes-
#149338015	REDUCE cov: 190 ft: 1148 corp: 460/42Kb exec/s: 31138 rss: 521Mb L: 136/2059 MS: 1 EraseBytes-
#149529607	REDUCE cov: 190 ft: 1148 corp: 460/42Kb exec/s: 31139 rss: 521Mb L: 135/2059 MS: 1 EraseBytes-
#152007937	REDUCE cov: 190 ft: 1148 corp: 460/42Kb exec/s: 31149 rss: 521Mb L: 132/2059 MS: 2 ChangeBit-EraseBytes-
#153348276	REDUCE cov: 190 ft: 1148 corp: 460/42Kb exec/s: 31155 rss: 521Mb L: 781/2059 MS: 4 CopyPart-ChangeBit-CMP-EraseBytes- DE: "J\x05\x00\x00"-
#153818246	REDUCE cov: 190 ft: 1148 corp: 460/42Kb exec/s: 31156 rss: 521Mb L: 99/2059 MS: 3 EraseBytes-ChangeASCIIInt-CopyPart-
#158049059	REDUCE cov: 190 ft: 1148 corp: 460/42Kb exec/s: 31185 rss: 521Mb L: 130/2059 MS: 1 EraseBytes-
#158539012	REDUCE cov: 190 ft: 1148 corp: 460/42Kb exec/s: 31190 rss: 521Mb L: 129/2059 MS: 1 EraseBytes-
#159459783	REDUCE cov: 190 ft: 1148 corp: 460/42Kb exec/s: 31193 rss: 521Mb L: 98/2059 MS: 1 EraseBytes-
#160761851	REDUCE cov: 190 ft: 1148 corp: 460/42Kb exec/s: 31197 rss: 521Mb L: 123/2059 MS: 2 EraseBytes-CopyPart-
#160857948	REDUCE cov: 190 ft: 1148 corp: 460/42Kb exec/s: 31198 rss: 521Mb L: 122/2059 MS: 1 EraseBytes-
#163268767	REDUCE cov: 190 ft: 1148 corp: 460/42Kb exec/s: 31211 rss: 521Mb L: 94/2059 MS: 3 EraseBytes-ChangeBinInt-CopyPart-
#163314045	REDUCE cov: 190 ft: 1148 corp: 460/42Kb exec/s: 31208 rss: 521Mb L: 726/2059 MS: 1 EraseBytes-
#164568776	REDUCE cov: 190 ft: 1148 corp: 460/42Kb exec/s: 31215 rss: 521Mb L: 725/2059 MS: 1 EraseBytes-
#165782578	REDUCE cov: 190 ft: 1148 corp: 460/42Kb exec/s: 31226 rss: 521Mb L: 93/2059 MS: 1 EraseBytes-
#165864874	REDUCE cov: 190 ft: 1148 corp: 460/42Kb exec/s: 31224 rss: 521Mb L: 724/2059 MS: 1 EraseBytes-
#170671207	REDUCE cov: 190 ft: 1148 corp: 460/42Kb exec/s: 31218 rss: 521Mb L: 92/2059 MS: 5 InsertRepeatedBytes-CopyPart-InsertByte-ChangeByte-EraseBytes-
#174012284	REDUCE cov: 190 ft: 1148 corp: 460/42Kb exec/s: 31145 rss: 521Mb L: 121/2059 MS: 1 EraseBytes-
#176725483	REDUCE cov: 190 ft: 1148 corp: 460/42Kb exec/s: 31113 rss: 521Mb L: 723/2059 MS: 1 EraseBytes-
#177464321	REDUCE cov: 190 ft: 1148 corp: 460/42Kb exec/s: 31112 rss: 521Mb L: 120/2059 MS: 1 EraseBytes-
#183032170	REDUCE cov: 190 ft: 1148 corp: 460/42Kb exec/s: 31149 rss: 521Mb L: 722/2059 MS: 1 EraseBytes-
#183555540	REDUCE cov: 190 ft: 1148 corp: 460/42Kb exec/s: 31148 rss: 521Mb L: 118/2059 MS: 1 EraseBytes-
#183850363	REDUCE cov: 190 ft: 1148 corp: 460/42Kb exec/s: 31150 rss: 521Mb L: 721/2059 MS: 1 EraseBytes-
#190204862	REDUCE cov: 190 ft: 1148 corp: 460/42Kb exec/s: 31181 rss: 521Mb L: 116/2059 MS: 1 EraseBytes-
#191916670	REDUCE cov: 190 ft: 1148 corp: 460/42Kb exec/s: 31185 rss: 521Mb L: 115/2059 MS: 1 EraseBytes-
#193245276	REDUCE cov: 190 ft: 1148 corp: 460/42Kb exec/s: 31193 rss: 521Mb L: 718/2059 MS: 3 CopyPart-ChangeASCIIInt-EraseBytes-
#194929956	REDUCE cov: 190 ft: 1148 corp: 460/42Kb exec/s: 31203 rss: 521Mb L: 715/2059 MS: 1 EraseBytes-
#198720309	REDUCE cov: 190 ft: 1148 corp: 460/42Kb exec/s: 31225 rss: 521Mb L: 197/2059 MS: 1 EraseBytes-
#199756352	REDUCE cov: 190 ft: 1148 corp: 460/42Kb exec/s: 31226 rss: 521Mb L: 714/2059 MS: 1 EraseBytes-
#199815774	REDUCE cov: 190 ft: 1148 corp: 460/42Kb exec/s: 31226 rss: 521Mb L: 114/2059 MS: 1 EraseBytes-
#203468182	REDUCE cov: 190 ft: 1148 corp: 460/41Kb exec/s: 31240 rss: 521Mb L: 91/2059 MS: 1 EraseBytes-
#204110461	REDUCE cov: 190 ft: 1148 corp: 460/41Kb exec/s: 31238 rss: 521Mb L: 113/2059 MS: 1 EraseBytes-
#205674542	REDUCE cov: 190 ft: 1148 corp: 460/41Kb exec/s: 31243 rss: 521Mb L: 712/2059 MS: 4 EraseBytes-CopyPart-ChangeASCIIInt-EraseBytes-
#207267602	REDUCE cov: 190 ft: 1148 corp: 460/41Kb exec/s: 31252 rss: 521Mb L: 90/2059 MS: 1 EraseBytes-
#212982047	REDUCE cov: 190 ft: 1148 corp: 460/41Kb exec/s: 31279 rss: 521Mb L: 112/2059 MS: 1 EraseBytes-
#215059017	REDUCE cov: 190 ft: 1148 corp: 460/41Kb exec/s: 31290 rss: 521Mb L: 710/2059 MS: 2 ChangeASCIIInt-EraseBytes-
#221301535	REDUCE cov: 190 ft: 1148 corp: 460/41Kb exec/s: 31310 rss: 521Mb L: 111/2059 MS: 1 EraseBytes-
#227078685	REDUCE cov: 190 ft: 1148 corp: 460/41Kb exec/s: 31316 rss: 521Mb L: 709/2059 MS: 1 EraseBytes-
#232970613	REDUCE cov: 190 ft: 1148 corp: 460/41Kb exec/s: 31250 rss: 521Mb L: 708/2059 MS: 1 EraseBytes-
#235511293	REDUCE cov: 190 ft: 1148 corp: 460/41Kb exec/s: 31243 rss: 521Mb L: 536/2059 MS: 1 EraseBytes-
#236937880	REDUCE cov: 190 ft: 1148 corp: 460/41Kb exec/s: 31245 rss: 521Mb L: 110/2059 MS: 1 EraseBytes-
#239738465	REDUCE cov: 190 ft: 1148 corp: 460/41Kb exec/s: 31256 rss: 521Mb L: 109/2059 MS: 2 ShuffleBytes-EraseBytes-
#243804966	REDUCE cov: 190 ft: 1148 corp: 460/41Kb exec/s: 31269 rss: 521Mb L: 89/2059 MS: 2 CopyPart-EraseBytes-
#244034953	REDUCE cov: 190 ft: 1148 corp: 460/41Kb exec/s: 31274 rss: 521Mb L: 85/2059 MS: 1 EraseBytes-
#246525589	REDUCE cov: 190 ft: 1148 corp: 460/41Kb exec/s: 31281 rss: 521Mb L: 84/2059 MS: 1 EraseBytes-
#248299707	REDUCE cov: 190 ft: 1148 corp: 460/41Kb exec/s: 31287 rss: 521Mb L: 83/2059 MS: 2 EraseBytes-CopyPart-
#249594564	REDUCE cov: 190 ft: 1148 corp: 460/41Kb exec/s: 31289 rss: 521Mb L: 106/2059 MS: 1 EraseBytes-
#249762356	REDUCE cov: 190 ft: 1148 corp: 460/41Kb exec/s: 31290 rss: 521Mb L: 535/2059 MS: 1 EraseBytes-
#251791204	REDUCE cov: 190 ft: 1148 corp: 460/41Kb exec/s: 31297 rss: 521Mb L: 707/2059 MS: 1 EraseBytes-
#252292126	REDUCE cov: 190 ft: 1148 corp: 460/41Kb exec/s: 31297 rss: 521Mb L: 2056/2056 MS: 1 EraseBytes-
#256784941	REDUCE cov: 190 ft: 1148 corp: 460/41Kb exec/s: 31315 rss: 521Mb L: 706/2056 MS: 1 EraseBytes-
#256814477	REDUCE cov: 190 ft: 1148 corp: 460/41Kb exec/s: 31315 rss: 521Mb L: 705/2056 MS: 1 EraseBytes-
#260656270	REDUCE cov: 190 ft: 1148 corp: 460/41Kb exec/s: 31317 rss: 521Mb L: 105/2056 MS: 1 EraseBytes-
#263032415	REDUCE cov: 190 ft: 1148 corp: 460/41Kb exec/s: 31324 rss: 521Mb L: 704/2056 MS: 2 ChangeASCIIInt-EraseBytes-
#263516480	REDUCE cov: 190 ft: 1148 corp: 460/41Kb exec/s: 31326 rss: 521Mb L: 649/2056 MS: 3 ChangeBinInt-CopyPart-EraseBytes-
#268435456	pulse  cov: 190 ft: 1148 corp: 460/41Kb exec/s: 31344 rss: 521Mb
#268857753	REDUCE cov: 190 ft: 1148 corp: 460/41Kb exec/s: 31346 rss: 521Mb L: 534/2056 MS: 1 EraseBytes-
#275230908	REDUCE cov: 190 ft: 1148 corp: 460/41Kb exec/s: 31365 rss: 521Mb L: 82/2056 MS: 1 EraseBytes-
#275767403	REDUCE cov: 190 ft: 1148 corp: 460/41Kb exec/s: 31365 rss: 521Mb L: 80/2056 MS: 3 ChangeBit-CopyPart-EraseBytes-
#275818255	REDUCE cov: 190 ft: 1148 corp: 460/41Kb exec/s: 31367 rss: 521Mb L: 104/2056 MS: 1 EraseBytes-
#278324428	REDUCE cov: 190 ft: 1148 corp: 460/41Kb exec/s: 31374 rss: 521Mb L: 103/2056 MS: 1 EraseBytes-
#279944185	REDUCE cov: 190 ft: 1148 corp: 460/41Kb exec/s: 31380 rss: 521Mb L: 533/2056 MS: 1 EraseBytes-
#296982289	REDUCE cov: 190 ft: 1148 corp: 460/41Kb exec/s: 31340 rss: 521Mb L: 102/2056 MS: 1 EraseBytes-
#317627569	REDUCE cov: 190 ft: 1148 corp: 460/41Kb exec/s: 31383 rss: 521Mb L: 701/2056 MS: 2 EraseBytes-CopyPart-
#328851736	REDUCE cov: 190 ft: 1148 corp: 460/41Kb exec/s: 31411 rss: 521Mb L: 532/2056 MS: 1 EraseBytes-
