INFO: Seed: 3533457003
INFO: Loaded 1 modules   (808 inline 8-bit counters): 808 [0x7a5720, 0x7a5a48), 
INFO: Loaded 1 PC tables (808 PCs): 808 [0x57e288,0x581508), 
INFO:     4368 files found in ../CORPUS
INFO:       14 files found in ../inputs
INFO: -max_len is not provided; libFuzzer will not generate inputs larger than 4096 bytes
INFO: seed corpus: files: 4382 min: 1b max: 3465b total: 3185545b rss: 40Mb
#128	pulse  cov: 148 ft: 327 corp: 113/923b exec/s: 64 rss: 44Mb
#256	pulse  cov: 186 ft: 573 corp: 211/2399b exec/s: 51 rss: 48Mb
#512	pulse  cov: 188 ft: 887 corp: 344/7464b exec/s: 51 rss: 56Mb
#1024	pulse  cov: 188 ft: 1027 corp: 398/14889b exec/s: 46 rss: 67Mb
#2048	pulse  cov: 188 ft: 1075 corp: 428/23Kb exec/s: 44 rss: 85Mb
#4096	pulse  cov: 190 ft: 1131 corp: 447/39Kb exec/s: 39 rss: 141Mb
#4383	INITED cov: 190 ft: 1133 corp: 448/41Kb exec/s: 38 rss: 155Mb
#8192	pulse  cov: 190 ft: 1133 corp: 448/41Kb exec/s: 72 rss: 169Mb
#8299	REDUCE cov: 190 ft: 1133 corp: 448/41Kb exec/s: 73 rss: 169Mb L: 133/2059 MS: 1 EraseBytes-
#11278	NEW    cov: 190 ft: 1134 corp: 449/41Kb exec/s: 98 rss: 182Mb L: 681/2059 MS: 4 CMP-EraseBytes-CMP-CopyPart- DE: "timeout"-"null"-
#16384	pulse  cov: 190 ft: 1134 corp: 449/41Kb exec/s: 143 rss: 199Mb
#32768	pulse  cov: 190 ft: 1134 corp: 449/41Kb exec/s: 287 rss: 256Mb
#65536	pulse  cov: 190 ft: 1134 corp: 449/41Kb exec/s: 564 rss: 365Mb
#68920	REDUCE cov: 190 ft: 1134 corp: 449/41Kb exec/s: 594 rss: 376Mb L: 140/2059 MS: 3 ChangeByte-EraseBytes-CopyPart-
#88321	REDUCE cov: 190 ft: 1134 corp: 449/41Kb exec/s: 761 rss: 439Mb L: 663/2059 MS: 1 EraseBytes-
#114511	REDUCE cov: 190 ft: 1134 corp: 449/41Kb exec/s: 978 rss: 494Mb L: 10/2059 MS: 1 EraseBytes-
#131072	pulse  cov: 190 ft: 1134 corp: 449/41Kb exec/s: 1110 rss: 512Mb
#192944	RELOAD cov: 190 ft: 1135 corp: 450/41Kb exec/s: 1607 rss: 516Mb
#245738	REDUCE cov: 190 ft: 1135 corp: 450/41Kb exec/s: 2030 rss: 517Mb L: 139/2059 MS: 2 CopyPart-EraseBytes-
#262144	pulse  cov: 190 ft: 1135 corp: 450/41Kb exec/s: 2148 rss: 517Mb
#384104	REDUCE cov: 190 ft: 1135 corp: 450/41Kb exec/s: 3072 rss: 517Mb L: 136/2059 MS: 1 EraseBytes-
#524288	pulse  cov: 190 ft: 1135 corp: 450/41Kb exec/s: 4032 rss: 517Mb
#912352	REDUCE cov: 190 ft: 1135 corp: 450/41Kb exec/s: 6470 rss: 517Mb L: 660/2059 MS: 1 EraseBytes-
#989581	REDUCE cov: 190 ft: 1135 corp: 450/41Kb exec/s: 6872 rss: 517Mb L: 9/2059 MS: 2 ShuffleBytes-EraseBytes-
#1048576	pulse  cov: 190 ft: 1135 corp: 450/41Kb exec/s: 7182 rss: 517Mb
#1078560	REDUCE cov: 190 ft: 1135 corp: 450/41Kb exec/s: 7337 rss: 517Mb L: 21/2059 MS: 1 EraseBytes-
#1930752	REDUCE cov: 190 ft: 1135 corp: 450/41Kb exec/s: 11160 rss: 517Mb L: 8/2059 MS: 1 EraseBytes-
#2097152	pulse  cov: 190 ft: 1135 corp: 450/41Kb exec/s: 11781 rss: 517Mb
#3306504	REDUCE cov: 190 ft: 1135 corp: 450/41Kb exec/s: 15523 rss: 517Mb L: 20/2059 MS: 2 ChangeByte-EraseBytes-
#3365025	REDUCE cov: 190 ft: 1135 corp: 450/41Kb exec/s: 15651 rss: 517Mb L: 658/2059 MS: 1 EraseBytes-
#3567263	REDUCE cov: 190 ft: 1135 corp: 450/41Kb exec/s: 16141 rss: 517Mb L: 13/2059 MS: 1 EraseBytes-
#3903559	REDUCE cov: 190 ft: 1135 corp: 450/41Kb exec/s: 16898 rss: 517Mb L: 197/2059 MS: 1 EraseBytes-
#3921085	REDUCE cov: 190 ft: 1135 corp: 450/41Kb exec/s: 16901 rss: 517Mb L: 171/2059 MS: 1 EraseBytes-
#4017439	RELOAD cov: 190 ft: 1137 corp: 451/41Kb exec/s: 17095 rss: 517Mb
#4061127	RELOAD cov: 190 ft: 1141 corp: 453/42Kb exec/s: 17208 rss: 517Mb
#4062059	REDUCE cov: 190 ft: 1141 corp: 453/42Kb exec/s: 17212 rss: 517Mb L: 102/2059 MS: 2 ShuffleBytes-EraseBytes-
#4082265	REDUCE cov: 190 ft: 1141 corp: 453/42Kb exec/s: 17224 rss: 517Mb L: 95/2059 MS: 1 EraseBytes-
#4084916	REDUCE cov: 190 ft: 1141 corp: 453/42Kb exec/s: 17235 rss: 517Mb L: 68/2059 MS: 1 EraseBytes-
#4086109	REDUCE cov: 190 ft: 1141 corp: 453/42Kb exec/s: 17240 rss: 517Mb L: 65/2059 MS: 3 ChangeBinInt-ShuffleBytes-EraseBytes-
#4093505	REDUCE cov: 190 ft: 1141 corp: 453/42Kb exec/s: 17272 rss: 517Mb L: 47/2059 MS: 1 EraseBytes-
#4098737	REDUCE cov: 190 ft: 1141 corp: 453/42Kb exec/s: 17294 rss: 517Mb L: 29/2059 MS: 2 PersAutoDict-EraseBytes- DE: "timeout"-
#4098769	RELOAD cov: 190 ft: 1143 corp: 454/42Kb exec/s: 17221 rss: 517Mb
#4102916	REDUCE cov: 190 ft: 1143 corp: 454/42Kb exec/s: 17239 rss: 517Mb L: 315/2059 MS: 2 EraseBytes-CopyPart-
#4104153	REDUCE cov: 190 ft: 1143 corp: 454/42Kb exec/s: 17244 rss: 517Mb L: 292/2059 MS: 2 CopyPart-EraseBytes-
#4125226	REDUCE cov: 190 ft: 1143 corp: 454/42Kb exec/s: 17332 rss: 517Mb L: 157/2059 MS: 3 ChangeByte-CopyPart-EraseBytes-
#4128033	REDUCE cov: 190 ft: 1143 corp: 454/42Kb exec/s: 17344 rss: 517Mb L: 26/2059 MS: 2 ShuffleBytes-EraseBytes-
#4142856	REDUCE cov: 190 ft: 1143 corp: 454/42Kb exec/s: 17334 rss: 517Mb L: 132/2059 MS: 2 ChangeBit-EraseBytes-
#4147632	REDUCE cov: 190 ft: 1143 corp: 454/42Kb exec/s: 17354 rss: 517Mb L: 122/2059 MS: 1 EraseBytes-
#4159978	REDUCE cov: 190 ft: 1143 corp: 454/42Kb exec/s: 17333 rss: 517Mb L: 80/2059 MS: 1 EraseBytes-
#4165204	REDUCE cov: 190 ft: 1143 corp: 454/42Kb exec/s: 17355 rss: 517Mb L: 14/2059 MS: 1 EraseBytes-
#4174235	REDUCE cov: 190 ft: 1143 corp: 454/42Kb exec/s: 17392 rss: 517Mb L: 13/2059 MS: 1 EraseBytes-
#4194304	pulse  cov: 190 ft: 1143 corp: 454/42Kb exec/s: 17403 rss: 517Mb
#4203760	REDUCE cov: 190 ft: 1143 corp: 454/42Kb exec/s: 17442 rss: 517Mb L: 245/2059 MS: 4 ChangeByte-CrossOver-EraseBytes-EraseBytes-
#4211977	REDUCE cov: 190 ft: 1143 corp: 454/42Kb exec/s: 17477 rss: 517Mb L: 69/2059 MS: 2 ChangeBinInt-EraseBytes-
#4220252	RELOAD cov: 190 ft: 1145 corp: 455/42Kb exec/s: 17439 rss: 517Mb
#4221503	REDUCE cov: 190 ft: 1145 corp: 455/42Kb exec/s: 17444 rss: 517Mb L: 64/2059 MS: 1 EraseBytes-
#4225259	REDUCE cov: 190 ft: 1145 corp: 455/42Kb exec/s: 17459 rss: 517Mb L: 56/2059 MS: 1 EraseBytes-
#4251095	REDUCE cov: 190 ft: 1145 corp: 455/42Kb exec/s: 17566 rss: 517Mb L: 232/2059 MS: 1 EraseBytes-
#4254547	REDUCE cov: 190 ft: 1145 corp: 455/42Kb exec/s: 17508 rss: 517Mb L: 86/2059 MS: 2 InsertRepeatedBytes-EraseBytes-
#4257401	RELOAD cov: 190 ft: 1147 corp: 456/44Kb exec/s: 17520 rss: 517Mb
#4282512	REDUCE cov: 190 ft: 1147 corp: 456/44Kb exec/s: 17551 rss: 517Mb L: 1492/2059 MS: 1 EraseBytes-
#4287593	REDUCE cov: 190 ft: 1147 corp: 456/44Kb exec/s: 17572 rss: 517Mb L: 50/2059 MS: 1 EraseBytes-
#4317518	REDUCE cov: 190 ft: 1147 corp: 456/44Kb exec/s: 17622 rss: 517Mb L: 1463/2059 MS: 1 EraseBytes-
#4319374	REDUCE cov: 190 ft: 1147 corp: 456/44Kb exec/s: 17630 rss: 517Mb L: 80/2059 MS: 1 EraseBytes-
#4378396	REDUCE cov: 190 ft: 1147 corp: 456/44Kb exec/s: 17726 rss: 517Mb L: 77/2059 MS: 1 EraseBytes-
#4457791	REDUCE cov: 190 ft: 1147 corp: 456/44Kb exec/s: 17902 rss: 517Mb L: 12/2059 MS: 1 EraseBytes-
#4488537	REDUCE cov: 190 ft: 1147 corp: 456/44Kb exec/s: 17954 rss: 517Mb L: 44/2059 MS: 1 EraseBytes-
#4502056	REDUCE cov: 190 ft: 1147 corp: 456/44Kb exec/s: 18008 rss: 517Mb L: 1347/2059 MS: 1 EraseBytes-
#4569141	REDUCE cov: 190 ft: 1147 corp: 456/44Kb exec/s: 18131 rss: 517Mb L: 230/2059 MS: 1 EraseBytes-
#4603185	REDUCE cov: 190 ft: 1147 corp: 456/44Kb exec/s: 18194 rss: 517Mb L: 37/2059 MS: 1 EraseBytes-
#4631915	REDUCE cov: 190 ft: 1147 corp: 456/44Kb exec/s: 18235 rss: 517Mb L: 62/2059 MS: 1 EraseBytes-
#4643111	REDUCE cov: 190 ft: 1147 corp: 456/44Kb exec/s: 18279 rss: 517Mb L: 35/2059 MS: 1 EraseBytes-
#4658332	REDUCE cov: 190 ft: 1147 corp: 456/44Kb exec/s: 18267 rss: 517Mb L: 32/2059 MS: 1 EraseBytes-
#4693376	REDUCE cov: 190 ft: 1147 corp: 456/44Kb exec/s: 18333 rss: 517Mb L: 30/2059 MS: 1 EraseBytes-
#4732445	REDUCE cov: 190 ft: 1147 corp: 456/44Kb exec/s: 18414 rss: 517Mb L: 224/2059 MS: 1 EraseBytes-
#4750105	REDUCE cov: 190 ft: 1147 corp: 456/44Kb exec/s: 18411 rss: 517Mb L: 614/2059 MS: 1 EraseBytes-
#4756786	REDUCE cov: 190 ft: 1147 corp: 456/44Kb exec/s: 18437 rss: 517Mb L: 212/2059 MS: 1 EraseBytes-
#4772377	REDUCE cov: 190 ft: 1147 corp: 456/44Kb exec/s: 18497 rss: 517Mb L: 56/2059 MS: 1 EraseBytes-
#4780642	REDUCE cov: 190 ft: 1147 corp: 456/43Kb exec/s: 18458 rss: 517Mb L: 1291/2059 MS: 1 EraseBytes-
#4904140	REDUCE cov: 190 ft: 1147 corp: 456/43Kb exec/s: 18718 rss: 517Mb L: 27/2059 MS: 2 ShuffleBytes-EraseBytes-
#4926092	REDUCE cov: 190 ft: 1147 corp: 456/43Kb exec/s: 18730 rss: 517Mb L: 1271/2059 MS: 1 EraseBytes-
#4969239	REDUCE cov: 190 ft: 1147 corp: 456/43Kb exec/s: 18751 rss: 517Mb L: 55/2059 MS: 2 ChangeBinInt-EraseBytes-
#4970641	REDUCE cov: 190 ft: 1147 corp: 456/43Kb exec/s: 18757 rss: 517Mb L: 53/2059 MS: 2 ChangeBinInt-EraseBytes-
#5010620	REDUCE cov: 190 ft: 1147 corp: 456/43Kb exec/s: 18836 rss: 517Mb L: 1142/2059 MS: 1 EraseBytes-
#5036972	REDUCE cov: 190 ft: 1147 corp: 456/43Kb exec/s: 18865 rss: 517Mb L: 7/2059 MS: 1 EraseBytes-
#5101115	REDUCE cov: 190 ft: 1147 corp: 456/43Kb exec/s: 18963 rss: 517Mb L: 603/2059 MS: 1 EraseBytes-
#5103026	REDUCE cov: 190 ft: 1147 corp: 456/43Kb exec/s: 18970 rss: 517Mb L: 50/2059 MS: 1 EraseBytes-
#5120667	REDUCE cov: 190 ft: 1147 corp: 456/43Kb exec/s: 18965 rss: 517Mb L: 46/2059 MS: 1 EraseBytes-
#5198919	REDUCE cov: 190 ft: 1147 corp: 456/43Kb exec/s: 19113 rss: 517Mb L: 25/2059 MS: 1 EraseBytes-
#5225101	REDUCE cov: 190 ft: 1147 corp: 456/43Kb exec/s: 19139 rss: 517Mb L: 192/2059 MS: 1 EraseBytes-
#5236731	REDUCE cov: 190 ft: 1147 corp: 456/43Kb exec/s: 19112 rss: 517Mb L: 31/2059 MS: 1 EraseBytes-
#5269852	REDUCE cov: 190 ft: 1147 corp: 456/43Kb exec/s: 19233 rss: 517Mb L: 565/2059 MS: 1 EraseBytes-
#5272628	REDUCE cov: 190 ft: 1147 corp: 456/43Kb exec/s: 19243 rss: 517Mb L: 29/2059 MS: 1 EraseBytes-
#5281648	REDUCE cov: 190 ft: 1147 corp: 456/43Kb exec/s: 19205 rss: 517Mb L: 550/2059 MS: 1 EraseBytes-
#5290050	REDUCE cov: 190 ft: 1147 corp: 456/43Kb exec/s: 19236 rss: 517Mb L: 180/2059 MS: 2 ShuffleBytes-EraseBytes-
#5355734	REDUCE cov: 190 ft: 1147 corp: 456/43Kb exec/s: 19334 rss: 517Mb L: 547/2059 MS: 1 EraseBytes-
#5446641	REDUCE cov: 190 ft: 1147 corp: 456/43Kb exec/s: 19452 rss: 517Mb L: 24/2059 MS: 1 EraseBytes-
#5532801	REDUCE cov: 190 ft: 1147 corp: 456/43Kb exec/s: 19619 rss: 517Mb L: 22/2059 MS: 2 ShuffleBytes-EraseBytes-
#5672366	REDUCE cov: 190 ft: 1147 corp: 456/43Kb exec/s: 19833 rss: 517Mb L: 26/2059 MS: 1 EraseBytes-
#5877210	REDUCE cov: 190 ft: 1147 corp: 456/43Kb exec/s: 20127 rss: 517Mb L: 24/2059 MS: 1 EraseBytes-
#5906073	REDUCE cov: 190 ft: 1147 corp: 456/43Kb exec/s: 20157 rss: 517Mb L: 168/2059 MS: 1 EraseBytes-
#5914819	REDUCE cov: 190 ft: 1147 corp: 456/43Kb exec/s: 20118 rss: 517Mb L: 533/2059 MS: 1 EraseBytes-
#6045390	REDUCE cov: 190 ft: 1147 corp: 456/43Kb exec/s: 20354 rss: 517Mb L: 22/2059 MS: 1 EraseBytes-
#6067556	REDUCE cov: 190 ft: 1147 corp: 456/43Kb exec/s: 20360 rss: 517Mb L: 162/2059 MS: 1 EraseBytes-
#6078197	REDUCE cov: 190 ft: 1147 corp: 456/43Kb exec/s: 20396 rss: 517Mb L: 21/2059 MS: 1 EraseBytes-
#6095766	REDUCE cov: 190 ft: 1147 corp: 456/43Kb exec/s: 20387 rss: 517Mb L: 509/2059 MS: 1 EraseBytes-
#6105117	REDUCE cov: 190 ft: 1147 corp: 456/43Kb exec/s: 20418 rss: 517Mb L: 11/2059 MS: 1 EraseBytes-
#6108658	REDUCE cov: 190 ft: 1147 corp: 456/43Kb exec/s: 20430 rss: 517Mb L: 19/2059 MS: 1 EraseBytes-
#6300292	REDUCE cov: 190 ft: 1147 corp: 456/43Kb exec/s: 20656 rss: 517Mb L: 153/2059 MS: 1 EraseBytes-
#6300748	REDUCE cov: 190 ft: 1147 corp: 456/43Kb exec/s: 20658 rss: 517Mb L: 151/2059 MS: 1 EraseBytes-
#6339064	REDUCE cov: 190 ft: 1147 corp: 456/43Kb exec/s: 20715 rss: 517Mb L: 17/2059 MS: 1 EraseBytes-
#6339450	REDUCE cov: 190 ft: 1147 corp: 456/43Kb exec/s: 20717 rss: 517Mb L: 146/2059 MS: 1 EraseBytes-
#6413089	REDUCE cov: 190 ft: 1147 corp: 456/43Kb exec/s: 20754 rss: 517Mb L: 1140/2059 MS: 1 EraseBytes-
#6525019	REDUCE cov: 190 ft: 1147 corp: 456/43Kb exec/s: 20913 rss: 517Mb L: 1103/2059 MS: 2 EraseBytes-CopyPart-
#6846406	REDUCE cov: 190 ft: 1147 corp: 456/43Kb exec/s: 21328 rss: 517Mb L: 506/2059 MS: 1 EraseBytes-
#6878947	REDUCE cov: 190 ft: 1147 corp: 456/43Kb exec/s: 21363 rss: 517Mb L: 132/2059 MS: 1 EraseBytes-
#6887753	REDUCE cov: 190 ft: 1147 corp: 456/43Kb exec/s: 21390 rss: 517Mb L: 128/2059 MS: 1 EraseBytes-
#6888934	REDUCE cov: 190 ft: 1147 corp: 456/43Kb exec/s: 21394 rss: 517Mb L: 503/2059 MS: 1 EraseBytes-
#6967076	REDUCE cov: 190 ft: 1147 corp: 456/43Kb exec/s: 21503 rss: 517Mb L: 21/2059 MS: 1 EraseBytes-
#6972706	REDUCE cov: 190 ft: 1147 corp: 456/43Kb exec/s: 21454 rss: 517Mb L: 16/2059 MS: 1 EraseBytes-
#6998872	REDUCE cov: 190 ft: 1147 corp: 456/43Kb exec/s: 21534 rss: 517Mb L: 540/2059 MS: 1 EraseBytes-
#7073740	REDUCE cov: 190 ft: 1147 corp: 456/43Kb exec/s: 21566 rss: 517Mb L: 19/2059 MS: 1 EraseBytes-
#7150682	REDUCE cov: 190 ft: 1147 corp: 456/43Kb exec/s: 21668 rss: 517Mb L: 117/2059 MS: 1 EraseBytes-
#7156153	REDUCE cov: 190 ft: 1147 corp: 456/43Kb exec/s: 21685 rss: 517Mb L: 501/2059 MS: 1 EraseBytes-
#7532228	REDUCE cov: 190 ft: 1147 corp: 456/43Kb exec/s: 22088 rss: 517Mb L: 18/2059 MS: 1 EraseBytes-
#7602350	REDUCE cov: 190 ft: 1147 corp: 456/43Kb exec/s: 22164 rss: 517Mb L: 1091/2059 MS: 2 ShuffleBytes-EraseBytes-
#7671382	REDUCE cov: 190 ft: 1147 corp: 456/43Kb exec/s: 22171 rss: 517Mb L: 96/2059 MS: 1 EraseBytes-
#8004266	REDUCE cov: 190 ft: 1147 corp: 456/43Kb exec/s: 22547 rss: 517Mb L: 94/2059 MS: 1 EraseBytes-
#8075121	REDUCE cov: 190 ft: 1147 corp: 456/43Kb exec/s: 22619 rss: 517Mb L: 84/2059 MS: 1 EraseBytes-
#8106504	REDUCE cov: 190 ft: 1147 corp: 456/43Kb exec/s: 22643 rss: 517Mb L: 80/2059 MS: 1 EraseBytes-
#8189006	REDUCE cov: 190 ft: 1147 corp: 456/43Kb exec/s: 22684 rss: 517Mb L: 79/2059 MS: 1 EraseBytes-
#8344845	REDUCE cov: 190 ft: 1147 corp: 456/43Kb exec/s: 22862 rss: 517Mb L: 492/2059 MS: 2 CopyPart-EraseBytes-
#8388608	pulse  cov: 190 ft: 1147 corp: 456/43Kb exec/s: 22857 rss: 517Mb
#8401767	REDUCE cov: 190 ft: 1147 corp: 456/43Kb exec/s: 22893 rss: 517Mb L: 490/2059 MS: 1 EraseBytes-
#8504553	REDUCE cov: 190 ft: 1147 corp: 456/43Kb exec/s: 22985 rss: 517Mb L: 72/2059 MS: 1 EraseBytes-
#9113267	REDUCE cov: 190 ft: 1147 corp: 456/43Kb exec/s: 23548 rss: 517Mb L: 61/2059 MS: 1 EraseBytes-
#9326858	REDUCE cov: 190 ft: 1147 corp: 456/43Kb exec/s: 23672 rss: 517Mb L: 55/2059 MS: 1 EraseBytes-
#9384016	REDUCE cov: 190 ft: 1147 corp: 456/43Kb exec/s: 23757 rss: 517Mb L: 1089/2059 MS: 1 EraseBytes-
#9736334	REDUCE cov: 190 ft: 1147 corp: 456/43Kb exec/s: 23981 rss: 517Mb L: 54/2059 MS: 1 EraseBytes-
#10208127	REDUCE cov: 190 ft: 1147 corp: 456/43Kb exec/s: 24363 rss: 517Mb L: 477/2059 MS: 2 EraseBytes-CMP- DE: "true"-
#10280675	REDUCE cov: 190 ft: 1147 corp: 456/43Kb exec/s: 24419 rss: 517Mb L: 48/2059 MS: 1 EraseBytes-
#10416631	REDUCE cov: 190 ft: 1147 corp: 456/43Kb exec/s: 24509 rss: 517Mb L: 47/2059 MS: 1 EraseBytes-
#10420507	REDUCE cov: 190 ft: 1147 corp: 456/43Kb exec/s: 24518 rss: 517Mb L: 456/2059 MS: 1 EraseBytes-
#10470188	REDUCE cov: 190 ft: 1147 corp: 456/43Kb exec/s: 24520 rss: 517Mb L: 15/2059 MS: 1 EraseBytes-
#10833909	REDUCE cov: 190 ft: 1147 corp: 456/43Kb exec/s: 24734 rss: 517Mb L: 430/2059 MS: 1 EraseBytes-
#10961496	REDUCE cov: 190 ft: 1147 corp: 456/43Kb exec/s: 24856 rss: 517Mb L: 1077/2059 MS: 1 EraseBytes-
#11015269	REDUCE cov: 190 ft: 1147 corp: 456/43Kb exec/s: 24865 rss: 517Mb L: 420/2059 MS: 1 EraseBytes-
#11018640	REDUCE cov: 190 ft: 1147 corp: 456/43Kb exec/s: 24872 rss: 517Mb L: 417/2059 MS: 1 EraseBytes-
#11226784	REDUCE cov: 190 ft: 1147 corp: 456/43Kb exec/s: 25003 rss: 517Mb L: 399/2059 MS: 1 EraseBytes-
#11331770	REDUCE cov: 190 ft: 1147 corp: 456/43Kb exec/s: 25070 rss: 517Mb L: 41/2059 MS: 1 EraseBytes-
#11617298	REDUCE cov: 190 ft: 1147 corp: 456/43Kb exec/s: 25254 rss: 517Mb L: 14/2059 MS: 1 EraseBytes-
#12083587	REDUCE cov: 190 ft: 1147 corp: 456/43Kb exec/s: 25492 rss: 517Mb L: 393/2059 MS: 1 EraseBytes-
#12188832	REDUCE cov: 190 ft: 1147 corp: 456/43Kb exec/s: 25553 rss: 517Mb L: 1063/2059 MS: 1 EraseBytes-
#12924596	REDUCE cov: 190 ft: 1147 corp: 456/43Kb exec/s: 25900 rss: 517Mb L: 39/2059 MS: 1 EraseBytes-
#12990771	REDUCE cov: 190 ft: 1147 corp: 456/43Kb exec/s: 25929 rss: 517Mb L: 390/2059 MS: 1 EraseBytes-
#13090417	REDUCE cov: 190 ft: 1147 corp: 456/43Kb exec/s: 25973 rss: 517Mb L: 1061/2059 MS: 1 EraseBytes-
#13140709	REDUCE cov: 190 ft: 1147 corp: 456/43Kb exec/s: 26021 rss: 517Mb L: 36/2059 MS: 1 EraseBytes-
#13178515	REDUCE cov: 190 ft: 1147 corp: 456/43Kb exec/s: 26044 rss: 517Mb L: 17/2059 MS: 1 EraseBytes-
#13251851	REDUCE cov: 190 ft: 1147 corp: 456/43Kb exec/s: 26086 rss: 517Mb L: 35/2059 MS: 1 EraseBytes-
#13284945	REDUCE cov: 190 ft: 1147 corp: 456/43Kb exec/s: 26100 rss: 517Mb L: 378/2059 MS: 1 EraseBytes-
#13495521	REDUCE cov: 190 ft: 1147 corp: 456/43Kb exec/s: 26204 rss: 517Mb L: 1031/2059 MS: 1 EraseBytes-
#13525756	REDUCE cov: 190 ft: 1147 corp: 456/43Kb exec/s: 26212 rss: 517Mb L: 363/2059 MS: 1 EraseBytes-
#13754455	REDUCE cov: 190 ft: 1147 corp: 456/43Kb exec/s: 26299 rss: 517Mb L: 355/2059 MS: 1 EraseBytes-
#13777368	REDUCE cov: 190 ft: 1147 corp: 456/43Kb exec/s: 26292 rss: 517Mb L: 342/2059 MS: 2 InsertRepeatedBytes-EraseBytes-
#13946339	REDUCE cov: 190 ft: 1147 corp: 456/43Kb exec/s: 26363 rss: 517Mb L: 33/2059 MS: 2 ShuffleBytes-EraseBytes-
#14138620	REDUCE cov: 190 ft: 1147 corp: 456/43Kb exec/s: 26476 rss: 517Mb L: 333/2059 MS: 1 EraseBytes-
#14536863	REDUCE cov: 190 ft: 1147 corp: 456/43Kb exec/s: 26624 rss: 517Mb L: 1028/2059 MS: 1 EraseBytes-
#14543344	REDUCE cov: 190 ft: 1147 corp: 456/43Kb exec/s: 26636 rss: 517Mb L: 327/2059 MS: 1 EraseBytes-
#14801467	REDUCE cov: 190 ft: 1147 corp: 456/43Kb exec/s: 26717 rss: 517Mb L: 32/2059 MS: 3 CopyPart-EraseBytes-EraseBytes-
#14947832	REDUCE cov: 190 ft: 1147 corp: 456/43Kb exec/s: 26788 rss: 517Mb L: 974/2059 MS: 4 CMP-CopyPart-EraseBytes-CopyPart- DE: "v\x00"-
#15031413	REDUCE cov: 190 ft: 1147 corp: 456/43Kb exec/s: 26793 rss: 517Mb L: 318/2059 MS: 1 EraseBytes-
#15045489	REDUCE cov: 190 ft: 1147 corp: 456/43Kb exec/s: 26819 rss: 517Mb L: 31/2059 MS: 1 EraseBytes-
#15180100	REDUCE cov: 190 ft: 1147 corp: 456/43Kb exec/s: 26867 rss: 517Mb L: 972/2059 MS: 1 EraseBytes-
#15302906	REDUCE cov: 190 ft: 1147 corp: 456/43Kb exec/s: 26894 rss: 517Mb L: 313/2059 MS: 1 EraseBytes-
#15365076	REDUCE cov: 190 ft: 1147 corp: 456/43Kb exec/s: 26909 rss: 517Mb L: 304/2059 MS: 1 EraseBytes-
#15458384	REDUCE cov: 190 ft: 1147 corp: 456/43Kb exec/s: 26977 rss: 517Mb L: 957/2059 MS: 1 EraseBytes-
#15675097	REDUCE cov: 190 ft: 1147 corp: 456/43Kb exec/s: 27026 rss: 517Mb L: 295/2059 MS: 1 EraseBytes-
#15857129	REDUCE cov: 190 ft: 1147 corp: 456/43Kb exec/s: 27106 rss: 517Mb L: 927/2059 MS: 1 EraseBytes-
#15889626	REDUCE cov: 190 ft: 1147 corp: 456/43Kb exec/s: 27115 rss: 517Mb L: 924/2059 MS: 1 EraseBytes-
#15928002	REDUCE cov: 190 ft: 1147 corp: 456/43Kb exec/s: 27134 rss: 517Mb L: 292/2059 MS: 1 EraseBytes-
#16031903	REDUCE cov: 190 ft: 1147 corp: 456/43Kb exec/s: 27172 rss: 517Mb L: 289/2059 MS: 1 EraseBytes-
#16053208	REDUCE cov: 190 ft: 1147 corp: 456/43Kb exec/s: 27162 rss: 517Mb L: 914/2059 MS: 1 EraseBytes-
#16134467	REDUCE cov: 190 ft: 1147 corp: 456/43Kb exec/s: 27208 rss: 517Mb L: 880/2059 MS: 1 EraseBytes-
#16275226	REDUCE cov: 190 ft: 1147 corp: 456/43Kb exec/s: 27216 rss: 517Mb L: 860/2059 MS: 1 EraseBytes-
#16413157	REDUCE cov: 190 ft: 1147 corp: 456/42Kb exec/s: 27264 rss: 517Mb L: 265/2059 MS: 1 EraseBytes-
#16455347	REDUCE cov: 190 ft: 1147 corp: 456/42Kb exec/s: 27289 rss: 517Mb L: 246/2059 MS: 1 EraseBytes-
#16777216	pulse  cov: 190 ft: 1147 corp: 456/42Kb exec/s: 27369 rss: 517Mb
#17064392	REDUCE cov: 190 ft: 1147 corp: 456/42Kb exec/s: 27478 rss: 517Mb L: 855/2059 MS: 1 EraseBytes-
#17384966	REDUCE cov: 190 ft: 1147 corp: 456/42Kb exec/s: 27595 rss: 517Mb L: 849/2059 MS: 1 EraseBytes-
#17458995	REDUCE cov: 190 ft: 1147 corp: 456/42Kb exec/s: 27581 rss: 517Mb L: 846/2059 MS: 1 EraseBytes-
#17868515	REDUCE cov: 190 ft: 1147 corp: 456/42Kb exec/s: 27703 rss: 517Mb L: 805/2059 MS: 2 EraseBytes-CopyPart-
#17890221	REDUCE cov: 190 ft: 1147 corp: 456/42Kb exec/s: 27736 rss: 517Mb L: 799/2059 MS: 1 EraseBytes-
#18004269	REDUCE cov: 190 ft: 1147 corp: 456/42Kb exec/s: 27741 rss: 517Mb L: 751/2059 MS: 1 EraseBytes-
#18352441	REDUCE cov: 190 ft: 1147 corp: 456/42Kb exec/s: 27848 rss: 517Mb L: 30/2059 MS: 1 EraseBytes-
#18719023	REDUCE cov: 190 ft: 1147 corp: 456/42Kb exec/s: 27938 rss: 517Mb L: 236/2059 MS: 2 CopyPart-EraseBytes-
#18720739	REDUCE cov: 190 ft: 1147 corp: 456/42Kb exec/s: 27941 rss: 517Mb L: 29/2059 MS: 1 EraseBytes-
#18726240	REDUCE cov: 190 ft: 1147 corp: 456/42Kb exec/s: 27949 rss: 517Mb L: 195/2059 MS: 1 EraseBytes-
#18844375	REDUCE cov: 190 ft: 1147 corp: 456/42Kb exec/s: 27959 rss: 517Mb L: 187/2059 MS: 1 EraseBytes-
#18851096	REDUCE cov: 190 ft: 1147 corp: 456/42Kb exec/s: 27968 rss: 517Mb L: 742/2059 MS: 1 EraseBytes-
#18936948	REDUCE cov: 190 ft: 1147 corp: 456/42Kb exec/s: 27971 rss: 517Mb L: 729/2059 MS: 1 EraseBytes-
#19145017	REDUCE cov: 190 ft: 1147 corp: 456/42Kb exec/s: 28030 rss: 517Mb L: 168/2059 MS: 1 EraseBytes-
#19335200	REDUCE cov: 190 ft: 1147 corp: 456/42Kb exec/s: 28062 rss: 517Mb L: 166/2059 MS: 1 EraseBytes-
#19352436	REDUCE cov: 190 ft: 1147 corp: 456/42Kb exec/s: 28087 rss: 517Mb L: 708/2059 MS: 1 EraseBytes-
#20197056	REDUCE cov: 190 ft: 1147 corp: 456/42Kb exec/s: 28247 rss: 517Mb L: 164/2059 MS: 1 EraseBytes-
#20943859	REDUCE cov: 190 ft: 1147 corp: 456/42Kb exec/s: 28417 rss: 517Mb L: 159/2059 MS: 2 CopyPart-EraseBytes-
#21016349	REDUCE cov: 190 ft: 1147 corp: 456/42Kb exec/s: 28438 rss: 517Mb L: 145/2059 MS: 1 EraseBytes-
#21038199	REDUCE cov: 190 ft: 1147 corp: 456/42Kb exec/s: 28429 rss: 517Mb L: 679/2059 MS: 1 EraseBytes-
#21144152	REDUCE cov: 190 ft: 1147 corp: 456/42Kb exec/s: 28457 rss: 517Mb L: 744/2059 MS: 1 EraseBytes-
#21234424	REDUCE cov: 190 ft: 1147 corp: 456/42Kb exec/s: 28464 rss: 517Mb L: 676/2059 MS: 1 EraseBytes-
#21379134	REDUCE cov: 190 ft: 1147 corp: 456/42Kb exec/s: 28505 rss: 517Mb L: 670/2059 MS: 1 EraseBytes-
#21393988	REDUCE cov: 190 ft: 1147 corp: 456/42Kb exec/s: 28487 rss: 517Mb L: 139/2059 MS: 1 EraseBytes-
#21535151	REDUCE cov: 190 ft: 1147 corp: 456/42Kb exec/s: 28523 rss: 517Mb L: 133/2059 MS: 1 EraseBytes-
#21818945	REDUCE cov: 190 ft: 1147 corp: 456/42Kb exec/s: 28596 rss: 517Mb L: 129/2059 MS: 1 EraseBytes-
#22188190	REDUCE cov: 190 ft: 1147 corp: 456/42Kb exec/s: 28666 rss: 517Mb L: 126/2059 MS: 3 CopyPart-ChangeBit-EraseBytes-
#22204595	REDUCE cov: 190 ft: 1147 corp: 456/42Kb exec/s: 28651 rss: 517Mb L: 121/2059 MS: 1 EraseBytes-
#22721386	REDUCE cov: 190 ft: 1147 corp: 456/42Kb exec/s: 28761 rss: 517Mb L: 120/2059 MS: 2 ShuffleBytes-EraseBytes-
#22727088	REDUCE cov: 190 ft: 1147 corp: 456/42Kb exec/s: 28768 rss: 517Mb L: 117/2059 MS: 2 ChangeByte-EraseBytes-
#22814390	REDUCE cov: 190 ft: 1147 corp: 456/42Kb exec/s: 28769 rss: 517Mb L: 116/2059 MS: 1 EraseBytes-
#22873972	REDUCE cov: 190 ft: 1147 corp: 456/42Kb exec/s: 28772 rss: 517Mb L: 664/2059 MS: 1 EraseBytes-
#23426757	REDUCE cov: 190 ft: 1147 corp: 456/42Kb exec/s: 28886 rss: 517Mb L: 115/2059 MS: 1 EraseBytes-
#23474713	REDUCE cov: 190 ft: 1147 corp: 456/42Kb exec/s: 28874 rss: 517Mb L: 110/2059 MS: 1 EraseBytes-
#24013813	REDUCE cov: 190 ft: 1147 corp: 456/42Kb exec/s: 28967 rss: 517Mb L: 107/2059 MS: 1 EraseBytes-
#24123966	REDUCE cov: 190 ft: 1147 corp: 456/42Kb exec/s: 28960 rss: 517Mb L: 104/2059 MS: 1 EraseBytes-
#24287213	REDUCE cov: 190 ft: 1147 corp: 456/42Kb exec/s: 28982 rss: 517Mb L: 100/2059 MS: 1 EraseBytes-
#24663341	REDUCE cov: 190 ft: 1147 corp: 456/42Kb exec/s: 29049 rss: 517Mb L: 658/2059 MS: 1 EraseBytes-
#24748984	REDUCE cov: 190 ft: 1147 corp: 456/42Kb exec/s: 29082 rss: 517Mb L: 642/2059 MS: 1 EraseBytes-
#24751950	REDUCE cov: 190 ft: 1147 corp: 456/42Kb exec/s: 29085 rss: 517Mb L: 97/2059 MS: 1 EraseBytes-
#25176476	REDUCE cov: 190 ft: 1147 corp: 456/42Kb exec/s: 29139 rss: 517Mb L: 631/2059 MS: 1 EraseBytes-
#25322441	REDUCE cov: 190 ft: 1147 corp: 456/42Kb exec/s: 29173 rss: 517Mb L: 621/2059 MS: 1 EraseBytes-
#25585019	REDUCE cov: 190 ft: 1147 corp: 456/42Kb exec/s: 29206 rss: 517Mb L: 743/2059 MS: 1 EraseBytes-
#25695528	REDUCE cov: 190 ft: 1147 corp: 456/42Kb exec/s: 29232 rss: 517Mb L: 89/2059 MS: 1 EraseBytes-
#25879127	REDUCE cov: 190 ft: 1147 corp: 456/42Kb exec/s: 29241 rss: 517Mb L: 88/2059 MS: 1 EraseBytes-
#26395305	REDUCE cov: 190 ft: 1147 corp: 456/42Kb exec/s: 29295 rss: 517Mb L: 618/2059 MS: 2 ShuffleBytes-EraseBytes-
#26480227	REDUCE cov: 190 ft: 1147 corp: 456/42Kb exec/s: 29292 rss: 517Mb L: 87/2059 MS: 1 EraseBytes-
#26610962	REDUCE cov: 190 ft: 1147 corp: 456/42Kb exec/s: 29307 rss: 517Mb L: 602/2059 MS: 1 EraseBytes-
#26867121	REDUCE cov: 190 ft: 1147 corp: 456/42Kb exec/s: 29362 rss: 517Mb L: 599/2059 MS: 1 EraseBytes-
#27041145	REDUCE cov: 190 ft: 1147 corp: 456/42Kb exec/s: 29360 rss: 517Mb L: 597/2059 MS: 1 EraseBytes-
#27221845	REDUCE cov: 190 ft: 1147 corp: 456/42Kb exec/s: 29397 rss: 517Mb L: 591/2059 MS: 3 EraseBytes-PersAutoDict-CopyPart- DE: "true"-
#27490840	REDUCE cov: 190 ft: 1147 corp: 456/42Kb exec/s: 29433 rss: 517Mb L: 574/2059 MS: 1 EraseBytes-
#27774277	REDUCE cov: 190 ft: 1147 corp: 456/42Kb exec/s: 29453 rss: 517Mb L: 544/2059 MS: 1 EraseBytes-
#27808452	REDUCE cov: 190 ft: 1147 corp: 456/42Kb exec/s: 29458 rss: 517Mb L: 542/2059 MS: 1 EraseBytes-
#28303869	REDUCE cov: 190 ft: 1147 corp: 456/42Kb exec/s: 29513 rss: 517Mb L: 86/2059 MS: 1 EraseBytes-
#28318505	REDUCE cov: 190 ft: 1147 corp: 456/42Kb exec/s: 29529 rss: 517Mb L: 534/2059 MS: 1 EraseBytes-
#28550055	REDUCE cov: 190 ft: 1147 corp: 456/42Kb exec/s: 29524 rss: 517Mb L: 82/2059 MS: 1 EraseBytes-
#29965002	REDUCE cov: 190 ft: 1147 corp: 456/42Kb exec/s: 29697 rss: 517Mb L: 531/2059 MS: 1 EraseBytes-
#30334361	REDUCE cov: 190 ft: 1147 corp: 456/42Kb exec/s: 29768 rss: 517Mb L: 81/2059 MS: 1 EraseBytes-
#30552543	REDUCE cov: 190 ft: 1147 corp: 456/42Kb exec/s: 29749 rss: 517Mb L: 80/2059 MS: 1 EraseBytes-
#30559437	REDUCE cov: 190 ft: 1147 corp: 456/42Kb exec/s: 29756 rss: 517Mb L: 520/2059 MS: 1 EraseBytes-
#31093026	REDUCE cov: 190 ft: 1147 corp: 456/42Kb exec/s: 29782 rss: 517Mb L: 508/2059 MS: 1 EraseBytes-
#31873118	REDUCE cov: 190 ft: 1147 corp: 456/42Kb exec/s: 29871 rss: 517Mb L: 78/2059 MS: 3 CopyPart-CMP-EraseBytes- DE: "reduce_depth"-
#31983574	REDUCE cov: 190 ft: 1147 corp: 456/42Kb exec/s: 29863 rss: 517Mb L: 71/2059 MS: 1 EraseBytes-
#32272343	REDUCE cov: 190 ft: 1147 corp: 456/42Kb exec/s: 29909 rss: 517Mb L: 69/2059 MS: 1 EraseBytes-
#32875599	REDUCE cov: 190 ft: 1147 corp: 456/42Kb exec/s: 29941 rss: 517Mb L: 499/2059 MS: 1 EraseBytes-
#32939817	REDUCE cov: 190 ft: 1147 corp: 456/42Kb exec/s: 29972 rss: 517Mb L: 66/2059 MS: 1 EraseBytes-
#33209383	REDUCE cov: 190 ft: 1147 corp: 456/42Kb exec/s: 29972 rss: 517Mb L: 478/2059 MS: 2 CopyPart-EraseBytes-
#33218854	REDUCE cov: 190 ft: 1147 corp: 456/42Kb exec/s: 29980 rss: 517Mb L: 473/2059 MS: 1 EraseBytes-
#33494738	REDUCE cov: 190 ft: 1147 corp: 456/42Kb exec/s: 29986 rss: 517Mb L: 65/2059 MS: 1 EraseBytes-
#33508069	REDUCE cov: 190 ft: 1147 corp: 456/42Kb exec/s: 29998 rss: 517Mb L: 452/2059 MS: 1 EraseBytes-
#33554432	pulse  cov: 190 ft: 1147 corp: 456/42Kb exec/s: 30012 rss: 517Mb
#33670451	REDUCE cov: 190 ft: 1147 corp: 456/42Kb exec/s: 30009 rss: 517Mb L: 447/2059 MS: 1 EraseBytes-
#33707144	REDUCE cov: 190 ft: 1147 corp: 456/42Kb exec/s: 30015 rss: 517Mb L: 133/2059 MS: 3 ChangeBit-ChangeASCIIInt-EraseBytes-
#33848808	REDUCE cov: 190 ft: 1147 corp: 456/42Kb exec/s: 30034 rss: 517Mb L: 64/2059 MS: 1 EraseBytes-
#34337628	REDUCE cov: 190 ft: 1147 corp: 456/42Kb exec/s: 30067 rss: 517Mb L: 441/2059 MS: 1 EraseBytes-
#34480999	REDUCE cov: 190 ft: 1147 corp: 456/42Kb exec/s: 30088 rss: 517Mb L: 436/2059 MS: 1 EraseBytes-
#35263068	REDUCE cov: 190 ft: 1147 corp: 456/42Kb exec/s: 30139 rss: 517Mb L: 427/2059 MS: 1 EraseBytes-
#35533901	REDUCE cov: 190 ft: 1147 corp: 456/42Kb exec/s: 30164 rss: 517Mb L: 422/2059 MS: 1 EraseBytes-
#36438879	REDUCE cov: 190 ft: 1147 corp: 456/42Kb exec/s: 30239 rss: 517Mb L: 411/2059 MS: 1 EraseBytes-
#36847222	REDUCE cov: 190 ft: 1147 corp: 456/42Kb exec/s: 30252 rss: 517Mb L: 63/2059 MS: 1 EraseBytes-
#37335009	REDUCE cov: 190 ft: 1147 corp: 456/42Kb exec/s: 30304 rss: 517Mb L: 400/2059 MS: 1 EraseBytes-
#37429804	REDUCE cov: 190 ft: 1147 corp: 456/42Kb exec/s: 30307 rss: 517Mb L: 742/2059 MS: 1 EraseBytes-
#38312516	REDUCE cov: 190 ft: 1147 corp: 456/42Kb exec/s: 30358 rss: 517Mb L: 392/2059 MS: 1 EraseBytes-
#38353494	REDUCE cov: 190 ft: 1147 corp: 456/42Kb exec/s: 30342 rss: 517Mb L: 382/2059 MS: 1 EraseBytes-
#38955677	REDUCE cov: 190 ft: 1147 corp: 456/42Kb exec/s: 30386 rss: 517Mb L: 380/2059 MS: 1 EraseBytes-
#39375628	REDUCE cov: 190 ft: 1147 corp: 456/42Kb exec/s: 30405 rss: 517Mb L: 170/2059 MS: 1 EraseBytes-
#39395789	REDUCE cov: 190 ft: 1147 corp: 456/42Kb exec/s: 30421 rss: 517Mb L: 374/2059 MS: 1 EraseBytes-
#39743862	REDUCE cov: 190 ft: 1147 corp: 456/42Kb exec/s: 30431 rss: 517Mb L: 62/2059 MS: 1 EraseBytes-
#40435611	REDUCE cov: 190 ft: 1147 corp: 456/42Kb exec/s: 30448 rss: 517Mb L: 371/2059 MS: 1 EraseBytes-
#41136027	REDUCE cov: 190 ft: 1147 corp: 456/42Kb exec/s: 30493 rss: 517Mb L: 361/2059 MS: 1 EraseBytes-
#41523632	REDUCE cov: 190 ft: 1147 corp: 456/42Kb exec/s: 30532 rss: 517Mb L: 360/2059 MS: 1 EraseBytes-
#42246606	REDUCE cov: 190 ft: 1147 corp: 456/42Kb exec/s: 30547 rss: 517Mb L: 353/2059 MS: 1 EraseBytes-
#42652551	REDUCE cov: 190 ft: 1147 corp: 456/42Kb exec/s: 30575 rss: 517Mb L: 350/2059 MS: 1 EraseBytes-
#43226233	REDUCE cov: 190 ft: 1147 corp: 456/42Kb exec/s: 30591 rss: 517Mb L: 59/2059 MS: 1 EraseBytes-
#45417219	REDUCE cov: 190 ft: 1147 corp: 456/42Kb exec/s: 30708 rss: 517Mb L: 348/2059 MS: 1 EraseBytes-
#46804732	REDUCE cov: 190 ft: 1147 corp: 456/42Kb exec/s: 30752 rss: 517Mb L: 336/2059 MS: 1 EraseBytes-
#47391332	REDUCE cov: 190 ft: 1147 corp: 456/42Kb exec/s: 30773 rss: 517Mb L: 58/2059 MS: 1 EraseBytes-
#47488124	REDUCE cov: 190 ft: 1147 corp: 456/42Kb exec/s: 30776 rss: 517Mb L: 328/2059 MS: 1 EraseBytes-
#48475804	REDUCE cov: 190 ft: 1147 corp: 456/42Kb exec/s: 30817 rss: 517Mb L: 57/2059 MS: 2 CopyPart-EraseBytes-
#49217213	REDUCE cov: 190 ft: 1147 corp: 456/42Kb exec/s: 30837 rss: 517Mb L: 322/2059 MS: 1 EraseBytes-
#50756650	REDUCE cov: 190 ft: 1147 corp: 456/42Kb exec/s: 30892 rss: 517Mb L: 56/2059 MS: 1 EraseBytes-
#50966041	REDUCE cov: 190 ft: 1147 corp: 456/42Kb exec/s: 30907 rss: 517Mb L: 55/2059 MS: 1 EraseBytes-
#51264976	REDUCE cov: 190 ft: 1147 corp: 456/42Kb exec/s: 30901 rss: 517Mb L: 317/2059 MS: 1 EraseBytes-
#52605079	REDUCE cov: 190 ft: 1147 corp: 456/42Kb exec/s: 30925 rss: 517Mb L: 741/2059 MS: 1 EraseBytes-
#52689873	REDUCE cov: 190 ft: 1147 corp: 456/42Kb exec/s: 30939 rss: 517Mb L: 315/2059 MS: 1 EraseBytes-
#55634474	REDUCE cov: 190 ft: 1147 corp: 456/42Kb exec/s: 31011 rss: 517Mb L: 308/2059 MS: 1 EraseBytes-
#57166206	REDUCE cov: 190 ft: 1147 corp: 456/42Kb exec/s: 31001 rss: 517Mb L: 301/2059 MS: 1 EraseBytes-
#57672316	REDUCE cov: 190 ft: 1147 corp: 456/42Kb exec/s: 31006 rss: 517Mb L: 783/2059 MS: 1 EraseBytes-
#57961199	REDUCE cov: 190 ft: 1147 corp: 456/42Kb exec/s: 30995 rss: 517Mb L: 297/2059 MS: 1 EraseBytes-
#58038547	REDUCE cov: 190 ft: 1147 corp: 456/42Kb exec/s: 30986 rss: 517Mb L: 294/2059 MS: 1 EraseBytes-
#58151212	REDUCE cov: 190 ft: 1147 corp: 456/42Kb exec/s: 30980 rss: 517Mb L: 288/2059 MS: 1 EraseBytes-
#58210906	REDUCE cov: 190 ft: 1147 corp: 456/42Kb exec/s: 30979 rss: 517Mb L: 280/2059 MS: 2 EraseBytes-CopyPart-
#58297945	REDUCE cov: 190 ft: 1147 corp: 456/42Kb exec/s: 30976 rss: 517Mb L: 54/2059 MS: 1 EraseBytes-
#58962907	REDUCE cov: 190 ft: 1147 corp: 456/42Kb exec/s: 30967 rss: 517Mb L: 276/2059 MS: 1 EraseBytes-
#60978234	REDUCE cov: 190 ft: 1147 corp: 456/42Kb exec/s: 30859 rss: 517Mb L: 274/2059 MS: 1 EraseBytes-
#61039523	REDUCE cov: 190 ft: 1147 corp: 456/42Kb exec/s: 30859 rss: 517Mb L: 266/2059 MS: 1 EraseBytes-
#61376724	REDUCE cov: 190 ft: 1147 corp: 456/42Kb exec/s: 30827 rss: 517Mb L: 260/2059 MS: 1 EraseBytes-
#62125979	REDUCE cov: 190 ft: 1147 corp: 456/42Kb exec/s: 30801 rss: 517Mb L: 253/2059 MS: 1 EraseBytes-
#62171537	REDUCE cov: 190 ft: 1147 corp: 456/42Kb exec/s: 30793 rss: 517Mb L: 250/2059 MS: 1 EraseBytes-
#62767784	REDUCE cov: 190 ft: 1147 corp: 456/42Kb exec/s: 30783 rss: 517Mb L: 244/2059 MS: 1 EraseBytes-
#63319785	REDUCE cov: 190 ft: 1147 corp: 456/42Kb exec/s: 30767 rss: 517Mb L: 242/2059 MS: 1 EraseBytes-
#63656284	REDUCE cov: 190 ft: 1147 corp: 456/42Kb exec/s: 30766 rss: 517Mb L: 241/2059 MS: 1 EraseBytes-
#64067748	REDUCE cov: 190 ft: 1147 corp: 456/42Kb exec/s: 30772 rss: 517Mb L: 237/2059 MS: 1 EraseBytes-
#65772935	REDUCE cov: 190 ft: 1147 corp: 456/42Kb exec/s: 30806 rss: 517Mb L: 136/2059 MS: 3 InsertRepeatedBytes-CopyPart-EraseBytes-
#66165264	REDUCE cov: 190 ft: 1147 corp: 456/42Kb exec/s: 30817 rss: 517Mb L: 227/2059 MS: 1 EraseBytes-
#66627667	REDUCE cov: 190 ft: 1147 corp: 456/42Kb exec/s: 30817 rss: 517Mb L: 224/2059 MS: 1 EraseBytes-
#67108864	pulse  cov: 190 ft: 1147 corp: 456/42Kb exec/s: 30826 rss: 517Mb
#67139541	REDUCE cov: 190 ft: 1147 corp: 456/42Kb exec/s: 30826 rss: 517Mb L: 217/2059 MS: 1 EraseBytes-
#69565021	REDUCE cov: 190 ft: 1147 corp: 456/42Kb exec/s: 30890 rss: 517Mb L: 53/2059 MS: 1 EraseBytes-
#70383579	REDUCE cov: 190 ft: 1147 corp: 456/42Kb exec/s: 30910 rss: 517Mb L: 215/2059 MS: 1 EraseBytes-
#70650094	REDUCE cov: 190 ft: 1147 corp: 456/42Kb exec/s: 30919 rss: 517Mb L: 210/2059 MS: 1 EraseBytes-
#72789549	REDUCE cov: 190 ft: 1147 corp: 456/42Kb exec/s: 30961 rss: 517Mb L: 209/2059 MS: 1 EraseBytes-
#73146665	REDUCE cov: 190 ft: 1147 corp: 456/42Kb exec/s: 30955 rss: 517Mb L: 202/2059 MS: 1 EraseBytes-
#73367556	REDUCE cov: 190 ft: 1147 corp: 456/42Kb exec/s: 30956 rss: 517Mb L: 782/2059 MS: 2 ChangeASCIIInt-EraseBytes-
#73549301	REDUCE cov: 190 ft: 1147 corp: 456/42Kb exec/s: 30955 rss: 517Mb L: 198/2059 MS: 1 EraseBytes-
#74028765	REDUCE cov: 190 ft: 1147 corp: 456/42Kb exec/s: 30961 rss: 517Mb L: 194/2059 MS: 1 EraseBytes-
#74628935	REDUCE cov: 190 ft: 1147 corp: 456/42Kb exec/s: 30979 rss: 517Mb L: 191/2059 MS: 1 EraseBytes-
#74648123	REDUCE cov: 190 ft: 1147 corp: 456/42Kb exec/s: 30987 rss: 517Mb L: 190/2059 MS: 1 EraseBytes-
#76347425	REDUCE cov: 190 ft: 1147 corp: 456/42Kb exec/s: 31010 rss: 517Mb L: 187/2059 MS: 2 InsertByte-EraseBytes-
#77517989	REDUCE cov: 190 ft: 1147 corp: 456/42Kb exec/s: 31019 rss: 517Mb L: 740/2059 MS: 2 ChangeBinInt-EraseBytes-
#81199984	REDUCE cov: 190 ft: 1147 corp: 456/42Kb exec/s: 31087 rss: 517Mb L: 185/2059 MS: 1 EraseBytes-
#82845788	REDUCE cov: 190 ft: 1147 corp: 456/42Kb exec/s: 31098 rss: 517Mb L: 179/2059 MS: 1 EraseBytes-
#85306057	REDUCE cov: 190 ft: 1147 corp: 456/42Kb exec/s: 31122 rss: 517Mb L: 176/2059 MS: 1 EraseBytes-
#85385140	REDUCE cov: 190 ft: 1147 corp: 456/42Kb exec/s: 31128 rss: 517Mb L: 173/2059 MS: 1 EraseBytes-
#88256042	REDUCE cov: 190 ft: 1147 corp: 456/42Kb exec/s: 31119 rss: 517Mb L: 171/2059 MS: 1 EraseBytes-
#88393449	REDUCE cov: 190 ft: 1147 corp: 456/42Kb exec/s: 31124 rss: 517Mb L: 170/2059 MS: 1 EraseBytes-
#91637212	REDUCE cov: 190 ft: 1147 corp: 456/42Kb exec/s: 31169 rss: 517Mb L: 169/2059 MS: 1 EraseBytes-
#92404152	REDUCE cov: 190 ft: 1147 corp: 456/42Kb exec/s: 31175 rss: 517Mb L: 165/2059 MS: 1 EraseBytes-
#93702930	REDUCE cov: 190 ft: 1147 corp: 456/42Kb exec/s: 31192 rss: 517Mb L: 162/2059 MS: 1 EraseBytes-
#93806048	REDUCE cov: 190 ft: 1147 corp: 456/42Kb exec/s: 31195 rss: 517Mb L: 159/2059 MS: 1 EraseBytes-
#94486833	REDUCE cov: 190 ft: 1147 corp: 456/42Kb exec/s: 31194 rss: 517Mb L: 154/2059 MS: 1 EraseBytes-
#94644215	REDUCE cov: 190 ft: 1147 corp: 456/42Kb exec/s: 31194 rss: 517Mb L: 153/2059 MS: 1 EraseBytes-
#95729284	REDUCE cov: 190 ft: 1147 corp: 456/42Kb exec/s: 31202 rss: 517Mb L: 40/2059 MS: 3 EraseBytes-ChangeASCIIInt-CopyPart-
#96115415	REDUCE cov: 190 ft: 1147 corp: 456/42Kb exec/s: 31216 rss: 517Mb L: 39/2059 MS: 1 EraseBytes-
#96572071	REDUCE cov: 190 ft: 1147 corp: 456/42Kb exec/s: 31212 rss: 517Mb L: 151/2059 MS: 1 EraseBytes-
#96746237	REDUCE cov: 190 ft: 1147 corp: 456/42Kb exec/s: 31208 rss: 517Mb L: 150/2059 MS: 1 EraseBytes-
#101072412	REDUCE cov: 190 ft: 1147 corp: 456/42Kb exec/s: 31253 rss: 517Mb L: 148/2059 MS: 1 EraseBytes-
#101311743	REDUCE cov: 190 ft: 1147 corp: 456/42Kb exec/s: 31249 rss: 517Mb L: 144/2059 MS: 1 EraseBytes-
#106444258	REDUCE cov: 190 ft: 1147 corp: 456/42Kb exec/s: 31288 rss: 517Mb L: 739/2059 MS: 1 EraseBytes-
#107772307	REDUCE cov: 190 ft: 1147 corp: 456/42Kb exec/s: 31301 rss: 517Mb L: 142/2059 MS: 1 EraseBytes-
#111128701	REDUCE cov: 190 ft: 1147 corp: 456/42Kb exec/s: 31321 rss: 517Mb L: 539/2059 MS: 1 EraseBytes-
#111314128	REDUCE cov: 190 ft: 1147 corp: 456/42Kb exec/s: 31320 rss: 517Mb L: 38/2059 MS: 1 EraseBytes-
#111331745	REDUCE cov: 190 ft: 1147 corp: 456/42Kb exec/s: 31325 rss: 517Mb L: 738/2059 MS: 1 EraseBytes-
#111483338	REDUCE cov: 190 ft: 1147 corp: 456/42Kb exec/s: 31324 rss: 517Mb L: 140/2059 MS: 2 InsertByte-EraseBytes-
#111883584	REDUCE cov: 190 ft: 1147 corp: 456/42Kb exec/s: 31322 rss: 517Mb L: 138/2059 MS: 1 EraseBytes-
#112851457	REDUCE cov: 190 ft: 1147 corp: 456/42Kb exec/s: 31330 rss: 517Mb L: 137/2059 MS: 1 EraseBytes-
#114018889	REDUCE cov: 190 ft: 1147 corp: 456/42Kb exec/s: 31315 rss: 517Mb L: 135/2059 MS: 1 EraseBytes-
#114772375	REDUCE cov: 190 ft: 1147 corp: 456/42Kb exec/s: 31298 rss: 517Mb L: 134/2059 MS: 1 EraseBytes-
#115788023	REDUCE cov: 190 ft: 1147 corp: 456/42Kb exec/s: 31268 rss: 517Mb L: 132/2059 MS: 2 EraseBytes-CopyPart-
#116525187	REDUCE cov: 190 ft: 1147 corp: 456/42Kb exec/s: 31231 rss: 517Mb L: 130/2059 MS: 1 EraseBytes-
#116941723	REDUCE cov: 190 ft: 1147 corp: 456/42Kb exec/s: 31217 rss: 517Mb L: 37/2059 MS: 1 EraseBytes-
#117245622	REDUCE cov: 190 ft: 1147 corp: 456/42Kb exec/s: 31207 rss: 517Mb L: 736/2059 MS: 3 ChangeBit-EraseBytes-CopyPart-
#127102989	REDUCE cov: 190 ft: 1147 corp: 456/42Kb exec/s: 31183 rss: 517Mb L: 129/2059 MS: 1 EraseBytes-
#127393723	REDUCE cov: 190 ft: 1147 corp: 456/42Kb exec/s: 31185 rss: 517Mb L: 126/2059 MS: 2 EraseBytes-CopyPart-
#127656671	REDUCE cov: 190 ft: 1147 corp: 456/42Kb exec/s: 31189 rss: 517Mb L: 735/2059 MS: 1 EraseBytes-
#128553972	REDUCE cov: 190 ft: 1147 corp: 456/42Kb exec/s: 31179 rss: 517Mb L: 124/2059 MS: 1 EraseBytes-
#131373125	REDUCE cov: 190 ft: 1147 corp: 456/42Kb exec/s: 31205 rss: 517Mb L: 121/2059 MS: 3 InsertByte-EraseBytes-CopyPart-
#131586068	REDUCE cov: 190 ft: 1147 corp: 456/42Kb exec/s: 31203 rss: 517Mb L: 119/2059 MS: 1 EraseBytes-
#133066192	REDUCE cov: 190 ft: 1147 corp: 456/42Kb exec/s: 31214 rss: 517Mb L: 116/2059 MS: 1 EraseBytes-
#134217728	pulse  cov: 190 ft: 1147 corp: 456/42Kb exec/s: 31220 rss: 517Mb
#140049700	REDUCE cov: 190 ft: 1147 corp: 456/42Kb exec/s: 31261 rss: 517Mb L: 115/2059 MS: 1 EraseBytes-
#141372725	REDUCE cov: 190 ft: 1147 corp: 456/42Kb exec/s: 31270 rss: 517Mb L: 114/2059 MS: 1 EraseBytes-
#144454320	REDUCE cov: 190 ft: 1147 corp: 456/42Kb exec/s: 31280 rss: 517Mb L: 781/2059 MS: 1 EraseBytes-
#151462343	REDUCE cov: 190 ft: 1147 corp: 456/42Kb exec/s: 31326 rss: 517Mb L: 169/2059 MS: 3 CopyPart-ChangeBit-EraseBytes-
#152666675	REDUCE cov: 190 ft: 1147 corp: 456/42Kb exec/s: 31329 rss: 517Mb L: 734/2059 MS: 1 EraseBytes-
#153203892	REDUCE cov: 190 ft: 1147 corp: 456/42Kb exec/s: 31330 rss: 517Mb L: 733/2059 MS: 2 ChangeASCIIInt-EraseBytes-
#154470280	REDUCE cov: 190 ft: 1147 corp: 456/42Kb exec/s: 31332 rss: 517Mb L: 167/2059 MS: 1 EraseBytes-
#154886898	REDUCE cov: 190 ft: 1147 corp: 456/42Kb exec/s: 31334 rss: 517Mb L: 113/2059 MS: 1 EraseBytes-
#157113933	REDUCE cov: 190 ft: 1147 corp: 456/42Kb exec/s: 31347 rss: 517Mb L: 112/2059 MS: 1 EraseBytes-
#158071482	REDUCE cov: 190 ft: 1147 corp: 456/42Kb exec/s: 31350 rss: 517Mb L: 732/2059 MS: 2 CopyPart-EraseBytes-
#159589172	REDUCE cov: 190 ft: 1147 corp: 456/42Kb exec/s: 31359 rss: 517Mb L: 166/2059 MS: 3 EraseBytes-CopyPart-CopyPart-
#161341177	REDUCE cov: 190 ft: 1147 corp: 456/42Kb exec/s: 31371 rss: 517Mb L: 162/2059 MS: 2 EraseBytes-CopyPart-
#161716979	REDUCE cov: 190 ft: 1147 corp: 456/42Kb exec/s: 31370 rss: 517Mb L: 731/2059 MS: 1 EraseBytes-
#162771898	REDUCE cov: 190 ft: 1147 corp: 456/42Kb exec/s: 31380 rss: 517Mb L: 111/2059 MS: 1 EraseBytes-
#165267679	REDUCE cov: 190 ft: 1147 corp: 456/42Kb exec/s: 31389 rss: 517Mb L: 160/2059 MS: 1 EraseBytes-
#165409225	REDUCE cov: 190 ft: 1147 corp: 456/42Kb exec/s: 31386 rss: 517Mb L: 159/2059 MS: 5 ChangeASCIIInt-CopyPart-CMP-InsertByte-EraseBytes- DE: "use_value_profile"-
#165918042	REDUCE cov: 190 ft: 1147 corp: 456/42Kb exec/s: 31388 rss: 517Mb L: 158/2059 MS: 1 EraseBytes-
#166638274	REDUCE cov: 190 ft: 1147 corp: 456/42Kb exec/s: 31393 rss: 517Mb L: 110/2059 MS: 1 EraseBytes-
#167456895	REDUCE cov: 190 ft: 1147 corp: 456/42Kb exec/s: 31394 rss: 517Mb L: 157/2059 MS: 2 ShuffleBytes-EraseBytes-
#168011611	REDUCE cov: 190 ft: 1147 corp: 456/42Kb exec/s: 31392 rss: 517Mb L: 729/2059 MS: 1 EraseBytes-
#168825580	REDUCE cov: 190 ft: 1147 corp: 456/42Kb exec/s: 31397 rss: 517Mb L: 153/2059 MS: 2 InsertByte-EraseBytes-
#168926743	REDUCE cov: 190 ft: 1147 corp: 456/42Kb exec/s: 31393 rss: 517Mb L: 151/2059 MS: 1 EraseBytes-
#170648816	REDUCE cov: 190 ft: 1147 corp: 456/42Kb exec/s: 31386 rss: 517Mb L: 150/2059 MS: 2 ChangeBit-EraseBytes-
#172869839	REDUCE cov: 190 ft: 1147 corp: 456/42Kb exec/s: 31339 rss: 517Mb L: 147/2059 MS: 2 CopyPart-EraseBytes-
#174281305	REDUCE cov: 190 ft: 1147 corp: 456/42Kb exec/s: 31323 rss: 517Mb L: 109/2059 MS: 1 EraseBytes-
#176586279	REDUCE cov: 190 ft: 1147 corp: 456/41Kb exec/s: 31287 rss: 517Mb L: 146/2059 MS: 1 EraseBytes-
#176925861	REDUCE cov: 190 ft: 1147 corp: 456/41Kb exec/s: 31281 rss: 517Mb L: 142/2059 MS: 1 EraseBytes-
#179349302	REDUCE cov: 190 ft: 1147 corp: 456/41Kb exec/s: 31283 rss: 517Mb L: 728/2059 MS: 1 EraseBytes-
#179602345	REDUCE cov: 190 ft: 1147 corp: 456/41Kb exec/s: 31284 rss: 517Mb L: 107/2059 MS: 1 EraseBytes-
#181190379	REDUCE cov: 190 ft: 1147 corp: 456/41Kb exec/s: 31299 rss: 517Mb L: 106/2059 MS: 1 EraseBytes-
#185971363	REDUCE cov: 190 ft: 1147 corp: 456/41Kb exec/s: 31318 rss: 517Mb L: 727/2059 MS: 1 EraseBytes-
#192146856	REDUCE cov: 190 ft: 1147 corp: 456/41Kb exec/s: 31350 rss: 517Mb L: 105/2059 MS: 1 EraseBytes-
#192210328	REDUCE cov: 190 ft: 1147 corp: 456/41Kb exec/s: 31350 rss: 517Mb L: 524/2059 MS: 1 EraseBytes-
#196666104	REDUCE cov: 190 ft: 1147 corp: 456/41Kb exec/s: 31366 rss: 517Mb L: 141/2059 MS: 2 EraseBytes-CopyPart-
#197001512	REDUCE cov: 190 ft: 1147 corp: 456/41Kb exec/s: 31364 rss: 517Mb L: 139/2059 MS: 2 ChangeBit-EraseBytes-
#197946502	REDUCE cov: 190 ft: 1147 corp: 456/41Kb exec/s: 31370 rss: 517Mb L: 138/2059 MS: 1 EraseBytes-
#198464114	REDUCE cov: 190 ft: 1147 corp: 456/41Kb exec/s: 31372 rss: 517Mb L: 104/2059 MS: 1 EraseBytes-
#201037111	REDUCE cov: 190 ft: 1147 corp: 456/41Kb exec/s: 31382 rss: 517Mb L: 137/2059 MS: 1 EraseBytes-
#210683816	REDUCE cov: 190 ft: 1147 corp: 456/41Kb exec/s: 31403 rss: 517Mb L: 135/2059 MS: 1 EraseBytes-
#211380949	REDUCE cov: 190 ft: 1147 corp: 456/41Kb exec/s: 31404 rss: 517Mb L: 2056/2056 MS: 1 EraseBytes-
#211633571	REDUCE cov: 190 ft: 1147 corp: 456/41Kb exec/s: 31404 rss: 517Mb L: 726/2056 MS: 1 EraseBytes-
#217148797	REDUCE cov: 190 ft: 1147 corp: 456/41Kb exec/s: 31429 rss: 517Mb L: 523/2056 MS: 1 EraseBytes-
#218317309	REDUCE cov: 190 ft: 1147 corp: 456/41Kb exec/s: 31430 rss: 517Mb L: 725/2056 MS: 1 EraseBytes-
#223447935	REDUCE cov: 190 ft: 1147 corp: 456/41Kb exec/s: 31449 rss: 517Mb L: 724/2056 MS: 1 EraseBytes-
#227053848	REDUCE cov: 190 ft: 1147 corp: 456/41Kb exec/s: 31460 rss: 517Mb L: 723/2056 MS: 1 EraseBytes-
#231843312	REDUCE cov: 190 ft: 1147 corp: 456/41Kb exec/s: 31415 rss: 517Mb L: 103/2056 MS: 1 EraseBytes-
#233754299	REDUCE cov: 190 ft: 1147 corp: 456/41Kb exec/s: 31393 rss: 517Mb L: 722/2056 MS: 1 EraseBytes-
#248763635	REDUCE cov: 190 ft: 1147 corp: 456/41Kb exec/s: 31425 rss: 517Mb L: 134/2056 MS: 2 CopyPart-EraseBytes-
#249235928	REDUCE cov: 190 ft: 1147 corp: 456/41Kb exec/s: 31425 rss: 517Mb L: 721/2056 MS: 1 EraseBytes-
#250302395	REDUCE cov: 190 ft: 1147 corp: 456/41Kb exec/s: 31429 rss: 517Mb L: 720/2056 MS: 1 EraseBytes-
#252042118	REDUCE cov: 190 ft: 1147 corp: 456/41Kb exec/s: 31434 rss: 517Mb L: 719/2056 MS: 2 ChangeBit-EraseBytes-
#252594511	REDUCE cov: 190 ft: 1147 corp: 456/41Kb exec/s: 31436 rss: 517Mb L: 718/2056 MS: 1 EraseBytes-
#252682893	REDUCE cov: 190 ft: 1147 corp: 456/41Kb exec/s: 31436 rss: 517Mb L: 102/2056 MS: 1 EraseBytes-
#252899609	REDUCE cov: 190 ft: 1147 corp: 456/41Kb exec/s: 31435 rss: 517Mb L: 133/2056 MS: 1 EraseBytes-
#252915550	REDUCE cov: 190 ft: 1147 corp: 456/41Kb exec/s: 31437 rss: 517Mb L: 101/2056 MS: 1 EraseBytes-
#253683152	REDUCE cov: 190 ft: 1147 corp: 456/41Kb exec/s: 31439 rss: 517Mb L: 717/2056 MS: 1 EraseBytes-
#254197098	REDUCE cov: 190 ft: 1147 corp: 456/41Kb exec/s: 31440 rss: 517Mb L: 716/2056 MS: 2 ChangeASCIIInt-EraseBytes-
#254931043	REDUCE cov: 190 ft: 1147 corp: 456/41Kb exec/s: 31441 rss: 517Mb L: 713/2056 MS: 1 EraseBytes-
#255082670	REDUCE cov: 190 ft: 1147 corp: 456/41Kb exec/s: 31441 rss: 517Mb L: 132/2056 MS: 1 EraseBytes-
#255232851	REDUCE cov: 190 ft: 1147 corp: 456/41Kb exec/s: 31440 rss: 517Mb L: 712/2056 MS: 1 EraseBytes-
#260446741	REDUCE cov: 190 ft: 1147 corp: 456/41Kb exec/s: 31451 rss: 517Mb L: 711/2056 MS: 1 EraseBytes-
#262340488	REDUCE cov: 190 ft: 1147 corp: 456/41Kb exec/s: 31455 rss: 517Mb L: 709/2056 MS: 1 EraseBytes-
#262873600	REDUCE cov: 190 ft: 1147 corp: 456/41Kb exec/s: 31455 rss: 517Mb L: 708/2056 MS: 1 EraseBytes-
#263432312	REDUCE cov: 190 ft: 1147 corp: 456/41Kb exec/s: 31458 rss: 517Mb L: 131/2056 MS: 1 EraseBytes-
#268435456	pulse  cov: 190 ft: 1147 corp: 456/41Kb exec/s: 31476 rss: 517Mb
#269020150	REDUCE cov: 190 ft: 1147 corp: 456/41Kb exec/s: 31475 rss: 517Mb L: 707/2056 MS: 1 EraseBytes-
#269543470	REDUCE cov: 190 ft: 1147 corp: 456/41Kb exec/s: 31477 rss: 517Mb L: 780/2056 MS: 2 ChangeASCIIInt-EraseBytes-
#273225269	REDUCE cov: 190 ft: 1147 corp: 456/41Kb exec/s: 31484 rss: 517Mb L: 706/2056 MS: 1 EraseBytes-
#280274533	REDUCE cov: 190 ft: 1147 corp: 456/41Kb exec/s: 31505 rss: 517Mb L: 537/2056 MS: 1 EraseBytes-
#287143084	REDUCE cov: 190 ft: 1147 corp: 456/41Kb exec/s: 31481 rss: 517Mb L: 705/2056 MS: 1 EraseBytes-
#290592270	REDUCE cov: 190 ft: 1147 corp: 456/41Kb exec/s: 31456 rss: 517Mb L: 656/2056 MS: 5 ShuffleBytes-CopyPart-ShuffleBytes-InsertByte-EraseBytes-
#292245917	REDUCE cov: 190 ft: 1147 corp: 456/41Kb exec/s: 31444 rss: 517Mb L: 130/2056 MS: 1 EraseBytes-
#305479360	REDUCE cov: 190 ft: 1147 corp: 456/41Kb exec/s: 31482 rss: 517Mb L: 704/2056 MS: 1 EraseBytes-
#305553627	REDUCE cov: 190 ft: 1147 corp: 456/41Kb exec/s: 31480 rss: 517Mb L: 703/2056 MS: 1 EraseBytes-
#305786320	REDUCE cov: 190 ft: 1147 corp: 456/41Kb exec/s: 31482 rss: 517Mb L: 128/2056 MS: 2 CopyPart-EraseBytes-
#305962262	REDUCE cov: 190 ft: 1147 corp: 456/41Kb exec/s: 31484 rss: 517Mb L: 124/2056 MS: 1 EraseBytes-
#307332413	REDUCE cov: 190 ft: 1147 corp: 456/41Kb exec/s: 31485 rss: 517Mb L: 389/2056 MS: 4 ChangeBit-ChangeBinInt-CopyPart-EraseBytes-
#313035807	REDUCE cov: 190 ft: 1147 corp: 456/41Kb exec/s: 31498 rss: 517Mb L: 777/2056 MS: 1 EraseBytes-
#316678068	REDUCE cov: 190 ft: 1147 corp: 456/41Kb exec/s: 31510 rss: 517Mb L: 123/2056 MS: 2 ChangeBit-EraseBytes-
#321836445	REDUCE cov: 190 ft: 1147 corp: 456/41Kb exec/s: 31521 rss: 517Mb L: 122/2056 MS: 2 ShuffleBytes-EraseBytes-
#328261225	REDUCE cov: 190 ft: 1147 corp: 456/41Kb exec/s: 31536 rss: 517Mb L: 702/2056 MS: 1 EraseBytes-
#334800120	REDUCE cov: 190 ft: 1147 corp: 456/41Kb exec/s: 31546 rss: 517Mb L: 121/2056 MS: 3 CopyPart-EraseBytes-InsertByte-
#339050157	REDUCE cov: 190 ft: 1147 corp: 456/41Kb exec/s: 31554 rss: 517Mb L: 536/2056 MS: 1 EraseBytes-
#340801906	REDUCE cov: 190 ft: 1147 corp: 456/41Kb exec/s: 31558 rss: 517Mb L: 119/2056 MS: 1 EraseBytes-
