INFO: Seed: 3533417925
INFO: Loaded 1 modules   (808 inline 8-bit counters): 808 [0x7a5720, 0x7a5a48), 
INFO: Loaded 1 PC tables (808 PCs): 808 [0x57e288,0x581508), 
INFO:     4368 files found in ../CORPUS
INFO:       14 files found in ../inputs
INFO: -max_len is not provided; libFuzzer will not generate inputs larger than 4096 bytes
INFO: seed corpus: files: 4382 min: 1b max: 3465b total: 3185545b rss: 40Mb
#128	pulse  cov: 148 ft: 320 corp: 113/921b exec/s: 64 rss: 44Mb
#256	pulse  cov: 186 ft: 572 corp: 215/2458b exec/s: 51 rss: 48Mb
#512	pulse  cov: 188 ft: 887 corp: 345/7444b exec/s: 51 rss: 56Mb
#1024	pulse  cov: 188 ft: 1027 corp: 399/14869b exec/s: 46 rss: 67Mb
#2048	pulse  cov: 188 ft: 1075 corp: 429/23Kb exec/s: 44 rss: 85Mb
#4096	pulse  cov: 190 ft: 1131 corp: 448/39Kb exec/s: 39 rss: 141Mb
#4383	INITED cov: 190 ft: 1133 corp: 449/41Kb exec/s: 38 rss: 155Mb
#7114	NEW    cov: 190 ft: 1134 corp: 450/41Kb exec/s: 62 rss: 166Mb L: 657/2059 MS: 1 CopyPart-
#8192	pulse  cov: 190 ft: 1134 corp: 450/41Kb exec/s: 72 rss: 171Mb
#16384	pulse  cov: 190 ft: 1134 corp: 450/41Kb exec/s: 143 rss: 200Mb
#32768	pulse  cov: 190 ft: 1134 corp: 450/41Kb exec/s: 287 rss: 258Mb
#65536	pulse  cov: 190 ft: 1134 corp: 450/41Kb exec/s: 564 rss: 379Mb
#68621	REDUCE cov: 190 ft: 1134 corp: 450/41Kb exec/s: 591 rss: 389Mb L: 140/2059 MS: 1 EraseBytes-
#131072	pulse  cov: 190 ft: 1134 corp: 450/41Kb exec/s: 1110 rss: 513Mb
#137000	REDUCE cov: 190 ft: 1134 corp: 450/41Kb exec/s: 1161 rss: 513Mb L: 11/2059 MS: 1 EraseBytes-
#216852	RELOAD cov: 190 ft: 1135 corp: 451/41Kb exec/s: 1792 rss: 516Mb
#262144	pulse  cov: 190 ft: 1135 corp: 451/41Kb exec/s: 2148 rss: 517Mb
#369219	REDUCE cov: 190 ft: 1135 corp: 451/41Kb exec/s: 2953 rss: 517Mb L: 744/2059 MS: 2 CopyPart-EraseBytes-
#524288	pulse  cov: 190 ft: 1135 corp: 451/41Kb exec/s: 4032 rss: 517Mb
#554719	REDUCE cov: 190 ft: 1135 corp: 451/41Kb exec/s: 4202 rss: 517Mb L: 137/2059 MS: 1 EraseBytes-
#600390	REDUCE cov: 190 ft: 1135 corp: 451/41Kb exec/s: 4480 rss: 517Mb L: 655/2059 MS: 2 ShuffleBytes-EraseBytes-
#621733	REDUCE cov: 190 ft: 1135 corp: 451/41Kb exec/s: 4605 rss: 517Mb L: 21/2059 MS: 1 EraseBytes-
#979870	REDUCE cov: 190 ft: 1135 corp: 451/41Kb exec/s: 6665 rss: 517Mb L: 9/2059 MS: 1 EraseBytes-
#1048576	pulse  cov: 190 ft: 1135 corp: 451/41Kb exec/s: 6990 rss: 517Mb
#1711801	REDUCE cov: 190 ft: 1135 corp: 451/41Kb exec/s: 9952 rss: 517Mb L: 136/2059 MS: 1 EraseBytes-
#2097152	pulse  cov: 190 ft: 1135 corp: 451/41Kb exec/s: 11335 rss: 517Mb
#2454916	REDUCE cov: 190 ft: 1135 corp: 451/41Kb exec/s: 12461 rss: 517Mb L: 7/2059 MS: 1 EraseBytes-
#2555232	REDUCE cov: 190 ft: 1135 corp: 451/41Kb exec/s: 12776 rss: 517Mb L: 654/2059 MS: 1 EraseBytes-
#2829124	REDUCE cov: 190 ft: 1135 corp: 451/41Kb exec/s: 13536 rss: 517Mb L: 133/2059 MS: 1 EraseBytes-
#3442749	REDUCE cov: 190 ft: 1135 corp: 451/41Kb exec/s: 14903 rss: 517Mb L: 6/2059 MS: 1 EraseBytes-
#3540531	RELOAD cov: 190 ft: 1137 corp: 452/41Kb exec/s: 15130 rss: 517Mb
#3558142	NEW    cov: 190 ft: 1139 corp: 453/42Kb exec/s: 15141 rss: 517Mb L: 110/2059 MS: 1 CopyPart-
#3559293	REDUCE cov: 190 ft: 1139 corp: 453/42Kb exec/s: 15145 rss: 517Mb L: 109/2059 MS: 1 EraseBytes-
#3563614	REDUCE cov: 190 ft: 1139 corp: 453/42Kb exec/s: 15164 rss: 517Mb L: 99/2059 MS: 1 EraseBytes-
#3567130	REDUCE cov: 190 ft: 1141 corp: 454/42Kb exec/s: 15179 rss: 517Mb L: 169/2059 MS: 1 CopyPart-
#3571887	REDUCE cov: 190 ft: 1141 corp: 454/42Kb exec/s: 15135 rss: 517Mb L: 86/2059 MS: 3 CrossOver-InsertByte-EraseBytes-
#3578788	REDUCE cov: 190 ft: 1141 corp: 454/42Kb exec/s: 15164 rss: 517Mb L: 71/2059 MS: 1 EraseBytes-
#3583404	REDUCE cov: 190 ft: 1141 corp: 454/42Kb exec/s: 15183 rss: 517Mb L: 91/2059 MS: 1 EraseBytes-
#3590880	REDUCE cov: 190 ft: 1141 corp: 454/42Kb exec/s: 15215 rss: 517Mb L: 70/2059 MS: 1 EraseBytes-
#3602206	REDUCE cov: 190 ft: 1141 corp: 454/42Kb exec/s: 15263 rss: 517Mb L: 86/2059 MS: 1 EraseBytes-
#3606982	REDUCE cov: 190 ft: 1141 corp: 454/42Kb exec/s: 15219 rss: 517Mb L: 68/2059 MS: 1 EraseBytes-
#3625688	REDUCE cov: 190 ft: 1141 corp: 454/42Kb exec/s: 15298 rss: 517Mb L: 61/2059 MS: 1 EraseBytes-
#3626559	REDUCE cov: 190 ft: 1141 corp: 454/42Kb exec/s: 15237 rss: 517Mb L: 73/2059 MS: 1 EraseBytes-
#3640874	RELOAD cov: 190 ft: 1143 corp: 455/42Kb exec/s: 15297 rss: 517Mb
#3661630	REDUCE cov: 190 ft: 1143 corp: 455/42Kb exec/s: 15320 rss: 517Mb L: 148/2059 MS: 1 EraseBytes-
#3676761	REDUCE cov: 190 ft: 1143 corp: 455/42Kb exec/s: 15383 rss: 517Mb L: 72/2059 MS: 1 EraseBytes-
#3677117	REDUCE cov: 190 ft: 1143 corp: 455/42Kb exec/s: 15385 rss: 517Mb L: 69/2059 MS: 1 EraseBytes-
#3680038	REDUCE cov: 190 ft: 1143 corp: 455/42Kb exec/s: 15397 rss: 517Mb L: 49/2059 MS: 1 EraseBytes-
#3714556	REDUCE cov: 190 ft: 1143 corp: 455/42Kb exec/s: 15413 rss: 517Mb L: 46/2059 MS: 1 EraseBytes-
#3715139	RELOAD cov: 190 ft: 1145 corp: 456/42Kb exec/s: 15415 rss: 517Mb
#3716310	REDUCE cov: 190 ft: 1145 corp: 456/42Kb exec/s: 15420 rss: 517Mb L: 310/2059 MS: 1 EraseBytes-
#3747226	REDUCE cov: 190 ft: 1145 corp: 456/42Kb exec/s: 15484 rss: 517Mb L: 54/2059 MS: 1 EraseBytes-
#3748398	RELOAD cov: 190 ft: 1147 corp: 457/44Kb exec/s: 15425 rss: 517Mb
#3766989	REDUCE cov: 190 ft: 1147 corp: 457/44Kb exec/s: 15502 rss: 517Mb L: 1248/2059 MS: 1 EraseBytes-
#3784938	REDUCE cov: 190 ft: 1147 corp: 457/44Kb exec/s: 15512 rss: 517Mb L: 39/2059 MS: 3 ChangeByte-ShuffleBytes-EraseBytes-
#3799014	REDUCE cov: 190 ft: 1147 corp: 457/44Kb exec/s: 15506 rss: 517Mb L: 277/2059 MS: 1 EraseBytes-
#3803575	REDUCE cov: 190 ft: 1147 corp: 457/44Kb exec/s: 15524 rss: 517Mb L: 53/2059 MS: 1 EraseBytes-
#3810431	REDUCE cov: 190 ft: 1147 corp: 457/44Kb exec/s: 15552 rss: 517Mb L: 45/2059 MS: 1 EraseBytes-
#3822039	REDUCE cov: 190 ft: 1147 corp: 457/44Kb exec/s: 15536 rss: 517Mb L: 274/2059 MS: 1 EraseBytes-
#3822275	REDUCE cov: 190 ft: 1147 corp: 457/44Kb exec/s: 15537 rss: 517Mb L: 135/2059 MS: 1 EraseBytes-
#3829996	REDUCE cov: 190 ft: 1147 corp: 457/44Kb exec/s: 15569 rss: 517Mb L: 132/2059 MS: 1 EraseBytes-
#3846216	REDUCE cov: 190 ft: 1147 corp: 457/44Kb exec/s: 15571 rss: 517Mb L: 33/2059 MS: 1 EraseBytes-
#3859587	REDUCE cov: 190 ft: 1147 corp: 457/44Kb exec/s: 15625 rss: 517Mb L: 610/2059 MS: 1 EraseBytes-
#3891110	REDUCE cov: 190 ft: 1147 corp: 457/44Kb exec/s: 15626 rss: 517Mb L: 30/2059 MS: 2 ChangeBinInt-EraseBytes-
#3893384	REDUCE cov: 190 ft: 1147 corp: 457/44Kb exec/s: 15636 rss: 517Mb L: 101/2059 MS: 4 ShuffleBytes-InsertRepeatedBytes-InsertByte-EraseBytes-
#3903790	REDUCE cov: 190 ft: 1147 corp: 457/44Kb exec/s: 15677 rss: 517Mb L: 23/2059 MS: 1 EraseBytes-
#3906116	REDUCE cov: 190 ft: 1147 corp: 457/44Kb exec/s: 15687 rss: 517Mb L: 250/2059 MS: 1 EraseBytes-
#3920780	REDUCE cov: 190 ft: 1147 corp: 457/44Kb exec/s: 15683 rss: 517Mb L: 92/2059 MS: 1 EraseBytes-
#3926831	REDUCE cov: 190 ft: 1147 corp: 457/44Kb exec/s: 15707 rss: 517Mb L: 75/2059 MS: 1 EraseBytes-
#3933550	REDUCE cov: 190 ft: 1147 corp: 457/43Kb exec/s: 15734 rss: 517Mb L: 605/2059 MS: 4 ChangeByte-EraseBytes-CopyPart-CopyPart-
#3936976	REDUCE cov: 190 ft: 1147 corp: 457/43Kb exec/s: 15685 rss: 517Mb L: 40/2059 MS: 1 EraseBytes-
#3970051	REDUCE cov: 190 ft: 1147 corp: 457/43Kb exec/s: 15754 rss: 517Mb L: 1238/2059 MS: 1 EraseBytes-
#3998880	REDUCE cov: 190 ft: 1147 corp: 457/43Kb exec/s: 15805 rss: 517Mb L: 68/2059 MS: 1 EraseBytes-
#4028063	REDUCE cov: 190 ft: 1147 corp: 457/43Kb exec/s: 15858 rss: 517Mb L: 66/2059 MS: 1 EraseBytes-
#4034459	REDUCE cov: 190 ft: 1147 corp: 457/43Kb exec/s: 15883 rss: 517Mb L: 1220/2059 MS: 1 EraseBytes-
#4073309	REDUCE cov: 190 ft: 1147 corp: 457/43Kb exec/s: 15973 rss: 517Mb L: 247/2059 MS: 1 EraseBytes-
#4080810	REDUCE cov: 190 ft: 1147 corp: 457/43Kb exec/s: 15940 rss: 517Mb L: 35/2059 MS: 1 EraseBytes-
#4124044	REDUCE cov: 190 ft: 1147 corp: 457/43Kb exec/s: 16046 rss: 517Mb L: 18/2059 MS: 1 EraseBytes-
#4124376	REDUCE cov: 190 ft: 1147 corp: 457/43Kb exec/s: 16048 rss: 517Mb L: 33/2059 MS: 1 EraseBytes-
#4166884	REDUCE cov: 190 ft: 1147 corp: 457/43Kb exec/s: 16088 rss: 517Mb L: 31/2059 MS: 1 EraseBytes-
#4194304	pulse  cov: 190 ft: 1147 corp: 457/43Kb exec/s: 16131 rss: 517Mb
#4220718	REDUCE cov: 190 ft: 1147 corp: 457/43Kb exec/s: 16171 rss: 517Mb L: 63/2059 MS: 1 EraseBytes-
#4243385	REDUCE cov: 190 ft: 1147 corp: 457/43Kb exec/s: 16196 rss: 517Mb L: 43/2059 MS: 1 EraseBytes-
#4264961	REDUCE cov: 190 ft: 1147 corp: 457/43Kb exec/s: 16278 rss: 517Mb L: 30/2059 MS: 1 EraseBytes-
#4307992	REDUCE cov: 190 ft: 1147 corp: 457/43Kb exec/s: 16318 rss: 517Mb L: 16/2059 MS: 1 EraseBytes-
#4328863	REDUCE cov: 190 ft: 1147 corp: 457/43Kb exec/s: 16335 rss: 517Mb L: 32/2059 MS: 1 EraseBytes-
#4338857	REDUCE cov: 190 ft: 1147 corp: 457/43Kb exec/s: 16373 rss: 517Mb L: 24/2059 MS: 2 InsertByte-EraseBytes-
#4389893	REDUCE cov: 190 ft: 1147 corp: 457/43Kb exec/s: 16441 rss: 517Mb L: 240/2059 MS: 1 EraseBytes-
#4428067	REDUCE cov: 190 ft: 1147 corp: 457/43Kb exec/s: 16522 rss: 517Mb L: 13/2059 MS: 1 EraseBytes-
#4460149	REDUCE cov: 190 ft: 1147 corp: 457/43Kb exec/s: 16580 rss: 517Mb L: 28/2059 MS: 1 EraseBytes-
#4470666	REDUCE cov: 190 ft: 1147 corp: 457/43Kb exec/s: 16619 rss: 517Mb L: 20/2059 MS: 2 ChangeBinInt-EraseBytes-
#4526039	REDUCE cov: 190 ft: 1147 corp: 457/43Kb exec/s: 16701 rss: 517Mb L: 1202/2059 MS: 3 CopyPart-InsertRepeatedBytes-EraseBytes-
#4581535	REDUCE cov: 190 ft: 1147 corp: 457/43Kb exec/s: 16782 rss: 517Mb L: 232/2059 MS: 1 EraseBytes-
#4593364	REDUCE cov: 190 ft: 1147 corp: 457/43Kb exec/s: 16825 rss: 517Mb L: 1111/2059 MS: 1 EraseBytes-
#4607650	REDUCE cov: 190 ft: 1147 corp: 457/43Kb exec/s: 16877 rss: 517Mb L: 12/2059 MS: 1 EraseBytes-
#4659563	REDUCE cov: 190 ft: 1147 corp: 457/43Kb exec/s: 16943 rss: 517Mb L: 11/2059 MS: 2 ShuffleBytes-EraseBytes-
#4706847	REDUCE cov: 190 ft: 1147 corp: 457/43Kb exec/s: 17053 rss: 517Mb L: 18/2059 MS: 1 EraseBytes-
#4845518	REDUCE cov: 190 ft: 1147 corp: 457/43Kb exec/s: 17243 rss: 517Mb L: 220/2059 MS: 1 EraseBytes-
#4899228	REDUCE cov: 190 ft: 1147 corp: 457/43Kb exec/s: 17311 rss: 517Mb L: 569/2059 MS: 1 EraseBytes-
#4962646	REDUCE cov: 190 ft: 1147 corp: 457/43Kb exec/s: 17412 rss: 517Mb L: 15/2059 MS: 1 EraseBytes-
#4977867	REDUCE cov: 190 ft: 1147 corp: 457/43Kb exec/s: 17405 rss: 517Mb L: 1102/2059 MS: 1 EraseBytes-
#5074620	REDUCE cov: 190 ft: 1147 corp: 457/43Kb exec/s: 17559 rss: 517Mb L: 567/2059 MS: 2 ChangeBit-EraseBytes-
#5137502	REDUCE cov: 190 ft: 1147 corp: 457/43Kb exec/s: 17654 rss: 517Mb L: 206/2059 MS: 1 EraseBytes-
#5296997	REDUCE cov: 190 ft: 1147 corp: 457/43Kb exec/s: 17895 rss: 517Mb L: 185/2059 MS: 3 ChangeBit-EraseBytes-CopyPart-
#5326297	REDUCE cov: 190 ft: 1147 corp: 457/43Kb exec/s: 17933 rss: 517Mb L: 165/2059 MS: 1 EraseBytes-
#5354064	REDUCE cov: 190 ft: 1147 corp: 457/43Kb exec/s: 17966 rss: 517Mb L: 156/2059 MS: 1 EraseBytes-
#5460525	REDUCE cov: 190 ft: 1147 corp: 457/43Kb exec/s: 18141 rss: 517Mb L: 25/2059 MS: 1 EraseBytes-
#5536370	REDUCE cov: 190 ft: 1147 corp: 457/43Kb exec/s: 18211 rss: 517Mb L: 14/2059 MS: 1 EraseBytes-
#5562268	REDUCE cov: 190 ft: 1147 corp: 457/43Kb exec/s: 18236 rss: 517Mb L: 23/2059 MS: 1 EraseBytes-
#5579676	REDUCE cov: 190 ft: 1147 corp: 457/43Kb exec/s: 18294 rss: 517Mb L: 155/2059 MS: 2 CMP-EraseBytes- DE: "\x01\x00\x00\x00\x00\x00\x00\x01"-
#5594482	REDUCE cov: 190 ft: 1147 corp: 457/43Kb exec/s: 18282 rss: 517Mb L: 1093/2059 MS: 1 EraseBytes-
#5629489	REDUCE cov: 190 ft: 1147 corp: 457/43Kb exec/s: 18337 rss: 517Mb L: 153/2059 MS: 1 EraseBytes-
#5854496	REDUCE cov: 190 ft: 1147 corp: 457/43Kb exec/s: 18704 rss: 517Mb L: 22/2059 MS: 1 EraseBytes-
#5870716	REDUCE cov: 190 ft: 1147 corp: 457/43Kb exec/s: 18696 rss: 517Mb L: 559/2059 MS: 5 InsertByte-CopyPart-CopyPart-InsertRepeatedBytes-EraseBytes-
#5974832	REDUCE cov: 190 ft: 1147 corp: 457/43Kb exec/s: 18848 rss: 517Mb L: 19/2059 MS: 1 EraseBytes-
#6000184	REDUCE cov: 190 ft: 1147 corp: 457/43Kb exec/s: 18868 rss: 517Mb L: 141/2059 MS: 1 EraseBytes-
#6025573	REDUCE cov: 190 ft: 1147 corp: 457/43Kb exec/s: 18948 rss: 517Mb L: 131/2059 MS: 1 EraseBytes-
#6113793	REDUCE cov: 190 ft: 1147 corp: 457/43Kb exec/s: 19046 rss: 517Mb L: 542/2059 MS: 2 CopyPart-EraseBytes-
#6135564	REDUCE cov: 190 ft: 1147 corp: 457/43Kb exec/s: 19113 rss: 517Mb L: 128/2059 MS: 1 EraseBytes-
#6166119	REDUCE cov: 190 ft: 1147 corp: 457/43Kb exec/s: 19149 rss: 517Mb L: 980/2059 MS: 1 EraseBytes-
#6426860	REDUCE cov: 190 ft: 1147 corp: 457/43Kb exec/s: 19475 rss: 517Mb L: 18/2059 MS: 1 EraseBytes-
#6430021	REDUCE cov: 190 ft: 1147 corp: 457/43Kb exec/s: 19484 rss: 517Mb L: 125/2059 MS: 1 EraseBytes-
#6477070	REDUCE cov: 190 ft: 1147 corp: 457/43Kb exec/s: 19568 rss: 517Mb L: 516/2059 MS: 1 EraseBytes-
#6695612	REDUCE cov: 190 ft: 1147 corp: 457/43Kb exec/s: 19809 rss: 517Mb L: 436/2059 MS: 2 CopyPart-EraseBytes-
#6753504	REDUCE cov: 190 ft: 1147 corp: 457/43Kb exec/s: 19921 rss: 517Mb L: 115/2059 MS: 1 EraseBytes-
#6755216	REDUCE cov: 190 ft: 1147 corp: 457/43Kb exec/s: 19926 rss: 517Mb L: 434/2059 MS: 2 ShuffleBytes-EraseBytes-
#6833290	REDUCE cov: 190 ft: 1147 corp: 457/43Kb exec/s: 19980 rss: 517Mb L: 102/2059 MS: 2 ChangeByte-EraseBytes-
#6910681	REDUCE cov: 190 ft: 1147 corp: 457/43Kb exec/s: 20089 rss: 517Mb L: 948/2059 MS: 1 EraseBytes-
#6939297	REDUCE cov: 190 ft: 1147 corp: 457/43Kb exec/s: 20113 rss: 517Mb L: 98/2059 MS: 1 EraseBytes-
#7003690	REDUCE cov: 190 ft: 1147 corp: 457/43Kb exec/s: 20183 rss: 517Mb L: 936/2059 MS: 1 EraseBytes-
#7046611	REDUCE cov: 190 ft: 1147 corp: 457/43Kb exec/s: 20248 rss: 517Mb L: 17/2059 MS: 1 EraseBytes-
#7106617	REDUCE cov: 190 ft: 1147 corp: 457/43Kb exec/s: 20304 rss: 517Mb L: 856/2059 MS: 3 ShuffleBytes-EraseBytes-CopyPart-
#7131104	REDUCE cov: 190 ft: 1147 corp: 457/43Kb exec/s: 20374 rss: 517Mb L: 425/2059 MS: 2 InsertByte-EraseBytes-
#7156080	REDUCE cov: 190 ft: 1147 corp: 457/43Kb exec/s: 20387 rss: 517Mb L: 818/2059 MS: 1 EraseBytes-
#7252425	REDUCE cov: 190 ft: 1147 corp: 457/43Kb exec/s: 20487 rss: 517Mb L: 394/2059 MS: 1 EraseBytes-
#7278690	REDUCE cov: 190 ft: 1147 corp: 457/43Kb exec/s: 20503 rss: 517Mb L: 97/2059 MS: 1 EraseBytes-
#7326511	REDUCE cov: 190 ft: 1147 corp: 457/43Kb exec/s: 20580 rss: 517Mb L: 96/2059 MS: 1 EraseBytes-
#7385783	REDUCE cov: 190 ft: 1147 corp: 457/43Kb exec/s: 20630 rss: 517Mb L: 813/2059 MS: 1 EraseBytes-
#7404504	REDUCE cov: 190 ft: 1147 corp: 457/43Kb exec/s: 20682 rss: 517Mb L: 6/2059 MS: 1 EraseBytes-
#7416956	REDUCE cov: 190 ft: 1147 corp: 457/43Kb exec/s: 20660 rss: 517Mb L: 753/2059 MS: 2 CopyPart-EraseBytes-
#7529569	REDUCE cov: 190 ft: 1147 corp: 457/43Kb exec/s: 20799 rss: 517Mb L: 91/2059 MS: 1 EraseBytes-
#7580291	REDUCE cov: 190 ft: 1147 corp: 457/43Kb exec/s: 20882 rss: 517Mb L: 360/2059 MS: 1 EraseBytes-
#7604299	REDUCE cov: 190 ft: 1147 corp: 457/43Kb exec/s: 20890 rss: 517Mb L: 90/2059 MS: 1 EraseBytes-
#7702832	REDUCE cov: 190 ft: 1147 corp: 457/43Kb exec/s: 20988 rss: 517Mb L: 358/2059 MS: 2 InsertByte-EraseBytes-
#7741458	REDUCE cov: 190 ft: 1147 corp: 457/43Kb exec/s: 21036 rss: 517Mb L: 349/2059 MS: 1 EraseBytes-
#7834576	REDUCE cov: 190 ft: 1147 corp: 457/43Kb exec/s: 21117 rss: 517Mb L: 83/2059 MS: 2 CrossOver-EraseBytes-
#7885513	REDUCE cov: 190 ft: 1147 corp: 457/42Kb exec/s: 21197 rss: 517Mb L: 726/2059 MS: 1 EraseBytes-
#7890604	REDUCE cov: 190 ft: 1147 corp: 457/42Kb exec/s: 21211 rss: 517Mb L: 82/2059 MS: 1 EraseBytes-
#8038671	REDUCE cov: 190 ft: 1147 corp: 457/42Kb exec/s: 21322 rss: 517Mb L: 79/2059 MS: 1 EraseBytes-
#8148969	REDUCE cov: 190 ft: 1147 corp: 457/42Kb exec/s: 21444 rss: 517Mb L: 73/2059 MS: 1 EraseBytes-
#8284613	REDUCE cov: 190 ft: 1147 corp: 457/42Kb exec/s: 21574 rss: 517Mb L: 336/2059 MS: 1 EraseBytes-
#8388608	pulse  cov: 190 ft: 1147 corp: 457/42Kb exec/s: 21675 rss: 517Mb
#8485184	REDUCE cov: 190 ft: 1147 corp: 457/42Kb exec/s: 21812 rss: 517Mb L: 315/2059 MS: 1 EraseBytes-
#8654806	REDUCE cov: 190 ft: 1147 corp: 457/42Kb exec/s: 21966 rss: 517Mb L: 722/2059 MS: 1 EraseBytes-
#8764960	REDUCE cov: 190 ft: 1147 corp: 457/42Kb exec/s: 22022 rss: 517Mb L: 20/2059 MS: 1 EraseBytes-
#8994644	REDUCE cov: 190 ft: 1147 corp: 457/42Kb exec/s: 22263 rss: 517Mb L: 314/2059 MS: 2 ShuffleBytes-EraseBytes-
#9158399	REDUCE cov: 190 ft: 1147 corp: 457/42Kb exec/s: 22392 rss: 517Mb L: 71/2059 MS: 1 EraseBytes-
#9159915	REDUCE cov: 190 ft: 1147 corp: 457/42Kb exec/s: 22395 rss: 517Mb L: 307/2059 MS: 1 EraseBytes-
#9398139	REDUCE cov: 190 ft: 1147 corp: 457/42Kb exec/s: 22591 rss: 517Mb L: 304/2059 MS: 1 EraseBytes-
#9441833	REDUCE cov: 190 ft: 1147 corp: 457/42Kb exec/s: 22642 rss: 517Mb L: 69/2059 MS: 1 EraseBytes-
#9534896	REDUCE cov: 190 ft: 1147 corp: 457/42Kb exec/s: 22702 rss: 517Mb L: 694/2059 MS: 1 EraseBytes-
#9780053	REDUCE cov: 190 ft: 1147 corp: 457/42Kb exec/s: 22904 rss: 517Mb L: 691/2059 MS: 1 EraseBytes-
#9781694	REDUCE cov: 190 ft: 1147 corp: 457/42Kb exec/s: 22907 rss: 517Mb L: 13/2059 MS: 1 EraseBytes-
#9800900	REDUCE cov: 190 ft: 1147 corp: 457/42Kb exec/s: 22952 rss: 517Mb L: 63/2059 MS: 1 EraseBytes-
#9861635	REDUCE cov: 190 ft: 1147 corp: 457/42Kb exec/s: 22987 rss: 517Mb L: 301/2059 MS: 1 EraseBytes-
#9980994	REDUCE cov: 190 ft: 1147 corp: 457/42Kb exec/s: 23104 rss: 517Mb L: 676/2059 MS: 1 EraseBytes-
#10082583	REDUCE cov: 190 ft: 1147 corp: 457/42Kb exec/s: 23178 rss: 517Mb L: 62/2059 MS: 1 EraseBytes-
#10173045	REDUCE cov: 190 ft: 1147 corp: 457/42Kb exec/s: 23226 rss: 517Mb L: 290/2059 MS: 1 EraseBytes-
#10268783	REDUCE cov: 190 ft: 1147 corp: 457/42Kb exec/s: 23285 rss: 517Mb L: 672/2059 MS: 1 EraseBytes-
#10281254	REDUCE cov: 190 ft: 1147 corp: 457/42Kb exec/s: 23313 rss: 517Mb L: 670/2059 MS: 1 EraseBytes-
#10284870	REDUCE cov: 190 ft: 1147 corp: 457/42Kb exec/s: 23321 rss: 517Mb L: 647/2059 MS: 1 EraseBytes-
#10397231	REDUCE cov: 190 ft: 1147 corp: 457/42Kb exec/s: 23364 rss: 517Mb L: 60/2059 MS: 1 EraseBytes-
#10440410	REDUCE cov: 190 ft: 1147 corp: 457/42Kb exec/s: 23408 rss: 517Mb L: 57/2059 MS: 1 EraseBytes-
#10639854	REDUCE cov: 190 ft: 1147 corp: 457/42Kb exec/s: 23539 rss: 517Mb L: 281/2059 MS: 1 EraseBytes-
#10764569	REDUCE cov: 190 ft: 1147 corp: 457/42Kb exec/s: 23658 rss: 517Mb L: 55/2059 MS: 1 EraseBytes-
#10848829	REDUCE cov: 190 ft: 1147 corp: 457/42Kb exec/s: 23687 rss: 517Mb L: 53/2059 MS: 1 EraseBytes-
#11166934	REDUCE cov: 190 ft: 1147 corp: 457/42Kb exec/s: 23912 rss: 517Mb L: 644/2059 MS: 2 ShuffleBytes-EraseBytes-
#11409856	REDUCE cov: 190 ft: 1147 corp: 457/42Kb exec/s: 24071 rss: 517Mb L: 52/2059 MS: 2 CopyPart-EraseBytes-
#11529350	REDUCE cov: 190 ft: 1147 corp: 457/42Kb exec/s: 24170 rss: 517Mb L: 620/2059 MS: 2 ChangeByte-EraseBytes-
#11803053	REDUCE cov: 190 ft: 1147 corp: 457/42Kb exec/s: 24336 rss: 517Mb L: 593/2059 MS: 1 EraseBytes-
#11936466	REDUCE cov: 190 ft: 1147 corp: 457/42Kb exec/s: 24409 rss: 517Mb L: 51/2059 MS: 1 EraseBytes-
#12008578	REDUCE cov: 190 ft: 1147 corp: 457/42Kb exec/s: 24457 rss: 517Mb L: 50/2059 MS: 1 EraseBytes-
#12153705	REDUCE cov: 190 ft: 1147 corp: 457/42Kb exec/s: 24503 rss: 517Mb L: 278/2059 MS: 2 ShuffleBytes-EraseBytes-
#12419332	REDUCE cov: 190 ft: 1147 corp: 457/42Kb exec/s: 24690 rss: 517Mb L: 276/2059 MS: 1 EraseBytes-
#12420518	REDUCE cov: 190 ft: 1147 corp: 457/42Kb exec/s: 24692 rss: 517Mb L: 590/2059 MS: 1 EraseBytes-
#12896067	REDUCE cov: 190 ft: 1147 corp: 457/42Kb exec/s: 24944 rss: 517Mb L: 264/2059 MS: 1 EraseBytes-
#13143202	REDUCE cov: 190 ft: 1147 corp: 457/42Kb exec/s: 25082 rss: 517Mb L: 171/2059 MS: 1 EraseBytes-
#13279458	REDUCE cov: 190 ft: 1147 corp: 457/42Kb exec/s: 25150 rss: 517Mb L: 242/2059 MS: 1 EraseBytes-
#13514892	REDUCE cov: 190 ft: 1147 corp: 457/42Kb exec/s: 25261 rss: 517Mb L: 578/2059 MS: 1 EraseBytes-
#13973688	REDUCE cov: 190 ft: 1147 corp: 457/42Kb exec/s: 25499 rss: 517Mb L: 576/2059 MS: 1 EraseBytes-
#14014502	REDUCE cov: 190 ft: 1147 corp: 457/42Kb exec/s: 25480 rss: 517Mb L: 234/2059 MS: 1 EraseBytes-
#14196840	REDUCE cov: 190 ft: 1147 corp: 457/42Kb exec/s: 25579 rss: 517Mb L: 229/2059 MS: 1 EraseBytes-
#14384686	REDUCE cov: 190 ft: 1147 corp: 457/42Kb exec/s: 25686 rss: 517Mb L: 571/2059 MS: 1 EraseBytes-
#14608672	REDUCE cov: 190 ft: 1147 corp: 457/42Kb exec/s: 25810 rss: 517Mb L: 44/2059 MS: 1 EraseBytes-
#14723953	REDUCE cov: 190 ft: 1147 corp: 457/42Kb exec/s: 25831 rss: 517Mb L: 219/2059 MS: 1 EraseBytes-
#15193556	REDUCE cov: 190 ft: 1147 corp: 457/42Kb exec/s: 26060 rss: 517Mb L: 567/2059 MS: 1 EraseBytes-
#15227537	REDUCE cov: 190 ft: 1147 corp: 457/42Kb exec/s: 26074 rss: 517Mb L: 43/2059 MS: 1 EraseBytes-
#15567738	REDUCE cov: 190 ft: 1147 corp: 457/42Kb exec/s: 26208 rss: 517Mb L: 216/2059 MS: 1 EraseBytes-
#15700183	REDUCE cov: 190 ft: 1147 corp: 457/42Kb exec/s: 26254 rss: 517Mb L: 211/2059 MS: 1 EraseBytes-
#15783387	REDUCE cov: 190 ft: 1147 corp: 457/42Kb exec/s: 26261 rss: 517Mb L: 40/2059 MS: 1 EraseBytes-
#16150708	REDUCE cov: 190 ft: 1147 corp: 457/42Kb exec/s: 26390 rss: 517Mb L: 39/2059 MS: 1 EraseBytes-
#16243098	REDUCE cov: 190 ft: 1147 corp: 457/42Kb exec/s: 26454 rss: 517Mb L: 202/2059 MS: 2 ChangeBinInt-EraseBytes-
#16574387	REDUCE cov: 190 ft: 1147 corp: 457/42Kb exec/s: 26561 rss: 517Mb L: 37/2059 MS: 1 EraseBytes-
#16641181	REDUCE cov: 190 ft: 1147 corp: 457/42Kb exec/s: 26583 rss: 517Mb L: 566/2059 MS: 1 EraseBytes-
#16692335	REDUCE cov: 190 ft: 1147 corp: 457/42Kb exec/s: 26580 rss: 517Mb L: 563/2059 MS: 1 EraseBytes-
#16777216	pulse  cov: 190 ft: 1147 corp: 457/42Kb exec/s: 26630 rss: 517Mb
#16875744	REDUCE cov: 190 ft: 1147 corp: 457/42Kb exec/s: 26659 rss: 517Mb L: 199/2059 MS: 1 EraseBytes-
#17585044	REDUCE cov: 190 ft: 1147 corp: 457/42Kb exec/s: 26888 rss: 517Mb L: 554/2059 MS: 1 EraseBytes-
#18313196	REDUCE cov: 190 ft: 1147 corp: 457/42Kb exec/s: 27090 rss: 517Mb L: 190/2059 MS: 2 ChangeByte-EraseBytes-
#18632518	REDUCE cov: 190 ft: 1147 corp: 457/42Kb exec/s: 27200 rss: 517Mb L: 548/2059 MS: 1 EraseBytes-
#18768289	REDUCE cov: 190 ft: 1147 corp: 457/42Kb exec/s: 27239 rss: 517Mb L: 184/2059 MS: 1 EraseBytes-
#19072252	REDUCE cov: 190 ft: 1147 corp: 457/42Kb exec/s: 27324 rss: 517Mb L: 178/2059 MS: 1 EraseBytes-
#19315603	REDUCE cov: 190 ft: 1147 corp: 457/42Kb exec/s: 27398 rss: 517Mb L: 172/2059 MS: 1 EraseBytes-
#19353444	REDUCE cov: 190 ft: 1147 corp: 457/42Kb exec/s: 27412 rss: 517Mb L: 545/2059 MS: 1 EraseBytes-
#19385541	REDUCE cov: 190 ft: 1147 corp: 457/42Kb exec/s: 27419 rss: 517Mb L: 35/2059 MS: 1 EraseBytes-
#19482683	REDUCE cov: 190 ft: 1147 corp: 457/42Kb exec/s: 27440 rss: 517Mb L: 169/2059 MS: 2 ShuffleBytes-EraseBytes-
#19537556	REDUCE cov: 190 ft: 1147 corp: 457/42Kb exec/s: 27440 rss: 517Mb L: 538/2059 MS: 5 InsertRepeatedBytes-CopyPart-EraseBytes-CMP-EraseBytes- DE: "\x01\x00\x000"-
#19546657	REDUCE cov: 190 ft: 1147 corp: 457/42Kb exec/s: 27453 rss: 517Mb L: 526/2059 MS: 1 EraseBytes-
#19580077	REDUCE cov: 190 ft: 1147 corp: 457/42Kb exec/s: 27461 rss: 517Mb L: 34/2059 MS: 1 EraseBytes-
#19930882	REDUCE cov: 190 ft: 1147 corp: 457/42Kb exec/s: 27566 rss: 517Mb L: 160/2059 MS: 2 ChangeBit-EraseBytes-
#20077048	REDUCE cov: 190 ft: 1147 corp: 457/42Kb exec/s: 27578 rss: 517Mb L: 157/2059 MS: 1 EraseBytes-
#20106758	REDUCE cov: 190 ft: 1147 corp: 457/42Kb exec/s: 27581 rss: 517Mb L: 33/2059 MS: 1 EraseBytes-
#20259706	REDUCE cov: 190 ft: 1147 corp: 457/42Kb exec/s: 27639 rss: 517Mb L: 504/2059 MS: 1 EraseBytes-
#20544157	REDUCE cov: 190 ft: 1147 corp: 457/42Kb exec/s: 27687 rss: 517Mb L: 147/2059 MS: 1 EraseBytes-
#20558473	REDUCE cov: 190 ft: 1147 corp: 457/42Kb exec/s: 27706 rss: 517Mb L: 501/2059 MS: 1 EraseBytes-
#21566475	REDUCE cov: 190 ft: 1147 corp: 457/42Kb exec/s: 27935 rss: 517Mb L: 389/2059 MS: 1 EraseBytes-
#21755713	REDUCE cov: 190 ft: 1147 corp: 457/42Kb exec/s: 27999 rss: 517Mb L: 139/2059 MS: 2 ChangeByte-EraseBytes-
#21767339	REDUCE cov: 190 ft: 1147 corp: 457/42Kb exec/s: 27978 rss: 517Mb L: 137/2059 MS: 1 EraseBytes-
#21995065	REDUCE cov: 190 ft: 1147 corp: 457/42Kb exec/s: 28019 rss: 517Mb L: 134/2059 MS: 1 EraseBytes-
#22002436	REDUCE cov: 190 ft: 1147 corp: 457/42Kb exec/s: 28028 rss: 517Mb L: 498/2059 MS: 1 EraseBytes-
#22235660	REDUCE cov: 190 ft: 1147 corp: 457/42Kb exec/s: 28075 rss: 517Mb L: 124/2059 MS: 1 EraseBytes-
#22305457	REDUCE cov: 190 ft: 1147 corp: 457/42Kb exec/s: 28092 rss: 517Mb L: 119/2059 MS: 1 EraseBytes-
#22311178	REDUCE cov: 190 ft: 1147 corp: 457/42Kb exec/s: 28064 rss: 517Mb L: 117/2059 MS: 1 EraseBytes-
#22730051	REDUCE cov: 190 ft: 1147 corp: 457/42Kb exec/s: 28166 rss: 517Mb L: 743/2059 MS: 1 EraseBytes-
#22953858	REDUCE cov: 190 ft: 1147 corp: 457/42Kb exec/s: 28198 rss: 517Mb L: 113/2059 MS: 1 EraseBytes-
#23135231	REDUCE cov: 190 ft: 1147 corp: 457/42Kb exec/s: 28248 rss: 517Mb L: 109/2059 MS: 1 EraseBytes-
#23348799	REDUCE cov: 190 ft: 1147 corp: 457/42Kb exec/s: 28301 rss: 517Mb L: 105/2059 MS: 1 EraseBytes-
#23482051	REDUCE cov: 190 ft: 1147 corp: 457/42Kb exec/s: 28291 rss: 517Mb L: 32/2059 MS: 1 EraseBytes-
#23764954	REDUCE cov: 190 ft: 1147 corp: 457/42Kb exec/s: 28359 rss: 517Mb L: 496/2059 MS: 1 EraseBytes-
#24423885	REDUCE cov: 190 ft: 1147 corp: 457/42Kb exec/s: 28466 rss: 517Mb L: 491/2059 MS: 1 EraseBytes-
#24703961	REDUCE cov: 190 ft: 1147 corp: 457/42Kb exec/s: 28526 rss: 517Mb L: 474/2059 MS: 1 EraseBytes-
#24741154	REDUCE cov: 190 ft: 1147 corp: 457/42Kb exec/s: 28503 rss: 517Mb L: 102/2059 MS: 1 EraseBytes-
#24948814	REDUCE cov: 190 ft: 1147 corp: 457/42Kb exec/s: 28545 rss: 517Mb L: 31/2059 MS: 1 EraseBytes-
#25057954	REDUCE cov: 190 ft: 1147 corp: 457/42Kb exec/s: 28572 rss: 517Mb L: 99/2059 MS: 1 EraseBytes-
#25114173	REDUCE cov: 190 ft: 1147 corp: 457/42Kb exec/s: 28571 rss: 517Mb L: 94/2059 MS: 2 CopyPart-EraseBytes-
#25795031	REDUCE cov: 190 ft: 1147 corp: 457/42Kb exec/s: 28693 rss: 517Mb L: 39/2059 MS: 2 EraseBytes-CopyPart-
#25871245	REDUCE cov: 190 ft: 1147 corp: 457/42Kb exec/s: 28713 rss: 517Mb L: 89/2059 MS: 1 EraseBytes-
#26395117	REDUCE cov: 190 ft: 1147 corp: 457/42Kb exec/s: 28784 rss: 517Mb L: 88/2059 MS: 1 EraseBytes-
#26596546	REDUCE cov: 190 ft: 1147 corp: 457/42Kb exec/s: 28815 rss: 517Mb L: 85/2059 MS: 1 EraseBytes-
#26632832	REDUCE cov: 190 ft: 1147 corp: 457/42Kb exec/s: 28823 rss: 517Mb L: 465/2059 MS: 1 EraseBytes-
#27084106	REDUCE cov: 190 ft: 1147 corp: 457/42Kb exec/s: 28905 rss: 517Mb L: 524/2059 MS: 2 CopyPart-EraseBytes-
#27107336	REDUCE cov: 190 ft: 1147 corp: 457/42Kb exec/s: 28899 rss: 517Mb L: 30/2059 MS: 1 EraseBytes-
#27115937	REDUCE cov: 190 ft: 1147 corp: 457/42Kb exec/s: 28877 rss: 517Mb L: 450/2059 MS: 1 EraseBytes-
#27281104	REDUCE cov: 190 ft: 1147 corp: 457/42Kb exec/s: 28899 rss: 517Mb L: 38/2059 MS: 1 EraseBytes-
#28483401	REDUCE cov: 190 ft: 1147 corp: 457/42Kb exec/s: 29094 rss: 517Mb L: 29/2059 MS: 1 EraseBytes-
#28659272	REDUCE cov: 190 ft: 1147 corp: 457/42Kb exec/s: 29125 rss: 517Mb L: 447/2059 MS: 1 EraseBytes-
#28928953	REDUCE cov: 190 ft: 1147 corp: 457/42Kb exec/s: 29132 rss: 517Mb L: 444/2059 MS: 1 EraseBytes-
#28951860	REDUCE cov: 190 ft: 1147 corp: 457/42Kb exec/s: 29155 rss: 517Mb L: 435/2059 MS: 1 EraseBytes-
#28991279	REDUCE cov: 190 ft: 1147 corp: 457/42Kb exec/s: 29136 rss: 517Mb L: 429/2059 MS: 1 EraseBytes-
#29035379	REDUCE cov: 190 ft: 1147 corp: 457/42Kb exec/s: 29151 rss: 517Mb L: 413/2059 MS: 1 EraseBytes-
#29316120	REDUCE cov: 190 ft: 1147 corp: 457/42Kb exec/s: 29199 rss: 517Mb L: 83/2059 MS: 1 EraseBytes-
#29337143	REDUCE cov: 190 ft: 1147 corp: 457/42Kb exec/s: 29191 rss: 517Mb L: 404/2059 MS: 1 EraseBytes-
#29810829	REDUCE cov: 190 ft: 1147 corp: 457/42Kb exec/s: 29197 rss: 517Mb L: 400/2059 MS: 2 ShuffleBytes-EraseBytes-
#30620769	REDUCE cov: 190 ft: 1147 corp: 457/42Kb exec/s: 29274 rss: 517Mb L: 399/2059 MS: 1 EraseBytes-
#30634888	REDUCE cov: 190 ft: 1147 corp: 457/42Kb exec/s: 29259 rss: 517Mb L: 387/2059 MS: 1 EraseBytes-
#31012978	REDUCE cov: 190 ft: 1147 corp: 457/42Kb exec/s: 29312 rss: 517Mb L: 384/2059 MS: 1 EraseBytes-
#31219961	REDUCE cov: 190 ft: 1147 corp: 457/42Kb exec/s: 29342 rss: 517Mb L: 82/2059 MS: 1 EraseBytes-
#31220957	REDUCE cov: 190 ft: 1147 corp: 457/42Kb exec/s: 29343 rss: 517Mb L: 540/2059 MS: 1 EraseBytes-
#31320821	REDUCE cov: 190 ft: 1147 corp: 457/42Kb exec/s: 29354 rss: 517Mb L: 378/2059 MS: 1 EraseBytes-
#31937644	REDUCE cov: 190 ft: 1147 corp: 457/42Kb exec/s: 29408 rss: 517Mb L: 372/2059 MS: 1 EraseBytes-
#33466974	REDUCE cov: 190 ft: 1147 corp: 457/42Kb exec/s: 29564 rss: 517Mb L: 79/2059 MS: 1 EraseBytes-
#33554432	pulse  cov: 190 ft: 1147 corp: 457/42Kb exec/s: 29563 rss: 517Mb
#34662659	REDUCE cov: 190 ft: 1147 corp: 457/42Kb exec/s: 29651 rss: 517Mb L: 76/2059 MS: 1 EraseBytes-
#35048558	REDUCE cov: 190 ft: 1147 corp: 457/42Kb exec/s: 29677 rss: 517Mb L: 539/2059 MS: 1 EraseBytes-
#35096489	REDUCE cov: 190 ft: 1147 corp: 457/42Kb exec/s: 29692 rss: 517Mb L: 370/2059 MS: 1 EraseBytes-
#35683628	REDUCE cov: 190 ft: 1147 corp: 457/42Kb exec/s: 29761 rss: 517Mb L: 367/2059 MS: 1 EraseBytes-
#35763901	REDUCE cov: 190 ft: 1147 corp: 457/42Kb exec/s: 29753 rss: 517Mb L: 73/2059 MS: 1 EraseBytes-
#35879868	REDUCE cov: 190 ft: 1147 corp: 457/42Kb exec/s: 29775 rss: 517Mb L: 70/2059 MS: 1 EraseBytes-
#36048086	REDUCE cov: 190 ft: 1147 corp: 457/42Kb exec/s: 29767 rss: 517Mb L: 69/2059 MS: 1 EraseBytes-
#36834154	REDUCE cov: 190 ft: 1147 corp: 457/42Kb exec/s: 29825 rss: 517Mb L: 361/2059 MS: 2 ShuffleBytes-EraseBytes-
#36852075	REDUCE cov: 190 ft: 1147 corp: 457/42Kb exec/s: 29839 rss: 517Mb L: 353/2059 MS: 1 EraseBytes-
#37048133	REDUCE cov: 190 ft: 1147 corp: 457/42Kb exec/s: 29853 rss: 517Mb L: 350/2059 MS: 1 EraseBytes-
#37402272	REDUCE cov: 190 ft: 1147 corp: 457/42Kb exec/s: 29874 rss: 517Mb L: 347/2059 MS: 1 EraseBytes-
#37787094	REDUCE cov: 190 ft: 1147 corp: 457/42Kb exec/s: 29918 rss: 517Mb L: 345/2059 MS: 1 EraseBytes-
#38074201	REDUCE cov: 190 ft: 1147 corp: 457/42Kb exec/s: 29932 rss: 517Mb L: 337/2059 MS: 3 CopyPart-ChangeBinInt-EraseBytes-
#38764528	REDUCE cov: 190 ft: 1147 corp: 457/42Kb exec/s: 29980 rss: 517Mb L: 331/2059 MS: 1 EraseBytes-
#39682748	REDUCE cov: 190 ft: 1147 corp: 457/42Kb exec/s: 30039 rss: 517Mb L: 67/2059 MS: 1 EraseBytes-
#39799665	REDUCE cov: 190 ft: 1147 corp: 457/42Kb exec/s: 30060 rss: 517Mb L: 328/2059 MS: 1 EraseBytes-
#40580813	REDUCE cov: 190 ft: 1147 corp: 457/42Kb exec/s: 30104 rss: 517Mb L: 65/2059 MS: 1 EraseBytes-
#41010192	REDUCE cov: 190 ft: 1147 corp: 457/42Kb exec/s: 30132 rss: 517Mb L: 64/2059 MS: 1 EraseBytes-
#41360815	REDUCE cov: 190 ft: 1147 corp: 457/42Kb exec/s: 30146 rss: 517Mb L: 326/2059 MS: 1 EraseBytes-
#41403383	REDUCE cov: 190 ft: 1147 corp: 457/42Kb exec/s: 30155 rss: 517Mb L: 323/2059 MS: 1 EraseBytes-
#41470196	REDUCE cov: 190 ft: 1147 corp: 457/42Kb exec/s: 30160 rss: 517Mb L: 63/2059 MS: 1 EraseBytes-
#41994399	REDUCE cov: 190 ft: 1147 corp: 457/42Kb exec/s: 30190 rss: 517Mb L: 742/2059 MS: 2 ChangeASCIIInt-EraseBytes-
#41995340	REDUCE cov: 190 ft: 1147 corp: 457/42Kb exec/s: 30190 rss: 517Mb L: 319/2059 MS: 1 EraseBytes-
#42332187	REDUCE cov: 190 ft: 1147 corp: 457/42Kb exec/s: 30215 rss: 517Mb L: 318/2059 MS: 1 EraseBytes-
#43195901	REDUCE cov: 190 ft: 1147 corp: 457/42Kb exec/s: 30249 rss: 517Mb L: 309/2059 MS: 1 EraseBytes-
#45233011	REDUCE cov: 190 ft: 1147 corp: 457/42Kb exec/s: 30378 rss: 517Mb L: 37/2059 MS: 1 EraseBytes-
#45605518	REDUCE cov: 190 ft: 1147 corp: 457/42Kb exec/s: 30403 rss: 517Mb L: 62/2059 MS: 1 EraseBytes-
#45803317	REDUCE cov: 190 ft: 1147 corp: 457/42Kb exec/s: 30413 rss: 517Mb L: 307/2059 MS: 1 EraseBytes-
#47115452	REDUCE cov: 190 ft: 1147 corp: 457/42Kb exec/s: 30475 rss: 517Mb L: 305/2059 MS: 1 EraseBytes-
#47164715	REDUCE cov: 190 ft: 1147 corp: 457/42Kb exec/s: 30487 rss: 517Mb L: 741/2059 MS: 1 EraseBytes-
#47979399	REDUCE cov: 190 ft: 1147 corp: 457/42Kb exec/s: 30521 rss: 517Mb L: 303/2059 MS: 2 ShuffleBytes-EraseBytes-
#48091079	REDUCE cov: 190 ft: 1147 corp: 457/42Kb exec/s: 30534 rss: 517Mb L: 61/2059 MS: 1 EraseBytes-
#48328838	REDUCE cov: 190 ft: 1147 corp: 457/42Kb exec/s: 30529 rss: 517Mb L: 299/2059 MS: 1 EraseBytes-
#48507098	REDUCE cov: 190 ft: 1147 corp: 457/42Kb exec/s: 30546 rss: 517Mb L: 296/2059 MS: 1 EraseBytes-
#49382322	REDUCE cov: 190 ft: 1147 corp: 457/42Kb exec/s: 30577 rss: 517Mb L: 60/2059 MS: 1 EraseBytes-
#49492942	REDUCE cov: 190 ft: 1147 corp: 457/42Kb exec/s: 30570 rss: 517Mb L: 293/2059 MS: 1 EraseBytes-
#49776367	REDUCE cov: 190 ft: 1147 corp: 457/42Kb exec/s: 30593 rss: 517Mb L: 287/2059 MS: 1 EraseBytes-
#50609609	REDUCE cov: 190 ft: 1147 corp: 457/42Kb exec/s: 30616 rss: 517Mb L: 170/2059 MS: 1 EraseBytes-
#51281827	REDUCE cov: 190 ft: 1147 corp: 457/42Kb exec/s: 30652 rss: 517Mb L: 285/2059 MS: 1 EraseBytes-
#51396340	REDUCE cov: 190 ft: 1147 corp: 457/42Kb exec/s: 30647 rss: 517Mb L: 538/2059 MS: 1 EraseBytes-
#52577458	REDUCE cov: 190 ft: 1147 corp: 457/42Kb exec/s: 30693 rss: 517Mb L: 275/2059 MS: 1 EraseBytes-
#53977666	REDUCE cov: 190 ft: 1147 corp: 457/42Kb exec/s: 30738 rss: 517Mb L: 274/2059 MS: 2 ShuffleBytes-EraseBytes-
#54790015	REDUCE cov: 190 ft: 1147 corp: 457/42Kb exec/s: 30763 rss: 517Mb L: 269/2059 MS: 1 EraseBytes-
#54838462	REDUCE cov: 190 ft: 1147 corp: 457/42Kb exec/s: 30773 rss: 517Mb L: 266/2059 MS: 1 EraseBytes-
#56322377	REDUCE cov: 190 ft: 1147 corp: 457/42Kb exec/s: 30760 rss: 517Mb L: 168/2059 MS: 2 CopyPart-EraseBytes-
#56433494	REDUCE cov: 190 ft: 1147 corp: 457/42Kb exec/s: 30770 rss: 517Mb L: 257/2059 MS: 1 EraseBytes-
#56488841	REDUCE cov: 190 ft: 1147 corp: 457/42Kb exec/s: 30767 rss: 517Mb L: 255/2059 MS: 1 EraseBytes-
#56663339	REDUCE cov: 190 ft: 1147 corp: 457/42Kb exec/s: 30761 rss: 517Mb L: 254/2059 MS: 1 EraseBytes-
#56763617	REDUCE cov: 190 ft: 1147 corp: 457/42Kb exec/s: 30766 rss: 517Mb L: 252/2059 MS: 1 EraseBytes-
#57027581	REDUCE cov: 190 ft: 1147 corp: 457/42Kb exec/s: 30759 rss: 517Mb L: 166/2059 MS: 2 ShuffleBytes-EraseBytes-
#57539628	REDUCE cov: 190 ft: 1147 corp: 457/42Kb exec/s: 30736 rss: 517Mb L: 740/2059 MS: 1 EraseBytes-
#58118233	REDUCE cov: 190 ft: 1147 corp: 457/42Kb exec/s: 30701 rss: 517Mb L: 165/2059 MS: 1 EraseBytes-
#58331611	REDUCE cov: 190 ft: 1147 corp: 457/42Kb exec/s: 30700 rss: 517Mb L: 739/2059 MS: 1 EraseBytes-
#58671662	REDUCE cov: 190 ft: 1147 corp: 457/42Kb exec/s: 30686 rss: 517Mb L: 249/2059 MS: 1 EraseBytes-
#58919251	REDUCE cov: 190 ft: 1147 corp: 457/42Kb exec/s: 30671 rss: 517Mb L: 133/2059 MS: 2 ShuffleBytes-EraseBytes-
#59349849	REDUCE cov: 190 ft: 1147 corp: 457/42Kb exec/s: 30655 rss: 517Mb L: 244/2059 MS: 1 EraseBytes-
#60887340	REDUCE cov: 190 ft: 1147 corp: 457/42Kb exec/s: 30596 rss: 517Mb L: 242/2059 MS: 1 EraseBytes-
#60977843	REDUCE cov: 190 ft: 1147 corp: 457/42Kb exec/s: 30596 rss: 517Mb L: 59/2059 MS: 1 EraseBytes-
#61741043	REDUCE cov: 190 ft: 1147 corp: 457/42Kb exec/s: 30580 rss: 517Mb L: 164/2059 MS: 1 EraseBytes-
#62916768	REDUCE cov: 190 ft: 1147 corp: 457/42Kb exec/s: 30556 rss: 517Mb L: 238/2059 MS: 1 EraseBytes-
#63530903	REDUCE cov: 190 ft: 1147 corp: 457/42Kb exec/s: 30558 rss: 517Mb L: 233/2059 MS: 1 EraseBytes-
#64623857	REDUCE cov: 190 ft: 1147 corp: 457/42Kb exec/s: 30583 rss: 517Mb L: 230/2059 MS: 4 EraseBytes-CopyPart-CrossOver-EraseBytes-
#64747303	REDUCE cov: 190 ft: 1147 corp: 457/42Kb exec/s: 30584 rss: 517Mb L: 229/2059 MS: 1 EraseBytes-
#66403402	REDUCE cov: 190 ft: 1147 corp: 457/42Kb exec/s: 30628 rss: 517Mb L: 224/2059 MS: 1 EraseBytes-
#66651289	REDUCE cov: 190 ft: 1147 corp: 457/42Kb exec/s: 30630 rss: 517Mb L: 217/2059 MS: 3 CopyPart-CopyPart-EraseBytes-
#67108864	pulse  cov: 190 ft: 1147 corp: 457/42Kb exec/s: 30643 rss: 517Mb
#67428646	REDUCE cov: 190 ft: 1147 corp: 457/42Kb exec/s: 30663 rss: 517Mb L: 214/2059 MS: 1 EraseBytes-
#67430148	REDUCE cov: 190 ft: 1147 corp: 457/42Kb exec/s: 30650 rss: 517Mb L: 211/2059 MS: 2 ChangeASCIIInt-EraseBytes-
#67742975	REDUCE cov: 190 ft: 1147 corp: 457/42Kb exec/s: 30666 rss: 517Mb L: 208/2059 MS: 2 EraseBytes-CopyPart-
#68289425	REDUCE cov: 190 ft: 1147 corp: 457/42Kb exec/s: 30678 rss: 517Mb L: 537/2059 MS: 1 EraseBytes-
#70211386	REDUCE cov: 190 ft: 1147 corp: 457/42Kb exec/s: 30727 rss: 517Mb L: 202/2059 MS: 1 EraseBytes-
#70528384	REDUCE cov: 190 ft: 1147 corp: 457/42Kb exec/s: 30717 rss: 517Mb L: 197/2059 MS: 1 EraseBytes-
#70533775	REDUCE cov: 190 ft: 1147 corp: 457/42Kb exec/s: 30720 rss: 517Mb L: 58/2059 MS: 1 EraseBytes-
#70631073	REDUCE cov: 190 ft: 1147 corp: 457/42Kb exec/s: 30722 rss: 517Mb L: 196/2059 MS: 1 EraseBytes-
#70848084	REDUCE cov: 190 ft: 1147 corp: 457/42Kb exec/s: 30723 rss: 517Mb L: 194/2059 MS: 1 EraseBytes-
#72260335	REDUCE cov: 190 ft: 1147 corp: 457/42Kb exec/s: 30762 rss: 517Mb L: 190/2059 MS: 1 EraseBytes-
#72634490	REDUCE cov: 190 ft: 1147 corp: 457/42Kb exec/s: 30777 rss: 517Mb L: 523/2059 MS: 1 EraseBytes-
#73498978	REDUCE cov: 190 ft: 1147 corp: 457/42Kb exec/s: 30791 rss: 517Mb L: 57/2059 MS: 1 EraseBytes-
#73713686	REDUCE cov: 190 ft: 1147 corp: 457/42Kb exec/s: 30803 rss: 517Mb L: 189/2059 MS: 1 EraseBytes-
#74835725	REDUCE cov: 190 ft: 1147 corp: 457/42Kb exec/s: 30821 rss: 517Mb L: 163/2059 MS: 2 EraseBytes-CopyPart-
#75501993	REDUCE cov: 190 ft: 1147 corp: 457/42Kb exec/s: 30829 rss: 517Mb L: 185/2059 MS: 1 EraseBytes-
#78076303	REDUCE cov: 190 ft: 1147 corp: 457/42Kb exec/s: 30872 rss: 517Mb L: 182/2059 MS: 1 EraseBytes-
#78131452	REDUCE cov: 190 ft: 1147 corp: 457/42Kb exec/s: 30869 rss: 517Mb L: 180/2059 MS: 1 EraseBytes-
#79497402	REDUCE cov: 190 ft: 1147 corp: 457/42Kb exec/s: 30896 rss: 517Mb L: 159/2059 MS: 1 EraseBytes-
#80511800	REDUCE cov: 190 ft: 1147 corp: 457/42Kb exec/s: 30918 rss: 517Mb L: 56/2059 MS: 1 EraseBytes-
#80915542	REDUCE cov: 190 ft: 1147 corp: 457/42Kb exec/s: 30919 rss: 517Mb L: 738/2059 MS: 1 EraseBytes-
#81944232	REDUCE cov: 190 ft: 1147 corp: 457/42Kb exec/s: 30934 rss: 517Mb L: 177/2059 MS: 1 EraseBytes-
#82024220	REDUCE cov: 190 ft: 1147 corp: 457/42Kb exec/s: 30940 rss: 517Mb L: 176/2059 MS: 1 EraseBytes-
#83362610	REDUCE cov: 190 ft: 1147 corp: 457/42Kb exec/s: 30966 rss: 517Mb L: 167/2059 MS: 1 EraseBytes-
#83806727	REDUCE cov: 190 ft: 1147 corp: 457/42Kb exec/s: 30970 rss: 517Mb L: 158/2059 MS: 3 ChangeASCIIInt-EraseBytes-CopyPart-
#84751114	REDUCE cov: 190 ft: 1147 corp: 457/42Kb exec/s: 30987 rss: 517Mb L: 737/2059 MS: 1 EraseBytes-
#85330463	REDUCE cov: 190 ft: 1147 corp: 457/41Kb exec/s: 30995 rss: 517Mb L: 1219/2059 MS: 3 EraseBytes-CrossOver-EraseBytes-
#85348184	REDUCE cov: 190 ft: 1147 corp: 457/41Kb exec/s: 30990 rss: 517Mb L: 1098/2059 MS: 1 EraseBytes-
#85355955	REDUCE cov: 190 ft: 1147 corp: 457/41Kb exec/s: 30993 rss: 517Mb L: 1056/2059 MS: 1 EraseBytes-
#85691208	REDUCE cov: 190 ft: 1147 corp: 457/41Kb exec/s: 31002 rss: 517Mb L: 166/2059 MS: 1 EraseBytes-
#86054691	REDUCE cov: 190 ft: 1147 corp: 457/41Kb exec/s: 30999 rss: 517Mb L: 164/2059 MS: 1 EraseBytes-
#86155374	REDUCE cov: 190 ft: 1147 corp: 457/41Kb exec/s: 31002 rss: 517Mb L: 162/2059 MS: 1 EraseBytes-
#86315131	REDUCE cov: 190 ft: 1147 corp: 457/41Kb exec/s: 31003 rss: 517Mb L: 970/2059 MS: 2 EraseBytes-CopyPart-
#86395890	REDUCE cov: 190 ft: 1147 corp: 457/41Kb exec/s: 31010 rss: 517Mb L: 931/2059 MS: 2 ChangeBit-EraseBytes-
#86402439	REDUCE cov: 190 ft: 1147 corp: 457/41Kb exec/s: 31001 rss: 517Mb L: 897/2059 MS: 2 CMP-EraseBytes- DE: "Z\x00"-
#86625021	REDUCE cov: 190 ft: 1147 corp: 457/41Kb exec/s: 31003 rss: 517Mb L: 891/2059 MS: 1 EraseBytes-
#86862663	REDUCE cov: 190 ft: 1147 corp: 457/41Kb exec/s: 31011 rss: 517Mb L: 888/2059 MS: 2 ChangeASCIIInt-EraseBytes-
#87156617	REDUCE cov: 190 ft: 1147 corp: 457/41Kb exec/s: 31016 rss: 517Mb L: 156/2059 MS: 1 EraseBytes-
#87442703	REDUCE cov: 190 ft: 1147 corp: 457/41Kb exec/s: 31008 rss: 517Mb L: 859/2059 MS: 2 CopyPart-EraseBytes-
#87721680	REDUCE cov: 190 ft: 1147 corp: 457/41Kb exec/s: 31008 rss: 517Mb L: 847/2059 MS: 1 EraseBytes-
#89295715	REDUCE cov: 190 ft: 1147 corp: 457/41Kb exec/s: 31027 rss: 517Mb L: 154/2059 MS: 1 EraseBytes-
#89548463	REDUCE cov: 190 ft: 1147 corp: 457/41Kb exec/s: 31028 rss: 517Mb L: 153/2059 MS: 1 EraseBytes-
#89654168	REDUCE cov: 190 ft: 1147 corp: 457/41Kb exec/s: 31022 rss: 517Mb L: 736/2059 MS: 1 EraseBytes-
#89685161	REDUCE cov: 190 ft: 1147 corp: 457/41Kb exec/s: 31022 rss: 517Mb L: 152/2059 MS: 1 EraseBytes-
#90544770	REDUCE cov: 190 ft: 1147 corp: 457/41Kb exec/s: 31040 rss: 517Mb L: 148/2059 MS: 1 EraseBytes-
#91800894	REDUCE cov: 190 ft: 1147 corp: 457/41Kb exec/s: 31055 rss: 517Mb L: 154/2059 MS: 1 EraseBytes-
#92225265	REDUCE cov: 190 ft: 1147 corp: 457/41Kb exec/s: 31062 rss: 517Mb L: 55/2059 MS: 1 EraseBytes-
#92563512	REDUCE cov: 190 ft: 1147 corp: 457/41Kb exec/s: 31072 rss: 517Mb L: 147/2059 MS: 1 EraseBytes-
#93100645	REDUCE cov: 190 ft: 1147 corp: 457/41Kb exec/s: 31074 rss: 517Mb L: 152/2059 MS: 2 EraseBytes-CopyPart-
#93936081	REDUCE cov: 190 ft: 1147 corp: 457/41Kb exec/s: 31084 rss: 517Mb L: 54/2059 MS: 1 EraseBytes-
#96057290	REDUCE cov: 190 ft: 1147 corp: 457/41Kb exec/s: 31116 rss: 517Mb L: 146/2059 MS: 1 EraseBytes-
#96148769	REDUCE cov: 190 ft: 1147 corp: 457/41Kb exec/s: 31116 rss: 517Mb L: 845/2059 MS: 1 EraseBytes-
#96194841	REDUCE cov: 190 ft: 1147 corp: 457/41Kb exec/s: 31110 rss: 517Mb L: 149/2059 MS: 1 EraseBytes-
#96851088	REDUCE cov: 190 ft: 1147 corp: 457/41Kb exec/s: 31111 rss: 517Mb L: 145/2059 MS: 1 EraseBytes-
#97941343	REDUCE cov: 190 ft: 1147 corp: 457/41Kb exec/s: 31132 rss: 517Mb L: 144/2059 MS: 1 EraseBytes-
#101133007	REDUCE cov: 190 ft: 1147 corp: 457/41Kb exec/s: 31156 rss: 517Mb L: 841/2059 MS: 1 EraseBytes-
#101478626	REDUCE cov: 190 ft: 1147 corp: 457/41Kb exec/s: 31157 rss: 517Mb L: 148/2059 MS: 1 EraseBytes-
#102358701	REDUCE cov: 190 ft: 1147 corp: 457/41Kb exec/s: 31168 rss: 517Mb L: 141/2059 MS: 1 EraseBytes-
#103559673	REDUCE cov: 190 ft: 1147 corp: 457/41Kb exec/s: 31183 rss: 517Mb L: 139/2059 MS: 2 ChangeASCIIInt-EraseBytes-
#103723291	REDUCE cov: 190 ft: 1147 corp: 457/41Kb exec/s: 31185 rss: 517Mb L: 815/2059 MS: 4 EraseBytes-ChangeASCIIInt-CMP-CopyPart- DE: "merge_control_file"-
#103750823	REDUCE cov: 190 ft: 1147 corp: 457/41Kb exec/s: 31184 rss: 517Mb L: 810/2059 MS: 1 EraseBytes-
#103750974	REDUCE cov: 190 ft: 1147 corp: 457/41Kb exec/s: 31184 rss: 517Mb L: 136/2059 MS: 1 EraseBytes-
#104033381	REDUCE cov: 190 ft: 1147 corp: 457/41Kb exec/s: 31185 rss: 517Mb L: 787/2059 MS: 3 ChangeASCIIInt-CopyPart-EraseBytes-
#104381917	REDUCE cov: 190 ft: 1147 corp: 457/41Kb exec/s: 31186 rss: 517Mb L: 135/2059 MS: 1 EraseBytes-
#105482532	REDUCE cov: 190 ft: 1147 corp: 457/41Kb exec/s: 31198 rss: 517Mb L: 783/2059 MS: 1 EraseBytes-
#105591696	REDUCE cov: 190 ft: 1147 corp: 457/41Kb exec/s: 31194 rss: 517Mb L: 781/2059 MS: 1 EraseBytes-
#105769323	REDUCE cov: 190 ft: 1147 corp: 457/41Kb exec/s: 31200 rss: 517Mb L: 777/2059 MS: 1 EraseBytes-
#109770707	REDUCE cov: 190 ft: 1147 corp: 457/41Kb exec/s: 31238 rss: 517Mb L: 132/2059 MS: 1 EraseBytes-
#109875404	REDUCE cov: 190 ft: 1147 corp: 457/41Kb exec/s: 31241 rss: 517Mb L: 131/2059 MS: 1 EraseBytes-
#110723754	REDUCE cov: 190 ft: 1147 corp: 457/41Kb exec/s: 31251 rss: 517Mb L: 763/2059 MS: 3 CopyPart-CopyPart-EraseBytes-
#110867316	REDUCE cov: 190 ft: 1147 corp: 457/41Kb exec/s: 31247 rss: 517Mb L: 748/2059 MS: 1 EraseBytes-
#111575720	REDUCE cov: 190 ft: 1147 corp: 457/41Kb exec/s: 31262 rss: 517Mb L: 747/2059 MS: 1 EraseBytes-
#112140624	REDUCE cov: 190 ft: 1147 corp: 457/41Kb exec/s: 31263 rss: 517Mb L: 128/2059 MS: 1 EraseBytes-
#112268057	REDUCE cov: 190 ft: 1147 corp: 457/41Kb exec/s: 31263 rss: 517Mb L: 734/2059 MS: 2 CopyPart-EraseBytes-
#113335089	REDUCE cov: 190 ft: 1147 corp: 457/41Kb exec/s: 31264 rss: 517Mb L: 730/2059 MS: 1 EraseBytes-
#113568967	REDUCE cov: 190 ft: 1147 corp: 457/41Kb exec/s: 31268 rss: 517Mb L: 726/2059 MS: 1 EraseBytes-
#113886067	REDUCE cov: 190 ft: 1147 corp: 457/41Kb exec/s: 31270 rss: 517Mb L: 127/2059 MS: 1 EraseBytes-
#116365161	REDUCE cov: 190 ft: 1147 corp: 457/41Kb exec/s: 31172 rss: 517Mb L: 146/2059 MS: 1 EraseBytes-
#116514581	REDUCE cov: 190 ft: 1147 corp: 457/41Kb exec/s: 31170 rss: 517Mb L: 124/2059 MS: 1 EraseBytes-
#117228723	REDUCE cov: 190 ft: 1147 corp: 457/41Kb exec/s: 31161 rss: 517Mb L: 731/2059 MS: 2 CopyPart-EraseBytes-
#118056668	REDUCE cov: 190 ft: 1147 corp: 457/41Kb exec/s: 31141 rss: 517Mb L: 123/2059 MS: 1 EraseBytes-
#118435906	REDUCE cov: 190 ft: 1147 corp: 457/41Kb exec/s: 31134 rss: 517Mb L: 723/2059 MS: 1 EraseBytes-
#120101501	REDUCE cov: 190 ft: 1147 corp: 457/41Kb exec/s: 31130 rss: 517Mb L: 122/2059 MS: 1 EraseBytes-
#121150105	REDUCE cov: 190 ft: 1147 corp: 457/41Kb exec/s: 31111 rss: 517Mb L: 711/2059 MS: 1 EraseBytes-
#124367524	REDUCE cov: 190 ft: 1147 corp: 457/41Kb exec/s: 31130 rss: 517Mb L: 121/2059 MS: 1 EraseBytes-
#126270435	REDUCE cov: 190 ft: 1147 corp: 457/41Kb exec/s: 31154 rss: 517Mb L: 120/2059 MS: 1 EraseBytes-
#126568532	REDUCE cov: 190 ft: 1147 corp: 457/41Kb exec/s: 31151 rss: 517Mb L: 730/2059 MS: 1 EraseBytes-
#126683629	REDUCE cov: 190 ft: 1147 corp: 457/41Kb exec/s: 31156 rss: 517Mb L: 729/2059 MS: 1 EraseBytes-
#128392717	REDUCE cov: 190 ft: 1147 corp: 457/41Kb exec/s: 31170 rss: 517Mb L: 119/2059 MS: 1 EraseBytes-
#131452238	REDUCE cov: 190 ft: 1147 corp: 457/41Kb exec/s: 31201 rss: 517Mb L: 709/2059 MS: 2 CopyPart-EraseBytes-
#131540301	REDUCE cov: 190 ft: 1147 corp: 457/41Kb exec/s: 31200 rss: 517Mb L: 116/2059 MS: 1 EraseBytes-
#131564353	REDUCE cov: 190 ft: 1147 corp: 457/41Kb exec/s: 31198 rss: 517Mb L: 702/2059 MS: 1 EraseBytes-
#134217728	pulse  cov: 190 ft: 1147 corp: 457/41Kb exec/s: 31220 rss: 517Mb
#137998231	REDUCE cov: 190 ft: 1147 corp: 457/41Kb exec/s: 31249 rss: 517Mb L: 115/2059 MS: 1 EraseBytes-
#139395377	REDUCE cov: 190 ft: 1147 corp: 457/41Kb exec/s: 31254 rss: 517Mb L: 113/2059 MS: 3 ChangeASCIIInt-ChangeASCIIInt-EraseBytes-
#141086983	REDUCE cov: 190 ft: 1147 corp: 457/41Kb exec/s: 31262 rss: 517Mb L: 53/2059 MS: 1 EraseBytes-
#145559543	REDUCE cov: 190 ft: 1147 corp: 457/41Kb exec/s: 31296 rss: 517Mb L: 112/2059 MS: 1 EraseBytes-
#147506848	REDUCE cov: 190 ft: 1147 corp: 457/41Kb exec/s: 31311 rss: 517Mb L: 728/2059 MS: 1 EraseBytes-
#148204763	REDUCE cov: 190 ft: 1147 corp: 457/41Kb exec/s: 31319 rss: 517Mb L: 143/2059 MS: 3 ChangeASCIIInt-CopyPart-EraseBytes-
#148547545	REDUCE cov: 190 ft: 1147 corp: 457/41Kb exec/s: 31319 rss: 517Mb L: 727/2059 MS: 1 EraseBytes-
#151293525	REDUCE cov: 190 ft: 1147 corp: 457/41Kb exec/s: 31336 rss: 517Mb L: 111/2059 MS: 1 EraseBytes-
#153311178	REDUCE cov: 190 ft: 1147 corp: 457/41Kb exec/s: 31351 rss: 517Mb L: 726/2059 MS: 1 EraseBytes-
#153657108	REDUCE cov: 190 ft: 1147 corp: 457/41Kb exec/s: 31352 rss: 517Mb L: 110/2059 MS: 1 EraseBytes-
#153859090	REDUCE cov: 190 ft: 1147 corp: 457/41Kb exec/s: 31355 rss: 517Mb L: 725/2059 MS: 1 EraseBytes-
#155920357	REDUCE cov: 190 ft: 1147 corp: 457/41Kb exec/s: 31372 rss: 517Mb L: 700/2059 MS: 2 InsertByte-EraseBytes-
#157526760	REDUCE cov: 190 ft: 1147 corp: 457/41Kb exec/s: 31379 rss: 517Mb L: 141/2059 MS: 1 EraseBytes-
#158873521	REDUCE cov: 190 ft: 1147 corp: 457/41Kb exec/s: 31385 rss: 517Mb L: 696/2059 MS: 1 EraseBytes-
#158982185	REDUCE cov: 190 ft: 1147 corp: 457/41Kb exec/s: 31388 rss: 517Mb L: 692/2059 MS: 1 EraseBytes-
#160859408	REDUCE cov: 190 ft: 1147 corp: 457/41Kb exec/s: 31393 rss: 517Mb L: 690/2059 MS: 1 EraseBytes-
#160866804	REDUCE cov: 190 ft: 1147 corp: 457/41Kb exec/s: 31394 rss: 517Mb L: 533/2059 MS: 3 CopyPart-ChangeASCIIInt-EraseBytes-
#163001739	REDUCE cov: 190 ft: 1147 corp: 457/41Kb exec/s: 31400 rss: 517Mb L: 140/2059 MS: 2 ChangeASCIIInt-EraseBytes-
#163726341	REDUCE cov: 190 ft: 1147 corp: 457/41Kb exec/s: 31407 rss: 517Mb L: 689/2059 MS: 1 EraseBytes-
#165714028	REDUCE cov: 190 ft: 1147 corp: 457/41Kb exec/s: 31420 rss: 517Mb L: 688/2059 MS: 1 EraseBytes-
#171061215	REDUCE cov: 190 ft: 1147 corp: 457/41Kb exec/s: 31433 rss: 517Mb L: 685/2059 MS: 1 EraseBytes-
#171825960	REDUCE cov: 190 ft: 1147 corp: 457/41Kb exec/s: 31423 rss: 517Mb L: 724/2059 MS: 1 EraseBytes-
#172488364	REDUCE cov: 190 ft: 1147 corp: 457/41Kb exec/s: 31412 rss: 517Mb L: 649/2059 MS: 1 EraseBytes-
#172805225	REDUCE cov: 190 ft: 1147 corp: 457/41Kb exec/s: 31402 rss: 517Mb L: 109/2059 MS: 1 EraseBytes-
#173609475	REDUCE cov: 190 ft: 1147 corp: 457/41Kb exec/s: 31371 rss: 517Mb L: 681/2059 MS: 1 EraseBytes-
#175227112	REDUCE cov: 190 ft: 1147 corp: 457/41Kb exec/s: 31352 rss: 517Mb L: 723/2059 MS: 1 EraseBytes-
#175456686	REDUCE cov: 190 ft: 1147 corp: 457/41Kb exec/s: 31348 rss: 517Mb L: 108/2059 MS: 2 CopyPart-EraseBytes-
#176268554	REDUCE cov: 190 ft: 1147 corp: 457/41Kb exec/s: 31331 rss: 517Mb L: 35/2059 MS: 2 EraseBytes-CopyPart-
#176326067	REDUCE cov: 190 ft: 1147 corp: 457/41Kb exec/s: 31330 rss: 517Mb L: 34/2059 MS: 2 ShuffleBytes-EraseBytes-
#176786416	REDUCE cov: 190 ft: 1147 corp: 457/41Kb exec/s: 31328 rss: 517Mb L: 783/2059 MS: 2 CopyPart-EraseBytes-
#177192967	REDUCE cov: 190 ft: 1147 corp: 457/41Kb exec/s: 31322 rss: 517Mb L: 33/2059 MS: 1 EraseBytes-
#180244837	REDUCE cov: 190 ft: 1147 corp: 457/41Kb exec/s: 31319 rss: 517Mb L: 722/2059 MS: 1 EraseBytes-
#184590537	REDUCE cov: 190 ft: 1147 corp: 457/41Kb exec/s: 31355 rss: 517Mb L: 107/2059 MS: 3 ChangeASCIIInt-CopyPart-EraseBytes-
#185007295	REDUCE cov: 190 ft: 1147 corp: 457/41Kb exec/s: 31357 rss: 517Mb L: 721/2059 MS: 2 ShuffleBytes-EraseBytes-
#185114449	REDUCE cov: 190 ft: 1147 corp: 457/41Kb exec/s: 31359 rss: 517Mb L: 32/2059 MS: 1 EraseBytes-
#186784545	REDUCE cov: 190 ft: 1147 corp: 457/41Kb exec/s: 31371 rss: 517Mb L: 680/2059 MS: 1 EraseBytes-
#188039084	REDUCE cov: 190 ft: 1147 corp: 457/41Kb exec/s: 31376 rss: 517Mb L: 677/2059 MS: 1 EraseBytes-
#189411509	REDUCE cov: 190 ft: 1147 corp: 457/41Kb exec/s: 31385 rss: 517Mb L: 673/2059 MS: 1 EraseBytes-
#191353736	REDUCE cov: 190 ft: 1147 corp: 457/41Kb exec/s: 31400 rss: 517Mb L: 720/2059 MS: 2 ChangeASCIIInt-EraseBytes-
#193093605	REDUCE cov: 190 ft: 1147 corp: 457/41Kb exec/s: 31407 rss: 517Mb L: 719/2059 MS: 1 EraseBytes-
#193335378	REDUCE cov: 190 ft: 1147 corp: 457/41Kb exec/s: 31406 rss: 517Mb L: 532/2059 MS: 1 EraseBytes-
#193853986	REDUCE cov: 190 ft: 1147 corp: 457/41Kb exec/s: 31413 rss: 517Mb L: 31/2059 MS: 2 ChangeBinInt-EraseBytes-
#195280557	REDUCE cov: 190 ft: 1147 corp: 457/41Kb exec/s: 31420 rss: 517Mb L: 718/2059 MS: 1 EraseBytes-
#196014161	REDUCE cov: 190 ft: 1147 corp: 457/41Kb exec/s: 31427 rss: 517Mb L: 672/2059 MS: 2 CopyPart-EraseBytes-
#196049558	REDUCE cov: 190 ft: 1147 corp: 457/41Kb exec/s: 31428 rss: 517Mb L: 670/2059 MS: 1 EraseBytes-
#199892792	REDUCE cov: 190 ft: 1147 corp: 457/41Kb exec/s: 31449 rss: 517Mb L: 136/2059 MS: 2 InsertByte-EraseBytes-
#200155359	REDUCE cov: 190 ft: 1147 corp: 457/41Kb exec/s: 31446 rss: 517Mb L: 669/2059 MS: 1 EraseBytes-
#202847011	REDUCE cov: 190 ft: 1147 corp: 457/41Kb exec/s: 31454 rss: 517Mb L: 106/2059 MS: 1 EraseBytes-
#205471656	REDUCE cov: 190 ft: 1147 corp: 457/41Kb exec/s: 31465 rss: 517Mb L: 717/2059 MS: 1 EraseBytes-
#206532385	REDUCE cov: 190 ft: 1147 corp: 457/41Kb exec/s: 31473 rss: 517Mb L: 135/2059 MS: 1 EraseBytes-
#207553429	REDUCE cov: 190 ft: 1147 corp: 457/41Kb exec/s: 31476 rss: 517Mb L: 666/2059 MS: 1 EraseBytes-
#209928858	REDUCE cov: 190 ft: 1147 corp: 457/41Kb exec/s: 31487 rss: 517Mb L: 665/2059 MS: 3 CopyPart-ChangeBit-EraseBytes-
#210144166	REDUCE cov: 190 ft: 1147 corp: 457/41Kb exec/s: 31486 rss: 517Mb L: 658/2059 MS: 2 CopyPart-EraseBytes-
#210942661	REDUCE cov: 190 ft: 1147 corp: 457/41Kb exec/s: 31488 rss: 517Mb L: 654/2059 MS: 1 EraseBytes-
#211611672	REDUCE cov: 190 ft: 1147 corp: 457/41Kb exec/s: 31494 rss: 517Mb L: 647/2059 MS: 2 CopyPart-EraseBytes-
#212414864	REDUCE cov: 190 ft: 1147 corp: 457/41Kb exec/s: 31496 rss: 517Mb L: 128/2059 MS: 2 CopyPart-EraseBytes-
#212467752	REDUCE cov: 190 ft: 1147 corp: 457/41Kb exec/s: 31500 rss: 517Mb L: 642/2059 MS: 1 EraseBytes-
#213424723	REDUCE cov: 190 ft: 1147 corp: 457/41Kb exec/s: 31501 rss: 517Mb L: 127/2059 MS: 1 EraseBytes-
#216596296	REDUCE cov: 190 ft: 1147 corp: 457/41Kb exec/s: 31518 rss: 517Mb L: 125/2059 MS: 1 EraseBytes-
#217877269	REDUCE cov: 190 ft: 1147 corp: 457/41Kb exec/s: 31521 rss: 517Mb L: 122/2059 MS: 1 EraseBytes-
#218875802	REDUCE cov: 190 ft: 1147 corp: 457/41Kb exec/s: 31529 rss: 517Mb L: 531/2059 MS: 1 EraseBytes-
#218994725	REDUCE cov: 190 ft: 1147 corp: 457/41Kb exec/s: 31528 rss: 517Mb L: 120/2059 MS: 1 EraseBytes-
#219709960	REDUCE cov: 190 ft: 1147 corp: 457/41Kb exec/s: 31531 rss: 517Mb L: 118/2059 MS: 1 EraseBytes-
#220829802	REDUCE cov: 190 ft: 1147 corp: 457/41Kb exec/s: 31533 rss: 517Mb L: 635/2059 MS: 2 EraseBytes-CopyPart-
#221356538	REDUCE cov: 190 ft: 1147 corp: 457/41Kb exec/s: 31536 rss: 517Mb L: 117/2059 MS: 2 ShuffleBytes-EraseBytes-
#221365669	REDUCE cov: 190 ft: 1147 corp: 457/41Kb exec/s: 31538 rss: 517Mb L: 613/2059 MS: 1 EraseBytes-
#222348241	REDUCE cov: 190 ft: 1147 corp: 457/41Kb exec/s: 31543 rss: 517Mb L: 611/2059 MS: 1 EraseBytes-
#223127503	REDUCE cov: 190 ft: 1147 corp: 457/41Kb exec/s: 31546 rss: 517Mb L: 716/2059 MS: 1 EraseBytes-
#223336580	REDUCE cov: 190 ft: 1147 corp: 457/41Kb exec/s: 31544 rss: 517Mb L: 715/2059 MS: 1 EraseBytes-
#227487166	REDUCE cov: 190 ft: 1147 corp: 457/41Kb exec/s: 31564 rss: 517Mb L: 607/2059 MS: 1 EraseBytes-
#228135756	REDUCE cov: 190 ft: 1147 corp: 457/41Kb exec/s: 31554 rss: 517Mb L: 712/2059 MS: 4 CopyPart-ShuffleBytes-ChangeASCIIInt-EraseBytes-
#231111273	REDUCE cov: 190 ft: 1147 corp: 457/41Kb exec/s: 31512 rss: 517Mb L: 105/2059 MS: 2 ChangeASCIIInt-EraseBytes-
#237152599	REDUCE cov: 190 ft: 1147 corp: 457/41Kb exec/s: 31473 rss: 517Mb L: 197/2059 MS: 4 CopyPart-ChangeBit-PersAutoDict-EraseBytes- DE: "Z\x00"-
#240111886	REDUCE cov: 190 ft: 1147 corp: 457/41Kb exec/s: 31485 rss: 517Mb L: 115/2059 MS: 1 EraseBytes-
#241518155	REDUCE cov: 190 ft: 1147 corp: 457/41Kb exec/s: 31492 rss: 517Mb L: 113/2059 MS: 3 InsertByte-CopyPart-EraseBytes-
#243415977	REDUCE cov: 190 ft: 1147 corp: 457/41Kb exec/s: 31497 rss: 517Mb L: 711/2059 MS: 1 EraseBytes-
#244159860	REDUCE cov: 190 ft: 1147 corp: 457/41Kb exec/s: 31500 rss: 517Mb L: 104/2059 MS: 1 EraseBytes-
#244873214	REDUCE cov: 190 ft: 1147 corp: 457/41Kb exec/s: 31507 rss: 517Mb L: 110/2059 MS: 2 EraseBytes-CopyPart-
#245498187	REDUCE cov: 190 ft: 1147 corp: 457/41Kb exec/s: 31506 rss: 517Mb L: 602/2059 MS: 2 EraseBytes-CopyPart-
#245593089	REDUCE cov: 190 ft: 1147 corp: 457/41Kb exec/s: 31506 rss: 517Mb L: 106/2059 MS: 2 ChangeASCIIInt-EraseBytes-
#246895957	REDUCE cov: 190 ft: 1147 corp: 457/41Kb exec/s: 31511 rss: 517Mb L: 530/2059 MS: 1 EraseBytes-
#247503585	REDUCE cov: 190 ft: 1147 corp: 457/41Kb exec/s: 31513 rss: 517Mb L: 103/2059 MS: 1 EraseBytes-
#248535768	REDUCE cov: 190 ft: 1147 corp: 457/41Kb exec/s: 31516 rss: 517Mb L: 104/2059 MS: 1 EraseBytes-
#248851800	REDUCE cov: 190 ft: 1147 corp: 457/41Kb exec/s: 31516 rss: 517Mb L: 103/2059 MS: 1 EraseBytes-
#249219412	REDUCE cov: 190 ft: 1147 corp: 457/41Kb exec/s: 31518 rss: 517Mb L: 709/2059 MS: 1 EraseBytes-
#250054855	REDUCE cov: 190 ft: 1147 corp: 457/41Kb exec/s: 31520 rss: 517Mb L: 102/2059 MS: 1 EraseBytes-
#251015873	REDUCE cov: 190 ft: 1147 corp: 457/41Kb exec/s: 31526 rss: 517Mb L: 101/2059 MS: 1 EraseBytes-
#252944899	REDUCE cov: 190 ft: 1147 corp: 457/41Kb exec/s: 31535 rss: 517Mb L: 600/2059 MS: 1 EraseBytes-
#254065414	REDUCE cov: 190 ft: 1147 corp: 457/41Kb exec/s: 31537 rss: 517Mb L: 599/2059 MS: 2 ShuffleBytes-EraseBytes-
#254817691	REDUCE cov: 190 ft: 1147 corp: 457/41Kb exec/s: 31544 rss: 517Mb L: 99/2059 MS: 1 EraseBytes-
#254930679	REDUCE cov: 190 ft: 1147 corp: 457/41Kb exec/s: 31543 rss: 517Mb L: 708/2059 MS: 2 ChangeBit-EraseBytes-
#257917956	REDUCE cov: 190 ft: 1147 corp: 457/41Kb exec/s: 31553 rss: 517Mb L: 96/2059 MS: 2 CopyPart-EraseBytes-
#259846081	REDUCE cov: 190 ft: 1147 corp: 457/41Kb exec/s: 31553 rss: 517Mb L: 707/2059 MS: 1 EraseBytes-
#260146399	REDUCE cov: 190 ft: 1147 corp: 457/41Kb exec/s: 31555 rss: 517Mb L: 95/2059 MS: 1 EraseBytes-
#261250388	REDUCE cov: 190 ft: 1147 corp: 457/41Kb exec/s: 31559 rss: 517Mb L: 706/2059 MS: 2 ShuffleBytes-EraseBytes-
#265283456	REDUCE cov: 190 ft: 1147 corp: 457/41Kb exec/s: 31577 rss: 517Mb L: 705/2059 MS: 1 EraseBytes-
#268435456	pulse  cov: 190 ft: 1147 corp: 457/41Kb exec/s: 31588 rss: 517Mb
#271005856	REDUCE cov: 190 ft: 1147 corp: 457/41Kb exec/s: 31596 rss: 517Mb L: 94/2059 MS: 1 EraseBytes-
#279254676	REDUCE cov: 190 ft: 1147 corp: 457/41Kb exec/s: 31618 rss: 517Mb L: 529/2059 MS: 2 ShuffleBytes-EraseBytes-
#279317278	REDUCE cov: 190 ft: 1147 corp: 457/41Kb exec/s: 31618 rss: 517Mb L: 93/2059 MS: 1 EraseBytes-
#285027886	REDUCE cov: 190 ft: 1147 corp: 457/41Kb exec/s: 31631 rss: 517Mb L: 102/2059 MS: 1 EraseBytes-
#287483481	REDUCE cov: 190 ft: 1147 corp: 457/41Kb exec/s: 31626 rss: 517Mb L: 92/2059 MS: 1 EraseBytes-
#287971958	REDUCE cov: 190 ft: 1147 corp: 457/41Kb exec/s: 31624 rss: 517Mb L: 528/2059 MS: 1 EraseBytes-
#288060894	REDUCE cov: 190 ft: 1147 corp: 457/41Kb exec/s: 31620 rss: 517Mb L: 597/2059 MS: 1 EraseBytes-
#292174909	REDUCE cov: 190 ft: 1147 corp: 457/41Kb exec/s: 31586 rss: 517Mb L: 704/2059 MS: 1 EraseBytes-
#293892124	REDUCE cov: 190 ft: 1147 corp: 457/41Kb exec/s: 31580 rss: 517Mb L: 596/2059 MS: 1 EraseBytes-
#301391771	REDUCE cov: 190 ft: 1147 corp: 457/41Kb exec/s: 31599 rss: 517Mb L: 522/2059 MS: 1 EraseBytes-
#314232639	REDUCE cov: 190 ft: 1147 corp: 457/41Kb exec/s: 31635 rss: 517Mb L: 101/2059 MS: 4 ChangeASCIIInt-PersAutoDict-EraseBytes-CopyPart- DE: "merge_control_file"-
#319555761	REDUCE cov: 190 ft: 1147 corp: 457/41Kb exec/s: 31639 rss: 517Mb L: 594/2059 MS: 1 EraseBytes-
#321624894	REDUCE cov: 190 ft: 1147 corp: 457/41Kb exec/s: 31646 rss: 517Mb L: 592/2059 MS: 2 ChangeASCIIInt-EraseBytes-
#324274815	REDUCE cov: 190 ft: 1147 corp: 457/41Kb exec/s: 31652 rss: 517Mb L: 703/2059 MS: 1 EraseBytes-
#325328466	REDUCE cov: 190 ft: 1147 corp: 457/41Kb exec/s: 31655 rss: 517Mb L: 591/2059 MS: 1 EraseBytes-
#330068627	REDUCE cov: 190 ft: 1147 corp: 457/41Kb exec/s: 31667 rss: 517Mb L: 89/2059 MS: 3 CopyPart-ChangeBit-EraseBytes-
#333574155	REDUCE cov: 190 ft: 1147 corp: 457/41Kb exec/s: 31675 rss: 517Mb L: 702/2059 MS: 1 EraseBytes-
#334719048	REDUCE cov: 190 ft: 1147 corp: 457/41Kb exec/s: 31678 rss: 517Mb L: 88/2059 MS: 1 EraseBytes-
#337174965	REDUCE cov: 190 ft: 1147 corp: 457/41Kb exec/s: 31686 rss: 517Mb L: 87/2059 MS: 1 EraseBytes-
#344271508	REDUCE cov: 190 ft: 1147 corp: 457/41Kb exec/s: 31697 rss: 517Mb L: 86/2059 MS: 1 EraseBytes-
