INFO: Seed: 3533459250
INFO: Loaded 1 modules   (808 inline 8-bit counters): 808 [0x7a5720, 0x7a5a48), 
INFO: Loaded 1 PC tables (808 PCs): 808 [0x57e288,0x581508), 
INFO:     4368 files found in ../CORPUS
INFO:       14 files found in ../inputs
INFO: -max_len is not provided; libFuzzer will not generate inputs larger than 4096 bytes
INFO: seed corpus: files: 4382 min: 1b max: 3465b total: 3185545b rss: 40Mb
#128	pulse  cov: 148 ft: 327 corp: 110/898b exec/s: 64 rss: 44Mb
#256	pulse  cov: 186 ft: 585 corp: 214/2460b exec/s: 51 rss: 48Mb
#512	pulse  cov: 188 ft: 887 corp: 347/7527b exec/s: 51 rss: 56Mb
#1024	pulse  cov: 188 ft: 1027 corp: 401/14952b exec/s: 46 rss: 67Mb
#2048	pulse  cov: 188 ft: 1075 corp: 431/23Kb exec/s: 44 rss: 86Mb
#4096	pulse  cov: 190 ft: 1131 corp: 450/39Kb exec/s: 39 rss: 141Mb
#4383	INITED cov: 190 ft: 1133 corp: 451/41Kb exec/s: 38 rss: 155Mb
#6909	NEW    cov: 190 ft: 1134 corp: 452/42Kb exec/s: 61 rss: 167Mb L: 904/2059 MS: 1 ChangeBinInt-
#8192	pulse  cov: 190 ft: 1134 corp: 452/42Kb exec/s: 72 rss: 171Mb
#16384	pulse  cov: 190 ft: 1134 corp: 452/42Kb exec/s: 143 rss: 200Mb
#22760	REDUCE cov: 190 ft: 1134 corp: 452/42Kb exec/s: 199 rss: 224Mb L: 9/2059 MS: 1 EraseBytes-
#32768	pulse  cov: 190 ft: 1134 corp: 452/42Kb exec/s: 284 rss: 265Mb
#38795	REDUCE cov: 190 ft: 1134 corp: 452/42Kb exec/s: 337 rss: 286Mb L: 850/2059 MS: 1 EraseBytes-
#39976	REDUCE cov: 190 ft: 1134 corp: 452/42Kb exec/s: 347 rss: 289Mb L: 136/2059 MS: 1 EraseBytes-
#65536	pulse  cov: 190 ft: 1134 corp: 452/42Kb exec/s: 564 rss: 381Mb
#73571	REDUCE cov: 190 ft: 1134 corp: 452/42Kb exec/s: 634 rss: 408Mb L: 826/2059 MS: 1 EraseBytes-
#131072	pulse  cov: 190 ft: 1134 corp: 452/42Kb exec/s: 1101 rss: 513Mb
#149839	REDUCE cov: 190 ft: 1134 corp: 452/42Kb exec/s: 1248 rss: 515Mb L: 7/2059 MS: 1 EraseBytes-
#151880	RELOAD cov: 190 ft: 1135 corp: 453/42Kb exec/s: 1265 rss: 515Mb
#176514	REDUCE cov: 190 ft: 1135 corp: 453/42Kb exec/s: 1458 rss: 516Mb L: 825/2059 MS: 4 ChangeASCIIInt-InsertByte-CopyPart-EraseBytes-
#200022	REDUCE cov: 190 ft: 1135 corp: 453/41Kb exec/s: 1639 rss: 516Mb L: 689/2059 MS: 3 ChangeASCIIInt-ChangeASCIIInt-EraseBytes-
#255685	REDUCE cov: 190 ft: 1135 corp: 453/41Kb exec/s: 2061 rss: 517Mb L: 7/2059 MS: 1 EraseBytes-
#262144	pulse  cov: 190 ft: 1135 corp: 453/41Kb exec/s: 2114 rss: 517Mb
#292045	REDUCE cov: 190 ft: 1135 corp: 453/41Kb exec/s: 2336 rss: 517Mb L: 660/2059 MS: 1 EraseBytes-
#355215	REDUCE cov: 190 ft: 1135 corp: 453/41Kb exec/s: 2796 rss: 517Mb L: 658/2059 MS: 1 EraseBytes-
#417934	REDUCE cov: 190 ft: 1135 corp: 453/41Kb exec/s: 3239 rss: 517Mb L: 20/2059 MS: 2 ChangeASCIIInt-EraseBytes-
#470536	REDUCE cov: 190 ft: 1135 corp: 453/41Kb exec/s: 3591 rss: 517Mb L: 171/2059 MS: 1 EraseBytes-
#485337	REDUCE cov: 190 ft: 1135 corp: 453/41Kb exec/s: 3704 rss: 517Mb L: 657/2059 MS: 1 EraseBytes-
#524288	pulse  cov: 190 ft: 1135 corp: 453/41Kb exec/s: 3942 rss: 517Mb
#594090	REDUCE cov: 190 ft: 1135 corp: 453/41Kb exec/s: 4400 rss: 517Mb L: 133/2059 MS: 1 EraseBytes-
#1048576	pulse  cov: 190 ft: 1135 corp: 453/41Kb exec/s: 6944 rss: 517Mb
#1856392	REDUCE cov: 190 ft: 1135 corp: 453/41Kb exec/s: 10429 rss: 517Mb L: 655/2059 MS: 1 EraseBytes-
#2097152	pulse  cov: 190 ft: 1135 corp: 453/41Kb exec/s: 11275 rss: 517Mb
#3595977	RELOAD cov: 190 ft: 1139 corp: 455/42Kb exec/s: 15302 rss: 517Mb
#3598478	REDUCE cov: 190 ft: 1139 corp: 455/42Kb exec/s: 15312 rss: 517Mb L: 105/2059 MS: 1 EraseBytes-
#3601744	REDUCE cov: 190 ft: 1139 corp: 455/42Kb exec/s: 15326 rss: 517Mb L: 97/2059 MS: 1 EraseBytes-
#3620559	REDUCE cov: 190 ft: 1139 corp: 455/42Kb exec/s: 15341 rss: 517Mb L: 98/2059 MS: 5 CrossOver-CMP-ShuffleBytes-ChangeASCIIInt-EraseBytes- DE: "St5ctypeIcE"-
#3620926	REDUCE cov: 190 ft: 1139 corp: 455/42Kb exec/s: 15342 rss: 517Mb L: 83/2059 MS: 2 ChangeASCIIInt-EraseBytes-
#3627138	RELOAD cov: 190 ft: 1141 corp: 456/42Kb exec/s: 15369 rss: 517Mb
#3630294	REDUCE cov: 190 ft: 1141 corp: 456/42Kb exec/s: 15317 rss: 517Mb L: 81/2059 MS: 1 EraseBytes-
#3658985	REDUCE cov: 190 ft: 1141 corp: 456/42Kb exec/s: 15438 rss: 517Mb L: 142/2059 MS: 1 EraseBytes-
#3664850	RELOAD cov: 190 ft: 1143 corp: 457/42Kb exec/s: 15398 rss: 517Mb
#3673326	REDUCE cov: 190 ft: 1143 corp: 457/42Kb exec/s: 15434 rss: 517Mb L: 309/2059 MS: 1 EraseBytes-
#3682872	REDUCE cov: 190 ft: 1143 corp: 457/42Kb exec/s: 15474 rss: 517Mb L: 66/2059 MS: 1 EraseBytes-
#3735866	REDUCE cov: 190 ft: 1143 corp: 457/42Kb exec/s: 15566 rss: 517Mb L: 300/2059 MS: 1 EraseBytes-
#3745053	RELOAD cov: 190 ft: 1145 corp: 458/43Kb exec/s: 15539 rss: 517Mb
#3751874	REDUCE cov: 190 ft: 1145 corp: 458/43Kb exec/s: 15567 rss: 517Mb L: 59/2059 MS: 1 EraseBytes-
#3779199	RELOAD cov: 190 ft: 1147 corp: 459/44Kb exec/s: 15616 rss: 517Mb
#3785411	REDUCE cov: 190 ft: 1147 corp: 459/44Kb exec/s: 15642 rss: 517Mb L: 1794/2059 MS: 2 ChangeBit-EraseBytes-
#3802452	REDUCE cov: 190 ft: 1147 corp: 459/44Kb exec/s: 15647 rss: 517Mb L: 1302/2059 MS: 1 EraseBytes-
#3823709	REDUCE cov: 190 ft: 1147 corp: 459/44Kb exec/s: 15670 rss: 517Mb L: 111/2059 MS: 2 CMP-EraseBytes- DE: "\x01\x00\x00\x00\x00\x00\x00\x00"-
#3832355	REDUCE cov: 190 ft: 1147 corp: 459/44Kb exec/s: 15706 rss: 517Mb L: 90/2059 MS: 1 EraseBytes-
#3841071	REDUCE cov: 190 ft: 1147 corp: 459/44Kb exec/s: 15677 rss: 517Mb L: 80/2059 MS: 1 EraseBytes-
#3847856	REDUCE cov: 190 ft: 1147 corp: 459/44Kb exec/s: 15705 rss: 517Mb L: 78/2059 MS: 2 InsertByte-EraseBytes-
#3892149	REDUCE cov: 190 ft: 1147 corp: 459/44Kb exec/s: 15757 rss: 517Mb L: 88/2059 MS: 1 EraseBytes-
#3895397	REDUCE cov: 190 ft: 1147 corp: 459/44Kb exec/s: 15770 rss: 517Mb L: 77/2059 MS: 3 ChangeByte-ChangeASCIIInt-EraseBytes-
#3916305	REDUCE cov: 190 ft: 1147 corp: 459/44Kb exec/s: 15791 rss: 517Mb L: 57/2059 MS: 3 ChangeByte-ChangeBit-EraseBytes-
#3919131	REDUCE cov: 190 ft: 1147 corp: 459/44Kb exec/s: 15802 rss: 517Mb L: 49/2059 MS: 1 EraseBytes-
#3939442	REDUCE cov: 190 ft: 1147 corp: 459/44Kb exec/s: 15884 rss: 517Mb L: 40/2059 MS: 1 EraseBytes-
#4001668	REDUCE cov: 190 ft: 1147 corp: 459/44Kb exec/s: 16006 rss: 517Mb L: 63/2059 MS: 1 EraseBytes-
#4005212	REDUCE cov: 190 ft: 1147 corp: 459/44Kb exec/s: 16020 rss: 517Mb L: 294/2059 MS: 1 EraseBytes-
#4009273	REDUCE cov: 190 ft: 1147 corp: 459/44Kb exec/s: 16037 rss: 517Mb L: 1287/2059 MS: 1 EraseBytes-
#4011674	REDUCE cov: 190 ft: 1147 corp: 459/44Kb exec/s: 15982 rss: 517Mb L: 36/2059 MS: 1 EraseBytes-
#4011980	REDUCE cov: 190 ft: 1147 corp: 459/44Kb exec/s: 15983 rss: 517Mb L: 610/2059 MS: 1 EraseBytes-
#4019501	REDUCE cov: 190 ft: 1147 corp: 459/44Kb exec/s: 16013 rss: 517Mb L: 288/2059 MS: 1 EraseBytes-
#4034501	REDUCE cov: 190 ft: 1147 corp: 459/44Kb exec/s: 16009 rss: 517Mb L: 85/2059 MS: 1 EraseBytes-
#4041378	REDUCE cov: 190 ft: 1147 corp: 459/44Kb exec/s: 16037 rss: 517Mb L: 80/2059 MS: 2 CMP-EraseBytes- DE: "seed"-
#4086470	REDUCE cov: 190 ft: 1147 corp: 459/44Kb exec/s: 16152 rss: 517Mb L: 34/2059 MS: 1 EraseBytes-
#4113411	REDUCE cov: 190 ft: 1147 corp: 459/44Kb exec/s: 16194 rss: 517Mb L: 1269/2059 MS: 1 EraseBytes-
#4120709	REDUCE cov: 190 ft: 1147 corp: 459/44Kb exec/s: 16223 rss: 517Mb L: 57/2059 MS: 1 EraseBytes-
#4140455	REDUCE cov: 190 ft: 1147 corp: 459/44Kb exec/s: 16237 rss: 517Mb L: 280/2059 MS: 1 EraseBytes-
#4168272	REDUCE cov: 190 ft: 1147 corp: 459/44Kb exec/s: 16282 rss: 517Mb L: 1256/2059 MS: 4 ShuffleBytes-ShuffleBytes-PersAutoDict-EraseBytes- DE: "St5ctypeIcE"-
#4194304	pulse  cov: 190 ft: 1147 corp: 459/44Kb exec/s: 16320 rss: 517Mb
#4201194	REDUCE cov: 190 ft: 1147 corp: 459/44Kb exec/s: 16347 rss: 517Mb L: 31/2059 MS: 1 EraseBytes-
#4204241	REDUCE cov: 190 ft: 1147 corp: 459/44Kb exec/s: 16358 rss: 517Mb L: 24/2059 MS: 2 InsertByte-EraseBytes-
#4213193	REDUCE cov: 190 ft: 1147 corp: 459/44Kb exec/s: 16393 rss: 517Mb L: 271/2059 MS: 2 ShuffleBytes-EraseBytes-
#4253756	REDUCE cov: 190 ft: 1147 corp: 459/44Kb exec/s: 16487 rss: 517Mb L: 65/2059 MS: 3 InsertRepeatedBytes-ChangeByte-EraseBytes-
#4264732	REDUCE cov: 190 ft: 1147 corp: 459/44Kb exec/s: 16466 rss: 517Mb L: 55/2059 MS: 1 EraseBytes-
#4281964	REDUCE cov: 190 ft: 1147 corp: 459/44Kb exec/s: 16532 rss: 517Mb L: 20/2059 MS: 1 EraseBytes-
#4334160	REDUCE cov: 190 ft: 1147 corp: 459/44Kb exec/s: 16605 rss: 517Mb L: 264/2059 MS: 1 EraseBytes-
#4343136	REDUCE cov: 190 ft: 1147 corp: 459/44Kb exec/s: 16640 rss: 517Mb L: 53/2059 MS: 1 EraseBytes-
#4362854	REDUCE cov: 190 ft: 1147 corp: 459/44Kb exec/s: 16652 rss: 517Mb L: 62/2059 MS: 2 ChangeByte-EraseBytes-
#4411619	REDUCE cov: 190 ft: 1147 corp: 459/44Kb exec/s: 16774 rss: 517Mb L: 250/2059 MS: 1 EraseBytes-
#4443435	REDUCE cov: 190 ft: 1147 corp: 459/44Kb exec/s: 16831 rss: 517Mb L: 58/2059 MS: 1 EraseBytes-
#4468076	REDUCE cov: 190 ft: 1147 corp: 459/44Kb exec/s: 16860 rss: 517Mb L: 232/2059 MS: 1 EraseBytes-
#4474782	REDUCE cov: 190 ft: 1147 corp: 459/44Kb exec/s: 16885 rss: 517Mb L: 52/2059 MS: 1 EraseBytes-
#4479893	REDUCE cov: 190 ft: 1147 corp: 459/44Kb exec/s: 16841 rss: 517Mb L: 199/2059 MS: 1 EraseBytes-
#4496709	REDUCE cov: 190 ft: 1147 corp: 459/44Kb exec/s: 16904 rss: 517Mb L: 45/2059 MS: 1 EraseBytes-
#4550528	REDUCE cov: 190 ft: 1147 corp: 459/44Kb exec/s: 17043 rss: 517Mb L: 42/2059 MS: 1 EraseBytes-
#4639819	REDUCE cov: 190 ft: 1147 corp: 459/44Kb exec/s: 17184 rss: 517Mb L: 37/2059 MS: 1 EraseBytes-
#4694968	REDUCE cov: 190 ft: 1147 corp: 459/43Kb exec/s: 17260 rss: 517Mb L: 585/2059 MS: 1 EraseBytes-
#4700399	REDUCE cov: 190 ft: 1147 corp: 459/43Kb exec/s: 17280 rss: 517Mb L: 49/2059 MS: 1 EraseBytes-
#4758789	REDUCE cov: 190 ft: 1147 corp: 459/43Kb exec/s: 17367 rss: 517Mb L: 570/2059 MS: 1 EraseBytes-
#4774415	REDUCE cov: 190 ft: 1147 corp: 459/43Kb exec/s: 17424 rss: 517Mb L: 34/2059 MS: 1 EraseBytes-
#4781186	REDUCE cov: 190 ft: 1147 corp: 459/43Kb exec/s: 17386 rss: 517Mb L: 32/2059 MS: 1 EraseBytes-
#4783487	REDUCE cov: 190 ft: 1147 corp: 459/43Kb exec/s: 17394 rss: 517Mb L: 1250/2059 MS: 1 EraseBytes-
#4846905	REDUCE cov: 190 ft: 1147 corp: 459/43Kb exec/s: 17561 rss: 517Mb L: 553/2059 MS: 2 ChangeByte-EraseBytes-
#4850906	REDUCE cov: 190 ft: 1147 corp: 459/43Kb exec/s: 17575 rss: 517Mb L: 30/2059 MS: 1 EraseBytes-
#4950514	REDUCE cov: 190 ft: 1147 corp: 459/43Kb exec/s: 17743 rss: 517Mb L: 17/2059 MS: 1 EraseBytes-
#4989282	REDUCE cov: 190 ft: 1147 corp: 459/43Kb exec/s: 17818 rss: 517Mb L: 540/2059 MS: 1 EraseBytes-
#5012456	REDUCE cov: 190 ft: 1147 corp: 459/43Kb exec/s: 17837 rss: 517Mb L: 538/2059 MS: 1 EraseBytes-
#5027797	REDUCE cov: 190 ft: 1147 corp: 459/43Kb exec/s: 17829 rss: 517Mb L: 193/2059 MS: 1 EraseBytes-
#5034893	REDUCE cov: 190 ft: 1147 corp: 459/43Kb exec/s: 17854 rss: 517Mb L: 29/2059 MS: 1 EraseBytes-
#5051267	REDUCE cov: 190 ft: 1147 corp: 459/43Kb exec/s: 17912 rss: 517Mb L: 28/2059 MS: 1 EraseBytes-
#5087326	REDUCE cov: 190 ft: 1147 corp: 459/43Kb exec/s: 17913 rss: 517Mb L: 16/2059 MS: 1 EraseBytes-
#5113992	REDUCE cov: 190 ft: 1147 corp: 459/43Kb exec/s: 18007 rss: 517Mb L: 518/2059 MS: 1 EraseBytes-
#5122372	REDUCE cov: 190 ft: 1147 corp: 459/43Kb exec/s: 17973 rss: 517Mb L: 510/2059 MS: 1 EraseBytes-
#5164763	REDUCE cov: 190 ft: 1147 corp: 459/43Kb exec/s: 18058 rss: 517Mb L: 495/2059 MS: 1 EraseBytes-
#5180649	REDUCE cov: 190 ft: 1147 corp: 459/43Kb exec/s: 18114 rss: 517Mb L: 15/2059 MS: 1 EraseBytes-
#5237010	REDUCE cov: 190 ft: 1147 corp: 459/43Kb exec/s: 18184 rss: 517Mb L: 47/2059 MS: 1 EraseBytes-
#5287012	REDUCE cov: 190 ft: 1147 corp: 459/43Kb exec/s: 18294 rss: 517Mb L: 492/2059 MS: 1 EraseBytes-
#5293353	REDUCE cov: 190 ft: 1147 corp: 459/43Kb exec/s: 18316 rss: 517Mb L: 191/2059 MS: 1 EraseBytes-
#5378195	REDUCE cov: 190 ft: 1147 corp: 459/43Kb exec/s: 18418 rss: 517Mb L: 24/2059 MS: 1 EraseBytes-
#5487170	REDUCE cov: 190 ft: 1147 corp: 459/43Kb exec/s: 18600 rss: 517Mb L: 1242/2059 MS: 1 EraseBytes-
#5530623	REDUCE cov: 190 ft: 1147 corp: 459/43Kb exec/s: 18684 rss: 517Mb L: 42/2059 MS: 1 EraseBytes-
#5618313	REDUCE cov: 190 ft: 1147 corp: 459/43Kb exec/s: 18790 rss: 517Mb L: 39/2059 MS: 1 EraseBytes-
#5634924	REDUCE cov: 190 ft: 1147 corp: 459/43Kb exec/s: 18845 rss: 517Mb L: 36/2059 MS: 1 EraseBytes-
#5655897	REDUCE cov: 190 ft: 1147 corp: 459/43Kb exec/s: 18852 rss: 517Mb L: 1165/2059 MS: 1 EraseBytes-
#5731415	REDUCE cov: 190 ft: 1147 corp: 459/43Kb exec/s: 18978 rss: 517Mb L: 1138/2059 MS: 1 EraseBytes-
#5789894	REDUCE cov: 190 ft: 1147 corp: 459/43Kb exec/s: 19045 rss: 517Mb L: 176/2059 MS: 1 EraseBytes-
#5816732	REDUCE cov: 190 ft: 1147 corp: 459/43Kb exec/s: 19071 rss: 517Mb L: 16/2059 MS: 1 EraseBytes-
#5864066	REDUCE cov: 190 ft: 1147 corp: 459/43Kb exec/s: 19163 rss: 517Mb L: 173/2059 MS: 1 EraseBytes-
#5884735	REDUCE cov: 190 ft: 1147 corp: 459/43Kb exec/s: 19168 rss: 517Mb L: 465/2059 MS: 2 ChangeBit-EraseBytes-
#5974853	REDUCE cov: 190 ft: 1147 corp: 459/43Kb exec/s: 19336 rss: 517Mb L: 167/2059 MS: 1 EraseBytes-
#5978574	REDUCE cov: 190 ft: 1147 corp: 459/43Kb exec/s: 19348 rss: 517Mb L: 463/2059 MS: 1 EraseBytes-
#6028461	REDUCE cov: 190 ft: 1147 corp: 459/43Kb exec/s: 19384 rss: 517Mb L: 162/2059 MS: 1 EraseBytes-
#6037367	REDUCE cov: 190 ft: 1147 corp: 459/43Kb exec/s: 19412 rss: 517Mb L: 34/2059 MS: 1 EraseBytes-
#6109449	REDUCE cov: 190 ft: 1147 corp: 459/43Kb exec/s: 19519 rss: 517Mb L: 32/2059 MS: 1 EraseBytes-
#6110815	REDUCE cov: 190 ft: 1147 corp: 459/43Kb exec/s: 19523 rss: 517Mb L: 156/2059 MS: 1 EraseBytes-
#6147577	REDUCE cov: 190 ft: 1147 corp: 459/43Kb exec/s: 19578 rss: 517Mb L: 29/2059 MS: 2 ChangeByte-EraseBytes-
#6159129	REDUCE cov: 190 ft: 1147 corp: 459/43Kb exec/s: 19615 rss: 517Mb L: 14/2059 MS: 1 EraseBytes-
#6198160	REDUCE cov: 190 ft: 1147 corp: 459/43Kb exec/s: 19614 rss: 517Mb L: 15/2059 MS: 1 EraseBytes-
#6379254	REDUCE cov: 190 ft: 1147 corp: 459/43Kb exec/s: 19873 rss: 517Mb L: 1120/2059 MS: 1 EraseBytes-
#6394150	REDUCE cov: 190 ft: 1147 corp: 459/43Kb exec/s: 19919 rss: 517Mb L: 1080/2059 MS: 1 EraseBytes-
#6460740	REDUCE cov: 190 ft: 1147 corp: 459/43Kb exec/s: 19940 rss: 517Mb L: 144/2059 MS: 1 EraseBytes-
#6516885	REDUCE cov: 190 ft: 1147 corp: 459/43Kb exec/s: 20051 rss: 517Mb L: 138/2059 MS: 1 EraseBytes-
#6568461	REDUCE cov: 190 ft: 1147 corp: 459/43Kb exec/s: 20087 rss: 517Mb L: 28/2059 MS: 2 ShuffleBytes-EraseBytes-
#6621110	REDUCE cov: 190 ft: 1147 corp: 459/43Kb exec/s: 20186 rss: 517Mb L: 457/2059 MS: 1 EraseBytes-
#6709997	REDUCE cov: 190 ft: 1147 corp: 459/43Kb exec/s: 20271 rss: 517Mb L: 25/2059 MS: 1 EraseBytes-
#6830030	REDUCE cov: 190 ft: 1147 corp: 459/43Kb exec/s: 20449 rss: 517Mb L: 436/2059 MS: 1 EraseBytes-
#6928364	REDUCE cov: 190 ft: 1147 corp: 459/43Kb exec/s: 20558 rss: 517Mb L: 13/2059 MS: 1 EraseBytes-
#6959232	REDUCE cov: 190 ft: 1147 corp: 459/43Kb exec/s: 20589 rss: 517Mb L: 432/2059 MS: 2 EraseBytes-CopyPart-
#7015631	REDUCE cov: 190 ft: 1147 corp: 459/43Kb exec/s: 20634 rss: 517Mb L: 429/2059 MS: 1 EraseBytes-
#7042994	REDUCE cov: 190 ft: 1147 corp: 459/43Kb exec/s: 20653 rss: 517Mb L: 14/2059 MS: 1 EraseBytes-
#7101727	REDUCE cov: 190 ft: 1147 corp: 459/43Kb exec/s: 20765 rss: 517Mb L: 22/2059 MS: 1 EraseBytes-
#7157555	REDUCE cov: 190 ft: 1147 corp: 459/43Kb exec/s: 20806 rss: 517Mb L: 1069/2059 MS: 1 EraseBytes-
#7341501	REDUCE cov: 190 ft: 1147 corp: 459/43Kb exec/s: 21035 rss: 517Mb L: 389/2059 MS: 1 EraseBytes-
#7428343	REDUCE cov: 190 ft: 1147 corp: 459/43Kb exec/s: 21103 rss: 517Mb L: 12/2059 MS: 1 EraseBytes-
#7434199	REDUCE cov: 190 ft: 1147 corp: 459/43Kb exec/s: 21119 rss: 517Mb L: 369/2059 MS: 1 EraseBytes-
#7543815	REDUCE cov: 190 ft: 1147 corp: 459/43Kb exec/s: 21250 rss: 517Mb L: 1052/2059 MS: 1 EraseBytes-
#7609365	REDUCE cov: 190 ft: 1147 corp: 459/43Kb exec/s: 21314 rss: 517Mb L: 361/2059 MS: 1 EraseBytes-
#7687690	REDUCE cov: 190 ft: 1147 corp: 459/43Kb exec/s: 21414 rss: 517Mb L: 783/2059 MS: 2 ShuffleBytes-EraseBytes-
#7796847	REDUCE cov: 190 ft: 1147 corp: 459/43Kb exec/s: 21478 rss: 517Mb L: 135/2059 MS: 1 EraseBytes-
#7832905	REDUCE cov: 190 ft: 1147 corp: 459/43Kb exec/s: 21518 rss: 517Mb L: 360/2059 MS: 1 EraseBytes-
#7866125	REDUCE cov: 190 ft: 1147 corp: 459/43Kb exec/s: 21551 rss: 517Mb L: 118/2059 MS: 1 EraseBytes-
#7916208	REDUCE cov: 190 ft: 1147 corp: 459/43Kb exec/s: 21628 rss: 517Mb L: 11/2059 MS: 2 ChangeASCIIInt-EraseBytes-
#7929839	REDUCE cov: 190 ft: 1147 corp: 459/43Kb exec/s: 21607 rss: 517Mb L: 115/2059 MS: 1 EraseBytes-
#7938050	REDUCE cov: 190 ft: 1147 corp: 459/43Kb exec/s: 21629 rss: 517Mb L: 6/2059 MS: 1 EraseBytes-
#8289360	REDUCE cov: 190 ft: 1147 corp: 459/43Kb exec/s: 21987 rss: 517Mb L: 1040/2059 MS: 1 EraseBytes-
#8346628	REDUCE cov: 190 ft: 1147 corp: 459/43Kb exec/s: 22081 rss: 517Mb L: 110/2059 MS: 1 EraseBytes-
#8388608	pulse  cov: 190 ft: 1147 corp: 459/43Kb exec/s: 22075 rss: 517Mb
#8388850	REDUCE cov: 190 ft: 1147 corp: 459/43Kb exec/s: 22075 rss: 517Mb L: 21/2059 MS: 2 ChangeASCIIInt-EraseBytes-
#8405096	REDUCE cov: 190 ft: 1147 corp: 459/43Kb exec/s: 22118 rss: 517Mb L: 103/2059 MS: 1 EraseBytes-
#8550200	REDUCE cov: 190 ft: 1147 corp: 459/43Kb exec/s: 22266 rss: 517Mb L: 744/2059 MS: 1 EraseBytes-
#8646499	REDUCE cov: 190 ft: 1147 corp: 459/43Kb exec/s: 22342 rss: 517Mb L: 987/2059 MS: 1 EraseBytes-
#8754112	REDUCE cov: 190 ft: 1147 corp: 459/43Kb exec/s: 22446 rss: 517Mb L: 342/2059 MS: 1 EraseBytes-
#8791586	REDUCE cov: 190 ft: 1147 corp: 459/43Kb exec/s: 22484 rss: 517Mb L: 87/2059 MS: 1 EraseBytes-
#8960925	REDUCE cov: 190 ft: 1147 corp: 459/43Kb exec/s: 22628 rss: 517Mb L: 332/2059 MS: 1 EraseBytes-
#9169131	REDUCE cov: 190 ft: 1147 corp: 459/43Kb exec/s: 22808 rss: 517Mb L: 978/2059 MS: 1 EraseBytes-
#9261161	REDUCE cov: 190 ft: 1147 corp: 459/43Kb exec/s: 22867 rss: 517Mb L: 326/2059 MS: 1 EraseBytes-
#9268342	REDUCE cov: 190 ft: 1147 corp: 459/43Kb exec/s: 22884 rss: 517Mb L: 84/2059 MS: 1 EraseBytes-
#9285163	REDUCE cov: 190 ft: 1147 corp: 459/43Kb exec/s: 22926 rss: 517Mb L: 743/2059 MS: 1 EraseBytes-
#9400406	REDUCE cov: 190 ft: 1147 corp: 459/43Kb exec/s: 22983 rss: 517Mb L: 20/2059 MS: 1 EraseBytes-
#9432456	REDUCE cov: 190 ft: 1147 corp: 459/43Kb exec/s: 23005 rss: 517Mb L: 82/2059 MS: 1 EraseBytes-
#9769372	REDUCE cov: 190 ft: 1147 corp: 459/43Kb exec/s: 23315 rss: 517Mb L: 76/2059 MS: 1 EraseBytes-
#9800743	REDUCE cov: 190 ft: 1147 corp: 459/43Kb exec/s: 23335 rss: 517Mb L: 72/2059 MS: 1 EraseBytes-
#9807779	REDUCE cov: 190 ft: 1147 corp: 459/43Kb exec/s: 23296 rss: 517Mb L: 67/2059 MS: 1 EraseBytes-
#9860964	REDUCE cov: 190 ft: 1147 corp: 459/43Kb exec/s: 23367 rss: 517Mb L: 61/2059 MS: 2 InsertByte-EraseBytes-
#10161487	REDUCE cov: 190 ft: 1147 corp: 459/43Kb exec/s: 23576 rss: 517Mb L: 56/2059 MS: 1 EraseBytes-
#10299622	REDUCE cov: 190 ft: 1147 corp: 459/43Kb exec/s: 23677 rss: 517Mb L: 19/2059 MS: 1 EraseBytes-
#10370782	REDUCE cov: 190 ft: 1147 corp: 459/43Kb exec/s: 23731 rss: 517Mb L: 53/2059 MS: 1 EraseBytes-
#10378128	REDUCE cov: 190 ft: 1147 corp: 459/43Kb exec/s: 23748 rss: 517Mb L: 51/2059 MS: 1 EraseBytes-
#10480945	REDUCE cov: 190 ft: 1147 corp: 459/43Kb exec/s: 23820 rss: 517Mb L: 960/2059 MS: 1 EraseBytes-
#10731917	REDUCE cov: 190 ft: 1147 corp: 459/43Kb exec/s: 23955 rss: 517Mb L: 50/2059 MS: 1 EraseBytes-
#10763517	REDUCE cov: 190 ft: 1147 corp: 459/43Kb exec/s: 23972 rss: 517Mb L: 47/2059 MS: 1 EraseBytes-
#11222422	REDUCE cov: 190 ft: 1147 corp: 459/43Kb exec/s: 24290 rss: 517Mb L: 311/2059 MS: 1 EraseBytes-
#11335378	REDUCE cov: 190 ft: 1147 corp: 459/43Kb exec/s: 24377 rss: 517Mb L: 18/2059 MS: 1 EraseBytes-
#11382273	REDUCE cov: 190 ft: 1147 corp: 459/43Kb exec/s: 24373 rss: 517Mb L: 44/2059 MS: 1 EraseBytes-
#11591502	REDUCE cov: 190 ft: 1147 corp: 459/43Kb exec/s: 24506 rss: 517Mb L: 953/2059 MS: 1 EraseBytes-
#11654881	REDUCE cov: 190 ft: 1147 corp: 459/43Kb exec/s: 24536 rss: 517Mb L: 306/2059 MS: 1 EraseBytes-
#11747554	REDUCE cov: 190 ft: 1147 corp: 459/43Kb exec/s: 24627 rss: 517Mb L: 41/2059 MS: 1 EraseBytes-
#11785627	REDUCE cov: 190 ft: 1147 corp: 459/43Kb exec/s: 24656 rss: 517Mb L: 300/2059 MS: 2 CopyPart-EraseBytes-
#11812356	REDUCE cov: 190 ft: 1147 corp: 459/43Kb exec/s: 24660 rss: 517Mb L: 40/2059 MS: 1 EraseBytes-
#12167621	REDUCE cov: 190 ft: 1147 corp: 459/43Kb exec/s: 24831 rss: 517Mb L: 283/2059 MS: 1 EraseBytes-
#12267723	REDUCE cov: 190 ft: 1147 corp: 459/43Kb exec/s: 24883 rss: 517Mb L: 281/2059 MS: 1 EraseBytes-
#12398893	REDUCE cov: 190 ft: 1147 corp: 459/43Kb exec/s: 24997 rss: 517Mb L: 275/2059 MS: 1 EraseBytes-
#12801802	REDUCE cov: 190 ft: 1147 corp: 459/43Kb exec/s: 25200 rss: 517Mb L: 271/2059 MS: 2 InsertByte-EraseBytes-
#13223786	REDUCE cov: 190 ft: 1147 corp: 459/43Kb exec/s: 25381 rss: 517Mb L: 17/2059 MS: 1 EraseBytes-
#13242509	REDUCE cov: 190 ft: 1147 corp: 459/43Kb exec/s: 25417 rss: 517Mb L: 264/2059 MS: 1 EraseBytes-
#13524384	REDUCE cov: 190 ft: 1147 corp: 459/43Kb exec/s: 25565 rss: 517Mb L: 39/2059 MS: 1 EraseBytes-
#13545704	REDUCE cov: 190 ft: 1147 corp: 459/43Kb exec/s: 25557 rss: 517Mb L: 38/2059 MS: 2 CMP-EraseBytes- DE: "$\x00\x00\x00\x00\x00\x00\x00"-
#13635564	REDUCE cov: 190 ft: 1147 corp: 459/43Kb exec/s: 25582 rss: 517Mb L: 951/2059 MS: 1 EraseBytes-
#13909699	REDUCE cov: 190 ft: 1147 corp: 459/43Kb exec/s: 25711 rss: 517Mb L: 742/2059 MS: 1 EraseBytes-
#14136693	REDUCE cov: 190 ft: 1147 corp: 459/43Kb exec/s: 25844 rss: 517Mb L: 261/2059 MS: 1 EraseBytes-
#14171218	REDUCE cov: 190 ft: 1147 corp: 459/43Kb exec/s: 25812 rss: 517Mb L: 260/2059 MS: 1 EraseBytes-
#14548086	REDUCE cov: 190 ft: 1147 corp: 459/43Kb exec/s: 26025 rss: 517Mb L: 251/2059 MS: 1 EraseBytes-
#14708755	REDUCE cov: 190 ft: 1147 corp: 459/43Kb exec/s: 26079 rss: 517Mb L: 928/2059 MS: 4 EraseBytes-CrossOver-ShuffleBytes-CopyPart-
#14774452	REDUCE cov: 190 ft: 1147 corp: 459/43Kb exec/s: 26103 rss: 517Mb L: 248/2059 MS: 1 EraseBytes-
#15050585	REDUCE cov: 190 ft: 1147 corp: 459/43Kb exec/s: 26220 rss: 517Mb L: 36/2059 MS: 1 EraseBytes-
#15091080	REDUCE cov: 190 ft: 1147 corp: 459/43Kb exec/s: 26245 rss: 517Mb L: 35/2059 MS: 1 EraseBytes-
#15122514	REDUCE cov: 190 ft: 1147 corp: 459/43Kb exec/s: 26254 rss: 517Mb L: 246/2059 MS: 1 EraseBytes-
#15164945	REDUCE cov: 190 ft: 1147 corp: 459/43Kb exec/s: 26236 rss: 517Mb L: 244/2059 MS: 1 EraseBytes-
#15379241	REDUCE cov: 190 ft: 1147 corp: 459/43Kb exec/s: 26334 rss: 517Mb L: 34/2059 MS: 1 EraseBytes-
#15501954	REDUCE cov: 190 ft: 1147 corp: 459/43Kb exec/s: 26408 rss: 517Mb L: 885/2059 MS: 1 EraseBytes-
#15759614	REDUCE cov: 190 ft: 1147 corp: 459/43Kb exec/s: 26531 rss: 517Mb L: 32/2059 MS: 1 EraseBytes-
#15921675	REDUCE cov: 190 ft: 1147 corp: 459/43Kb exec/s: 26580 rss: 517Mb L: 31/2059 MS: 1 EraseBytes-
#16076172	REDUCE cov: 190 ft: 1147 corp: 459/43Kb exec/s: 26616 rss: 517Mb L: 877/2059 MS: 1 EraseBytes-
#16493447	REDUCE cov: 190 ft: 1147 corp: 459/43Kb exec/s: 26775 rss: 517Mb L: 869/2059 MS: 1 EraseBytes-
#16571031	REDUCE cov: 190 ft: 1147 corp: 459/43Kb exec/s: 26770 rss: 517Mb L: 864/2059 MS: 1 EraseBytes-
#16777216	pulse  cov: 190 ft: 1147 corp: 459/43Kb exec/s: 26843 rss: 517Mb
#16807243	REDUCE cov: 190 ft: 1147 corp: 459/43Kb exec/s: 26848 rss: 517Mb L: 856/2059 MS: 1 EraseBytes-
#16854224	REDUCE cov: 190 ft: 1147 corp: 459/43Kb exec/s: 26880 rss: 517Mb L: 219/2059 MS: 1 EraseBytes-
#16889383	REDUCE cov: 190 ft: 1147 corp: 459/43Kb exec/s: 26893 rss: 517Mb L: 30/2059 MS: 1 EraseBytes-
#16896701	REDUCE cov: 190 ft: 1147 corp: 459/42Kb exec/s: 26905 rss: 517Mb L: 18/2059 MS: 3 CopyPart-EraseBytes-ChangeByte-
#17462901	REDUCE cov: 190 ft: 1147 corp: 459/42Kb exec/s: 27074 rss: 517Mb L: 841/2059 MS: 1 EraseBytes-
#17607561	REDUCE cov: 190 ft: 1147 corp: 459/42Kb exec/s: 27130 rss: 517Mb L: 17/2059 MS: 1 EraseBytes-
#17635462	REDUCE cov: 190 ft: 1147 corp: 459/42Kb exec/s: 27131 rss: 517Mb L: 16/2059 MS: 1 EraseBytes-
#17709819	REDUCE cov: 190 ft: 1147 corp: 459/42Kb exec/s: 27162 rss: 517Mb L: 213/2059 MS: 1 EraseBytes-
#17817513	REDUCE cov: 190 ft: 1147 corp: 459/42Kb exec/s: 27202 rss: 517Mb L: 15/2059 MS: 1 EraseBytes-
#17833374	REDUCE cov: 190 ft: 1147 corp: 459/42Kb exec/s: 27185 rss: 517Mb L: 14/2059 MS: 1 EraseBytes-
#18233164	REDUCE cov: 190 ft: 1147 corp: 459/42Kb exec/s: 27295 rss: 517Mb L: 207/2059 MS: 1 EraseBytes-
#18441662	REDUCE cov: 190 ft: 1147 corp: 459/42Kb exec/s: 27361 rss: 517Mb L: 820/2059 MS: 1 EraseBytes-
#18521256	REDUCE cov: 190 ft: 1147 corp: 459/42Kb exec/s: 27398 rss: 517Mb L: 200/2059 MS: 1 EraseBytes-
#18529342	REDUCE cov: 190 ft: 1147 corp: 459/42Kb exec/s: 27369 rss: 517Mb L: 13/2059 MS: 1 EraseBytes-
#18553917	REDUCE cov: 190 ft: 1147 corp: 459/42Kb exec/s: 27406 rss: 517Mb L: 192/2059 MS: 1 EraseBytes-
#18678594	REDUCE cov: 190 ft: 1147 corp: 459/42Kb exec/s: 27428 rss: 517Mb L: 805/2059 MS: 1 EraseBytes-
#19027671	REDUCE cov: 190 ft: 1147 corp: 459/42Kb exec/s: 27496 rss: 517Mb L: 784/2059 MS: 1 EraseBytes-
#19081298	REDUCE cov: 190 ft: 1147 corp: 459/42Kb exec/s: 27534 rss: 517Mb L: 741/2059 MS: 1 EraseBytes-
#19738410	REDUCE cov: 190 ft: 1147 corp: 459/42Kb exec/s: 27683 rss: 517Mb L: 769/2059 MS: 1 EraseBytes-
#19816837	REDUCE cov: 190 ft: 1147 corp: 459/42Kb exec/s: 27715 rss: 517Mb L: 186/2059 MS: 1 EraseBytes-
#19824938	REDUCE cov: 190 ft: 1147 corp: 459/42Kb exec/s: 27727 rss: 517Mb L: 184/2059 MS: 1 EraseBytes-
#20239198	REDUCE cov: 190 ft: 1147 corp: 459/42Kb exec/s: 27839 rss: 517Mb L: 181/2059 MS: 1 EraseBytes-
#20326824	REDUCE cov: 190 ft: 1147 corp: 459/42Kb exec/s: 27844 rss: 517Mb L: 180/2059 MS: 1 EraseBytes-
#20639948	REDUCE cov: 190 ft: 1147 corp: 459/42Kb exec/s: 27929 rss: 517Mb L: 171/2059 MS: 1 EraseBytes-
#20999971	REDUCE cov: 190 ft: 1147 corp: 459/42Kb exec/s: 27999 rss: 517Mb L: 760/2059 MS: 1 EraseBytes-
#21089519	REDUCE cov: 190 ft: 1147 corp: 459/42Kb exec/s: 28044 rss: 517Mb L: 751/2059 MS: 1 EraseBytes-
#21281665	REDUCE cov: 190 ft: 1147 corp: 459/42Kb exec/s: 28076 rss: 517Mb L: 166/2059 MS: 1 EraseBytes-
#21315866	REDUCE cov: 190 ft: 1147 corp: 459/42Kb exec/s: 28084 rss: 517Mb L: 29/2059 MS: 2 ChangeASCIIInt-EraseBytes-
#21361871	REDUCE cov: 190 ft: 1147 corp: 459/42Kb exec/s: 28070 rss: 517Mb L: 161/2059 MS: 1 EraseBytes-
#21599577	REDUCE cov: 190 ft: 1147 corp: 459/42Kb exec/s: 28124 rss: 517Mb L: 748/2059 MS: 1 EraseBytes-
#21665470	REDUCE cov: 190 ft: 1147 corp: 459/42Kb exec/s: 28136 rss: 517Mb L: 715/2059 MS: 2 EraseBytes-CopyPart-
#21735114	REDUCE cov: 190 ft: 1147 corp: 459/42Kb exec/s: 28154 rss: 517Mb L: 697/2059 MS: 1 EraseBytes-
#21815822	REDUCE cov: 190 ft: 1147 corp: 459/42Kb exec/s: 28185 rss: 517Mb L: 692/2059 MS: 1 EraseBytes-
#22373714	REDUCE cov: 190 ft: 1147 corp: 459/42Kb exec/s: 28285 rss: 517Mb L: 159/2059 MS: 1 EraseBytes-
#22613460	REDUCE cov: 190 ft: 1147 corp: 459/42Kb exec/s: 28337 rss: 517Mb L: 678/2059 MS: 2 ShuffleBytes-EraseBytes-
#22888592	REDUCE cov: 190 ft: 1147 corp: 459/42Kb exec/s: 28397 rss: 517Mb L: 675/2059 MS: 1 EraseBytes-
#22946696	REDUCE cov: 190 ft: 1147 corp: 459/42Kb exec/s: 28399 rss: 517Mb L: 154/2059 MS: 1 EraseBytes-
#23075478	REDUCE cov: 190 ft: 1147 corp: 459/42Kb exec/s: 28453 rss: 517Mb L: 151/2059 MS: 2 CopyPart-EraseBytes-
#23730264	REDUCE cov: 190 ft: 1147 corp: 459/42Kb exec/s: 28556 rss: 517Mb L: 642/2059 MS: 3 CopyPart-ChangeByte-EraseBytes-
#23852434	REDUCE cov: 190 ft: 1147 corp: 459/42Kb exec/s: 28600 rss: 517Mb L: 642/2059 MS: 2 InsertRepeatedBytes-EraseBytes-
#23910767	REDUCE cov: 190 ft: 1147 corp: 459/42Kb exec/s: 28601 rss: 517Mb L: 637/2059 MS: 1 EraseBytes-
#23948454	REDUCE cov: 190 ft: 1147 corp: 459/42Kb exec/s: 28612 rss: 517Mb L: 630/2059 MS: 1 EraseBytes-
#23976675	REDUCE cov: 190 ft: 1147 corp: 459/42Kb exec/s: 28611 rss: 517Mb L: 146/2059 MS: 1 EraseBytes-
#24861689	REDUCE cov: 190 ft: 1147 corp: 459/42Kb exec/s: 28775 rss: 517Mb L: 142/2059 MS: 1 EraseBytes-
#25044729	REDUCE cov: 190 ft: 1147 corp: 459/42Kb exec/s: 28787 rss: 517Mb L: 622/2059 MS: 1 EraseBytes-
#25341878	REDUCE cov: 190 ft: 1147 corp: 459/42Kb exec/s: 28830 rss: 517Mb L: 616/2059 MS: 2 ShuffleBytes-EraseBytes-
#25364609	REDUCE cov: 190 ft: 1147 corp: 459/42Kb exec/s: 28856 rss: 517Mb L: 597/2059 MS: 1 EraseBytes-
#25715558	REDUCE cov: 190 ft: 1147 corp: 459/42Kb exec/s: 28926 rss: 517Mb L: 594/2059 MS: 1 EraseBytes-
#25801213	REDUCE cov: 190 ft: 1147 corp: 459/42Kb exec/s: 28925 rss: 517Mb L: 139/2059 MS: 1 EraseBytes-
#25843251	REDUCE cov: 190 ft: 1147 corp: 459/42Kb exec/s: 28907 rss: 517Mb L: 137/2059 MS: 1 EraseBytes-
#25862450	REDUCE cov: 190 ft: 1147 corp: 459/42Kb exec/s: 28928 rss: 517Mb L: 133/2059 MS: 2 EraseBytes-ChangeByte-
#26041759	REDUCE cov: 190 ft: 1147 corp: 459/42Kb exec/s: 28935 rss: 517Mb L: 623/2059 MS: 2 ChangeASCIIInt-EraseBytes-
#26996179	REDUCE cov: 190 ft: 1147 corp: 459/42Kb exec/s: 29090 rss: 517Mb L: 170/2059 MS: 1 EraseBytes-
#27026434	REDUCE cov: 190 ft: 1147 corp: 459/42Kb exec/s: 29091 rss: 517Mb L: 131/2059 MS: 1 EraseBytes-
#28092732	REDUCE cov: 190 ft: 1147 corp: 459/42Kb exec/s: 29232 rss: 517Mb L: 591/2059 MS: 1 EraseBytes-
#28270320	REDUCE cov: 190 ft: 1147 corp: 459/42Kb exec/s: 29265 rss: 517Mb L: 581/2059 MS: 1 EraseBytes-
#28688858	REDUCE cov: 190 ft: 1147 corp: 459/42Kb exec/s: 29334 rss: 517Mb L: 578/2059 MS: 1 EraseBytes-
#28690429	REDUCE cov: 190 ft: 1147 corp: 459/42Kb exec/s: 29305 rss: 517Mb L: 126/2059 MS: 1 EraseBytes-
#28972060	REDUCE cov: 190 ft: 1147 corp: 459/42Kb exec/s: 29353 rss: 517Mb L: 573/2059 MS: 1 EraseBytes-
#28986811	REDUCE cov: 190 ft: 1147 corp: 459/42Kb exec/s: 29338 rss: 517Mb L: 554/2059 MS: 1 EraseBytes-
#29450313	REDUCE cov: 190 ft: 1147 corp: 459/42Kb exec/s: 29420 rss: 517Mb L: 544/2059 MS: 1 EraseBytes-
#30398791	REDUCE cov: 190 ft: 1147 corp: 459/42Kb exec/s: 29456 rss: 517Mb L: 117/2059 MS: 1 EraseBytes-
#30710549	REDUCE cov: 190 ft: 1147 corp: 459/42Kb exec/s: 29501 rss: 517Mb L: 532/2059 MS: 1 EraseBytes-
#31459508	REDUCE cov: 190 ft: 1147 corp: 459/42Kb exec/s: 29567 rss: 517Mb L: 498/2059 MS: 2 CopyPart-EraseBytes-
#31484516	REDUCE cov: 190 ft: 1147 corp: 459/42Kb exec/s: 29562 rss: 517Mb L: 494/2059 MS: 1 EraseBytes-
#31608379	REDUCE cov: 190 ft: 1147 corp: 459/42Kb exec/s: 29568 rss: 517Mb L: 485/2059 MS: 1 EraseBytes-
#32069690	REDUCE cov: 190 ft: 1147 corp: 459/42Kb exec/s: 29611 rss: 517Mb L: 114/2059 MS: 1 EraseBytes-
#32357410	REDUCE cov: 190 ft: 1147 corp: 459/42Kb exec/s: 29658 rss: 517Mb L: 466/2059 MS: 1 EraseBytes-
#32367906	REDUCE cov: 190 ft: 1147 corp: 459/42Kb exec/s: 29668 rss: 517Mb L: 616/2059 MS: 1 EraseBytes-
#33067318	REDUCE cov: 190 ft: 1147 corp: 459/42Kb exec/s: 29736 rss: 517Mb L: 112/2059 MS: 1 EraseBytes-
#33086949	REDUCE cov: 190 ft: 1147 corp: 459/42Kb exec/s: 29727 rss: 517Mb L: 108/2059 MS: 1 EraseBytes-
#33418979	REDUCE cov: 190 ft: 1147 corp: 459/42Kb exec/s: 29758 rss: 517Mb L: 102/2059 MS: 1 EraseBytes-
#33554432	pulse  cov: 190 ft: 1147 corp: 459/42Kb exec/s: 29773 rss: 517Mb
#33585239	REDUCE cov: 190 ft: 1147 corp: 459/42Kb exec/s: 29774 rss: 517Mb L: 463/2059 MS: 1 EraseBytes-
#33739322	REDUCE cov: 190 ft: 1147 corp: 459/42Kb exec/s: 29778 rss: 517Mb L: 97/2059 MS: 1 EraseBytes-
#34134928	REDUCE cov: 190 ft: 1147 corp: 459/42Kb exec/s: 29838 rss: 517Mb L: 447/2059 MS: 1 EraseBytes-
#34559983	REDUCE cov: 190 ft: 1147 corp: 459/42Kb exec/s: 29870 rss: 517Mb L: 389/2059 MS: 1 EraseBytes-
#34927245	REDUCE cov: 190 ft: 1147 corp: 459/42Kb exec/s: 29903 rss: 517Mb L: 437/2059 MS: 1 EraseBytes-
#35169767	REDUCE cov: 190 ft: 1147 corp: 459/42Kb exec/s: 29931 rss: 517Mb L: 432/2059 MS: 1 EraseBytes-
#35219979	REDUCE cov: 190 ft: 1147 corp: 459/42Kb exec/s: 29923 rss: 517Mb L: 524/2059 MS: 1 EraseBytes-
#37337486	REDUCE cov: 190 ft: 1147 corp: 459/42Kb exec/s: 30110 rss: 517Mb L: 405/2059 MS: 3 EraseBytes-CopyPart-CopyPart-
#37509991	REDUCE cov: 190 ft: 1147 corp: 459/42Kb exec/s: 30104 rss: 517Mb L: 96/2059 MS: 1 EraseBytes-
#37616953	REDUCE cov: 190 ft: 1147 corp: 459/42Kb exec/s: 30117 rss: 517Mb L: 91/2059 MS: 3 CopyPart-CMP-EraseBytes- DE: "h\x00\x00\x00\x00\x00\x00\x00"-
#38006441	REDUCE cov: 190 ft: 1147 corp: 459/42Kb exec/s: 30139 rss: 517Mb L: 393/2059 MS: 1 EraseBytes-
#38039789	REDUCE cov: 190 ft: 1147 corp: 459/42Kb exec/s: 30142 rss: 517Mb L: 88/2059 MS: 1 EraseBytes-
#38249502	REDUCE cov: 190 ft: 1147 corp: 459/42Kb exec/s: 30165 rss: 517Mb L: 386/2059 MS: 1 EraseBytes-
#38376204	REDUCE cov: 190 ft: 1147 corp: 459/42Kb exec/s: 30169 rss: 517Mb L: 606/2059 MS: 1 EraseBytes-
#38617569	REDUCE cov: 190 ft: 1147 corp: 459/42Kb exec/s: 30193 rss: 517Mb L: 383/2059 MS: 1 EraseBytes-
#39494549	REDUCE cov: 190 ft: 1147 corp: 459/42Kb exec/s: 30240 rss: 517Mb L: 86/2059 MS: 1 EraseBytes-
#39931057	REDUCE cov: 190 ft: 1147 corp: 459/42Kb exec/s: 30273 rss: 517Mb L: 377/2059 MS: 1 EraseBytes-
#40126862	REDUCE cov: 190 ft: 1147 corp: 459/42Kb exec/s: 30284 rss: 517Mb L: 84/2059 MS: 1 EraseBytes-
#40129833	REDUCE cov: 190 ft: 1147 corp: 459/42Kb exec/s: 30286 rss: 517Mb L: 370/2059 MS: 1 EraseBytes-
#40191261	REDUCE cov: 190 ft: 1147 corp: 459/42Kb exec/s: 30287 rss: 517Mb L: 540/2059 MS: 1 EraseBytes-
#40264226	REDUCE cov: 190 ft: 1147 corp: 459/42Kb exec/s: 30296 rss: 517Mb L: 83/2059 MS: 1 EraseBytes-
#40500891	REDUCE cov: 190 ft: 1147 corp: 459/42Kb exec/s: 30315 rss: 517Mb L: 79/2059 MS: 1 EraseBytes-
#41305880	REDUCE cov: 190 ft: 1147 corp: 459/42Kb exec/s: 30371 rss: 517Mb L: 78/2059 MS: 2 InsertByte-EraseBytes-
#41788961	REDUCE cov: 190 ft: 1147 corp: 459/42Kb exec/s: 30414 rss: 517Mb L: 605/2059 MS: 2 ChangeASCIIInt-EraseBytes-
#42296404	REDUCE cov: 190 ft: 1147 corp: 459/42Kb exec/s: 30429 rss: 517Mb L: 368/2059 MS: 1 EraseBytes-
#43435080	REDUCE cov: 190 ft: 1147 corp: 459/42Kb exec/s: 30502 rss: 517Mb L: 604/2059 MS: 2 ChangeASCIIInt-EraseBytes-
#44098008	REDUCE cov: 190 ft: 1147 corp: 459/42Kb exec/s: 30517 rss: 517Mb L: 77/2059 MS: 1 EraseBytes-
#45221052	REDUCE cov: 190 ft: 1147 corp: 459/42Kb exec/s: 30596 rss: 517Mb L: 74/2059 MS: 1 EraseBytes-
#45398850	REDUCE cov: 190 ft: 1147 corp: 459/42Kb exec/s: 30592 rss: 517Mb L: 365/2059 MS: 1 EraseBytes-
#45565166	REDUCE cov: 190 ft: 1147 corp: 459/42Kb exec/s: 30601 rss: 517Mb L: 358/2059 MS: 1 EraseBytes-
#45878034	REDUCE cov: 190 ft: 1147 corp: 459/42Kb exec/s: 30626 rss: 517Mb L: 338/2059 MS: 1 EraseBytes-
#45984978	REDUCE cov: 190 ft: 1147 corp: 459/42Kb exec/s: 30636 rss: 517Mb L: 71/2059 MS: 1 EraseBytes-
#46132347	REDUCE cov: 190 ft: 1147 corp: 459/42Kb exec/s: 30632 rss: 517Mb L: 603/2059 MS: 2 ChangeASCIIInt-EraseBytes-
#46173553	REDUCE cov: 190 ft: 1147 corp: 459/42Kb exec/s: 30639 rss: 517Mb L: 602/2059 MS: 1 EraseBytes-
#47105344	REDUCE cov: 190 ft: 1147 corp: 459/42Kb exec/s: 30667 rss: 517Mb L: 333/2059 MS: 1 EraseBytes-
#47107106	REDUCE cov: 190 ft: 1147 corp: 459/42Kb exec/s: 30668 rss: 517Mb L: 69/2059 MS: 2 CopyPart-EraseBytes-
#47291491	REDUCE cov: 190 ft: 1147 corp: 459/42Kb exec/s: 30688 rss: 517Mb L: 323/2059 MS: 1 EraseBytes-
#47318347	REDUCE cov: 190 ft: 1147 corp: 459/42Kb exec/s: 30686 rss: 517Mb L: 68/2059 MS: 1 EraseBytes-
#47339869	REDUCE cov: 190 ft: 1147 corp: 459/42Kb exec/s: 30680 rss: 517Mb L: 67/2059 MS: 1 EraseBytes-
#47405652	REDUCE cov: 190 ft: 1147 corp: 459/42Kb exec/s: 30683 rss: 517Mb L: 315/2059 MS: 1 EraseBytes-
#48104177	REDUCE cov: 190 ft: 1147 corp: 459/42Kb exec/s: 30717 rss: 517Mb L: 65/2059 MS: 1 EraseBytes-
#48630552	REDUCE cov: 190 ft: 1147 corp: 459/42Kb exec/s: 30739 rss: 517Mb L: 64/2059 MS: 1 EraseBytes-
#48694418	REDUCE cov: 190 ft: 1147 corp: 459/42Kb exec/s: 30741 rss: 517Mb L: 312/2059 MS: 1 EraseBytes-
#48975714	REDUCE cov: 190 ft: 1147 corp: 459/42Kb exec/s: 30763 rss: 517Mb L: 309/2059 MS: 1 EraseBytes-
#49966287	REDUCE cov: 190 ft: 1147 corp: 459/42Kb exec/s: 30805 rss: 517Mb L: 303/2059 MS: 1 EraseBytes-
#52108188	REDUCE cov: 190 ft: 1147 corp: 459/42Kb exec/s: 30869 rss: 517Mb L: 63/2059 MS: 1 EraseBytes-
#52522438	REDUCE cov: 190 ft: 1147 corp: 459/42Kb exec/s: 30877 rss: 517Mb L: 301/2059 MS: 1 EraseBytes-
#52657964	REDUCE cov: 190 ft: 1147 corp: 459/42Kb exec/s: 30884 rss: 517Mb L: 62/2059 MS: 1 EraseBytes-
#52661106	REDUCE cov: 190 ft: 1147 corp: 459/42Kb exec/s: 30886 rss: 517Mb L: 293/2059 MS: 2 CopyPart-EraseBytes-
#52817449	REDUCE cov: 190 ft: 1147 corp: 459/42Kb exec/s: 30887 rss: 517Mb L: 284/2059 MS: 1 EraseBytes-
#53064952	REDUCE cov: 190 ft: 1147 corp: 459/42Kb exec/s: 30887 rss: 517Mb L: 278/2059 MS: 1 EraseBytes-
#53696809	REDUCE cov: 190 ft: 1147 corp: 459/42Kb exec/s: 30931 rss: 517Mb L: 276/2059 MS: 1 EraseBytes-
#54908118	REDUCE cov: 190 ft: 1147 corp: 459/42Kb exec/s: 30969 rss: 517Mb L: 274/2059 MS: 1 EraseBytes-
#55293037	REDUCE cov: 190 ft: 1147 corp: 459/42Kb exec/s: 30976 rss: 517Mb L: 269/2059 MS: 1 EraseBytes-
#55366579	REDUCE cov: 190 ft: 1147 corp: 459/42Kb exec/s: 30982 rss: 517Mb L: 267/2059 MS: 1 EraseBytes-
#55400581	REDUCE cov: 190 ft: 1147 corp: 459/42Kb exec/s: 30984 rss: 517Mb L: 61/2059 MS: 1 EraseBytes-
#55523464	REDUCE cov: 190 ft: 1147 corp: 459/42Kb exec/s: 30984 rss: 517Mb L: 60/2059 MS: 1 EraseBytes-
#55928254	REDUCE cov: 190 ft: 1147 corp: 459/42Kb exec/s: 30985 rss: 517Mb L: 262/2059 MS: 1 EraseBytes-
#57731797	REDUCE cov: 190 ft: 1147 corp: 459/42Kb exec/s: 30971 rss: 517Mb L: 599/2059 MS: 1 EraseBytes-
#57747828	REDUCE cov: 190 ft: 1147 corp: 459/42Kb exec/s: 30963 rss: 517Mb L: 59/2059 MS: 1 EraseBytes-
#58540488	REDUCE cov: 190 ft: 1147 corp: 459/42Kb exec/s: 30941 rss: 517Mb L: 594/2059 MS: 1 EraseBytes-
#60609208	REDUCE cov: 190 ft: 1147 corp: 459/42Kb exec/s: 30828 rss: 517Mb L: 56/2059 MS: 1 EraseBytes-
#60622939	REDUCE cov: 190 ft: 1147 corp: 459/42Kb exec/s: 30819 rss: 517Mb L: 259/2059 MS: 1 EraseBytes-
#61396987	REDUCE cov: 190 ft: 1147 corp: 459/42Kb exec/s: 30775 rss: 517Mb L: 256/2059 MS: 1 EraseBytes-
#61586773	REDUCE cov: 190 ft: 1147 corp: 459/42Kb exec/s: 30777 rss: 517Mb L: 253/2059 MS: 1 EraseBytes-
#61690136	REDUCE cov: 190 ft: 1147 corp: 459/42Kb exec/s: 30768 rss: 517Mb L: 248/2059 MS: 1 EraseBytes-
#62245749	REDUCE cov: 190 ft: 1147 corp: 459/42Kb exec/s: 30753 rss: 517Mb L: 593/2059 MS: 1 EraseBytes-
#62738877	REDUCE cov: 190 ft: 1147 corp: 459/42Kb exec/s: 30739 rss: 517Mb L: 649/2059 MS: 2 CopyPart-EraseBytes-
#62981325	REDUCE cov: 190 ft: 1147 corp: 459/42Kb exec/s: 30737 rss: 517Mb L: 245/2059 MS: 1 EraseBytes-
#63075011	REDUCE cov: 190 ft: 1147 corp: 459/42Kb exec/s: 30723 rss: 517Mb L: 242/2059 MS: 1 EraseBytes-
#64775338	REDUCE cov: 190 ft: 1147 corp: 459/42Kb exec/s: 30757 rss: 517Mb L: 55/2059 MS: 1 EraseBytes-
#65087041	REDUCE cov: 190 ft: 1147 corp: 459/42Kb exec/s: 30774 rss: 517Mb L: 240/2059 MS: 1 EraseBytes-
#65613708	REDUCE cov: 190 ft: 1147 corp: 459/42Kb exec/s: 30790 rss: 517Mb L: 54/2059 MS: 1 EraseBytes-
#65951477	REDUCE cov: 190 ft: 1147 corp: 459/42Kb exec/s: 30789 rss: 517Mb L: 19/2059 MS: 4 ShuffleBytes-EraseBytes-ShuffleBytes-CopyPart-
#66729216	REDUCE cov: 190 ft: 1147 corp: 459/42Kb exec/s: 30821 rss: 517Mb L: 239/2059 MS: 1 EraseBytes-
#66836738	REDUCE cov: 190 ft: 1147 corp: 459/42Kb exec/s: 30814 rss: 517Mb L: 236/2059 MS: 1 EraseBytes-
#67108864	pulse  cov: 190 ft: 1147 corp: 459/42Kb exec/s: 30826 rss: 517Mb
#68128873	REDUCE cov: 190 ft: 1147 corp: 459/42Kb exec/s: 30841 rss: 517Mb L: 592/2059 MS: 1 EraseBytes-
#68743051	REDUCE cov: 190 ft: 1147 corp: 459/42Kb exec/s: 30854 rss: 517Mb L: 233/2059 MS: 1 EraseBytes-
#69994111	REDUCE cov: 190 ft: 1147 corp: 459/42Kb exec/s: 30888 rss: 517Mb L: 591/2059 MS: 1 EraseBytes-
#70461865	REDUCE cov: 190 ft: 1147 corp: 459/42Kb exec/s: 30904 rss: 517Mb L: 230/2059 MS: 1 EraseBytes-
#70537227	REDUCE cov: 190 ft: 1147 corp: 459/42Kb exec/s: 30896 rss: 517Mb L: 222/2059 MS: 1 EraseBytes-
#70896840	REDUCE cov: 190 ft: 1147 corp: 459/42Kb exec/s: 30905 rss: 517Mb L: 219/2059 MS: 1 EraseBytes-
#71719037	REDUCE cov: 190 ft: 1147 corp: 459/42Kb exec/s: 30926 rss: 517Mb L: 590/2059 MS: 1 EraseBytes-
#71806314	REDUCE cov: 190 ft: 1147 corp: 459/42Kb exec/s: 30924 rss: 517Mb L: 213/2059 MS: 1 EraseBytes-
#71862697	REDUCE cov: 190 ft: 1147 corp: 459/42Kb exec/s: 30921 rss: 517Mb L: 207/2059 MS: 1 EraseBytes-
#73628655	REDUCE cov: 190 ft: 1147 corp: 459/42Kb exec/s: 30962 rss: 517Mb L: 203/2059 MS: 4 InsertRepeatedBytes-CopyPart-ChangeByte-EraseBytes-
#73787382	REDUCE cov: 190 ft: 1147 corp: 459/42Kb exec/s: 30964 rss: 517Mb L: 53/2059 MS: 1 EraseBytes-
#74334917	REDUCE cov: 190 ft: 1147 corp: 459/42Kb exec/s: 30985 rss: 517Mb L: 201/2059 MS: 1 EraseBytes-
#74755935	REDUCE cov: 190 ft: 1147 corp: 459/42Kb exec/s: 30993 rss: 517Mb L: 191/2059 MS: 1 EraseBytes-
#75184677	REDUCE cov: 190 ft: 1147 corp: 459/42Kb exec/s: 31003 rss: 517Mb L: 184/2059 MS: 1 EraseBytes-
#79142761	REDUCE cov: 190 ft: 1147 corp: 459/42Kb exec/s: 31097 rss: 517Mb L: 183/2059 MS: 1 EraseBytes-
#79645478	REDUCE cov: 190 ft: 1147 corp: 459/42Kb exec/s: 31099 rss: 517Mb L: 585/2059 MS: 1 EraseBytes-
#80330156	REDUCE cov: 190 ft: 1147 corp: 459/42Kb exec/s: 31111 rss: 517Mb L: 173/2059 MS: 2 EraseBytes-CopyPart-
#81464904	REDUCE cov: 190 ft: 1147 corp: 459/42Kb exec/s: 31129 rss: 517Mb L: 584/2059 MS: 2 ChangeBinInt-EraseBytes-
#82167460	REDUCE cov: 190 ft: 1147 corp: 459/42Kb exec/s: 31147 rss: 517Mb L: 172/2059 MS: 1 EraseBytes-
#82417992	REDUCE cov: 190 ft: 1147 corp: 459/41Kb exec/s: 31148 rss: 517Mb L: 168/2059 MS: 1 EraseBytes-
#82474900	REDUCE cov: 190 ft: 1147 corp: 459/41Kb exec/s: 31146 rss: 517Mb L: 167/2059 MS: 2 EraseBytes-CopyPart-
#82821939	REDUCE cov: 190 ft: 1147 corp: 459/41Kb exec/s: 31147 rss: 517Mb L: 164/2059 MS: 1 EraseBytes-
#83124426	REDUCE cov: 190 ft: 1147 corp: 459/41Kb exec/s: 31156 rss: 517Mb L: 133/2059 MS: 1 EraseBytes-
#83155617	REDUCE cov: 190 ft: 1147 corp: 459/41Kb exec/s: 31156 rss: 517Mb L: 162/2059 MS: 1 EraseBytes-
#83762457	REDUCE cov: 190 ft: 1147 corp: 459/41Kb exec/s: 31161 rss: 517Mb L: 156/2059 MS: 1 EraseBytes-
#84618492	REDUCE cov: 190 ft: 1147 corp: 459/41Kb exec/s: 31178 rss: 517Mb L: 153/2059 MS: 1 EraseBytes-
#87366417	REDUCE cov: 190 ft: 1147 corp: 459/41Kb exec/s: 31224 rss: 517Mb L: 488/2059 MS: 4 ChangeASCIIInt-ChangeByte-EraseBytes-CopyPart-
#87373765	REDUCE cov: 190 ft: 1147 corp: 459/41Kb exec/s: 31227 rss: 517Mb L: 471/2059 MS: 3 ChangeASCIIInt-ShuffleBytes-EraseBytes-
#91165605	REDUCE cov: 190 ft: 1147 corp: 459/41Kb exec/s: 31253 rss: 517Mb L: 460/2059 MS: 5 ChangeBit-CopyPart-ChangeBinInt-InsertRepeatedBytes-EraseBytes-
#91542905	REDUCE cov: 190 ft: 1147 corp: 459/41Kb exec/s: 31253 rss: 517Mb L: 458/2059 MS: 2 EraseBytes-CopyPart-
#92532880	REDUCE cov: 190 ft: 1147 corp: 459/41Kb exec/s: 31271 rss: 517Mb L: 151/2059 MS: 1 EraseBytes-
#95875111	REDUCE cov: 190 ft: 1147 corp: 459/41Kb exec/s: 31321 rss: 517Mb L: 148/2059 MS: 1 EraseBytes-
#96876549	REDUCE cov: 190 ft: 1147 corp: 459/41Kb exec/s: 31331 rss: 517Mb L: 457/2059 MS: 1 EraseBytes-
#97246059	REDUCE cov: 190 ft: 1147 corp: 459/41Kb exec/s: 31339 rss: 517Mb L: 147/2059 MS: 1 EraseBytes-
#100772469	REDUCE cov: 190 ft: 1147 corp: 459/41Kb exec/s: 31383 rss: 517Mb L: 144/2059 MS: 1 EraseBytes-
#101631251	REDUCE cov: 190 ft: 1147 corp: 459/41Kb exec/s: 31396 rss: 517Mb L: 456/2059 MS: 1 EraseBytes-
#102752317	REDUCE cov: 190 ft: 1147 corp: 459/41Kb exec/s: 31403 rss: 517Mb L: 140/2059 MS: 1 EraseBytes-
#102819636	REDUCE cov: 190 ft: 1147 corp: 459/41Kb exec/s: 31404 rss: 517Mb L: 454/2059 MS: 1 EraseBytes-
#103789646	REDUCE cov: 190 ft: 1147 corp: 459/41Kb exec/s: 31413 rss: 517Mb L: 782/2059 MS: 1 EraseBytes-
#104159660	REDUCE cov: 190 ft: 1147 corp: 459/41Kb exec/s: 31420 rss: 517Mb L: 137/2059 MS: 2 EraseBytes-CopyPart-
#114591639	REDUCE cov: 190 ft: 1147 corp: 459/41Kb exec/s: 31507 rss: 517Mb L: 135/2059 MS: 1 EraseBytes-
#116309736	REDUCE cov: 190 ft: 1147 corp: 459/41Kb exec/s: 31477 rss: 517Mb L: 453/2059 MS: 1 EraseBytes-
#116865833	REDUCE cov: 190 ft: 1147 corp: 459/41Kb exec/s: 31449 rss: 517Mb L: 539/2059 MS: 1 EraseBytes-
#116914910	REDUCE cov: 190 ft: 1147 corp: 459/41Kb exec/s: 31445 rss: 517Mb L: 134/2059 MS: 1 EraseBytes-
#116954511	REDUCE cov: 190 ft: 1147 corp: 459/41Kb exec/s: 31439 rss: 517Mb L: 445/2059 MS: 1 EraseBytes-
#117828639	REDUCE cov: 190 ft: 1147 corp: 459/41Kb exec/s: 31420 rss: 517Mb L: 133/2059 MS: 1 EraseBytes-
#117931544	REDUCE cov: 190 ft: 1147 corp: 459/41Kb exec/s: 31414 rss: 517Mb L: 130/2059 MS: 1 EraseBytes-
#122641385	REDUCE cov: 190 ft: 1147 corp: 459/41Kb exec/s: 31350 rss: 517Mb L: 129/2059 MS: 1 EraseBytes-
#123176528	REDUCE cov: 190 ft: 1147 corp: 459/41Kb exec/s: 31358 rss: 517Mb L: 444/2059 MS: 2 ChangeASCIIInt-EraseBytes-
#124312185	REDUCE cov: 190 ft: 1147 corp: 459/41Kb exec/s: 31360 rss: 517Mb L: 128/2059 MS: 1 EraseBytes-
#128712861	REDUCE cov: 190 ft: 1147 corp: 459/41Kb exec/s: 31408 rss: 517Mb L: 18/2059 MS: 2 EraseBytes-ChangeASCIIInt-
#130079766	REDUCE cov: 190 ft: 1147 corp: 459/41Kb exec/s: 31420 rss: 517Mb L: 256/2059 MS: 4 CopyPart-InsertByte-ChangeByte-EraseBytes-
#132012362	REDUCE cov: 190 ft: 1147 corp: 459/41Kb exec/s: 31431 rss: 517Mb L: 127/2059 MS: 1 EraseBytes-
#132527888	REDUCE cov: 190 ft: 1147 corp: 459/41Kb exec/s: 31434 rss: 517Mb L: 124/2059 MS: 1 EraseBytes-
#133159026	REDUCE cov: 190 ft: 1147 corp: 459/41Kb exec/s: 31435 rss: 517Mb L: 122/2059 MS: 1 EraseBytes-
#134217728	pulse  cov: 190 ft: 1147 corp: 459/41Kb exec/s: 31447 rss: 517Mb
#137310679	REDUCE cov: 190 ft: 1147 corp: 459/41Kb exec/s: 31471 rss: 517Mb L: 118/2059 MS: 1 EraseBytes-
#144448809	REDUCE cov: 190 ft: 1147 corp: 459/41Kb exec/s: 31532 rss: 517Mb L: 114/2059 MS: 2 CopyPart-EraseBytes-
#147794678	REDUCE cov: 190 ft: 1147 corp: 459/41Kb exec/s: 31539 rss: 517Mb L: 110/2059 MS: 2 EraseBytes-CopyPart-
#148796308	REDUCE cov: 190 ft: 1147 corp: 459/41Kb exec/s: 31551 rss: 517Mb L: 443/2059 MS: 1 EraseBytes-
#150630382	REDUCE cov: 190 ft: 1147 corp: 459/41Kb exec/s: 31558 rss: 517Mb L: 109/2059 MS: 1 EraseBytes-
#150988259	REDUCE cov: 190 ft: 1147 corp: 459/41Kb exec/s: 31561 rss: 517Mb L: 538/2059 MS: 1 EraseBytes-
#152631054	REDUCE cov: 190 ft: 1147 corp: 459/41Kb exec/s: 31574 rss: 517Mb L: 442/2059 MS: 1 EraseBytes-
#152658975	REDUCE cov: 190 ft: 1147 corp: 459/41Kb exec/s: 31573 rss: 517Mb L: 441/2059 MS: 1 EraseBytes-
#152680588	REDUCE cov: 190 ft: 1147 corp: 459/41Kb exec/s: 31571 rss: 517Mb L: 108/2059 MS: 1 EraseBytes-
#152995308	REDUCE cov: 190 ft: 1147 corp: 459/41Kb exec/s: 31577 rss: 517Mb L: 440/2059 MS: 2 ChangeASCIIInt-EraseBytes-
#153117450	REDUCE cov: 190 ft: 1147 corp: 459/41Kb exec/s: 31577 rss: 517Mb L: 439/2059 MS: 1 EraseBytes-
#154594378	REDUCE cov: 190 ft: 1147 corp: 459/41Kb exec/s: 31588 rss: 517Mb L: 438/2059 MS: 1 EraseBytes-
#156335074	REDUCE cov: 190 ft: 1147 corp: 459/41Kb exec/s: 31595 rss: 517Mb L: 107/2059 MS: 1 EraseBytes-
#162076159	REDUCE cov: 190 ft: 1147 corp: 459/41Kb exec/s: 31643 rss: 517Mb L: 106/2059 MS: 1 EraseBytes-
#162244257	REDUCE cov: 190 ft: 1147 corp: 459/41Kb exec/s: 31638 rss: 517Mb L: 105/2059 MS: 1 EraseBytes-
#162996314	REDUCE cov: 190 ft: 1147 corp: 459/41Kb exec/s: 31643 rss: 517Mb L: 437/2059 MS: 1 EraseBytes-
#163817988	REDUCE cov: 190 ft: 1147 corp: 459/41Kb exec/s: 31649 rss: 517Mb L: 253/2059 MS: 5 ChangeASCIIInt-ChangeASCIIInt-InsertRepeatedBytes-InsertRepeatedBytes-EraseBytes-
#165480536	REDUCE cov: 190 ft: 1147 corp: 459/41Kb exec/s: 31658 rss: 517Mb L: 104/2059 MS: 1 EraseBytes-
#166094390	REDUCE cov: 190 ft: 1147 corp: 459/41Kb exec/s: 31655 rss: 517Mb L: 436/2059 MS: 2 ChangeBit-EraseBytes-
#168865732	REDUCE cov: 190 ft: 1147 corp: 459/41Kb exec/s: 31676 rss: 517Mb L: 435/2059 MS: 1 EraseBytes-
#169334319	REDUCE cov: 190 ft: 1147 corp: 459/41Kb exec/s: 31674 rss: 517Mb L: 433/2059 MS: 5 ChangeBit-CopyPart-ShuffleBytes-CopyPart-EraseBytes-
#169479551	REDUCE cov: 190 ft: 1147 corp: 459/41Kb exec/s: 31678 rss: 517Mb L: 428/2059 MS: 1 EraseBytes-
#169720902	REDUCE cov: 190 ft: 1147 corp: 459/41Kb exec/s: 31676 rss: 517Mb L: 537/2059 MS: 1 EraseBytes-
#176421925	REDUCE cov: 190 ft: 1147 corp: 459/41Kb exec/s: 31622 rss: 517Mb L: 427/2059 MS: 1 EraseBytes-
#181284967	REDUCE cov: 190 ft: 1147 corp: 459/41Kb exec/s: 31593 rss: 517Mb L: 426/2059 MS: 1 EraseBytes-
#194331715	REDUCE cov: 190 ft: 1147 corp: 459/41Kb exec/s: 31665 rss: 517Mb L: 424/2059 MS: 1 EraseBytes-
#195624154	REDUCE cov: 190 ft: 1147 corp: 459/41Kb exec/s: 31669 rss: 517Mb L: 423/2059 MS: 1 EraseBytes-
#196027816	REDUCE cov: 190 ft: 1147 corp: 459/41Kb exec/s: 31673 rss: 517Mb L: 422/2059 MS: 1 EraseBytes-
#200728712	REDUCE cov: 190 ft: 1147 corp: 459/41Kb exec/s: 31690 rss: 517Mb L: 103/2059 MS: 1 EraseBytes-
#203421851	REDUCE cov: 190 ft: 1147 corp: 459/41Kb exec/s: 31700 rss: 517Mb L: 1413/2059 MS: 2 ShuffleBytes-EraseBytes-
#209202527	REDUCE cov: 190 ft: 1147 corp: 459/41Kb exec/s: 31716 rss: 517Mb L: 421/2059 MS: 1 EraseBytes-
#213887626	REDUCE cov: 190 ft: 1147 corp: 459/41Kb exec/s: 31738 rss: 517Mb L: 420/2059 MS: 2 ChangeBit-EraseBytes-
#218795220	REDUCE cov: 190 ft: 1147 corp: 459/41Kb exec/s: 31760 rss: 517Mb L: 418/2059 MS: 3 CopyPart-ChangeASCIIInt-EraseBytes-
#220241493	REDUCE cov: 190 ft: 1147 corp: 459/41Kb exec/s: 31767 rss: 517Mb L: 417/2059 MS: 1 EraseBytes-
#223287656	REDUCE cov: 190 ft: 1147 corp: 459/41Kb exec/s: 31775 rss: 517Mb L: 416/2059 MS: 1 EraseBytes-
#225564383	REDUCE cov: 190 ft: 1147 corp: 459/41Kb exec/s: 31783 rss: 517Mb L: 415/2059 MS: 1 EraseBytes-
#233562008	REDUCE cov: 190 ft: 1147 corp: 459/41Kb exec/s: 31759 rss: 517Mb L: 197/2059 MS: 1 EraseBytes-
#237393060	REDUCE cov: 190 ft: 1147 corp: 459/41Kb exec/s: 31728 rss: 517Mb L: 414/2059 MS: 1 EraseBytes-
#240284237	REDUCE cov: 190 ft: 1147 corp: 459/41Kb exec/s: 31733 rss: 517Mb L: 413/2059 MS: 1 EraseBytes-
#241198888	REDUCE cov: 190 ft: 1147 corp: 459/41Kb exec/s: 31736 rss: 517Mb L: 412/2059 MS: 2 ShuffleBytes-EraseBytes-
#243805708	REDUCE cov: 190 ft: 1147 corp: 459/41Kb exec/s: 31745 rss: 517Mb L: 17/2059 MS: 3 InsertRepeatedBytes-EraseBytes-ShuffleBytes-
#257603497	REDUCE cov: 190 ft: 1147 corp: 459/41Kb exec/s: 31795 rss: 517Mb L: 411/2059 MS: 1 EraseBytes-
#262031627	REDUCE cov: 190 ft: 1147 corp: 459/41Kb exec/s: 31799 rss: 517Mb L: 102/2059 MS: 1 EraseBytes-
#262335937	REDUCE cov: 190 ft: 1147 corp: 459/41Kb exec/s: 31802 rss: 517Mb L: 167/2059 MS: 3 EraseBytes-CopyPart-EraseBytes-
#266523921	REDUCE cov: 190 ft: 1147 corp: 459/41Kb exec/s: 31812 rss: 517Mb L: 164/2059 MS: 3 ChangeASCIIInt-ShuffleBytes-EraseBytes-
#268435456	pulse  cov: 190 ft: 1147 corp: 459/41Kb exec/s: 31820 rss: 517Mb
#269789391	REDUCE cov: 190 ft: 1147 corp: 459/41Kb exec/s: 31822 rss: 517Mb L: 523/2059 MS: 1 EraseBytes-
#274961664	REDUCE cov: 190 ft: 1147 corp: 459/41Kb exec/s: 31835 rss: 517Mb L: 410/2059 MS: 1 EraseBytes-
#275383496	REDUCE cov: 190 ft: 1147 corp: 459/41Kb exec/s: 31839 rss: 517Mb L: 536/2059 MS: 1 EraseBytes-
#292203178	REDUCE cov: 190 ft: 1147 corp: 459/41Kb exec/s: 31833 rss: 517Mb L: 535/2059 MS: 1 EraseBytes-
#307282751	REDUCE cov: 190 ft: 1147 corp: 459/41Kb exec/s: 31839 rss: 517Mb L: 159/2059 MS: 3 CopyPart-ChangeBit-EraseBytes-
#311706845	REDUCE cov: 190 ft: 1147 corp: 459/41Kb exec/s: 31852 rss: 517Mb L: 409/2059 MS: 1 EraseBytes-
#312294447	REDUCE cov: 190 ft: 1147 corp: 459/41Kb exec/s: 31853 rss: 517Mb L: 534/2059 MS: 1 EraseBytes-
#317345013	REDUCE cov: 190 ft: 1147 corp: 459/41Kb exec/s: 31865 rss: 517Mb L: 101/2059 MS: 1 EraseBytes-
#319694308	REDUCE cov: 190 ft: 1147 corp: 459/41Kb exec/s: 31864 rss: 517Mb L: 42/2059 MS: 2 EraseBytes-CopyPart-
#321258798	REDUCE cov: 190 ft: 1147 corp: 459/41Kb exec/s: 31867 rss: 517Mb L: 40/2059 MS: 1 EraseBytes-
#324491144	REDUCE cov: 190 ft: 1147 corp: 459/41Kb exec/s: 31878 rss: 517Mb L: 39/2059 MS: 1 EraseBytes-
#324784283	REDUCE cov: 190 ft: 1147 corp: 459/41Kb exec/s: 31879 rss: 517Mb L: 408/2059 MS: 1 EraseBytes-
#324890870	REDUCE cov: 190 ft: 1147 corp: 459/41Kb exec/s: 31880 rss: 517Mb L: 38/2059 MS: 1 EraseBytes-
#325096561	REDUCE cov: 190 ft: 1147 corp: 459/41Kb exec/s: 31881 rss: 517Mb L: 37/2059 MS: 1 EraseBytes-
#327580375	REDUCE cov: 190 ft: 1147 corp: 459/41Kb exec/s: 31887 rss: 517Mb L: 158/2059 MS: 1 EraseBytes-
#329647799	REDUCE cov: 190 ft: 1147 corp: 459/41Kb exec/s: 31890 rss: 517Mb L: 157/2059 MS: 4 ChangeBit-CopyPart-InsertRepeatedBytes-EraseBytes-
#329680426	REDUCE cov: 190 ft: 1147 corp: 459/41Kb exec/s: 31890 rss: 517Mb L: 152/2059 MS: 2 ShuffleBytes-EraseBytes-
#332039233	REDUCE cov: 190 ft: 1147 corp: 459/41Kb exec/s: 31893 rss: 517Mb L: 151/2059 MS: 1 EraseBytes-
#333019141	REDUCE cov: 190 ft: 1147 corp: 459/41Kb exec/s: 31898 rss: 517Mb L: 407/2059 MS: 1 EraseBytes-
#333578305	REDUCE cov: 190 ft: 1147 corp: 459/41Kb exec/s: 31896 rss: 517Mb L: 141/2059 MS: 3 ShuffleBytes-EraseBytes-CopyPart-
#334480039	REDUCE cov: 190 ft: 1147 corp: 459/41Kb exec/s: 31897 rss: 517Mb L: 137/2059 MS: 3 CopyPart-ChangeASCIIInt-EraseBytes-
#340269343	REDUCE cov: 190 ft: 1147 corp: 459/41Kb exec/s: 31911 rss: 517Mb L: 136/2059 MS: 1 EraseBytes-
#344574100	REDUCE cov: 190 ft: 1147 corp: 459/41Kb exec/s: 31922 rss: 517Mb L: 135/2059 MS: 2 ShuffleBytes-EraseBytes-
